#
# A fatal error has been detected by the Java Runtime Environment:
#
#  EXCEPTION_ACCESS_VIOLATION (0xc0000005) at pc=0x00007ff965bc440b, pid=67836, tid=0x0000000000011af0
#
# JRE version: Java(TM) SE Runtime Environment (8.0_221-b11) (build 1.8.0_221-b11)
# Java VM: Java HotSpot(TM) 64-Bit Server VM (25.221-b11 mixed mode windows-amd64 compressed oops)
# Problematic frame:
# C  [msvcrt.dll+0x7440b]
#
# Failed to write core dump. Minidumps are not enabled by default on client versions of Windows
#
# If you would like to submit a bug report, please visit:
#   http://bugreport.java.com/bugreport/crash.jsp
# The crash happened outside the Java Virtual Machine in native code.
# See problematic frame for where to report the bug.
#

---------------  T H R E A D  ---------------

Current thread (0x0000000030a7a000):  JavaThread "AMDSI prefetch thread" daemon [_thread_in_native, id=72432, stack(0x0000000032d70000,0x0000000032e70000)]

siginfo: ExceptionCode=0xc0000005, writing address 0x000000003abf6000

Registers:
RAX=0x0000000000000002, RBX=0x0000000030a7a1f8, RCX=0x000000003abf6000, RDX=0x00000007332ea738
RSP=0x0000000032e6ec18, RBP=0x0000000032e6ed40, RSI=0x0000000000000000, RDI=0x000000003abd0080
R8 =0xfffffffffffda1ff, R9 =0x07ffffffffffffff, R10=0x000000000000000c, R11=0x000000003abd0080
R12=0x0000000032e6ed38, R13=0xffffffffffffffff, R14=0x000000076deba7b8, R15=0x0000000030a7a000
RIP=0x00007ff965bc440b, EFLAGS=0x0000000000010202

Top of Stack: (sp=0x0000000032e6ec18)
0x0000000032e6ec18:   0000000066b5a1a0 0000000030a7a1f8
0x0000000032e6ec28:   0000000032e6ed40 0000000000000000
0x0000000032e6ec38:   00000007c0105ae8 000000001c9c5458
0x0000000032e6ec48:   0000000000000005 00000000031c80e0
0x0000000032e6ec58:   0000000032e6ed08 0000000000000000
0x0000000032e6ec68:   000000001c9c5458 0000000032e6ed40
0x0000000032e6ec78:   00000000031d8c67 0000000030a7a1f8
0x0000000032e6ec88:   0000000030a7a1f8 000000076df37e90
0x0000000032e6ec98:   000000076df35dd8 00000000ffffffff
0x0000000032e6eca8:   00000000031d91c6 0000000031907198
0x0000000032e6ecb8:   0000000000000005 0000000030a7a000
0x0000000032e6ecc8:   0000000032e6ecc8 0000000000000000
0x0000000032e6ecd8:   0000000032e6ed40 000000003aa4e8f0
0x0000000032e6ece8:   0000000000000000 000000001c9c5458
0x0000000032e6ecf8:   0000000000000000 0000000032e6ed28
0x0000000032e6ed08:   0000000032e6ed88 00000000031c80e0 

Instructions: (pc=0x00007ff965bc440b)
0x00007ff965bc43eb:   c1 80 00 00 00 ff c8 75 ec 48 81 e9 00 02 00 00
0x00007ff965bc43fb:   b8 08 00 00 00 f3 0f 6f 04 11 f3 0f 6f 4c 11 10
0x00007ff965bc440b:   66 0f e7 01 66 0f e7 49 10 48 83 c1 40 f3 0f 6f
0x00007ff965bc441b:   44 11 e0 f3 0f 6f 4c 11 f0 66 0f e7 41 e0 66 0f 


Register to memory mapping:

RAX=0x0000000000000002 is an unknown value
RBX=0x0000000030a7a1f8 is an unknown value
RCX=0x000000003abf6000 is an unknown value
RDX=0x00000007332ea738 is an unallocated location in the heap
RSP=0x0000000032e6ec18 is pointing into the stack for thread: 0x0000000030a7a000
RBP=0x0000000032e6ed40 is pointing into the stack for thread: 0x0000000030a7a000
RSI=0x0000000000000000 is an unknown value
RDI=0x000000003abd0080 is an unknown value
R8 =0xfffffffffffda1ff is an unknown value
R9 =0x07ffffffffffffff is an unknown value
R10=0x000000000000000c is an unknown value
R11=0x000000003abd0080 is an unknown value
R12=0x0000000032e6ed38 is pointing into the stack for thread: 0x0000000030a7a000
R13=0xffffffffffffffff is an unknown value
R14=0x000000076deba7b8 is an oop

[error occurred during error reporting (printing register info), id 0xc0000005]

Stack: [0x0000000032d70000,0x0000000032e70000],  sp=0x0000000032e6ec18,  free space=1019k
Native frames: (J=compiled Java code, j=interpreted, Vv=VM code, C=native code)
C  [msvcrt.dll+0x7440b]
C  [jnind4jcpu.dll+0x2da1a0]
C  0x00000000031d8c67

Java frames: (J=compiled Java code, j=interpreted, Vv=VM code)
j  org.bytedeco.javacpp.BytePointer.put([BII)Lorg/bytedeco/javacpp/BytePointer;+0
j  org.datavec.image.loader.NativeImageLoader.streamToMat(Ljava/io/InputStream;)Lorg/bytedeco/javacpp/opencv_core$Mat;+66
j  org.datavec.image.loader.NativeImageLoader.asMatrixView(Ljava/io/InputStream;Lorg/nd4j/linalg/api/ndarray/INDArray;)V+2
j  org.datavec.image.loader.NativeImageLoader.asMatrixView(Ljava/io/File;Lorg/nd4j/linalg/api/ndarray/INDArray;)V+22
j  org.datavec.image.recordreader.BaseImageRecordReader.next(I)Ljava/util/List;+431
j  org.deeplearning4j.datasets.datavec.RecordReaderMultiDataSetIterator.next(I)Lorg/nd4j/linalg/dataset/api/MultiDataSet;+126
j  org.deeplearning4j.datasets.datavec.RecordReaderMultiDataSetIterator.next()Lorg/nd4j/linalg/dataset/api/MultiDataSet;+5
j  org.deeplearning4j.datasets.datavec.RecordReaderMultiDataSetIterator.next()Ljava/lang/Object;+1
j  org.deeplearning4j.datasets.iterator.AsyncMultiDataSetIterator$AsyncPrefetchThread.run()V+93
v  ~StubRoutines::call_stub

---------------  P R O C E S S  ---------------

Java Threads: ( => current thread )
=>0x0000000030a7a000 JavaThread "AMDSI prefetch thread" daemon [_thread_in_native, id=72432, stack(0x0000000032d70000,0x0000000032e70000)]
  0x0000000030a81000 JavaThread "Thread-3" daemon [_thread_blocked, id=72572, stack(0x0000000032c70000,0x0000000032d70000)]
  0x0000000030a79800 JavaThread "New I/O server boss #17" [_thread_in_native, id=72456, stack(0x0000000032a50000,0x0000000032b50000)]
  0x0000000030a80000 JavaThread "New I/O worker #16" [_thread_in_native, id=72560, stack(0x0000000032950000,0x0000000032a50000)]
  0x0000000030a7b800 JavaThread "New I/O worker #15" [_thread_in_native, id=72420, stack(0x0000000032850000,0x0000000032950000)]
  0x0000000030a78800 JavaThread "New I/O worker #14" [_thread_in_native, id=72424, stack(0x0000000032750000,0x0000000032850000)]
  0x0000000030a7f800 JavaThread "New I/O worker #13" [_thread_in_native, id=72400, stack(0x0000000032650000,0x0000000032750000)]
  0x0000000030a7d000 JavaThread "New I/O worker #12" [_thread_in_native, id=72408, stack(0x0000000032550000,0x0000000032650000)]
  0x0000000030a7b000 JavaThread "New I/O worker #11" [_thread_in_native, id=72380, stack(0x0000000032450000,0x0000000032550000)]
  0x0000000030a7e000 JavaThread "New I/O worker #10" [_thread_in_native, id=72368, stack(0x0000000032350000,0x0000000032450000)]
  0x0000000030a7c800 JavaThread "New I/O worker #9" [_thread_in_native, id=72364, stack(0x0000000032250000,0x0000000032350000)]
  0x0000000030a7e800 JavaThread "New I/O worker #8" [_thread_in_native, id=72356, stack(0x0000000032150000,0x0000000032250000)]
  0x000000001eb2c800 JavaThread "New I/O worker #7" [_thread_in_native, id=72352, stack(0x0000000032050000,0x0000000032150000)]
  0x000000001eb2b000 JavaThread "New I/O worker #6" [_thread_in_native, id=72344, stack(0x0000000031f50000,0x0000000032050000)]
  0x000000001eb2f000 JavaThread "New I/O worker #5" [_thread_in_native, id=72332, stack(0x0000000031e50000,0x0000000031f50000)]
  0x000000001eb2f800 JavaThread "New I/O worker #4" [_thread_in_native, id=72324, stack(0x0000000031d50000,0x0000000031e50000)]
  0x000000001eb2e000 JavaThread "New I/O worker #3" [_thread_in_native, id=72340, stack(0x0000000031c50000,0x0000000031d50000)]
  0x000000001eb2a800 JavaThread "New I/O worker #2" [_thread_in_native, id=72312, stack(0x0000000031b50000,0x0000000031c50000)]
  0x000000001eb29800 JavaThread "New I/O worker #1" [_thread_in_native, id=72308, stack(0x0000000031a50000,0x0000000031b50000)]
  0x0000000020f1c000 JavaThread "application-akka.actor.default-dispatcher-4" [_thread_blocked, id=72440, stack(0x0000000031750000,0x0000000031850000)]
  0x000000001eb84800 JavaThread "application-akka.actor.default-dispatcher-3" [_thread_blocked, id=72376, stack(0x0000000031650000,0x0000000031750000)]
  0x0000000022be5800 JavaThread "application-akka.actor.default-dispatcher-2" [_thread_blocked, id=72296, stack(0x0000000031550000,0x0000000031650000)]
  0x0000000030a92800 JavaThread "application-scheduler-1" [_thread_blocked, id=72288, stack(0x0000000031250000,0x0000000031350000)]
  0x000000002128d000 JavaThread "NativeRandomDeallocator thread 0" daemon [_thread_blocked, id=72136, stack(0x0000000023a40000,0x0000000023b40000)]
  0x0000000021a49000 JavaThread "JavaCPP Deallocator" daemon [_thread_blocked, id=72120, stack(0x0000000022370000,0x0000000022470000)]
  0x00000000212bf000 JavaThread "Workspace deallocator thread" daemon [_thread_blocked, id=72160, stack(0x0000000021090000,0x0000000021190000)]
  0x000000001ebb4000 JavaThread "Service Thread" daemon [_thread_blocked, id=72000, stack(0x000000001f6c0000,0x000000001f7c0000)]
  0x000000001eb29000 JavaThread "C1 CompilerThread3" daemon [_thread_blocked, id=71972, stack(0x000000001f5c0000,0x000000001f6c0000)]
  0x000000001eb1a000 JavaThread "C2 CompilerThread2" daemon [_thread_blocked, id=71960, stack(0x000000001f4c0000,0x000000001f5c0000)]
  0x000000001eb16800 JavaThread "C2 CompilerThread1" daemon [_thread_blocked, id=72140, stack(0x000000001f3c0000,0x000000001f4c0000)]
  0x000000001eb0b800 JavaThread "C2 CompilerThread0" daemon [_thread_blocked, id=71952, stack(0x000000001f2c0000,0x000000001f3c0000)]
  0x000000001eb0a000 JavaThread "Attach Listener" daemon [_thread_blocked, id=71924, stack(0x000000001f1c0000,0x000000001f2c0000)]
  0x000000001eb09000 JavaThread "Signal Dispatcher" daemon [_thread_blocked, id=71860, stack(0x000000001f0c0000,0x000000001f1c0000)]
  0x000000001eaf0800 JavaThread "Finalizer" daemon [_thread_blocked, id=71964, stack(0x000000001eed0000,0x000000001efd0000)]
  0x000000001cbe3800 JavaThread "Reference Handler" daemon [_thread_blocked, id=71848, stack(0x000000001e9d0000,0x000000001ead0000)]
  0x00000000030d1000 JavaThread "main" [_thread_blocked, id=71868, stack(0x0000000002f50000,0x0000000003050000)]

Other Threads:
  0x000000001cbdd000 VMThread [stack: 0x000000001e8d0000,0x000000001e9d0000] [id=71820]
  0x000000001ebee800 WatcherThread [stack: 0x000000001f7c0000,0x000000001f8c0000] [id=72100]

VM state:not at safepoint (normal execution)

VM Mutex/Monitor currently owned by a thread: None

heap address: 0x00000006c1c00000, size: 4068 MB, Compressed Oops mode: Zero based, Oop shift amount: 3
Narrow klass base: 0x0000000000000000, Narrow klass shift: 3
Compressed class space size: 1073741824 Address: 0x00000007c0000000

Heap:
 PSYoungGen      total 294400K, used 49056K [0x000000076b400000, 0x0000000782780000, 0x00000007c0000000)
  eden space 268288K, 16% used [0x000000076b400000,0x000000076dfc2810,0x000000077ba00000)
  from space 26112K, 16% used [0x000000077d300000,0x000000077d725a88,0x000000077ec80000)
  to   space 25600K, 0% used [0x000000077ba00000,0x000000077ba00000,0x000000077d300000)
 ParOldGen       total 142848K, used 29315K [0x00000006c1c00000, 0x00000006ca780000, 0x000000076b400000)
  object space 142848K, 20% used [0x00000006c1c00000,0x00000006c38a0e40,0x00000006ca780000)
 Metaspace       used 34499K, capacity 34850K, committed 35072K, reserved 1079296K
  class space    used 5204K, capacity 5305K, committed 5376K, reserved 1048576K

Card table byte_map: [0x0000000012580000,0x0000000012d80000] byte_map_base: 0x000000000ef72000

Marking Bits: (ParMarkBitMap*) 0x00000000589c5ce0
 Begin Bits: [0x0000000013ad0000, 0x0000000017a60000)
 End Bits:   [0x0000000017a60000, 0x000000001b9f0000)

Polling page: 0x0000000002da0000

CodeCache: size=245760Kb used=8481Kb max_used=9491Kb free=237278Kb
 bounds [0x00000000031c0000, 0x0000000003b70000, 0x00000000121c0000]
 total_blobs=3008 nmethods=2272 adapters=648
 compilation: enabled

Compilation events (10 events):
Event: 7.892 Thread 0x000000001eb29000 2677       3       java.util.TreeMap::setColor (10 bytes)
Event: 7.892 Thread 0x000000001eb29000 nmethod 2677 0x0000000003553d90 code [0x0000000003553ee0, 0x0000000003554050]
Event: 7.897 Thread 0x000000001eb29000 2678       3       java.io.FilterInputStream::read (9 bytes)
Event: 7.898 Thread 0x000000001eb29000 nmethod 2678 0x0000000003598e10 code [0x0000000003598f80, 0x00000000035991a8]
Event: 7.905 Thread 0x000000001eb29000 2679       1       org.bytedeco.javacpp.tools.Logger::isDebugEnabled (4 bytes)
Event: 7.905 Thread 0x000000001eb29000 nmethod 2679 0x0000000003598b50 code [0x0000000003598ca0, 0x0000000003598db0]
Event: 7.905 Thread 0x000000001eb29000 2680       3       org.nd4j.linalg.api.buffer.LongBuffer::initTypeAndSize (14 bytes)
Event: 7.905 Thread 0x000000001eb29000 nmethod 2680 0x0000000003444510 code [0x0000000003444660, 0x00000000034447d0]
Event: 7.909 Thread 0x000000001eb29000 2681       3       com.google.common.primitives.Ints$IntArrayAsList::size (10 bytes)
Event: 7.909 Thread 0x000000001eb29000 nmethod 2681 0x00000000034441d0 code [0x0000000003444320, 0x0000000003444470]

GC Heap History (10 events):
Event: 4.103 GC heap before
{Heap before GC invocations=5 (full 0):
 PSYoungGen      total 141824K, used 113533K [0x000000076b400000, 0x0000000774900000, 0x00000007c0000000)
  eden space 131072K, 83% used [0x000000076b400000,0x0000000771ee6230,0x0000000773400000)
  from space 10752K, 37% used [0x0000000773e80000,0x0000000774279508,0x0000000774900000)
  to   space 10752K, 0% used [0x0000000773400000,0x0000000773400000,0x0000000773e80000)
 ParOldGen       total 175104K, used 24962K [0x00000006c1c00000, 0x00000006cc700000, 0x000000076b400000)
  object space 175104K, 14% used [0x00000006c1c00000,0x00000006c34609b0,0x00000006cc700000)
 Metaspace       used 20946K, capacity 21168K, committed 21248K, reserved 1067008K
  class space    used 2978K, capacity 3048K, committed 3072K, reserved 1048576K
Event: 4.111 GC heap after
Heap after GC invocations=5 (full 0):
 PSYoungGen      total 141824K, used 8675K [0x000000076b400000, 0x000000077e900000, 0x00000007c0000000)
  eden space 131072K, 0% used [0x000000076b400000,0x000000076b400000,0x0000000773400000)
  from space 10752K, 80% used [0x0000000773400000,0x0000000773c78f50,0x0000000773e80000)
  to   space 27136K, 0% used [0x000000077ce80000,0x000000077ce80000,0x000000077e900000)
 ParOldGen       total 175104K, used 24970K [0x00000006c1c00000, 0x00000006cc700000, 0x000000076b400000)
  object space 175104K, 14% used [0x00000006c1c00000,0x00000006c34629b0,0x00000006cc700000)
 Metaspace       used 20946K, capacity 21168K, committed 21248K, reserved 1067008K
  class space    used 2978K, capacity 3048K, committed 3072K, reserved 1048576K
}
Event: 4.111 GC heap before
{Heap before GC invocations=6 (full 1):
 PSYoungGen      total 141824K, used 8675K [0x000000076b400000, 0x000000077e900000, 0x00000007c0000000)
  eden space 131072K, 0% used [0x000000076b400000,0x000000076b400000,0x0000000773400000)
  from space 10752K, 80% used [0x0000000773400000,0x0000000773c78f50,0x0000000773e80000)
  to   space 27136K, 0% used [0x000000077ce80000,0x000000077ce80000,0x000000077e900000)
 ParOldGen       total 175104K, used 24970K [0x00000006c1c00000, 0x00000006cc700000, 0x000000076b400000)
  object space 175104K, 14% used [0x00000006c1c00000,0x00000006c34629b0,0x00000006cc700000)
 Metaspace       used 20946K, capacity 21168K, committed 21248K, reserved 1067008K
  class space    used 2978K, capacity 3048K, committed 3072K, reserved 1048576K
Event: 4.164 GC heap after
Heap after GC invocations=6 (full 1):
 PSYoungGen      total 141824K, used 0K [0x000000076b400000, 0x000000077e900000, 0x00000007c0000000)
  eden space 131072K, 0% used [0x000000076b400000,0x000000076b400000,0x0000000773400000)
  from space 10752K, 0% used [0x0000000773400000,0x0000000773400000,0x0000000773e80000)
  to   space 27136K, 0% used [0x000000077ce80000,0x000000077ce80000,0x000000077e900000)
 ParOldGen       total 142848K, used 29291K [0x00000006c1c00000, 0x00000006ca780000, 0x000000076b400000)
  object space 142848K, 20% used [0x00000006c1c00000,0x00000006c389ae40,0x00000006ca780000)
 Metaspace       used 20946K, capacity 21168K, committed 21248K, reserved 1067008K
  class space    used 2978K, capacity 3048K, committed 3072K, reserved 1048576K
}
Event: 5.163 GC heap before
{Heap before GC invocations=7 (full 1):
 PSYoungGen      total 141824K, used 131072K [0x000000076b400000, 0x000000077e900000, 0x00000007c0000000)
  eden space 131072K, 100% used [0x000000076b400000,0x0000000773400000,0x0000000773400000)
  from space 10752K, 0% used [0x0000000773400000,0x0000000773400000,0x0000000773e80000)
  to   space 27136K, 0% used [0x000000077ce80000,0x000000077ce80000,0x000000077e900000)
 ParOldGen       total 142848K, used 29291K [0x00000006c1c00000, 0x00000006ca780000, 0x000000076b400000)
  object space 142848K, 20% used [0x00000006c1c00000,0x00000006c389ae40,0x00000006ca780000)
 Metaspace       used 26157K, capacity 26558K, committed 26752K, reserved 1071104K
  class space    used 3985K, capacity 4119K, committed 4224K, reserved 1048576K
Event: 5.167 GC heap after
Heap after GC invocations=7 (full 1):
 PSYoungGen      total 196096K, used 5691K [0x000000076b400000, 0x000000077d480000, 0x00000007c0000000)
  eden space 189952K, 0% used [0x000000076b400000,0x000000076b400000,0x0000000776d80000)
  from space 6144K, 92% used [0x000000077ce80000,0x000000077d40ed28,0x000000077d480000)
  to   space 27136K, 0% used [0x0000000779f80000,0x0000000779f80000,0x000000077ba00000)
 ParOldGen       total 142848K, used 29299K [0x00000006c1c00000, 0x00000006ca780000, 0x000000076b400000)
  object space 142848K, 20% used [0x00000006c1c00000,0x00000006c389ce40,0x00000006ca780000)
 Metaspace       used 26157K, capacity 26558K, committed 26752K, reserved 1071104K
  class space    used 3985K, capacity 4119K, committed 4224K, reserved 1048576K
}
Event: 6.507 GC heap before
{Heap before GC invocations=8 (full 1):
 PSYoungGen      total 196096K, used 195643K [0x000000076b400000, 0x000000077d480000, 0x00000007c0000000)
  eden space 189952K, 100% used [0x000000076b400000,0x0000000776d80000,0x0000000776d80000)
  from space 6144K, 92% used [0x000000077ce80000,0x000000077d40ed28,0x000000077d480000)
  to   space 27136K, 0% used [0x0000000779f80000,0x0000000779f80000,0x000000077ba00000)
 ParOldGen       total 142848K, used 29299K [0x00000006c1c00000, 0x00000006ca780000, 0x000000076b400000)
  object space 142848K, 20% used [0x00000006c1c00000,0x00000006c389ce40,0x00000006ca780000)
 Metaspace       used 31939K, capacity 32322K, committed 32512K, reserved 1077248K
  class space    used 4957K, capacity 5081K, committed 5120K, reserved 1048576K
Event: 6.513 GC heap after
Heap after GC invocations=8 (full 1):
 PSYoungGen      total 268288K, used 8262K [0x000000076b400000, 0x000000077ec80000, 0x00000007c0000000)
  eden space 241152K, 0% used [0x000000076b400000,0x000000076b400000,0x0000000779f80000)
  from space 27136K, 30% used [0x0000000779f80000,0x000000077a791ad0,0x000000077ba00000)
  to   space 26112K, 0% used [0x000000077d300000,0x000000077d300000,0x000000077ec80000)
 ParOldGen       total 142848K, used 29307K [0x00000006c1c00000, 0x00000006ca780000, 0x000000076b400000)
  object space 142848K, 20% used [0x00000006c1c00000,0x00000006c389ee40,0x00000006ca780000)
 Metaspace       used 31939K, capacity 32322K, committed 32512K, reserved 1077248K
  class space    used 4957K, capacity 5081K, committed 5120K, reserved 1048576K
}
Event: 7.662 GC heap before
{Heap before GC invocations=9 (full 1):
 PSYoungGen      total 268288K, used 249414K [0x000000076b400000, 0x000000077ec80000, 0x00000007c0000000)
  eden space 241152K, 100% used [0x000000076b400000,0x0000000779f80000,0x0000000779f80000)
  from space 27136K, 30% used [0x0000000779f80000,0x000000077a791ad0,0x000000077ba00000)
  to   space 26112K, 0% used [0x000000077d300000,0x000000077d300000,0x000000077ec80000)
 ParOldGen       total 142848K, used 29307K [0x00000006c1c00000, 0x00000006ca780000, 0x000000076b400000)
  object space 142848K, 20% used [0x00000006c1c00000,0x00000006c389ee40,0x00000006ca780000)
 Metaspace       used 34432K, capacity 34786K, committed 35072K, reserved 1079296K
  class space    used 5199K, capacity 5305K, committed 5376K, reserved 1048576K
Event: 7.666 GC heap after
Heap after GC invocations=9 (full 1):
 PSYoungGen      total 294400K, used 4246K [0x000000076b400000, 0x0000000782780000, 0x00000007c0000000)
  eden space 268288K, 0% used [0x000000076b400000,0x000000076b400000,0x000000077ba00000)
  from space 26112K, 16% used [0x000000077d300000,0x000000077d725a88,0x000000077ec80000)
  to   space 25600K, 0% used [0x000000077ba00000,0x000000077ba00000,0x000000077d300000)
 ParOldGen       total 142848K, used 29315K [0x00000006c1c00000, 0x00000006ca780000, 0x000000076b400000)
  object space 142848K, 20% used [0x00000006c1c00000,0x00000006c38a0e40,0x00000006ca780000)
 Metaspace       used 34432K, capacity 34786K, committed 35072K, reserved 1079296K
  class space    used 5199K, capacity 5305K, committed 5376K, reserved 1048576K
}

Deoptimization events (10 events):
Event: 5.682 Thread 0x0000000022be5800 Uncommon trap: reason=unstable_if action=reinterpret pc=0x00000000037cdf20 method=java.lang.ThreadLocal.get()Ljava/lang/Object; @ 11
Event: 5.745 Thread 0x00000000030d1000 Uncommon trap: reason=unstable_if action=reinterpret pc=0x0000000003959e20 method=java.lang.AbstractStringBuilder.setLength(I)V @ 23
Event: 5.753 Thread 0x0000000030a92800 Uncommon trap: reason=unstable_if action=reinterpret pc=0x0000000003a79afc method=akka.dispatch.AbstractNodeQueue.pollNode()Lakka/dispatch/AbstractNodeQueue$Node; @ 20
Event: 5.801 Thread 0x00000000030d1000 Uncommon trap: reason=unstable_if action=reinterpret pc=0x0000000003a292d0 method=java.util.jar.Manifest.getTrustedAttributes(Ljava/lang/String;)Ljava/util/jar/Attributes; @ 7
Event: 5.927 Thread 0x00000000030d1000 Uncommon trap: reason=unstable_if action=reinterpret pc=0x00000000036ec378 method=java.util.concurrent.ConcurrentHashMap.putVal(Ljava/lang/Object;Ljava/lang/Object;Z)Ljava/lang/Object; @ 181
Event: 5.955 Thread 0x00000000030d1000 Uncommon trap: reason=class_check action=maybe_recompile pc=0x00000000035ab920 method=java.lang.AbstractStringBuilder.append(Ljava/lang/CharSequence;)Ljava/lang/AbstractStringBuilder; @ 10
Event: 6.152 Thread 0x00000000030d1000 Uncommon trap: reason=bimorphic action=maybe_recompile pc=0x00000000032eefcc method=java.util.Collections$UnmodifiableCollection.contains(Ljava/lang/Object;)Z @ 5
Event: 6.170 Thread 0x00000000030d1000 Uncommon trap: reason=bimorphic action=maybe_recompile pc=0x00000000032eefcc method=java.util.Collections$UnmodifiableCollection.contains(Ljava/lang/Object;)Z @ 5
Event: 6.171 Thread 0x00000000030d1000 Uncommon trap: reason=bimorphic action=maybe_recompile pc=0x00000000032eefcc method=java.util.Collections$UnmodifiableCollection.contains(Ljava/lang/Object;)Z @ 5
Event: 6.172 Thread 0x00000000030d1000 Uncommon trap: reason=bimorphic action=maybe_recompile pc=0x00000000032eefcc method=java.util.Collections$UnmodifiableCollection.contains(Ljava/lang/Object;)Z @ 5

Classes redefined (0 events):
No events

Internal exceptions (10 events):
Event: 7.827 Thread 0x0000000030a7a000 Exception <a 'sun/nio/fs/WindowsException'> (0x000000076de5f870) thrown at [C:\re\workspace\8-2-build-windows-amd64-cygwin\jdk8u221\13320\hotspot\src\share\vm\prims\jni.cpp, line 710]
Event: 7.828 Thread 0x0000000030a7a000 Exception <a 'sun/nio/fs/WindowsException'> (0x000000076de60ad0) thrown at [C:\re\workspace\8-2-build-windows-amd64-cygwin\jdk8u221\13320\hotspot\src\share\vm\prims\jni.cpp, line 710]
Event: 7.828 Thread 0x0000000030a7a000 Exception <a 'sun/nio/fs/WindowsException'> (0x000000076de61d80) thrown at [C:\re\workspace\8-2-build-windows-amd64-cygwin\jdk8u221\13320\hotspot\src\share\vm\prims\jni.cpp, line 710]
Event: 7.828 Thread 0x0000000030a7a000 Exception <a 'sun/nio/fs/WindowsException'> (0x000000076de62fb8) thrown at [C:\re\workspace\8-2-build-windows-amd64-cygwin\jdk8u221\13320\hotspot\src\share\vm\prims\jni.cpp, line 710]
Event: 7.828 Thread 0x0000000030a7a000 Exception <a 'sun/nio/fs/WindowsException'> (0x000000076de64260) thrown at [C:\re\workspace\8-2-build-windows-amd64-cygwin\jdk8u221\13320\hotspot\src\share\vm\prims\jni.cpp, line 710]
Event: 7.828 Thread 0x0000000030a7a000 Exception <a 'sun/nio/fs/WindowsException'> (0x000000076de654c0) thrown at [C:\re\workspace\8-2-build-windows-amd64-cygwin\jdk8u221\13320\hotspot\src\share\vm\prims\jni.cpp, line 710]
Event: 7.828 Thread 0x0000000030a7a000 Exception <a 'sun/nio/fs/WindowsException'> (0x000000076de66768) thrown at [C:\re\workspace\8-2-build-windows-amd64-cygwin\jdk8u221\13320\hotspot\src\share\vm\prims\jni.cpp, line 710]
Event: 7.829 Thread 0x0000000030a7a000 Exception <a 'sun/nio/fs/WindowsException'> (0x000000076de67880) thrown at [C:\re\workspace\8-2-build-windows-amd64-cygwin\jdk8u221\13320\hotspot\src\share\vm\prims\jni.cpp, line 710]
Event: 7.829 Thread 0x0000000030a7a000 Exception <a 'sun/nio/fs/WindowsException'> (0x000000076de68948) thrown at [C:\re\workspace\8-2-build-windows-amd64-cygwin\jdk8u221\13320\hotspot\src\share\vm\prims\jni.cpp, line 710]
Event: 7.829 Thread 0x0000000030a7a000 Exception <a 'sun/nio/fs/WindowsException'> (0x000000076de69a18) thrown at [C:\re\workspace\8-2-build-windows-amd64-cygwin\jdk8u221\13320\hotspot\src\share\vm\prims\jni.cpp, line 710]

Events (10 events):
Event: 7.830 loading class org/bytedeco/javacpp/indexer/UByteIndexer
Event: 7.830 loading class org/bytedeco/javacpp/indexer/UByteIndexer done
Event: 7.831 loading class org/bytedeco/javacpp/indexer/UByteRawIndexer
Event: 7.831 loading class org/bytedeco/javacpp/indexer/UByteRawIndexer done
Event: 7.831 loading class org/bytedeco/javacpp/indexer/UByteBufferIndexer
Event: 7.831 loading class org/bytedeco/javacpp/indexer/UByteBufferIndexer done
Event: 7.831 loading class org/bytedeco/javacpp/indexer/UByteIndexer$1
Event: 7.831 loading class org/bytedeco/javacpp/indexer/UByteIndexer$1 done
Event: 7.832 loading class org/bytedeco/javacpp/indexer/UByteArrayIndexer
Event: 7.832 loading class org/bytedeco/javacpp/indexer/UByteArrayIndexer done


Dynamic libraries:
0x00007ff6b6730000 - 0x00007ff6b6767000 	C:\Program Files\Java\jre1.8.0_221\bin\javaw.exe
0x00007ff968500000 - 0x00007ff9686e1000 	C:\WINDOWS\SYSTEM32\ntdll.dll
0x00007ff968110000 - 0x00007ff9681c1000 	C:\WINDOWS\System32\KERNEL32.DLL
0x00007ff965000000 - 0x00007ff965273000 	C:\WINDOWS\System32\KERNELBASE.dll
0x0000000057d90000 - 0x00000000580b5000 	C:\Program Files (x86)\Norton Security\NortonData\22.8.0.50\Definitions\IPSDefs\20190716.061\IPSEng64.dll
0x00007ff966180000 - 0x00007ff966221000 	C:\WINDOWS\System32\ADVAPI32.dll
0x00007ff965b50000 - 0x00007ff965bee000 	C:\WINDOWS\System32\msvcrt.dll
0x00007ff965c50000 - 0x00007ff965cab000 	C:\WINDOWS\System32\sechost.dll
0x00007ff966930000 - 0x00007ff966a54000 	C:\WINDOWS\System32\RPCRT4.dll
0x00007ff965cb0000 - 0x00007ff965cb8000 	C:\WINDOWS\System32\PSAPI.DLL
0x00007ff965cc0000 - 0x00007ff965e50000 	C:\WINDOWS\System32\USER32.dll
0x00007ff964e10000 - 0x00007ff964e30000 	C:\WINDOWS\System32\win32u.dll
0x00007ff966310000 - 0x00007ff966338000 	C:\WINDOWS\System32\GDI32.dll
0x00007ff964920000 - 0x00007ff964ab1000 	C:\WINDOWS\System32\gdi32full.dll
0x00007ff964ee0000 - 0x00007ff964f7f000 	C:\WINDOWS\System32\msvcp_win.dll
0x00007ff964ac0000 - 0x00007ff964bb8000 	C:\WINDOWS\System32\ucrtbase.dll
0x00007ff958960000 - 0x00007ff958bc9000 	C:\WINDOWS\WinSxS\amd64_microsoft.windows.common-controls_6595b64144ccf1df_6.0.17134.885_none_fb42a3473065565f\COMCTL32.dll
0x00007ff965e50000 - 0x00007ff966172000 	C:\WINDOWS\System32\combase.dll
0x00007ff964f80000 - 0x00007ff964ff9000 	C:\WINDOWS\System32\bcryptPrimitives.dll
0x00007ff966a80000 - 0x00007ff966aad000 	C:\WINDOWS\System32\IMM32.DLL
0x0000000057cb0000 - 0x0000000057d82000 	C:\Program Files\Java\jre1.8.0_221\bin\msvcr100.dll
0x00000000581a0000 - 0x0000000058a45000 	C:\Program Files\Java\jre1.8.0_221\bin\server\jvm.dll
0x00007ff95ad40000 - 0x00007ff95ad49000 	C:\WINDOWS\SYSTEM32\WSOCK32.dll
0x00007ff9616b0000 - 0x00007ff9616d3000 	C:\WINDOWS\SYSTEM32\WINMM.dll
0x00007ff95f400000 - 0x00007ff95f40a000 	C:\WINDOWS\SYSTEM32\VERSION.dll
0x00007ff966790000 - 0x00007ff9667fc000 	C:\WINDOWS\System32\WS2_32.dll
0x00007ff961680000 - 0x00007ff9616aa000 	C:\WINDOWS\SYSTEM32\winmmbase.dll
0x00007ff9648d0000 - 0x00007ff964919000 	C:\WINDOWS\System32\cfgmgr32.dll
0x00007ff95ac70000 - 0x00007ff95ac7f000 	C:\Program Files\Java\jre1.8.0_221\bin\verify.dll
0x00007ff956b00000 - 0x00007ff956b29000 	C:\Program Files\Java\jre1.8.0_221\bin\java.dll
0x00007ff95ab30000 - 0x00007ff95ab46000 	C:\Program Files\Java\jre1.8.0_221\bin\zip.dll
0x00007ff966cd0000 - 0x00007ff968110000 	C:\WINDOWS\System32\SHELL32.dll
0x00007ff9682c0000 - 0x00007ff968369000 	C:\WINDOWS\System32\shcore.dll
0x00007ff965280000 - 0x00007ff96598d000 	C:\WINDOWS\System32\windows.storage.dll
0x00007ff965bf0000 - 0x00007ff965c41000 	C:\WINDOWS\System32\shlwapi.dll
0x00007ff964890000 - 0x00007ff9648a1000 	C:\WINDOWS\System32\kernel.appcore.dll
0x00007ff9648b0000 - 0x00007ff9648cf000 	C:\WINDOWS\System32\profapi.dll
0x00007ff964840000 - 0x00007ff96488c000 	C:\WINDOWS\System32\powrprof.dll
0x00007ff964830000 - 0x00007ff96483a000 	C:\WINDOWS\System32\FLTLIB.DLL
0x00007ff958bd0000 - 0x00007ff958bea000 	C:\Program Files\Java\jre1.8.0_221\bin\net.dll
0x00007ff956020000 - 0x00007ff9561e9000 	C:\WINDOWS\SYSTEM32\urlmon.dll
0x00007ff956840000 - 0x00007ff956ae6000 	C:\WINDOWS\SYSTEM32\iertutil.dll
0x00007ff964260000 - 0x00007ff96426b000 	C:\WINDOWS\SYSTEM32\CRYPTBASE.DLL
0x00007ff964090000 - 0x00007ff9640f6000 	C:\WINDOWS\system32\mswsock.dll
0x00007ff94b090000 - 0x00007ff94b0a2000 	C:\Program Files\Java\jre1.8.0_221\bin\nio.dll
0x0000000064940000 - 0x0000000064955000 	C:\Users\PARI\.javacpp\cache\mkl-dnn-0.16-1.4.3-windows-x86_64.jar\org\bytedeco\javacpp\windows-x86_64\libwinpthread-1.dll
0x0000000061440000 - 0x000000006145c000 	C:\Users\PARI\.javacpp\cache\mkl-dnn-0.16-1.4.3-windows-x86_64.jar\org\bytedeco\javacpp\windows-x86_64\libgcc_s_seh-1.dll
0x0000000063600000 - 0x000000006362f000 	C:\Users\PARI\.javacpp\cache\mkl-dnn-0.16-1.4.3-windows-x86_64.jar\org\bytedeco\javacpp\windows-x86_64\libgomp-1.dll
0x000000006fc40000 - 0x000000006fda6000 	C:\Users\PARI\.javacpp\cache\mkl-dnn-0.16-1.4.3-windows-x86_64.jar\org\bytedeco\javacpp\windows-x86_64\libstdc++-6.dll
0x00007ff928bc0000 - 0x00007ff928caf000 	C:\Users\PARI\.javacpp\cache\mkl-dnn-0.16-1.4.3-windows-x86_64.jar\org\bytedeco\javacpp\windows-x86_64\msvcr120.dll
0x00007ff921fb0000 - 0x00007ff922179000 	C:\Users\PARI\.javacpp\cache\mkl-dnn-0.16-1.4.3-windows-x86_64.jar\org\bytedeco\javacpp\windows-x86_64\libiomp5md.dll
0x00007ff8e8210000 - 0x00007ff8ef76a000 	C:\Users\PARI\.javacpp\cache\mkl-dnn-0.16-1.4.3-windows-x86_64.jar\org\bytedeco\javacpp\windows-x86_64\mklml.dll
0x0000000062100000 - 0x0000000062646000 	C:\Users\PARI\.javacpp\cache\mkl-dnn-0.16-1.4.3-windows-x86_64.jar\org\bytedeco\javacpp\windows-x86_64\libmkldnn.dll
0x0000000069480000 - 0x000000006a651000 	C:\Users\PARI\.javacpp\cache\nd4j-native-1.0.0-beta3-windows-x86_64.jar\org\nd4j\nativeblas\windows-x86_64\libnd4jcpu.dll
0x0000000066880000 - 0x0000000066e14000 	C:\Users\PARI\.javacpp\cache\nd4j-native-1.0.0-beta3-windows-x86_64.jar\org\nd4j\nativeblas\windows-x86_64\jnind4jcpu.dll
0x00007ff8e0cb0000 - 0x00007ff8e820a000 	C:\Users\PARI\.javacpp\cache\mkl-dnn-0.16-1.4.3-windows-x86_64.jar\org\bytedeco\javacpp\windows-x86_64\libopenblas_nolapack.dll
0x0000000071000000 - 0x000000007105c000 	C:\Users\PARI\.javacpp\cache\openblas-0.3.3-1.4.3-windows-x86_64.jar\org\bytedeco\javacpp\windows-x86_64\jniopenblas_nolapack.dll
0x00007ff964240000 - 0x00007ff964257000 	C:\WINDOWS\SYSTEM32\CRYPTSP.dll
0x00007ff963c80000 - 0x00007ff963cb3000 	C:\WINDOWS\system32\rsaenh.dll
0x00007ff964370000 - 0x00007ff964395000 	C:\WINDOWS\SYSTEM32\bcrypt.dll
0x00007ff964740000 - 0x00007ff964768000 	C:\WINDOWS\SYSTEM32\USERENV.dll
0x00007ff963e20000 - 0x00007ff963e58000 	C:\WINDOWS\SYSTEM32\IPHLPAPI.DLL
0x00007ff966a60000 - 0x00007ff966a68000 	C:\WINDOWS\System32\NSI.dll
0x00007ff95e0c0000 - 0x00007ff95e0d6000 	C:\WINDOWS\SYSTEM32\dhcpcsvc6.DLL
0x00007ff95e4b0000 - 0x00007ff95e4ca000 	C:\WINDOWS\SYSTEM32\dhcpcsvc.DLL
0x00007ff91a720000 - 0x00007ff91a8b9000 	C:\Program Files\Java\jre1.8.0_221\bin\awt.dll
0x00007ff966800000 - 0x00007ff9668c2000 	C:\WINDOWS\System32\OLEAUT32.dll
0x00007ff962bc0000 - 0x00007ff962c4b000 	C:\WINDOWS\SYSTEM32\apphelp.dll
0x0000000003060000 - 0x0000000003063000 	C:\Users\PARI\.javacpp\cache\hdf5-1.10.3-1.4.3-windows-x86_64.jar\org\bytedeco\javacpp\windows-x86_64\api-ms-win-crt-locale-l1-1-0.dll
0x0000000003070000 - 0x0000000003074000 	C:\Users\PARI\.javacpp\cache\hdf5-1.10.3-1.4.3-windows-x86_64.jar\org\bytedeco\javacpp\windows-x86_64\api-ms-win-crt-string-l1-1-0.dll
0x0000000003080000 - 0x0000000003084000 	C:\Users\PARI\.javacpp\cache\hdf5-1.10.3-1.4.3-windows-x86_64.jar\org\bytedeco\javacpp\windows-x86_64\api-ms-win-crt-stdio-l1-1-0.dll
0x0000000003090000 - 0x0000000003095000 	C:\Users\PARI\.javacpp\cache\hdf5-1.10.3-1.4.3-windows-x86_64.jar\org\bytedeco\javacpp\windows-x86_64\api-ms-win-crt-math-l1-1-0.dll
0x00000000030a0000 - 0x00000000030a3000 	C:\Users\PARI\.javacpp\cache\hdf5-1.10.3-1.4.3-windows-x86_64.jar\org\bytedeco\javacpp\windows-x86_64\api-ms-win-crt-heap-l1-1-0.dll
0x0000000021190000 - 0x0000000021194000 	C:\Users\PARI\.javacpp\cache\hdf5-1.10.3-1.4.3-windows-x86_64.jar\org\bytedeco\javacpp\windows-x86_64\api-ms-win-crt-runtime-l1-1-0.dll
0x0000000023b40000 - 0x0000000023b44000 	C:\Users\PARI\.javacpp\cache\hdf5-1.10.3-1.4.3-windows-x86_64.jar\org\bytedeco\javacpp\windows-x86_64\api-ms-win-crt-convert-l1-1-0.dll
0x0000000023b50000 - 0x0000000023b53000 	C:\Users\PARI\.javacpp\cache\hdf5-1.10.3-1.4.3-windows-x86_64.jar\org\bytedeco\javacpp\windows-x86_64\api-ms-win-crt-environment-l1-1-0.dll
0x0000000023b60000 - 0x0000000023b63000 	C:\Users\PARI\.javacpp\cache\hdf5-1.10.3-1.4.3-windows-x86_64.jar\org\bytedeco\javacpp\windows-x86_64\api-ms-win-crt-time-l1-1-0.dll
0x00000000301d0000 - 0x00000000301d3000 	C:\Users\PARI\.javacpp\cache\hdf5-1.10.3-1.4.3-windows-x86_64.jar\org\bytedeco\javacpp\windows-x86_64\api-ms-win-crt-filesystem-l1-1-0.dll
0x00000000301e0000 - 0x00000000301e3000 	C:\Users\PARI\.javacpp\cache\hdf5-1.10.3-1.4.3-windows-x86_64.jar\org\bytedeco\javacpp\windows-x86_64\api-ms-win-crt-utility-l1-1-0.dll
0x00000000301f0000 - 0x00000000301f5000 	C:\Users\PARI\.javacpp\cache\hdf5-1.10.3-1.4.3-windows-x86_64.jar\org\bytedeco\javacpp\windows-x86_64\api-ms-win-crt-multibyte-l1-1-0.dll
0x00007ff95ac80000 - 0x00007ff95ac97000 	C:\Users\PARI\.javacpp\cache\hdf5-1.10.3-1.4.3-windows-x86_64.jar\org\bytedeco\javacpp\windows-x86_64\vcruntime140.dll
0x00007ff934170000 - 0x00007ff93420d000 	C:\Users\PARI\.javacpp\cache\hdf5-1.10.3-1.4.3-windows-x86_64.jar\org\bytedeco\javacpp\windows-x86_64\msvcp140.dll
0x00007ff936c90000 - 0x00007ff936ce1000 	C:\Users\PARI\.javacpp\cache\hdf5-1.10.3-1.4.3-windows-x86_64.jar\org\bytedeco\javacpp\windows-x86_64\concrt140.dll
0x00007ff940c80000 - 0x00007ff940cae000 	C:\Users\PARI\.javacpp\cache\opencv-3.4.3-1.4.3-windows-x86_64.jar\org\bytedeco\javacpp\windows-x86_64\vcomp140.dll
0x00007ff913b80000 - 0x00007ff913e87000 	C:\Users\PARI\.javacpp\cache\opencv-3.4.3-1.4.3-windows-x86_64.jar\org\bytedeco\javacpp\windows-x86_64\opencv_core343.dll
0x00007ff911630000 - 0x00007ff911a4c000 	C:\Users\PARI\.javacpp\cache\opencv-3.4.3-1.4.3-windows-x86_64.jar\org\bytedeco\javacpp\windows-x86_64\opencv_imgproc343.dll
0x00007ff9121e0000 - 0x00007ff91258a000 	C:\Users\PARI\.javacpp\cache\opencv-3.4.3-1.4.3-windows-x86_64.jar\org\bytedeco\javacpp\windows-x86_64\jniopencv_core.dll
0x00007ff925060000 - 0x00007ff9251b8000 	C:\Users\PARI\.javacpp\cache\opencv-3.4.3-1.4.3-windows-x86_64.jar\org\bytedeco\javacpp\windows-x86_64\jniopencv_imgproc.dll
0x00007ff911340000 - 0x00007ff911624000 	C:\Users\PARI\.javacpp\cache\opencv-3.4.3-1.4.3-windows-x86_64.jar\org\bytedeco\javacpp\windows-x86_64\opencv_imgcodecs343.dll
0x00007ff939b40000 - 0x00007ff939b74000 	C:\Users\PARI\.javacpp\cache\opencv-3.4.3-1.4.3-windows-x86_64.jar\org\bytedeco\javacpp\windows-x86_64\jniopencv_imgcodecs.dll
0x00007ff94b8e0000 - 0x00007ff94baa9000 	C:\WINDOWS\SYSTEM32\dbghelp.dll

VM Arguments:
jvm_args: -Dfile.encoding=Cp1252 
java_command: deep.learning.cnn.ImageClassifier2
java_class_path (initial): C:\Program Files\Java\jre1.8.0_221\lib\resources.jar;C:\Program Files\Java\jre1.8.0_221\lib\rt.jar;C:\Program Files\Java\jre1.8.0_221\lib\jsse.jar;C:\Program Files\Java\jre1.8.0_221\lib\jce.jar;C:\Program Files\Java\jre1.8.0_221\lib\charsets.jar;C:\Program Files\Java\jre1.8.0_221\lib\jfr.jar;C:\Program Files\Java\jre1.8.0_221\lib\ext\access-bridge-64.jar;C:\Program Files\Java\jre1.8.0_221\lib\ext\cldrdata.jar;C:\Program Files\Java\jre1.8.0_221\lib\ext\dnsns.jar;C:\Program Files\Java\jre1.8.0_221\lib\ext\jaccess.jar;C:\Program Files\Java\jre1.8.0_221\lib\ext\jfxrt.jar;C:\Program Files\Java\jre1.8.0_221\lib\ext\localedata.jar;C:\Program Files\Java\jre1.8.0_221\lib\ext\nashorn.jar;C:\Program Files\Java\jre1.8.0_221\lib\ext\sunec.jar;C:\Program Files\Java\jre1.8.0_221\lib\ext\sunjce_provider.jar;C:\Program Files\Java\jre1.8.0_221\lib\ext\sunmscapi.jar;C:\Program Files\Java\jre1.8.0_221\lib\ext\sunpkcs11.jar;C:\Program Files\Java\jre1.8.0_221\lib\ext\zipfs.jar;C:\Users\PARI\eclipse-workspace\deepfashion\target\classes;C:\Users\PARI\Downloads\ojdbc-full.tar\ojdbc-full\OJDBC-Full\ojdbc6.jar;C:\Users\PARI\Downloads\ojdbc-full.tar\ojdbc-full\OJDBC-Full\ojdbc7.jar;C:\Users\PARI\Downloads\ojdbc-full.tar\ojdbc-full\OJDBC-Full\ons.jar;C:\Users\PARI\Downloads\ojdbc-full.tar\ojdbc-full\OJDBC-Full\orai18n.jar;C:\Users\PARI\Downloads\ojdbc-full.tar\ojdbc-full\OJDBC-Full\simplefan.jar;C:\Users\PARI\Downloads\ojdbc-full.tar\ojdbc-full\OJDBC-Full\ucp.jar;C:\Users\PARI\Downloads\ojdbc-full.tar\ojdbc-full\OJDBC-Full\xdb6.jar;C:\Users\PARI\.m2\repository\commons-io\commons-io\2.5\commons-io-2.5.jar;C:\Users\PARI\.m2\repository\log4j\log4j\1.2.17\log4j-1.2.17.jar;C:\Users\PARI\.m2\repository\com\opencsv\opencsv\4.1\opencsv-4.1.jar;C:\Users\PARI\.m2\repository\org\apache\commons\commons-lang3\3.6\commons-lang3-3.6.jar;C:\Users\PARI\.m2\repository\org\apache\commons\commons-text\1.1\commons-text-1.1.jar;C:\Users\PARI\.m2\repository\commons-beanutils\commons-beanu
Launcher Type: SUN_STANDARD

Environment Variables:
JAVA_HOME=C:\Program Files\Java\jdk1.8.0_161
PATH=C:/Program Files/Java/jre1.8.0_221/bin/server;C:/Program Files/Java/jre1.8.0_221/bin;C:/Program Files/Java/jre1.8.0_221/lib/amd64;C:\Program Files (x86)\Common Files\Oracle\Java\javapath;D:\app\client\PARI\product\12.2.0\client_2\bin;D:\app\client\PARI\product\12.2.0\client_1\bin;D:\app\PARI\product\12.2.0\client_1;C:\Program Files\NVIDIA GPU Computing Toolkit\CUDA\v9.2\bin;C:\Program Files\NVIDIA GPU Computing Toolkit\CUDA\v9.2\libnvvp;;C:\ProgramData\Oracle\Java\javapath;C:\Program Files (x86)\Intel\iCLS Client\;C:\Program Files\Intel\iCLS Client\;C:\Windows\system32;C:\Windows;C:\Windows\System32\Wbem;C:\Windows\System32\WindowsPowerShell\v1.0\;C:\Program Files (x86)\Intel\Intel(R) Management Engine Components\DAL;C:\Program Files\Intel\Intel(R) Management Engine Components\DAL;C:\Program Files (x86)\Intel\Intel(R) Management Engine Components\IPT;C:\Program Files\Intel\Intel(R) Management Engine Components\IPT;C:\Program Files (x86)\NVIDIA Corporation\PhysX\Common;C:\WINDOWS\system32;C:\WINDOWS;C:\WINDOWS\System32\Wbem;C:\WINDOWS\System32\WindowsPowerShell\v1.0\;C:\Program Files\nodejs\;C:\Program Files\PuTTY\;C:\Program Files (x86)\Gpg4win\..\GnuPG\bin;C:\HashiCorp\Vagrant\bin;C:\WINDOWS\System32\OpenSSH\;C:\Program Files\Git\cmd;C:\Users\PARI\Documents\apache-maven-3.5.3\bin;C:\Program Files (x86)\sbt\bin;C:\Program Files\NVIDIA Corporation\NVIDIA NvDLISR;C:\Users\PARI\AppData\Local\Programs\Python\Python37-32\Scripts\;C:\Users\PARI\AppData\Local\Programs\Python\Python37-32\;C:\Users\PARI\AppData\Local\Microsoft\WindowsApps;C:\Users\PARI\AppData\Local\GitHubDesktop\bin;C:\ProgramData\PARI\GitHubDesktop\bin;C:\Users\PARI\AppData\Roaming\npm;C:\Users\PARI\AppData\Local\Microsoft\WindowsApps;C:\Program Files\Heroku\bin;C:\Users\PARI\AppData\Local\Google\Cloud SDK\google-cloud-sdk\bin;C:\WINDOWS\System32;
USERNAME=PARI
OS=Windows_NT
PROCESSOR_IDENTIFIER=Intel64 Family 6 Model 158 Stepping 9, GenuineIntel



---------------  S Y S T E M  ---------------

OS: Windows 10.0 , 64 bit Build 17134 (10.0.17134.753)

CPU:total 8 (initial active 8) (4 cores per cpu, 2 threads per core) family 6 model 158 stepping 9, cmov, cx8, fxsr, mmx, sse, sse2, sse3, ssse3, sse4.1, sse4.2, popcnt, avx, avx2, aes, clmul, erms, 3dnowpref, lzcnt, ht, tsc, tscinvbit, bmi1, bmi2, adx

Memory: 4k page, physical 16659684k(9968836k free), swap 19150052k(10628824k free)

vm_info: Java HotSpot(TM) 64-Bit Server VM (25.221-b11) for windows-amd64 JRE (1.8.0_221-b11), built on Jul  4 2019 04:39:29 by "java_re" with MS VC++ 10.0 (VS2010)

time: Wed Jul 17 09:32:56 2019
timezone: India Standard Time
elapsed time: 7 seconds (0d 0h 0m 7s)

