#
# A fatal error has been detected by the Java Runtime Environment:
#
#  EXCEPTION_ACCESS_VIOLATION (0xc0000005) at pc=0x00007ff965bc440b, pid=29340, tid=0x0000000000007750
#
# JRE version: Java(TM) SE Runtime Environment (8.0_161-b12) (build 1.8.0_161-b12)
# Java VM: Java HotSpot(TM) 64-Bit Server VM (25.161-b12 mixed mode windows-amd64 compressed oops)
# Problematic frame:
# C  [msvcrt.dll+0x7440b]
#
# Failed to write core dump. Minidumps are not enabled by default on client versions of Windows
#
# If you would like to submit a bug report, please visit:
#   http://bugreport.java.com/bugreport/crash.jsp
# The crash happened outside the Java Virtual Machine in native code.
# See problematic frame for where to report the bug.
#

---------------  T H R E A D  ---------------

Current thread (0x0000000030a51800):  JavaThread "AMDSI prefetch thread" daemon [_thread_in_native, id=30544, stack(0x000000003a440000,0x000000003a540000)]

siginfo: ExceptionCode=0xc0000005, writing address 0x0000000032126000

Registers:
RAX=0x0000000000000002, RBX=0x0000000030a519f8, RCX=0x0000000032126000, RDX=0x000000073adebe18
RSP=0x000000003a53ee88, RBP=0x000000003a53efb0, RSI=0x0000000000000000, RDI=0x0000000032100080
R8 =0xfffffffffffda1ff, R9 =0x07ffffffffffffff, R10=0x000000000000000c, R11=0x0000000032100080
R12=0x000000003a53efa8, R13=0xffffffffffffffff, R14=0x000000076ceebe98, R15=0x0000000030a51800
RIP=0x00007ff965bc440b, EFLAGS=0x0000000000010202

Top of Stack: (sp=0x000000003a53ee88)
0x000000003a53ee88:   0000000066b5a1a0 0000000030a519f8
0x000000003a53ee98:   000000003a53efb0 0000000000000000
0x000000003a53eea8:   00000007c0105ae8 000000001c4c3458
0x000000003a53eeb8:   0000000000000005 0000000002cc80e0
0x000000003a53eec8:   000000003a53ef78 0000000000000000
0x000000003a53eed8:   000000001c4c3458 000000003a53efb0
0x000000003a53eee8:   0000000002cd8c67 0000000030a519f8
0x000000003a53eef8:   0000000030a519f8 000000076cf69570
0x000000003a53ef08:   000000076cf674b8 00000000ffffffff
0x000000003a53ef18:   0000000002cd91c6 0000000032a78698
0x000000003a53ef28:   0000000000000005 0000000030a51800
0x000000003a53ef38:   000000003a53ef38 0000000000000000
0x000000003a53ef48:   000000003a53efb0 0000000031f4e8f0
0x000000003a53ef58:   0000000000000000 000000001c4c3458
0x000000003a53ef68:   0000000000000000 000000003a53ef98
0x000000003a53ef78:   000000003a53eff8 0000000002cc80e0 

Instructions: (pc=0x00007ff965bc440b)
0x00007ff965bc43eb:   c1 80 00 00 00 ff c8 75 ec 48 81 e9 00 02 00 00
0x00007ff965bc43fb:   b8 08 00 00 00 f3 0f 6f 04 11 f3 0f 6f 4c 11 10
0x00007ff965bc440b:   66 0f e7 01 66 0f e7 49 10 48 83 c1 40 f3 0f 6f
0x00007ff965bc441b:   44 11 e0 f3 0f 6f 4c 11 f0 66 0f e7 41 e0 66 0f 


Register to memory mapping:

RAX=0x0000000000000002 is an unknown value
RBX=0x0000000030a519f8 is an unknown value
RCX=0x0000000032126000 is an unknown value
RDX=0x000000073adebe18 is an unallocated location in the heap
RSP=0x000000003a53ee88 is pointing into the stack for thread: 0x0000000030a51800
RBP=0x000000003a53efb0 is pointing into the stack for thread: 0x0000000030a51800
RSI=0x0000000000000000 is an unknown value
RDI=0x0000000032100080 is an unknown value
R8 =0xfffffffffffda1ff is an unknown value
R9 =0x07ffffffffffffff is an unknown value
R10=0x000000000000000c is an unknown value
R11=0x0000000032100080 is an unknown value
R12=0x000000003a53efa8 is pointing into the stack for thread: 0x0000000030a51800
R13=0xffffffffffffffff is an unknown value
R14=0x000000076ceebe98 is an oop

[error occurred during error reporting (printing register info), id 0xc0000005]

Stack: [0x000000003a440000,0x000000003a540000],  sp=0x000000003a53ee88,  free space=1019k
Native frames: (J=compiled Java code, j=interpreted, Vv=VM code, C=native code)
C  [msvcrt.dll+0x7440b]
C  [jnind4jcpu.dll+0x2da1a0]
C  0x0000000002cd8c67

Java frames: (J=compiled Java code, j=interpreted, Vv=VM code)
j  org.bytedeco.javacpp.BytePointer.put([BII)Lorg/bytedeco/javacpp/BytePointer;+0
j  org.datavec.image.loader.NativeImageLoader.streamToMat(Ljava/io/InputStream;)Lorg/bytedeco/javacpp/opencv_core$Mat;+66
j  org.datavec.image.loader.NativeImageLoader.asMatrixView(Ljava/io/InputStream;Lorg/nd4j/linalg/api/ndarray/INDArray;)V+2
j  org.datavec.image.loader.NativeImageLoader.asMatrixView(Ljava/io/File;Lorg/nd4j/linalg/api/ndarray/INDArray;)V+22
j  org.datavec.image.recordreader.BaseImageRecordReader.next(I)Ljava/util/List;+431
j  org.deeplearning4j.datasets.datavec.RecordReaderMultiDataSetIterator.next(I)Lorg/nd4j/linalg/dataset/api/MultiDataSet;+126
j  org.deeplearning4j.datasets.datavec.RecordReaderMultiDataSetIterator.next()Lorg/nd4j/linalg/dataset/api/MultiDataSet;+5
j  org.deeplearning4j.datasets.datavec.RecordReaderMultiDataSetIterator.next()Ljava/lang/Object;+1
j  org.deeplearning4j.datasets.iterator.AsyncMultiDataSetIterator$AsyncPrefetchThread.run()V+93
v  ~StubRoutines::call_stub

---------------  P R O C E S S  ---------------

Java Threads: ( => current thread )
=>0x0000000030a51800 JavaThread "AMDSI prefetch thread" daemon [_thread_in_native, id=30544, stack(0x000000003a440000,0x000000003a540000)]
  0x0000000030a54000 JavaThread "Thread-3" daemon [_thread_blocked, id=30516, stack(0x0000000033cd0000,0x0000000033dd0000)]
  0x0000000030a51000 JavaThread "New I/O server boss #17" [_thread_in_native, id=29876, stack(0x0000000033bd0000,0x0000000033cd0000)]
  0x0000000030a53000 JavaThread "New I/O worker #16" [_thread_in_native, id=30320, stack(0x0000000033ad0000,0x0000000033bd0000)]
  0x0000000030a52800 JavaThread "New I/O worker #15" [_thread_in_native, id=30316, stack(0x00000000339d0000,0x0000000033ad0000)]
  0x0000000030a49800 JavaThread "New I/O worker #14" [_thread_in_native, id=30300, stack(0x00000000338d0000,0x00000000339d0000)]
  0x0000000030a50000 JavaThread "New I/O worker #13" [_thread_in_native, id=30164, stack(0x00000000337d0000,0x00000000338d0000)]
  0x0000000030a48800 JavaThread "New I/O worker #12" [_thread_in_native, id=30288, stack(0x00000000336d0000,0x00000000337d0000)]
  0x0000000030a4f800 JavaThread "New I/O worker #11" [_thread_in_native, id=30156, stack(0x00000000335d0000,0x00000000336d0000)]
  0x0000000030a48000 JavaThread "New I/O worker #10" [_thread_in_native, id=30000, stack(0x00000000334d0000,0x00000000335d0000)]
  0x0000000030a4e000 JavaThread "New I/O worker #9" [_thread_in_native, id=30708, stack(0x00000000333d0000,0x00000000334d0000)]
  0x0000000030a4c800 JavaThread "New I/O worker #8" [_thread_in_native, id=30404, stack(0x00000000332d0000,0x00000000333d0000)]
  0x0000000030a4b800 JavaThread "New I/O worker #7" [_thread_in_native, id=29896, stack(0x00000000331d0000,0x00000000332d0000)]
  0x0000000030a4b000 JavaThread "New I/O worker #6" [_thread_in_native, id=29892, stack(0x00000000330d0000,0x00000000331d0000)]
  0x0000000030a4d000 JavaThread "New I/O worker #5" [_thread_in_native, id=29880, stack(0x0000000032fd0000,0x00000000330d0000)]
  0x0000000030a4e800 JavaThread "New I/O worker #4" [_thread_in_native, id=29884, stack(0x0000000032ed0000,0x0000000032fd0000)]
  0x0000000030a4a000 JavaThread "New I/O worker #3" [_thread_in_native, id=29872, stack(0x0000000032dd0000,0x0000000032ed0000)]
  0x000000001e605000 JavaThread "New I/O worker #2" [_thread_in_native, id=29856, stack(0x0000000032cd0000,0x0000000032dd0000)]
  0x000000001e603800 JavaThread "New I/O worker #1" [_thread_in_native, id=29848, stack(0x0000000032bd0000,0x0000000032cd0000)]
  0x000000001e603000 JavaThread "application-akka.actor.default-dispatcher-4" [_thread_blocked, id=29844, stack(0x0000000032710000,0x0000000032810000)]
  0x000000001e604800 JavaThread "application-akka.actor.default-dispatcher-3" [_thread_blocked, id=29824, stack(0x0000000032610000,0x0000000032710000)]
  0x000000001e602000 JavaThread "application-akka.actor.default-dispatcher-2" [_thread_blocked, id=29836, stack(0x0000000032310000,0x0000000032410000)]
  0x000000001e600000 JavaThread "application-scheduler-1" [_thread_blocked, id=29808, stack(0x0000000031e00000,0x0000000031f00000)]
  0x000000001e600800 JavaThread "NativeRandomDeallocator thread 0" daemon [_thread_blocked, id=29740, stack(0x0000000023530000,0x0000000023630000)]
  0x000000002133e800 JavaThread "JavaCPP Deallocator" daemon [_thread_blocked, id=29724, stack(0x0000000021e60000,0x0000000021f60000)]
  0x0000000021185800 JavaThread "Workspace deallocator thread" daemon [_thread_blocked, id=29772, stack(0x0000000020b70000,0x0000000020c70000)]
  0x000000001e684000 JavaThread "Service Thread" daemon [_thread_blocked, id=236, stack(0x000000001f1a0000,0x000000001f2a0000)]
  0x000000001e607000 JavaThread "C1 CompilerThread3" daemon [_thread_blocked, id=28540, stack(0x000000001f0a0000,0x000000001f1a0000)]
  0x000000001e5f8000 JavaThread "C2 CompilerThread2" daemon [_thread_blocked, id=7132, stack(0x000000001efa0000,0x000000001f0a0000)]
  0x000000001e5f0800 JavaThread "C2 CompilerThread1" daemon [_thread_blocked, id=27560, stack(0x000000001eea0000,0x000000001efa0000)]
  0x000000001e5ed000 JavaThread "C2 CompilerThread0" daemon [_thread_blocked, id=29080, stack(0x000000001eda0000,0x000000001eea0000)]
  0x000000001e5ec000 JavaThread "Attach Listener" daemon [_thread_blocked, id=29132, stack(0x000000001eca0000,0x000000001eda0000)]
  0x000000001e5eb000 JavaThread "Signal Dispatcher" daemon [_thread_blocked, id=23728, stack(0x000000001eba0000,0x000000001eca0000)]
  0x000000001e5d0800 JavaThread "Finalizer" daemon [_thread_blocked, id=26892, stack(0x000000001e9b0000,0x000000001eab0000)]
  0x000000001c6e3800 JavaThread "Reference Handler" daemon [_thread_blocked, id=27564, stack(0x000000001e4b0000,0x000000001e5b0000)]
  0x0000000002bd1000 JavaThread "main" [_thread_blocked, id=29344, stack(0x00000000029d0000,0x0000000002ad0000)]

Other Threads:
  0x000000001c6dd800 VMThread [stack: 0x000000001e3b0000,0x000000001e4b0000] [id=28940]
  0x000000001e6bd800 WatcherThread [stack: 0x000000001f2a0000,0x000000001f3a0000] [id=28448]

VM state:not at safepoint (normal execution)

VM Mutex/Monitor currently owned by a thread: None

Heap:
 PSYoungGen      total 321536K, used 34480K [0x000000076b400000, 0x0000000783a80000, 0x00000007c0000000)
  eden space 295936K, 10% used [0x000000076b400000,0x000000076d1d5a38,0x000000077d500000)
  from space 25600K, 15% used [0x000000077ef00000,0x000000077f2d69a0,0x0000000780800000)
  to   space 26624K, 0% used [0x000000077d500000,0x000000077d500000,0x000000077ef00000)
 ParOldGen       total 136704K, used 29381K [0x00000006c1c00000, 0x00000006ca180000, 0x000000076b400000)
  object space 136704K, 21% used [0x00000006c1c00000,0x00000006c38b1758,0x00000006ca180000)
 Metaspace       used 34458K, capacity 34845K, committed 35120K, reserved 1079296K
  class space    used 5200K, capacity 5305K, committed 5424K, reserved 1048576K

Card table byte_map: [0x0000000012080000,0x0000000012880000] byte_map_base: 0x000000000ea72000

Marking Bits: (ParMarkBitMap*) 0x00000000589ef860
 Begin Bits: [0x00000000135d0000, 0x0000000017560000)
 End Bits:   [0x0000000017560000, 0x000000001b4f0000)

Polling page: 0x0000000002820000

CodeCache: size=245760Kb used=8356Kb max_used=9584Kb free=237403Kb
 bounds [0x0000000002cc0000, 0x0000000003670000, 0x0000000011cc0000]
 total_blobs=3001 nmethods=2266 adapters=647
 compilation: enabled

Compilation events (10 events):
Event: 6.810 Thread 0x000000001e607000 2698   !   3       org.bytedeco.javacpp.Pointer::deallocator (509 bytes)
Event: 6.812 Thread 0x000000001e607000 nmethod 2698 0x0000000002f95b10 code [0x0000000002f96260, 0x0000000002f9b498]
Event: 6.817 Thread 0x000000001e607000 2699       3       java.io.FilterInputStream::read (9 bytes)
Event: 6.817 Thread 0x000000001e607000 nmethod 2699 0x0000000002f956d0 code [0x0000000002f95840, 0x0000000002f95a68]
Event: 6.823 Thread 0x000000001e607000 2700       1       org.bytedeco.javacpp.tools.Logger::isDebugEnabled (4 bytes)
Event: 6.823 Thread 0x000000001e607000 nmethod 2700 0x0000000002dfd950 code [0x0000000002dfdaa0, 0x0000000002dfdbb0]
Event: 6.823 Thread 0x000000001e607000 2701       3       org.nd4j.linalg.api.buffer.LongBuffer::initTypeAndSize (14 bytes)
Event: 6.823 Thread 0x000000001e607000 nmethod 2701 0x0000000002e24e90 code [0x0000000002e24fe0, 0x0000000002e25150]
Event: 6.826 Thread 0x000000001e607000 2702       3       com.google.common.primitives.Ints$IntArrayAsList::size (10 bytes)
Event: 6.826 Thread 0x000000001e607000 nmethod 2702 0x0000000002e24b50 code [0x0000000002e24ca0, 0x0000000002e24df0]

GC Heap History (10 events):
Event: 3.817 GC heap before
{Heap before GC invocations=5 (full 0):
 PSYoungGen      total 141824K, used 123005K [0x000000076b400000, 0x0000000774900000, 0x00000007c0000000)
  eden space 131072K, 85% used [0x000000076b400000,0x00000007721a1878,0x0000000773400000)
  from space 10752K, 99% used [0x0000000773e80000,0x00000007748fdf00,0x0000000774900000)
  to   space 10752K, 0% used [0x0000000773400000,0x0000000773400000,0x0000000773e80000)
 ParOldGen       total 175104K, used 25597K [0x00000006c1c00000, 0x00000006cc700000, 0x000000076b400000)
  object space 175104K, 14% used [0x00000006c1c00000,0x00000006c34ff698,0x00000006cc700000)
 Metaspace       used 21006K, capacity 21257K, committed 21296K, reserved 1067008K
  class space    used 2982K, capacity 3081K, committed 3120K, reserved 1048576K
Event: 3.826 GC heap after
Heap after GC invocations=5 (full 0):
 PSYoungGen      total 141824K, used 10751K [0x000000076b400000, 0x000000077e300000, 0x00000007c0000000)
  eden space 131072K, 0% used [0x000000076b400000,0x000000076b400000,0x0000000773400000)
  from space 10752K, 99% used [0x0000000773400000,0x0000000773e7fd58,0x0000000773e80000)
  to   space 24064K, 0% used [0x000000077cb80000,0x000000077cb80000,0x000000077e300000)
 ParOldGen       total 175104K, used 30788K [0x00000006c1c00000, 0x00000006cc700000, 0x000000076b400000)
  object space 175104K, 17% used [0x00000006c1c00000,0x00000006c3a110e8,0x00000006cc700000)
 Metaspace       used 21006K, capacity 21257K, committed 21296K, reserved 1067008K
  class space    used 2982K, capacity 3081K, committed 3120K, reserved 1048576K
}
Event: 3.826 GC heap before
{Heap before GC invocations=6 (full 1):
 PSYoungGen      total 141824K, used 10751K [0x000000076b400000, 0x000000077e300000, 0x00000007c0000000)
  eden space 131072K, 0% used [0x000000076b400000,0x000000076b400000,0x0000000773400000)
  from space 10752K, 99% used [0x0000000773400000,0x0000000773e7fd58,0x0000000773e80000)
  to   space 24064K, 0% used [0x000000077cb80000,0x000000077cb80000,0x000000077e300000)
 ParOldGen       total 175104K, used 30788K [0x00000006c1c00000, 0x00000006cc700000, 0x000000076b400000)
  object space 175104K, 17% used [0x00000006c1c00000,0x00000006c3a110e8,0x00000006cc700000)
 Metaspace       used 21006K, capacity 21257K, committed 21296K, reserved 1067008K
  class space    used 2982K, capacity 3081K, committed 3120K, reserved 1048576K
Event: 3.871 GC heap after
Heap after GC invocations=6 (full 1):
 PSYoungGen      total 141824K, used 0K [0x000000076b400000, 0x000000077e300000, 0x00000007c0000000)
  eden space 131072K, 0% used [0x000000076b400000,0x000000076b400000,0x0000000773400000)
  from space 10752K, 0% used [0x0000000773400000,0x0000000773400000,0x0000000773e80000)
  to   space 24064K, 0% used [0x000000077cb80000,0x000000077cb80000,0x000000077e300000)
 ParOldGen       total 136704K, used 29357K [0x00000006c1c00000, 0x00000006ca180000, 0x000000076b400000)
  object space 136704K, 21% used [0x00000006c1c00000,0x00000006c38ab758,0x00000006ca180000)
 Metaspace       used 21006K, capacity 21257K, committed 21296K, reserved 1067008K
  class space    used 2982K, capacity 3081K, committed 3120K, reserved 1048576K
}
Event: 4.581 GC heap before
{Heap before GC invocations=7 (full 1):
 PSYoungGen      total 141824K, used 131072K [0x000000076b400000, 0x000000077e300000, 0x00000007c0000000)
  eden space 131072K, 100% used [0x000000076b400000,0x0000000773400000,0x0000000773400000)
  from space 10752K, 0% used [0x0000000773400000,0x0000000773400000,0x0000000773e80000)
  to   space 24064K, 0% used [0x000000077cb80000,0x000000077cb80000,0x000000077e300000)
 ParOldGen       total 136704K, used 29357K [0x00000006c1c00000, 0x00000006ca180000, 0x000000076b400000)
  object space 136704K, 21% used [0x00000006c1c00000,0x00000006c38ab758,0x00000006ca180000)
 Metaspace       used 26061K, capacity 26457K, committed 26672K, reserved 1071104K
  class space    used 3974K, capacity 4087K, committed 4144K, reserved 1048576K
Event: 4.585 GC heap after
Heap after GC invocations=7 (full 1):
 PSYoungGen      total 206336K, used 5663K [0x000000076b400000, 0x000000077d180000, 0x00000007c0000000)
  eden space 200192K, 0% used [0x000000076b400000,0x000000076b400000,0x0000000777780000)
  from space 6144K, 92% used [0x000000077cb80000,0x000000077d107f60,0x000000077d180000)
  to   space 25600K, 0% used [0x0000000779f80000,0x0000000779f80000,0x000000077b880000)
 ParOldGen       total 136704K, used 29365K [0x00000006c1c00000, 0x00000006ca180000, 0x000000076b400000)
  object space 136704K, 21% used [0x00000006c1c00000,0x00000006c38ad758,0x00000006ca180000)
 Metaspace       used 26061K, capacity 26457K, committed 26672K, reserved 1071104K
  class space    used 3974K, capacity 4087K, committed 4144K, reserved 1048576K
}
Event: 5.744 GC heap before
{Heap before GC invocations=8 (full 1):
 PSYoungGen      total 206336K, used 205855K [0x000000076b400000, 0x000000077d180000, 0x00000007c0000000)
  eden space 200192K, 100% used [0x000000076b400000,0x0000000777780000,0x0000000777780000)
  from space 6144K, 92% used [0x000000077cb80000,0x000000077d107f60,0x000000077d180000)
  to   space 25600K, 0% used [0x0000000779f80000,0x0000000779f80000,0x000000077b880000)
 ParOldGen       total 136704K, used 29365K [0x00000006c1c00000, 0x00000006ca180000, 0x000000076b400000)
  object space 136704K, 21% used [0x00000006c1c00000,0x00000006c38ad758,0x00000006ca180000)
 Metaspace       used 32719K, capacity 33117K, committed 33328K, reserved 1077248K
  class space    used 5001K, capacity 5113K, committed 5168K, reserved 1048576K
Event: 5.749 GC heap after
Heap after GC invocations=8 (full 1):
 PSYoungGen      total 266752K, used 8580K [0x000000076b400000, 0x0000000780800000, 0x00000007c0000000)
  eden space 241152K, 0% used [0x000000076b400000,0x000000076b400000,0x0000000779f80000)
  from space 25600K, 33% used [0x0000000779f80000,0x000000077a7e1218,0x000000077b880000)
  to   space 25600K, 0% used [0x000000077ef00000,0x000000077ef00000,0x0000000780800000)
 ParOldGen       total 136704K, used 29373K [0x00000006c1c00000, 0x00000006ca180000, 0x000000076b400000)
  object space 136704K, 21% used [0x00000006c1c00000,0x00000006c38af758,0x00000006ca180000)
 Metaspace       used 32719K, capacity 33117K, committed 33328K, reserved 1077248K
  class space    used 5001K, capacity 5113K, committed 5168K, reserved 1048576K
}
Event: 6.651 GC heap before
{Heap before GC invocations=9 (full 1):
 PSYoungGen      total 266752K, used 249732K [0x000000076b400000, 0x0000000780800000, 0x00000007c0000000)
  eden space 241152K, 100% used [0x000000076b400000,0x0000000779f80000,0x0000000779f80000)
  from space 25600K, 33% used [0x0000000779f80000,0x000000077a7e1218,0x000000077b880000)
  to   space 25600K, 0% used [0x000000077ef00000,0x000000077ef00000,0x0000000780800000)
 ParOldGen       total 136704K, used 29373K [0x00000006c1c00000, 0x00000006ca180000, 0x000000076b400000)
  object space 136704K, 21% used [0x00000006c1c00000,0x00000006c38af758,0x00000006ca180000)
 Metaspace       used 34402K, capacity 34781K, committed 35120K, reserved 1079296K
  class space    used 5196K, capacity 5305K, committed 5424K, reserved 1048576K
Event: 6.654 GC heap after
Heap after GC invocations=9 (full 1):
 PSYoungGen      total 321536K, used 3930K [0x000000076b400000, 0x0000000783a80000, 0x00000007c0000000)
  eden space 295936K, 0% used [0x000000076b400000,0x000000076b400000,0x000000077d500000)
  from space 25600K, 15% used [0x000000077ef00000,0x000000077f2d69a0,0x0000000780800000)
  to   space 26624K, 0% used [0x000000077d500000,0x000000077d500000,0x000000077ef00000)
 ParOldGen       total 136704K, used 29381K [0x00000006c1c00000, 0x00000006ca180000, 0x000000076b400000)
  object space 136704K, 21% used [0x00000006c1c00000,0x00000006c38b1758,0x00000006ca180000)
 Metaspace       used 34402K, capacity 34781K, committed 35120K, reserved 1079296K
  class space    used 5196K, capacity 5305K, committed 5424K, reserved 1048576K
}

Deoptimization events (10 events):
Event: 5.000 Thread 0x000000001e602000 Uncommon trap: reason=unstable_if action=reinterpret pc=0x00000000032eee60 method=java.lang.ThreadLocal.get()Ljava/lang/Object; @ 11
Event: 5.028 Thread 0x000000001e602000 Uncommon trap: reason=unstable_if action=reinterpret pc=0x0000000003222100 method=java.util.concurrent.ConcurrentHashMap.putVal(Ljava/lang/Object;Ljava/lang/Object;Z)Ljava/lang/Object; @ 98
Event: 5.053 Thread 0x0000000002bd1000 Uncommon trap: reason=unstable_if action=reinterpret pc=0x0000000003461da0 method=java.lang.AbstractStringBuilder.setLength(I)V @ 23
Event: 5.059 Thread 0x000000001e600000 Uncommon trap: reason=unstable_if action=reinterpret pc=0x000000000355017c method=akka.dispatch.AbstractNodeQueue.pollNode()Lakka/dispatch/AbstractNodeQueue$Node; @ 20
Event: 5.100 Thread 0x0000000002bd1000 Uncommon trap: reason=unstable_if action=reinterpret pc=0x0000000003573950 method=java.net.URLClassLoader.isSealed(Ljava/lang/String;Ljava/util/jar/Manifest;)Z @ 26
Event: 5.237 Thread 0x0000000002bd1000 Uncommon trap: reason=class_check action=maybe_recompile pc=0x00000000030cc414 method=java.lang.AbstractStringBuilder.append(Ljava/lang/CharSequence;)Ljava/lang/AbstractStringBuilder; @ 10
Event: 5.390 Thread 0x0000000002bd1000 Uncommon trap: reason=bimorphic action=maybe_recompile pc=0x0000000002df520c method=java.util.Collections$UnmodifiableCollection.contains(Ljava/lang/Object;)Z @ 5
Event: 5.400 Thread 0x0000000002bd1000 Uncommon trap: reason=bimorphic action=maybe_recompile pc=0x0000000002df520c method=java.util.Collections$UnmodifiableCollection.contains(Ljava/lang/Object;)Z @ 5
Event: 5.401 Thread 0x0000000002bd1000 Uncommon trap: reason=bimorphic action=maybe_recompile pc=0x0000000002df520c method=java.util.Collections$UnmodifiableCollection.contains(Ljava/lang/Object;)Z @ 5
Event: 5.402 Thread 0x0000000002bd1000 Uncommon trap: reason=bimorphic action=maybe_recompile pc=0x0000000002df520c method=java.util.Collections$UnmodifiableCollection.contains(Ljava/lang/Object;)Z @ 5

Classes redefined (0 events):
No events

Internal exceptions (10 events):
Event: 6.757 Thread 0x0000000030a51800 Exception <a 'sun/nio/fs/WindowsException'> (0x000000076ce89610) thrown at [C:\re\workspace\8-2-build-windows-amd64-cygwin\jdk8u161\10277\hotspot\src\share\vm\prims\jni.cpp, line 709]
Event: 6.757 Thread 0x0000000030a51800 Exception <a 'sun/nio/fs/WindowsException'> (0x000000076ce8a870) thrown at [C:\re\workspace\8-2-build-windows-amd64-cygwin\jdk8u161\10277\hotspot\src\share\vm\prims\jni.cpp, line 709]
Event: 6.757 Thread 0x0000000030a51800 Exception <a 'sun/nio/fs/WindowsException'> (0x000000076ce8bb20) thrown at [C:\re\workspace\8-2-build-windows-amd64-cygwin\jdk8u161\10277\hotspot\src\share\vm\prims\jni.cpp, line 709]
Event: 6.757 Thread 0x0000000030a51800 Exception <a 'sun/nio/fs/WindowsException'> (0x000000076ce8cd58) thrown at [C:\re\workspace\8-2-build-windows-amd64-cygwin\jdk8u161\10277\hotspot\src\share\vm\prims\jni.cpp, line 709]
Event: 6.757 Thread 0x0000000030a51800 Exception <a 'sun/nio/fs/WindowsException'> (0x000000076ce8e000) thrown at [C:\re\workspace\8-2-build-windows-amd64-cygwin\jdk8u161\10277\hotspot\src\share\vm\prims\jni.cpp, line 709]
Event: 6.757 Thread 0x0000000030a51800 Exception <a 'sun/nio/fs/WindowsException'> (0x000000076ce8f260) thrown at [C:\re\workspace\8-2-build-windows-amd64-cygwin\jdk8u161\10277\hotspot\src\share\vm\prims\jni.cpp, line 709]
Event: 6.757 Thread 0x0000000030a51800 Exception <a 'sun/nio/fs/WindowsException'> (0x000000076ce90508) thrown at [C:\re\workspace\8-2-build-windows-amd64-cygwin\jdk8u161\10277\hotspot\src\share\vm\prims\jni.cpp, line 709]
Event: 6.758 Thread 0x0000000030a51800 Exception <a 'sun/nio/fs/WindowsException'> (0x000000076ce91620) thrown at [C:\re\workspace\8-2-build-windows-amd64-cygwin\jdk8u161\10277\hotspot\src\share\vm\prims\jni.cpp, line 709]
Event: 6.758 Thread 0x0000000030a51800 Exception <a 'sun/nio/fs/WindowsException'> (0x000000076ce926e8) thrown at [C:\re\workspace\8-2-build-windows-amd64-cygwin\jdk8u161\10277\hotspot\src\share\vm\prims\jni.cpp, line 709]
Event: 6.758 Thread 0x0000000030a51800 Exception <a 'sun/nio/fs/WindowsException'> (0x000000076ce937b8) thrown at [C:\re\workspace\8-2-build-windows-amd64-cygwin\jdk8u161\10277\hotspot\src\share\vm\prims\jni.cpp, line 709]

Events (10 events):
Event: 6.759 loading class org/bytedeco/javacpp/indexer/UByteIndexer
Event: 6.759 loading class org/bytedeco/javacpp/indexer/UByteIndexer done
Event: 6.759 loading class org/bytedeco/javacpp/indexer/UByteRawIndexer
Event: 6.759 loading class org/bytedeco/javacpp/indexer/UByteRawIndexer done
Event: 6.759 loading class org/bytedeco/javacpp/indexer/UByteBufferIndexer
Event: 6.759 loading class org/bytedeco/javacpp/indexer/UByteBufferIndexer done
Event: 6.760 loading class org/bytedeco/javacpp/indexer/UByteIndexer$1
Event: 6.760 loading class org/bytedeco/javacpp/indexer/UByteIndexer$1 done
Event: 6.760 loading class org/bytedeco/javacpp/indexer/UByteArrayIndexer
Event: 6.760 loading class org/bytedeco/javacpp/indexer/UByteArrayIndexer done


Dynamic libraries:
0x00007ff6bf390000 - 0x00007ff6bf3c7000 	C:\Program Files\Java\jre1.8.0_161\bin\javaw.exe
0x00007ff968500000 - 0x00007ff9686e1000 	C:\WINDOWS\SYSTEM32\ntdll.dll
0x00007ff968110000 - 0x00007ff9681c1000 	C:\WINDOWS\System32\KERNEL32.DLL
0x00007ff965000000 - 0x00007ff965273000 	C:\WINDOWS\System32\KERNELBASE.dll
0x0000000057cd0000 - 0x0000000057ff5000 	C:\Program Files (x86)\Norton Security\NortonData\22.8.0.50\Definitions\IPSDefs\20190716.061\IPSEng64.dll
0x00007ff966180000 - 0x00007ff966221000 	C:\WINDOWS\System32\ADVAPI32.dll
0x00007ff965b50000 - 0x00007ff965bee000 	C:\WINDOWS\System32\msvcrt.dll
0x00007ff965c50000 - 0x00007ff965cab000 	C:\WINDOWS\System32\sechost.dll
0x00007ff966930000 - 0x00007ff966a54000 	C:\WINDOWS\System32\RPCRT4.dll
0x00007ff965cb0000 - 0x00007ff965cb8000 	C:\WINDOWS\System32\PSAPI.DLL
0x00007ff965cc0000 - 0x00007ff965e50000 	C:\WINDOWS\System32\USER32.dll
0x00007ff964e10000 - 0x00007ff964e30000 	C:\WINDOWS\System32\win32u.dll
0x00007ff966310000 - 0x00007ff966338000 	C:\WINDOWS\System32\GDI32.dll
0x00007ff964920000 - 0x00007ff964ab1000 	C:\WINDOWS\System32\gdi32full.dll
0x00007ff964ee0000 - 0x00007ff964f7f000 	C:\WINDOWS\System32\msvcp_win.dll
0x00007ff964ac0000 - 0x00007ff964bb8000 	C:\WINDOWS\System32\ucrtbase.dll
0x00007ff958960000 - 0x00007ff958bc9000 	C:\WINDOWS\WinSxS\amd64_microsoft.windows.common-controls_6595b64144ccf1df_6.0.17134.885_none_fb42a3473065565f\COMCTL32.dll
0x00007ff965e50000 - 0x00007ff966172000 	C:\WINDOWS\System32\combase.dll
0x00007ff964f80000 - 0x00007ff964ff9000 	C:\WINDOWS\System32\bcryptPrimitives.dll
0x00007ff966a80000 - 0x00007ff966aad000 	C:\WINDOWS\System32\IMM32.DLL
0x0000000057bf0000 - 0x0000000057cc2000 	C:\Program Files\Java\jre1.8.0_161\bin\msvcr100.dll
0x00000000581d0000 - 0x0000000058a6f000 	C:\Program Files\Java\jre1.8.0_161\bin\server\jvm.dll
0x00007ff9616b0000 - 0x00007ff9616d3000 	C:\WINDOWS\SYSTEM32\WINMM.dll
0x00007ff960280000 - 0x00007ff960289000 	C:\WINDOWS\SYSTEM32\WSOCK32.dll
0x00007ff95f400000 - 0x00007ff95f40a000 	C:\WINDOWS\SYSTEM32\VERSION.dll
0x00007ff966790000 - 0x00007ff9667fc000 	C:\WINDOWS\System32\WS2_32.dll
0x00007ff961680000 - 0x00007ff9616aa000 	C:\WINDOWS\SYSTEM32\winmmbase.dll
0x00007ff9648d0000 - 0x00007ff964919000 	C:\WINDOWS\System32\cfgmgr32.dll
0x00000000580e0000 - 0x00000000580ef000 	C:\Program Files\Java\jre1.8.0_161\bin\verify.dll
0x00000000580b0000 - 0x00000000580d9000 	C:\Program Files\Java\jre1.8.0_161\bin\java.dll
0x0000000058090000 - 0x00000000580a6000 	C:\Program Files\Java\jre1.8.0_161\bin\zip.dll
0x00007ff966cd0000 - 0x00007ff968110000 	C:\WINDOWS\System32\SHELL32.dll
0x00007ff9682c0000 - 0x00007ff968369000 	C:\WINDOWS\System32\shcore.dll
0x00007ff965280000 - 0x00007ff96598d000 	C:\WINDOWS\System32\windows.storage.dll
0x00007ff965bf0000 - 0x00007ff965c41000 	C:\WINDOWS\System32\shlwapi.dll
0x00007ff964890000 - 0x00007ff9648a1000 	C:\WINDOWS\System32\kernel.appcore.dll
0x00007ff9648b0000 - 0x00007ff9648cf000 	C:\WINDOWS\System32\profapi.dll
0x00007ff964840000 - 0x00007ff96488c000 	C:\WINDOWS\System32\powrprof.dll
0x00007ff964830000 - 0x00007ff96483a000 	C:\WINDOWS\System32\FLTLIB.DLL
0x0000000058070000 - 0x000000005808a000 	C:\Program Files\Java\jre1.8.0_161\bin\net.dll
0x00007ff964090000 - 0x00007ff9640f6000 	C:\WINDOWS\system32\mswsock.dll
0x0000000058050000 - 0x0000000058061000 	C:\Program Files\Java\jre1.8.0_161\bin\nio.dll
0x0000000064940000 - 0x0000000064955000 	C:\Users\PARI\.javacpp\cache\mkl-dnn-0.16-1.4.3-windows-x86_64.jar\org\bytedeco\javacpp\windows-x86_64\libwinpthread-1.dll
0x0000000061440000 - 0x000000006145c000 	C:\Users\PARI\.javacpp\cache\mkl-dnn-0.16-1.4.3-windows-x86_64.jar\org\bytedeco\javacpp\windows-x86_64\libgcc_s_seh-1.dll
0x0000000063600000 - 0x000000006362f000 	C:\Users\PARI\.javacpp\cache\mkl-dnn-0.16-1.4.3-windows-x86_64.jar\org\bytedeco\javacpp\windows-x86_64\libgomp-1.dll
0x000000006fc40000 - 0x000000006fda6000 	C:\Users\PARI\.javacpp\cache\mkl-dnn-0.16-1.4.3-windows-x86_64.jar\org\bytedeco\javacpp\windows-x86_64\libstdc++-6.dll
0x00007ff935220000 - 0x00007ff93530f000 	C:\Users\PARI\.javacpp\cache\mkl-dnn-0.16-1.4.3-windows-x86_64.jar\org\bytedeco\javacpp\windows-x86_64\msvcr120.dll
0x00007ff92a3b0000 - 0x00007ff92a579000 	C:\Users\PARI\.javacpp\cache\mkl-dnn-0.16-1.4.3-windows-x86_64.jar\org\bytedeco\javacpp\windows-x86_64\libiomp5md.dll
0x00007ff8f1b40000 - 0x00007ff8f909a000 	C:\Users\PARI\.javacpp\cache\mkl-dnn-0.16-1.4.3-windows-x86_64.jar\org\bytedeco\javacpp\windows-x86_64\mklml.dll
0x0000000062100000 - 0x0000000062646000 	C:\Users\PARI\.javacpp\cache\mkl-dnn-0.16-1.4.3-windows-x86_64.jar\org\bytedeco\javacpp\windows-x86_64\libmkldnn.dll
0x0000000069480000 - 0x000000006a651000 	C:\Users\PARI\.javacpp\cache\nd4j-native-1.0.0-beta3-windows-x86_64.jar\org\nd4j\nativeblas\windows-x86_64\libnd4jcpu.dll
0x0000000066880000 - 0x0000000066e14000 	C:\Users\PARI\.javacpp\cache\nd4j-native-1.0.0-beta3-windows-x86_64.jar\org\nd4j\nativeblas\windows-x86_64\jnind4jcpu.dll
0x00007ff8ea5e0000 - 0x00007ff8f1b3a000 	C:\Users\PARI\.javacpp\cache\mkl-dnn-0.16-1.4.3-windows-x86_64.jar\org\bytedeco\javacpp\windows-x86_64\libopenblas_nolapack.dll
0x0000000071000000 - 0x000000007105c000 	C:\Users\PARI\.javacpp\cache\openblas-0.3.3-1.4.3-windows-x86_64.jar\org\bytedeco\javacpp\windows-x86_64\jniopenblas_nolapack.dll
0x00007ff964240000 - 0x00007ff964257000 	C:\WINDOWS\SYSTEM32\CRYPTSP.dll
0x00007ff963c80000 - 0x00007ff963cb3000 	C:\WINDOWS\system32\rsaenh.dll
0x00007ff964370000 - 0x00007ff964395000 	C:\WINDOWS\SYSTEM32\bcrypt.dll
0x00007ff964740000 - 0x00007ff964768000 	C:\WINDOWS\SYSTEM32\USERENV.dll
0x00007ff964260000 - 0x00007ff96426b000 	C:\WINDOWS\SYSTEM32\CRYPTBASE.dll
0x00007ff963e20000 - 0x00007ff963e58000 	C:\WINDOWS\SYSTEM32\IPHLPAPI.DLL
0x00007ff966a60000 - 0x00007ff966a68000 	C:\WINDOWS\System32\NSI.dll
0x00007ff95e0c0000 - 0x00007ff95e0d6000 	C:\WINDOWS\SYSTEM32\dhcpcsvc6.DLL
0x00007ff95e4b0000 - 0x00007ff95e4ca000 	C:\WINDOWS\SYSTEM32\dhcpcsvc.DLL
0x0000000057a50000 - 0x0000000057be8000 	C:\Program Files\Java\jre1.8.0_161\bin\awt.dll
0x00007ff966800000 - 0x00007ff9668c2000 	C:\WINDOWS\System32\OLEAUT32.dll
0x00007ff962bc0000 - 0x00007ff962c4b000 	C:\WINDOWS\SYSTEM32\apphelp.dll
0x0000000002ae0000 - 0x0000000002ae3000 	C:\Users\PARI\.javacpp\cache\hdf5-1.10.3-1.4.3-windows-x86_64.jar\org\bytedeco\javacpp\windows-x86_64\api-ms-win-crt-locale-l1-1-0.dll
0x0000000002af0000 - 0x0000000002af4000 	C:\Users\PARI\.javacpp\cache\hdf5-1.10.3-1.4.3-windows-x86_64.jar\org\bytedeco\javacpp\windows-x86_64\api-ms-win-crt-string-l1-1-0.dll
0x0000000002b00000 - 0x0000000002b04000 	C:\Users\PARI\.javacpp\cache\hdf5-1.10.3-1.4.3-windows-x86_64.jar\org\bytedeco\javacpp\windows-x86_64\api-ms-win-crt-stdio-l1-1-0.dll
0x0000000002b10000 - 0x0000000002b15000 	C:\Users\PARI\.javacpp\cache\hdf5-1.10.3-1.4.3-windows-x86_64.jar\org\bytedeco\javacpp\windows-x86_64\api-ms-win-crt-math-l1-1-0.dll
0x0000000002b20000 - 0x0000000002b23000 	C:\Users\PARI\.javacpp\cache\hdf5-1.10.3-1.4.3-windows-x86_64.jar\org\bytedeco\javacpp\windows-x86_64\api-ms-win-crt-heap-l1-1-0.dll
0x0000000002b30000 - 0x0000000002b34000 	C:\Users\PARI\.javacpp\cache\hdf5-1.10.3-1.4.3-windows-x86_64.jar\org\bytedeco\javacpp\windows-x86_64\api-ms-win-crt-runtime-l1-1-0.dll
0x0000000002b40000 - 0x0000000002b44000 	C:\Users\PARI\.javacpp\cache\hdf5-1.10.3-1.4.3-windows-x86_64.jar\org\bytedeco\javacpp\windows-x86_64\api-ms-win-crt-convert-l1-1-0.dll
0x0000000002b50000 - 0x0000000002b53000 	C:\Users\PARI\.javacpp\cache\hdf5-1.10.3-1.4.3-windows-x86_64.jar\org\bytedeco\javacpp\windows-x86_64\api-ms-win-crt-environment-l1-1-0.dll
0x0000000002b60000 - 0x0000000002b63000 	C:\Users\PARI\.javacpp\cache\hdf5-1.10.3-1.4.3-windows-x86_64.jar\org\bytedeco\javacpp\windows-x86_64\api-ms-win-crt-time-l1-1-0.dll
0x0000000002b70000 - 0x0000000002b73000 	C:\Users\PARI\.javacpp\cache\hdf5-1.10.3-1.4.3-windows-x86_64.jar\org\bytedeco\javacpp\windows-x86_64\api-ms-win-crt-filesystem-l1-1-0.dll
0x0000000002b80000 - 0x0000000002b83000 	C:\Users\PARI\.javacpp\cache\hdf5-1.10.3-1.4.3-windows-x86_64.jar\org\bytedeco\javacpp\windows-x86_64\api-ms-win-crt-utility-l1-1-0.dll
0x0000000002b90000 - 0x0000000002b95000 	C:\Users\PARI\.javacpp\cache\hdf5-1.10.3-1.4.3-windows-x86_64.jar\org\bytedeco\javacpp\windows-x86_64\api-ms-win-crt-multibyte-l1-1-0.dll
0x00007ff953fe0000 - 0x00007ff953ff7000 	C:\Users\PARI\.javacpp\cache\hdf5-1.10.3-1.4.3-windows-x86_64.jar\org\bytedeco\javacpp\windows-x86_64\vcruntime140.dll
0x00007ff9373f0000 - 0x00007ff93748d000 	C:\Users\PARI\.javacpp\cache\hdf5-1.10.3-1.4.3-windows-x86_64.jar\org\bytedeco\javacpp\windows-x86_64\msvcp140.dll
0x00007ff949730000 - 0x00007ff949781000 	C:\Users\PARI\.javacpp\cache\hdf5-1.10.3-1.4.3-windows-x86_64.jar\org\bytedeco\javacpp\windows-x86_64\concrt140.dll
0x00007ff950770000 - 0x00007ff95079e000 	C:\Users\PARI\.javacpp\cache\opencv-3.4.3-1.4.3-windows-x86_64.jar\org\bytedeco\javacpp\windows-x86_64\vcomp140.dll
0x00007ff92a0a0000 - 0x00007ff92a3a7000 	C:\Users\PARI\.javacpp\cache\opencv-3.4.3-1.4.3-windows-x86_64.jar\org\bytedeco\javacpp\windows-x86_64\opencv_core343.dll
0x00007ff929c80000 - 0x00007ff92a09c000 	C:\Users\PARI\.javacpp\cache\opencv-3.4.3-1.4.3-windows-x86_64.jar\org\bytedeco\javacpp\windows-x86_64\opencv_imgproc343.dll
0x00007ff927c50000 - 0x00007ff927ffa000 	C:\Users\PARI\.javacpp\cache\opencv-3.4.3-1.4.3-windows-x86_64.jar\org\bytedeco\javacpp\windows-x86_64\jniopencv_core.dll
0x00007ff929b20000 - 0x00007ff929c78000 	C:\Users\PARI\.javacpp\cache\opencv-3.4.3-1.4.3-windows-x86_64.jar\org\bytedeco\javacpp\windows-x86_64\jniopencv_imgproc.dll
0x00007ff9252e0000 - 0x00007ff9255c4000 	C:\Users\PARI\.javacpp\cache\opencv-3.4.3-1.4.3-windows-x86_64.jar\org\bytedeco\javacpp\windows-x86_64\opencv_imgcodecs343.dll
0x00007ff940c70000 - 0x00007ff940ca4000 	C:\Users\PARI\.javacpp\cache\opencv-3.4.3-1.4.3-windows-x86_64.jar\org\bytedeco\javacpp\windows-x86_64\jniopencv_imgcodecs.dll
0x00007ff94b8e0000 - 0x00007ff94baa9000 	C:\WINDOWS\SYSTEM32\dbghelp.dll

VM Arguments:
jvm_args: -Dfile.encoding=Cp1252 
java_command: deep.learning.cnn.ImageClassifier2
java_class_path (initial): C:\Program Files\Java\jre1.8.0_161\lib\resources.jar;C:\Program Files\Java\jre1.8.0_161\lib\rt.jar;C:\Program Files\Java\jre1.8.0_161\lib\jsse.jar;C:\Program Files\Java\jre1.8.0_161\lib\jce.jar;C:\Program Files\Java\jre1.8.0_161\lib\charsets.jar;C:\Program Files\Java\jre1.8.0_161\lib\jfr.jar;C:\Program Files\Java\jre1.8.0_161\lib\ext\access-bridge-64.jar;C:\Program Files\Java\jre1.8.0_161\lib\ext\cldrdata.jar;C:\Program Files\Java\jre1.8.0_161\lib\ext\dnsns.jar;C:\Program Files\Java\jre1.8.0_161\lib\ext\jaccess.jar;C:\Program Files\Java\jre1.8.0_161\lib\ext\jfxrt.jar;C:\Program Files\Java\jre1.8.0_161\lib\ext\localedata.jar;C:\Program Files\Java\jre1.8.0_161\lib\ext\nashorn.jar;C:\Program Files\Java\jre1.8.0_161\lib\ext\sunec.jar;C:\Program Files\Java\jre1.8.0_161\lib\ext\sunjce_provider.jar;C:\Program Files\Java\jre1.8.0_161\lib\ext\sunmscapi.jar;C:\Program Files\Java\jre1.8.0_161\lib\ext\sunpkcs11.jar;C:\Program Files\Java\jre1.8.0_161\lib\ext\zipfs.jar;C:\Users\PARI\eclipse-workspace\deepfashion\target\classes;C:\Users\PARI\Downloads\ojdbc-full.tar\ojdbc-full\OJDBC-Full\ojdbc6.jar;C:\Users\PARI\Downloads\ojdbc-full.tar\ojdbc-full\OJDBC-Full\ojdbc7.jar;C:\Users\PARI\Downloads\ojdbc-full.tar\ojdbc-full\OJDBC-Full\ons.jar;C:\Users\PARI\Downloads\ojdbc-full.tar\ojdbc-full\OJDBC-Full\orai18n.jar;C:\Users\PARI\Downloads\ojdbc-full.tar\ojdbc-full\OJDBC-Full\simplefan.jar;C:\Users\PARI\Downloads\ojdbc-full.tar\ojdbc-full\OJDBC-Full\ucp.jar;C:\Users\PARI\Downloads\ojdbc-full.tar\ojdbc-full\OJDBC-Full\xdb6.jar;C:\Users\PARI\.m2\repository\commons-io\commons-io\2.5\commons-io-2.5.jar;C:\Users\PARI\.m2\repository\log4j\log4j\1.2.17\log4j-1.2.17.jar;C:\Users\PARI\.m2\repository\com\opencsv\opencsv\4.1\opencsv-4.1.jar;C:\Users\PARI\.m2\repository\org\apache\commons\commons-lang3\3.6\commons-lang3-3.6.jar;C:\Users\PARI\.m2\repository\org\apache\commons\commons-text\1.1\commons-text-1.1.jar;C:\Users\PARI\.m2\repository\commons-beanutils\commons-beanu
Launcher Type: SUN_STANDARD

Environment Variables:
JAVA_HOME=C:\Program Files\Java\jdk1.8.0_161
PATH=C:/Program Files/Java/jre1.8.0_161/bin/server;C:/Program Files/Java/jre1.8.0_161/bin;C:/Program Files/Java/jre1.8.0_161/lib/amd64;D:\app\client\PARI\product\12.2.0\client_2\bin;D:\app\client\PARI\product\12.2.0\client_1\bin;D:\app\PARI\product\12.2.0\client_1;C:\Program Files\NVIDIA GPU Computing Toolkit\CUDA\v9.2\bin;C:\Program Files\NVIDIA GPU Computing Toolkit\CUDA\v9.2\libnvvp;;C:\ProgramData\Oracle\Java\javapath;C:\Program Files (x86)\Intel\iCLS Client\;C:\Program Files\Intel\iCLS Client\;C:\Windows\system32;C:\Windows;C:\Windows\System32\Wbem;C:\Windows\System32\WindowsPowerShell\v1.0\;C:\Program Files (x86)\Intel\Intel(R) Management Engine Components\DAL;C:\Program Files\Intel\Intel(R) Management Engine Components\DAL;C:\Program Files (x86)\Intel\Intel(R) Management Engine Components\IPT;C:\Program Files\Intel\Intel(R) Management Engine Components\IPT;C:\Program Files (x86)\NVIDIA Corporation\PhysX\Common;C:\WINDOWS\system32;C:\WINDOWS;C:\WINDOWS\System32\Wbem;C:\WINDOWS\System32\WindowsPowerShell\v1.0\;C:\Program Files\nodejs\;C:\Program Files\PuTTY\;C:\Program Files (x86)\Gpg4win\..\GnuPG\bin;C:\HashiCorp\Vagrant\bin;C:\WINDOWS\System32\OpenSSH\;C:\Program Files\Git\cmd;C:\Users\PARI\Documents\apache-maven-3.5.3\bin;C:\Program Files (x86)\sbt\bin;C:\Program Files\NVIDIA Corporation\NVIDIA NvDLISR;C:\Users\PARI\AppData\Local\Programs\Python\Python37-32\Scripts\;C:\Users\PARI\AppData\Local\Programs\Python\Python37-32\;C:\Users\PARI\AppData\Local\Microsoft\WindowsApps;C:\Users\PARI\AppData\Local\GitHubDesktop\bin;C:\ProgramData\PARI\GitHubDesktop\bin;C:\Users\PARI\AppData\Roaming\npm;C:\Users\PARI\AppData\Local\Microsoft\WindowsApps;C:\Program Files\Heroku\bin;C:\Users\PARI\AppData\Local\Google\Cloud SDK\google-cloud-sdk\bin;C:\WINDOWS\System32;
USERNAME=PARI
OS=Windows_NT
PROCESSOR_IDENTIFIER=Intel64 Family 6 Model 158 Stepping 9, GenuineIntel



---------------  S Y S T E M  ---------------

OS: Windows 10.0 , 64 bit Build 17134 (10.0.17134.753)

CPU:total 8 (initial active 8) (4 cores per cpu, 2 threads per core) family 6 model 158 stepping 9, cmov, cx8, fxsr, mmx, sse, sse2, sse3, ssse3, sse4.1, sse4.2, popcnt, avx, avx2, aes, clmul, erms, 3dnowpref, lzcnt, ht, tsc, tscinvbit, bmi1, bmi2, adx

Memory: 4k page, physical 16659684k(10859244k free), swap 19150052k(11448068k free)

vm_info: Java HotSpot(TM) 64-Bit Server VM (25.161-b12) for windows-amd64 JRE (1.8.0_161-b12), built on Dec 19 2017 17:52:25 by "java_re" with MS VC++ 10.0 (VS2010)

time: Wed Jul 17 09:03:43 2019
elapsed time: 6 seconds (0d 0h 0m 6s)

