#
# A fatal error has been detected by the Java Runtime Environment:
#
#  EXCEPTION_ACCESS_VIOLATION (0xc0000005) at pc=0x00007ff965bc440b, pid=71664, tid=0x0000000000000380
#
# JRE version: Java(TM) SE Runtime Environment (8.0_221-b11) (build 1.8.0_221-b11)
# Java VM: Java HotSpot(TM) 64-Bit Server VM (25.221-b11 mixed mode windows-amd64 compressed oops)
# Problematic frame:
# C  [msvcrt.dll+0x7440b]
#
# Failed to write core dump. Minidumps are not enabled by default on client versions of Windows
#
# If you would like to submit a bug report, please visit:
#   http://bugreport.java.com/bugreport/crash.jsp
# The crash happened outside the Java Virtual Machine in native code.
# See problematic frame for where to report the bug.
#

---------------  T H R E A D  ---------------

Current thread (0x0000000022b32800):  JavaThread "AMDSI prefetch thread" daemon [_thread_in_native, id=896, stack(0x0000000032a00000,0x0000000032b00000)]

siginfo: ExceptionCode=0xc0000005, writing address 0x000000003a866000

Registers:
RAX=0x0000000000000002, RBX=0x0000000022b329f8, RCX=0x000000003a866000, RDX=0x0000000732289fa8
RSP=0x0000000032aff028, RBP=0x0000000032aff150, RSI=0x0000000000000000, RDI=0x000000003a840080
R8 =0xfffffffffffda1ff, R9 =0x07ffffffffffffff, R10=0x000000000000000c, R11=0x000000003a840080
R12=0x0000000032aff148, R13=0xffffffffffffffff, R14=0x000000076caca028, R15=0x0000000022b32800
RIP=0x00007ff965bc440b, EFLAGS=0x0000000000010202

Top of Stack: (sp=0x0000000032aff028)
0x0000000032aff028:   0000000066b5a1a0 0000000022b329f8
0x0000000032aff038:   0000000032aff150 0000000000000000
0x0000000032aff048:   00000007c0105ae8 000000001c7a5a20
0x0000000032aff058:   0000000000000005 0000000002f580e0
0x0000000032aff068:   0000000032aff118 0000000000000000
0x0000000032aff078:   000000001c7a5a20 0000000032aff150
0x0000000032aff088:   0000000002f68c67 0000000022b329f8
0x0000000032aff098:   0000000022b329f8 000000076cb47700
0x0000000032aff0a8:   000000076cb45648 00000000ffffffff
0x0000000032aff0b8:   0000000002f691c6 00000000316b94e0
0x0000000032aff0c8:   0000000000000005 0000000022b32800
0x0000000032aff0d8:   0000000032aff0d8 0000000000000000
0x0000000032aff0e8:   0000000032aff150 000000003a6be8f0
0x0000000032aff0f8:   0000000000000000 000000001c7a5a20
0x0000000032aff108:   0000000000000000 0000000032aff138
0x0000000032aff118:   0000000032aff198 0000000002f580e0 

Instructions: (pc=0x00007ff965bc440b)
0x00007ff965bc43eb:   c1 80 00 00 00 ff c8 75 ec 48 81 e9 00 02 00 00
0x00007ff965bc43fb:   b8 08 00 00 00 f3 0f 6f 04 11 f3 0f 6f 4c 11 10
0x00007ff965bc440b:   66 0f e7 01 66 0f e7 49 10 48 83 c1 40 f3 0f 6f
0x00007ff965bc441b:   44 11 e0 f3 0f 6f 4c 11 f0 66 0f e7 41 e0 66 0f 


Register to memory mapping:

RAX=0x0000000000000002 is an unknown value
RBX=0x0000000022b329f8 is an unknown value
RCX=0x000000003a866000 is an unknown value
RDX=0x0000000732289fa8 is an unallocated location in the heap
RSP=0x0000000032aff028 is pointing into the stack for thread: 0x0000000022b32800
RBP=0x0000000032aff150 is pointing into the stack for thread: 0x0000000022b32800
RSI=0x0000000000000000 is an unknown value
RDI=0x000000003a840080 is an unknown value
R8 =0xfffffffffffda1ff is an unknown value
R9 =0x07ffffffffffffff is an unknown value
R10=0x000000000000000c is an unknown value
R11=0x000000003a840080 is an unknown value
R12=0x0000000032aff148 is pointing into the stack for thread: 0x0000000022b32800
R13=0xffffffffffffffff is an unknown value
R14=0x000000076caca028 is an oop

[error occurred during error reporting (printing register info), id 0xc0000005]

Stack: [0x0000000032a00000,0x0000000032b00000],  sp=0x0000000032aff028,  free space=1020k
Native frames: (J=compiled Java code, j=interpreted, Vv=VM code, C=native code)
C  [msvcrt.dll+0x7440b]
C  [jnind4jcpu.dll+0x2da1a0]
C  0x0000000002f68c67

Java frames: (J=compiled Java code, j=interpreted, Vv=VM code)
j  org.bytedeco.javacpp.BytePointer.put([BII)Lorg/bytedeco/javacpp/BytePointer;+0
j  org.datavec.image.loader.NativeImageLoader.streamToMat(Ljava/io/InputStream;)Lorg/bytedeco/javacpp/opencv_core$Mat;+66
j  org.datavec.image.loader.NativeImageLoader.asMatrixView(Ljava/io/InputStream;Lorg/nd4j/linalg/api/ndarray/INDArray;)V+2
j  org.datavec.image.loader.NativeImageLoader.asMatrixView(Ljava/io/File;Lorg/nd4j/linalg/api/ndarray/INDArray;)V+22
j  org.datavec.image.recordreader.BaseImageRecordReader.next(I)Ljava/util/List;+431
j  org.deeplearning4j.datasets.datavec.RecordReaderMultiDataSetIterator.next(I)Lorg/nd4j/linalg/dataset/api/MultiDataSet;+126
j  org.deeplearning4j.datasets.datavec.RecordReaderMultiDataSetIterator.next()Lorg/nd4j/linalg/dataset/api/MultiDataSet;+5
j  org.deeplearning4j.datasets.datavec.RecordReaderMultiDataSetIterator.next()Ljava/lang/Object;+1
j  org.deeplearning4j.datasets.iterator.AsyncMultiDataSetIterator$AsyncPrefetchThread.run()V+93
v  ~StubRoutines::call_stub

---------------  P R O C E S S  ---------------

Java Threads: ( => current thread )
=>0x0000000022b32800 JavaThread "AMDSI prefetch thread" daemon [_thread_in_native, id=896, stack(0x0000000032a00000,0x0000000032b00000)]
  0x0000000022b2f800 JavaThread "Thread-3" daemon [_thread_blocked, id=75872, stack(0x0000000032900000,0x0000000032a00000)]
  0x0000000022b2d800 JavaThread "New I/O server boss #17" [_thread_in_native, id=75780, stack(0x0000000032800000,0x0000000032900000)]
  0x0000000022b2c800 JavaThread "New I/O worker #16" [_thread_in_native, id=70084, stack(0x0000000032700000,0x0000000032800000)]
  0x0000000022b2b000 JavaThread "New I/O worker #15" [_thread_in_native, id=63632, stack(0x0000000032600000,0x0000000032700000)]
  0x0000000022b2a800 JavaThread "New I/O worker #14" [_thread_in_native, id=76636, stack(0x0000000032500000,0x0000000032600000)]
  0x0000000022b30800 JavaThread "New I/O worker #13" [_thread_in_native, id=71748, stack(0x0000000032400000,0x0000000032500000)]
  0x0000000022b27800 JavaThread "New I/O worker #12" [_thread_in_native, id=67804, stack(0x0000000032300000,0x0000000032400000)]
  0x0000000022b26800 JavaThread "New I/O worker #11" [_thread_in_native, id=76672, stack(0x0000000032200000,0x0000000032300000)]
  0x0000000022b26000 JavaThread "New I/O worker #10" [_thread_in_native, id=75832, stack(0x0000000032100000,0x0000000032200000)]
  0x0000000022b29000 JavaThread "New I/O worker #9" [_thread_in_native, id=74744, stack(0x0000000032000000,0x0000000032100000)]
  0x0000000022b24800 JavaThread "New I/O worker #8" [_thread_in_native, id=69396, stack(0x0000000031f00000,0x0000000032000000)]
  0x0000000022b29800 JavaThread "New I/O worker #7" [_thread_in_native, id=75092, stack(0x0000000031e00000,0x0000000031f00000)]
  0x0000000022b28000 JavaThread "New I/O worker #6" [_thread_in_native, id=64788, stack(0x0000000031d00000,0x0000000031e00000)]
  0x0000000022b25000 JavaThread "New I/O worker #5" [_thread_in_native, id=76484, stack(0x0000000031c00000,0x0000000031d00000)]
  0x000000001e8e8800 JavaThread "New I/O worker #4" [_thread_in_native, id=75980, stack(0x0000000031b00000,0x0000000031c00000)]
  0x000000001e8e5800 JavaThread "New I/O worker #3" [_thread_in_native, id=75816, stack(0x0000000031a00000,0x0000000031b00000)]
  0x000000001e8e5000 JavaThread "New I/O worker #2" [_thread_in_native, id=73976, stack(0x0000000031900000,0x0000000031a00000)]
  0x000000001e8e3800 JavaThread "New I/O worker #1" [_thread_in_native, id=74252, stack(0x0000000031800000,0x0000000031900000)]
  0x000000001e8e2800 JavaThread "application-akka.actor.default-dispatcher-4" [_thread_blocked, id=76348, stack(0x0000000031500000,0x0000000031600000)]
  0x000000001e8e8000 JavaThread "application-akka.actor.default-dispatcher-3" [_thread_blocked, id=76240, stack(0x0000000031400000,0x0000000031500000)]
  0x000000001e8e7000 JavaThread "application-akka.actor.default-dispatcher-2" [_thread_blocked, id=76260, stack(0x0000000031300000,0x0000000031400000)]
  0x000000001e8e9800 JavaThread "application-scheduler-1" [_thread_blocked, id=75876, stack(0x0000000031000000,0x0000000031100000)]
  0x0000000021415800 JavaThread "NativeRandomDeallocator thread 0" daemon [_thread_blocked, id=71540, stack(0x0000000023800000,0x0000000023900000)]
  0x000000001fd68800 JavaThread "JavaCPP Deallocator" daemon [_thread_blocked, id=75388, stack(0x0000000022130000,0x0000000022230000)]
  0x000000002106d800 JavaThread "Workspace deallocator thread" daemon [_thread_blocked, id=76268, stack(0x0000000020e50000,0x0000000020f50000)]
  0x000000001e966000 JavaThread "Service Thread" daemon [_thread_blocked, id=76304, stack(0x000000001f480000,0x000000001f580000)]
  0x000000001e8e4000 JavaThread "C1 CompilerThread3" daemon [_thread_blocked, id=76544, stack(0x000000001f380000,0x000000001f480000)]
  0x000000001e8d2800 JavaThread "C2 CompilerThread2" daemon [_thread_blocked, id=74272, stack(0x000000001f280000,0x000000001f380000)]
  0x000000001e8d0800 JavaThread "C2 CompilerThread1" daemon [_thread_blocked, id=74404, stack(0x000000001f180000,0x000000001f280000)]
  0x000000001e8cd800 JavaThread "C2 CompilerThread0" daemon [_thread_blocked, id=75920, stack(0x000000001f080000,0x000000001f180000)]
  0x000000001e8c9800 JavaThread "Attach Listener" daemon [_thread_blocked, id=76188, stack(0x000000001ef80000,0x000000001f080000)]
  0x000000001e8c8800 JavaThread "Signal Dispatcher" daemon [_thread_blocked, id=76468, stack(0x000000001ee80000,0x000000001ef80000)]
  0x000000001e8b0800 JavaThread "Finalizer" daemon [_thread_blocked, id=71172, stack(0x000000001ec90000,0x000000001ed90000)]
  0x000000001c9c2800 JavaThread "Reference Handler" daemon [_thread_blocked, id=75944, stack(0x000000001e790000,0x000000001e890000)]
  0x0000000002e61000 JavaThread "main" [_thread_blocked, id=72644, stack(0x0000000002d50000,0x0000000002e50000)]

Other Threads:
  0x000000001c9bc000 VMThread [stack: 0x000000001e690000,0x000000001e790000] [id=73224]
  0x000000001e9b1000 WatcherThread [stack: 0x000000001f580000,0x000000001f680000] [id=76384]

VM state:not at safepoint (normal execution)

VM Mutex/Monitor currently owned by a thread: None

heap address: 0x00000006c1c00000, size: 4068 MB, Compressed Oops mode: Zero based, Oop shift amount: 3
Narrow klass base: 0x0000000000000000, Narrow klass shift: 3
Compressed class space size: 1073741824 Address: 0x00000007c0000000

Heap:
 PSYoungGen      total 323584K, used 39666K [0x000000076b400000, 0x0000000783a00000, 0x00000007c0000000)
  eden space 297984K, 11% used [0x000000076b400000,0x000000076d6e0f80,0x000000077d700000)
  from space 25600K, 15% used [0x000000077f080000,0x000000077f45b9b0,0x0000000780980000)
  to   space 26112K, 0% used [0x000000077d700000,0x000000077d700000,0x000000077f080000)
 ParOldGen       total 135680K, used 29305K [0x00000006c1c00000, 0x00000006ca080000, 0x000000076b400000)
  object space 135680K, 21% used [0x00000006c1c00000,0x00000006c389e5c0,0x00000006ca080000)
 Metaspace       used 34501K, capacity 34850K, committed 35072K, reserved 1079296K
  class space    used 5204K, capacity 5305K, committed 5376K, reserved 1048576K

Card table byte_map: [0x0000000012310000,0x0000000012b10000] byte_map_base: 0x000000000ed02000

Marking Bits: (ParMarkBitMap*) 0x00000000589c5ce0
 Begin Bits: [0x0000000013860000, 0x00000000177f0000)
 End Bits:   [0x00000000177f0000, 0x000000001b780000)

Polling page: 0x0000000002ce0000

CodeCache: size=245760Kb used=8356Kb max_used=9481Kb free=237403Kb
 bounds [0x0000000002f50000, 0x0000000003900000, 0x0000000011f50000]
 total_blobs=3015 nmethods=2279 adapters=648
 compilation: enabled

Compilation events (10 events):
Event: 7.260 Thread 0x000000001e8e4000 2711       3       java.util.TreeMap::setColor (10 bytes)
Event: 7.260 Thread 0x000000001e8e4000 nmethod 2711 0x00000000032ec2d0 code [0x00000000032ec420, 0x00000000032ec590]
Event: 7.265 Thread 0x000000001e8e4000 2712       3       java.io.FilterInputStream::read (9 bytes)
Event: 7.266 Thread 0x000000001e8e4000 nmethod 2712 0x0000000003268b50 code [0x0000000003268cc0, 0x0000000003268ee8]
Event: 7.270 Thread 0x000000001e8e4000 2713       3       java.lang.Math::min (12 bytes)
Event: 7.270 Thread 0x000000001e8e4000 nmethod 2713 0x00000000032687d0 code [0x0000000003268920, 0x0000000003268ab0]
Event: 7.273 Thread 0x000000001e8e4000 2714       3       org.nd4j.linalg.api.buffer.LongBuffer::initTypeAndSize (14 bytes)
Event: 7.273 Thread 0x000000001e8e4000 nmethod 2714 0x000000000328cb50 code [0x000000000328cca0, 0x000000000328ce10]
Event: 7.277 Thread 0x000000001e8e4000 2715       3       com.google.common.primitives.Ints$IntArrayAsList::size (10 bytes)
Event: 7.277 Thread 0x000000001e8e4000 nmethod 2715 0x000000000328c810 code [0x000000000328c960, 0x000000000328cab0]

GC Heap History (10 events):
Event: 4.055 GC heap before
{Heap before GC invocations=5 (full 0):
 PSYoungGen      total 141824K, used 120005K [0x000000076b400000, 0x0000000774900000, 0x00000007c0000000)
  eden space 131072K, 83% used [0x000000076b400000,0x0000000771eb1a98,0x0000000773400000)
  from space 10752K, 99% used [0x0000000773e80000,0x00000007748ffd18,0x0000000774900000)
  to   space 10752K, 0% used [0x0000000773400000,0x0000000773400000,0x0000000773e80000)
 ParOldGen       total 175104K, used 25357K [0x00000006c1c00000, 0x00000006cc700000, 0x000000076b400000)
  object space 175104K, 14% used [0x00000006c1c00000,0x00000006c34c3470,0x00000006cc700000)
 Metaspace       used 20951K, capacity 21168K, committed 21248K, reserved 1067008K
  class space    used 2976K, capacity 3048K, committed 3072K, reserved 1048576K
Event: 4.066 GC heap after
Heap after GC invocations=5 (full 0):
 PSYoungGen      total 141824K, used 10751K [0x000000076b400000, 0x000000077e300000, 0x00000007c0000000)
  eden space 131072K, 0% used [0x000000076b400000,0x000000076b400000,0x0000000773400000)
  from space 10752K, 99% used [0x0000000773400000,0x0000000773e7fd18,0x0000000773e80000)
  to   space 24064K, 0% used [0x000000077cb80000,0x000000077cb80000,0x000000077e300000)
 ParOldGen       total 175104K, used 30497K [0x00000006c1c00000, 0x00000006cc700000, 0x000000076b400000)
  object space 175104K, 17% used [0x00000006c1c00000,0x00000006c39c8590,0x00000006cc700000)
 Metaspace       used 20951K, capacity 21168K, committed 21248K, reserved 1067008K
  class space    used 2976K, capacity 3048K, committed 3072K, reserved 1048576K
}
Event: 4.066 GC heap before
{Heap before GC invocations=6 (full 1):
 PSYoungGen      total 141824K, used 10751K [0x000000076b400000, 0x000000077e300000, 0x00000007c0000000)
  eden space 131072K, 0% used [0x000000076b400000,0x000000076b400000,0x0000000773400000)
  from space 10752K, 99% used [0x0000000773400000,0x0000000773e7fd18,0x0000000773e80000)
  to   space 24064K, 0% used [0x000000077cb80000,0x000000077cb80000,0x000000077e300000)
 ParOldGen       total 175104K, used 30497K [0x00000006c1c00000, 0x00000006cc700000, 0x000000076b400000)
  object space 175104K, 17% used [0x00000006c1c00000,0x00000006c39c8590,0x00000006cc700000)
 Metaspace       used 20951K, capacity 21168K, committed 21248K, reserved 1067008K
  class space    used 2976K, capacity 3048K, committed 3072K, reserved 1048576K
Event: 4.111 GC heap after
Heap after GC invocations=6 (full 1):
 PSYoungGen      total 141824K, used 0K [0x000000076b400000, 0x000000077e300000, 0x00000007c0000000)
  eden space 131072K, 0% used [0x000000076b400000,0x000000076b400000,0x0000000773400000)
  from space 10752K, 0% used [0x0000000773400000,0x0000000773400000,0x0000000773e80000)
  to   space 24064K, 0% used [0x000000077cb80000,0x000000077cb80000,0x000000077e300000)
 ParOldGen       total 135680K, used 29281K [0x00000006c1c00000, 0x00000006ca080000, 0x000000076b400000)
  object space 135680K, 21% used [0x00000006c1c00000,0x00000006c38985c0,0x00000006ca080000)
 Metaspace       used 20951K, capacity 21168K, committed 21248K, reserved 1067008K
  class space    used 2976K, capacity 3048K, committed 3072K, reserved 1048576K
}
Event: 4.919 GC heap before
{Heap before GC invocations=7 (full 1):
 PSYoungGen      total 141824K, used 131072K [0x000000076b400000, 0x000000077e300000, 0x00000007c0000000)
  eden space 131072K, 100% used [0x000000076b400000,0x0000000773400000,0x0000000773400000)
  from space 10752K, 0% used [0x0000000773400000,0x0000000773400000,0x0000000773e80000)
  to   space 24064K, 0% used [0x000000077cb80000,0x000000077cb80000,0x000000077e300000)
 ParOldGen       total 135680K, used 29281K [0x00000006c1c00000, 0x00000006ca080000, 0x000000076b400000)
  object space 135680K, 21% used [0x00000006c1c00000,0x00000006c38985c0,0x00000006ca080000)
 Metaspace       used 26158K, capacity 26558K, committed 26752K, reserved 1071104K
  class space    used 3985K, capacity 4119K, committed 4224K, reserved 1048576K
Event: 4.923 GC heap after
Heap after GC invocations=7 (full 1):
 PSYoungGen      total 206848K, used 5697K [0x000000076b400000, 0x000000077d180000, 0x00000007c0000000)
  eden space 200704K, 0% used [0x000000076b400000,0x000000076b400000,0x0000000777800000)
  from space 6144K, 92% used [0x000000077cb80000,0x000000077d1104a0,0x000000077d180000)
  to   space 25600K, 0% used [0x0000000779f80000,0x0000000779f80000,0x000000077b880000)
 ParOldGen       total 135680K, used 29289K [0x00000006c1c00000, 0x00000006ca080000, 0x000000076b400000)
  object space 135680K, 21% used [0x00000006c1c00000,0x00000006c389a5c0,0x00000006ca080000)
 Metaspace       used 26158K, capacity 26558K, committed 26752K, reserved 1071104K
  class space    used 3985K, capacity 4119K, committed 4224K, reserved 1048576K
}
Event: 6.110 GC heap before
{Heap before GC invocations=8 (full 1):
 PSYoungGen      total 206848K, used 206401K [0x000000076b400000, 0x000000077d180000, 0x00000007c0000000)
  eden space 200704K, 100% used [0x000000076b400000,0x0000000777800000,0x0000000777800000)
  from space 6144K, 92% used [0x000000077cb80000,0x000000077d1104a0,0x000000077d180000)
  to   space 25600K, 0% used [0x0000000779f80000,0x0000000779f80000,0x000000077b880000)
 ParOldGen       total 135680K, used 29289K [0x00000006c1c00000, 0x00000006ca080000, 0x000000076b400000)
  object space 135680K, 21% used [0x00000006c1c00000,0x00000006c389a5c0,0x00000006ca080000)
 Metaspace       used 32754K, capacity 33122K, committed 33280K, reserved 1077248K
  class space    used 5005K, capacity 5113K, committed 5120K, reserved 1048576K
Event: 6.115 GC heap after
Heap after GC invocations=8 (full 1):
 PSYoungGen      total 266752K, used 8533K [0x000000076b400000, 0x0000000780980000, 0x00000007c0000000)
  eden space 241152K, 0% used [0x000000076b400000,0x000000076b400000,0x0000000779f80000)
  from space 25600K, 33% used [0x0000000779f80000,0x000000077a7d56e8,0x000000077b880000)
  to   space 25600K, 0% used [0x000000077f080000,0x000000077f080000,0x0000000780980000)
 ParOldGen       total 135680K, used 29297K [0x00000006c1c00000, 0x00000006ca080000, 0x000000076b400000)
  object space 135680K, 21% used [0x00000006c1c00000,0x00000006c389c5c0,0x00000006ca080000)
 Metaspace       used 32754K, capacity 33122K, committed 33280K, reserved 1077248K
  class space    used 5005K, capacity 5113K, committed 5120K, reserved 1048576K
}
Event: 7.104 GC heap before
{Heap before GC invocations=9 (full 1):
 PSYoungGen      total 266752K, used 249685K [0x000000076b400000, 0x0000000780980000, 0x00000007c0000000)
  eden space 241152K, 100% used [0x000000076b400000,0x0000000779f80000,0x0000000779f80000)
  from space 25600K, 33% used [0x0000000779f80000,0x000000077a7d56e8,0x000000077b880000)
  to   space 25600K, 0% used [0x000000077f080000,0x000000077f080000,0x0000000780980000)
 ParOldGen       total 135680K, used 29297K [0x00000006c1c00000, 0x00000006ca080000, 0x000000076b400000)
  object space 135680K, 21% used [0x00000006c1c00000,0x00000006c389c5c0,0x00000006ca080000)
 Metaspace       used 34439K, capacity 34786K, committed 35072K, reserved 1079296K
  class space    used 5200K, capacity 5305K, committed 5376K, reserved 1048576K
Event: 7.107 GC heap after
Heap after GC invocations=9 (full 1):
 PSYoungGen      total 323584K, used 3950K [0x000000076b400000, 0x0000000783a00000, 0x00000007c0000000)
  eden space 297984K, 0% used [0x000000076b400000,0x000000076b400000,0x000000077d700000)
  from space 25600K, 15% used [0x000000077f080000,0x000000077f45b9b0,0x0000000780980000)
  to   space 26112K, 0% used [0x000000077d700000,0x000000077d700000,0x000000077f080000)
 ParOldGen       total 135680K, used 29305K [0x00000006c1c00000, 0x00000006ca080000, 0x000000076b400000)
  object space 135680K, 21% used [0x00000006c1c00000,0x00000006c389e5c0,0x00000006ca080000)
 Metaspace       used 34439K, capacity 34786K, committed 35072K, reserved 1079296K
  class space    used 5200K, capacity 5305K, committed 5376K, reserved 1048576K
}

Deoptimization events (10 events):
Event: 5.329 Thread 0x000000001e8e7000 Uncommon trap: reason=unstable_if action=reinterpret pc=0x0000000003558de0 method=java.lang.ThreadLocal.get()Ljava/lang/Object; @ 11
Event: 5.380 Thread 0x0000000002e61000 Uncommon trap: reason=unstable_if action=reinterpret pc=0x00000000036ce1e0 method=java.lang.AbstractStringBuilder.setLength(I)V @ 23
Event: 5.387 Thread 0x000000001e8e9800 Uncommon trap: reason=unstable_if action=reinterpret pc=0x00000000037f19fc method=akka.dispatch.AbstractNodeQueue.pollNode()Lakka/dispatch/AbstractNodeQueue$Node; @ 20
Event: 5.426 Thread 0x0000000002e61000 Uncommon trap: reason=unstable_if action=reinterpret pc=0x00000000037a04a8 method=java.util.jar.Manifest.getTrustedAttributes(Ljava/lang/String;)Ljava/util/jar/Attributes; @ 7
Event: 5.543 Thread 0x0000000002e61000 Uncommon trap: reason=unstable_if action=reinterpret pc=0x00000000034917bc method=java.util.concurrent.ConcurrentHashMap.putVal(Ljava/lang/Object;Ljava/lang/Object;Z)Ljava/lang/Object; @ 181
Event: 5.567 Thread 0x0000000002e61000 Uncommon trap: reason=class_check action=maybe_recompile pc=0x0000000003326f94 method=java.lang.AbstractStringBuilder.append(Ljava/lang/CharSequence;)Ljava/lang/AbstractStringBuilder; @ 10
Event: 5.739 Thread 0x0000000002e61000 Uncommon trap: reason=bimorphic action=maybe_recompile pc=0x000000000382f60c method=java.util.Collections$UnmodifiableCollection.contains(Ljava/lang/Object;)Z @ 5
Event: 5.750 Thread 0x0000000002e61000 Uncommon trap: reason=bimorphic action=maybe_recompile pc=0x000000000382f60c method=java.util.Collections$UnmodifiableCollection.contains(Ljava/lang/Object;)Z @ 5
Event: 5.752 Thread 0x0000000002e61000 Uncommon trap: reason=bimorphic action=maybe_recompile pc=0x000000000382f60c method=java.util.Collections$UnmodifiableCollection.contains(Ljava/lang/Object;)Z @ 5
Event: 5.753 Thread 0x0000000002e61000 Uncommon trap: reason=bimorphic action=maybe_recompile pc=0x000000000382f60c method=java.util.Collections$UnmodifiableCollection.contains(Ljava/lang/Object;)Z @ 5

Classes redefined (0 events):
No events

Internal exceptions (10 events):
Event: 7.201 Thread 0x0000000022b32800 Exception <a 'sun/nio/fs/WindowsException'> (0x000000076ca6f0b0) thrown at [C:\re\workspace\8-2-build-windows-amd64-cygwin\jdk8u221\13320\hotspot\src\share\vm\prims\jni.cpp, line 710]
Event: 7.201 Thread 0x0000000022b32800 Exception <a 'sun/nio/fs/WindowsException'> (0x000000076ca70310) thrown at [C:\re\workspace\8-2-build-windows-amd64-cygwin\jdk8u221\13320\hotspot\src\share\vm\prims\jni.cpp, line 710]
Event: 7.202 Thread 0x0000000022b32800 Exception <a 'sun/nio/fs/WindowsException'> (0x000000076ca715c0) thrown at [C:\re\workspace\8-2-build-windows-amd64-cygwin\jdk8u221\13320\hotspot\src\share\vm\prims\jni.cpp, line 710]
Event: 7.202 Thread 0x0000000022b32800 Exception <a 'sun/nio/fs/WindowsException'> (0x000000076ca727f8) thrown at [C:\re\workspace\8-2-build-windows-amd64-cygwin\jdk8u221\13320\hotspot\src\share\vm\prims\jni.cpp, line 710]
Event: 7.202 Thread 0x0000000022b32800 Exception <a 'sun/nio/fs/WindowsException'> (0x000000076ca73aa0) thrown at [C:\re\workspace\8-2-build-windows-amd64-cygwin\jdk8u221\13320\hotspot\src\share\vm\prims\jni.cpp, line 710]
Event: 7.202 Thread 0x0000000022b32800 Exception <a 'sun/nio/fs/WindowsException'> (0x000000076ca74d00) thrown at [C:\re\workspace\8-2-build-windows-amd64-cygwin\jdk8u221\13320\hotspot\src\share\vm\prims\jni.cpp, line 710]
Event: 7.202 Thread 0x0000000022b32800 Exception <a 'sun/nio/fs/WindowsException'> (0x000000076ca75fa8) thrown at [C:\re\workspace\8-2-build-windows-amd64-cygwin\jdk8u221\13320\hotspot\src\share\vm\prims\jni.cpp, line 710]
Event: 7.202 Thread 0x0000000022b32800 Exception <a 'sun/nio/fs/WindowsException'> (0x000000076ca770c0) thrown at [C:\re\workspace\8-2-build-windows-amd64-cygwin\jdk8u221\13320\hotspot\src\share\vm\prims\jni.cpp, line 710]
Event: 7.202 Thread 0x0000000022b32800 Exception <a 'sun/nio/fs/WindowsException'> (0x000000076ca78188) thrown at [C:\re\workspace\8-2-build-windows-amd64-cygwin\jdk8u221\13320\hotspot\src\share\vm\prims\jni.cpp, line 710]
Event: 7.203 Thread 0x0000000022b32800 Exception <a 'sun/nio/fs/WindowsException'> (0x000000076ca79258) thrown at [C:\re\workspace\8-2-build-windows-amd64-cygwin\jdk8u221\13320\hotspot\src\share\vm\prims\jni.cpp, line 710]

Events (10 events):
Event: 7.203 loading class org/bytedeco/javacpp/indexer/UByteIndexer
Event: 7.203 loading class org/bytedeco/javacpp/indexer/UByteIndexer done
Event: 7.204 loading class org/bytedeco/javacpp/indexer/UByteRawIndexer
Event: 7.204 loading class org/bytedeco/javacpp/indexer/UByteRawIndexer done
Event: 7.204 loading class org/bytedeco/javacpp/indexer/UByteBufferIndexer
Event: 7.204 loading class org/bytedeco/javacpp/indexer/UByteBufferIndexer done
Event: 7.204 loading class org/bytedeco/javacpp/indexer/UByteIndexer$1
Event: 7.204 loading class org/bytedeco/javacpp/indexer/UByteIndexer$1 done
Event: 7.205 loading class org/bytedeco/javacpp/indexer/UByteArrayIndexer
Event: 7.205 loading class org/bytedeco/javacpp/indexer/UByteArrayIndexer done


Dynamic libraries:
0x00007ff6b6730000 - 0x00007ff6b6767000 	C:\Program Files\Java\jre1.8.0_221\bin\javaw.exe
0x00007ff968500000 - 0x00007ff9686e1000 	C:\WINDOWS\SYSTEM32\ntdll.dll
0x00007ff968110000 - 0x00007ff9681c1000 	C:\WINDOWS\System32\KERNEL32.DLL
0x00007ff965000000 - 0x00007ff965273000 	C:\WINDOWS\System32\KERNELBASE.dll
0x0000000057d90000 - 0x00000000580b5000 	C:\Program Files (x86)\Norton Security\NortonData\22.8.0.50\Definitions\IPSDefs\20190716.061\IPSEng64.dll
0x00007ff966180000 - 0x00007ff966221000 	C:\WINDOWS\System32\ADVAPI32.dll
0x00007ff965b50000 - 0x00007ff965bee000 	C:\WINDOWS\System32\msvcrt.dll
0x00007ff965c50000 - 0x00007ff965cab000 	C:\WINDOWS\System32\sechost.dll
0x00007ff966930000 - 0x00007ff966a54000 	C:\WINDOWS\System32\RPCRT4.dll
0x00007ff965cb0000 - 0x00007ff965cb8000 	C:\WINDOWS\System32\PSAPI.DLL
0x00007ff965cc0000 - 0x00007ff965e50000 	C:\WINDOWS\System32\USER32.dll
0x00007ff964e10000 - 0x00007ff964e30000 	C:\WINDOWS\System32\win32u.dll
0x00007ff966310000 - 0x00007ff966338000 	C:\WINDOWS\System32\GDI32.dll
0x00007ff964920000 - 0x00007ff964ab1000 	C:\WINDOWS\System32\gdi32full.dll
0x00007ff964ee0000 - 0x00007ff964f7f000 	C:\WINDOWS\System32\msvcp_win.dll
0x00007ff964ac0000 - 0x00007ff964bb8000 	C:\WINDOWS\System32\ucrtbase.dll
0x00007ff958960000 - 0x00007ff958bc9000 	C:\WINDOWS\WinSxS\amd64_microsoft.windows.common-controls_6595b64144ccf1df_6.0.17134.885_none_fb42a3473065565f\COMCTL32.dll
0x00007ff965e50000 - 0x00007ff966172000 	C:\WINDOWS\System32\combase.dll
0x00007ff964f80000 - 0x00007ff964ff9000 	C:\WINDOWS\System32\bcryptPrimitives.dll
0x00007ff966a80000 - 0x00007ff966aad000 	C:\WINDOWS\System32\IMM32.DLL
0x0000000057cb0000 - 0x0000000057d82000 	C:\Program Files\Java\jre1.8.0_221\bin\msvcr100.dll
0x00000000581a0000 - 0x0000000058a45000 	C:\Program Files\Java\jre1.8.0_221\bin\server\jvm.dll
0x00007ff9616b0000 - 0x00007ff9616d3000 	C:\WINDOWS\SYSTEM32\WINMM.dll
0x00007ff95ad40000 - 0x00007ff95ad49000 	C:\WINDOWS\SYSTEM32\WSOCK32.dll
0x00007ff95f400000 - 0x00007ff95f40a000 	C:\WINDOWS\SYSTEM32\VERSION.dll
0x00007ff966790000 - 0x00007ff9667fc000 	C:\WINDOWS\System32\WS2_32.dll
0x00007ff961680000 - 0x00007ff9616aa000 	C:\WINDOWS\SYSTEM32\WINMMBASE.dll
0x00007ff9648d0000 - 0x00007ff964919000 	C:\WINDOWS\System32\cfgmgr32.dll
0x00007ff95ac70000 - 0x00007ff95ac7f000 	C:\Program Files\Java\jre1.8.0_221\bin\verify.dll
0x00007ff956b00000 - 0x00007ff956b29000 	C:\Program Files\Java\jre1.8.0_221\bin\java.dll
0x00007ff95ab30000 - 0x00007ff95ab46000 	C:\Program Files\Java\jre1.8.0_221\bin\zip.dll
0x00007ff966cd0000 - 0x00007ff968110000 	C:\WINDOWS\System32\SHELL32.dll
0x00007ff9682c0000 - 0x00007ff968369000 	C:\WINDOWS\System32\shcore.dll
0x00007ff965280000 - 0x00007ff96598d000 	C:\WINDOWS\System32\windows.storage.dll
0x00007ff965bf0000 - 0x00007ff965c41000 	C:\WINDOWS\System32\shlwapi.dll
0x00007ff964890000 - 0x00007ff9648a1000 	C:\WINDOWS\System32\kernel.appcore.dll
0x00007ff9648b0000 - 0x00007ff9648cf000 	C:\WINDOWS\System32\profapi.dll
0x00007ff964840000 - 0x00007ff96488c000 	C:\WINDOWS\System32\powrprof.dll
0x00007ff964830000 - 0x00007ff96483a000 	C:\WINDOWS\System32\FLTLIB.DLL
0x00007ff958bd0000 - 0x00007ff958bea000 	C:\Program Files\Java\jre1.8.0_221\bin\net.dll
0x00007ff956020000 - 0x00007ff9561e9000 	C:\WINDOWS\SYSTEM32\urlmon.dll
0x00007ff956840000 - 0x00007ff956ae6000 	C:\WINDOWS\SYSTEM32\iertutil.dll
0x00007ff964260000 - 0x00007ff96426b000 	C:\WINDOWS\SYSTEM32\CRYPTBASE.DLL
0x00007ff964090000 - 0x00007ff9640f6000 	C:\WINDOWS\system32\mswsock.dll
0x00007ff94b090000 - 0x00007ff94b0a2000 	C:\Program Files\Java\jre1.8.0_221\bin\nio.dll
0x0000000064940000 - 0x0000000064955000 	C:\Users\PARI\.javacpp\cache\mkl-dnn-0.16-1.4.3-windows-x86_64.jar\org\bytedeco\javacpp\windows-x86_64\libwinpthread-1.dll
0x0000000061440000 - 0x000000006145c000 	C:\Users\PARI\.javacpp\cache\mkl-dnn-0.16-1.4.3-windows-x86_64.jar\org\bytedeco\javacpp\windows-x86_64\libgcc_s_seh-1.dll
0x0000000063600000 - 0x000000006362f000 	C:\Users\PARI\.javacpp\cache\mkl-dnn-0.16-1.4.3-windows-x86_64.jar\org\bytedeco\javacpp\windows-x86_64\libgomp-1.dll
0x000000006fc40000 - 0x000000006fda6000 	C:\Users\PARI\.javacpp\cache\mkl-dnn-0.16-1.4.3-windows-x86_64.jar\org\bytedeco\javacpp\windows-x86_64\libstdc++-6.dll
0x00007ff927c00000 - 0x00007ff927cef000 	C:\Users\PARI\.javacpp\cache\mkl-dnn-0.16-1.4.3-windows-x86_64.jar\org\bytedeco\javacpp\windows-x86_64\msvcr120.dll
0x00007ff922300000 - 0x00007ff9224c9000 	C:\Users\PARI\.javacpp\cache\mkl-dnn-0.16-1.4.3-windows-x86_64.jar\org\bytedeco\javacpp\windows-x86_64\libiomp5md.dll
0x00007ff8e8210000 - 0x00007ff8ef76a000 	C:\Users\PARI\.javacpp\cache\mkl-dnn-0.16-1.4.3-windows-x86_64.jar\org\bytedeco\javacpp\windows-x86_64\mklml.dll
0x0000000062100000 - 0x0000000062646000 	C:\Users\PARI\.javacpp\cache\mkl-dnn-0.16-1.4.3-windows-x86_64.jar\org\bytedeco\javacpp\windows-x86_64\libmkldnn.dll
0x0000000069480000 - 0x000000006a651000 	C:\Users\PARI\.javacpp\cache\nd4j-native-1.0.0-beta3-windows-x86_64.jar\org\nd4j\nativeblas\windows-x86_64\libnd4jcpu.dll
0x0000000066880000 - 0x0000000066e14000 	C:\Users\PARI\.javacpp\cache\nd4j-native-1.0.0-beta3-windows-x86_64.jar\org\nd4j\nativeblas\windows-x86_64\jnind4jcpu.dll
0x00007ff8e0cb0000 - 0x00007ff8e820a000 	C:\Users\PARI\.javacpp\cache\mkl-dnn-0.16-1.4.3-windows-x86_64.jar\org\bytedeco\javacpp\windows-x86_64\libopenblas_nolapack.dll
0x0000000071000000 - 0x000000007105c000 	C:\Users\PARI\.javacpp\cache\openblas-0.3.3-1.4.3-windows-x86_64.jar\org\bytedeco\javacpp\windows-x86_64\jniopenblas_nolapack.dll
0x00007ff964240000 - 0x00007ff964257000 	C:\WINDOWS\SYSTEM32\CRYPTSP.dll
0x00007ff963c80000 - 0x00007ff963cb3000 	C:\WINDOWS\system32\rsaenh.dll
0x00007ff964370000 - 0x00007ff964395000 	C:\WINDOWS\SYSTEM32\bcrypt.dll
0x00007ff964740000 - 0x00007ff964768000 	C:\WINDOWS\SYSTEM32\USERENV.dll
0x00007ff963e20000 - 0x00007ff963e58000 	C:\WINDOWS\SYSTEM32\IPHLPAPI.DLL
0x00007ff966a60000 - 0x00007ff966a68000 	C:\WINDOWS\System32\NSI.dll
0x00007ff95e0c0000 - 0x00007ff95e0d6000 	C:\WINDOWS\SYSTEM32\dhcpcsvc6.DLL
0x00007ff95e4b0000 - 0x00007ff95e4ca000 	C:\WINDOWS\SYSTEM32\dhcpcsvc.DLL
0x00007ff922160000 - 0x00007ff9222f9000 	C:\Program Files\Java\jre1.8.0_221\bin\awt.dll
0x00007ff966800000 - 0x00007ff9668c2000 	C:\WINDOWS\System32\OLEAUT32.dll
0x00007ff962bc0000 - 0x00007ff962c4b000 	C:\WINDOWS\SYSTEM32\apphelp.dll
0x0000000020f50000 - 0x0000000020f53000 	C:\Users\PARI\.javacpp\cache\hdf5-1.10.3-1.4.3-windows-x86_64.jar\org\bytedeco\javacpp\windows-x86_64\api-ms-win-crt-locale-l1-1-0.dll
0x0000000023900000 - 0x0000000023904000 	C:\Users\PARI\.javacpp\cache\hdf5-1.10.3-1.4.3-windows-x86_64.jar\org\bytedeco\javacpp\windows-x86_64\api-ms-win-crt-string-l1-1-0.dll
0x0000000023910000 - 0x0000000023914000 	C:\Users\PARI\.javacpp\cache\hdf5-1.10.3-1.4.3-windows-x86_64.jar\org\bytedeco\javacpp\windows-x86_64\api-ms-win-crt-stdio-l1-1-0.dll
0x0000000023920000 - 0x0000000023925000 	C:\Users\PARI\.javacpp\cache\hdf5-1.10.3-1.4.3-windows-x86_64.jar\org\bytedeco\javacpp\windows-x86_64\api-ms-win-crt-math-l1-1-0.dll
0x000000002ff90000 - 0x000000002ff93000 	C:\Users\PARI\.javacpp\cache\hdf5-1.10.3-1.4.3-windows-x86_64.jar\org\bytedeco\javacpp\windows-x86_64\api-ms-win-crt-heap-l1-1-0.dll
0x000000002ffa0000 - 0x000000002ffa4000 	C:\Users\PARI\.javacpp\cache\hdf5-1.10.3-1.4.3-windows-x86_64.jar\org\bytedeco\javacpp\windows-x86_64\api-ms-win-crt-runtime-l1-1-0.dll
0x000000002ffb0000 - 0x000000002ffb4000 	C:\Users\PARI\.javacpp\cache\hdf5-1.10.3-1.4.3-windows-x86_64.jar\org\bytedeco\javacpp\windows-x86_64\api-ms-win-crt-convert-l1-1-0.dll
0x000000002ffc0000 - 0x000000002ffc3000 	C:\Users\PARI\.javacpp\cache\hdf5-1.10.3-1.4.3-windows-x86_64.jar\org\bytedeco\javacpp\windows-x86_64\api-ms-win-crt-environment-l1-1-0.dll
0x000000002ffd0000 - 0x000000002ffd3000 	C:\Users\PARI\.javacpp\cache\hdf5-1.10.3-1.4.3-windows-x86_64.jar\org\bytedeco\javacpp\windows-x86_64\api-ms-win-crt-time-l1-1-0.dll
0x000000002ffe0000 - 0x000000002ffe3000 	C:\Users\PARI\.javacpp\cache\hdf5-1.10.3-1.4.3-windows-x86_64.jar\org\bytedeco\javacpp\windows-x86_64\api-ms-win-crt-filesystem-l1-1-0.dll
0x000000002fff0000 - 0x000000002fff3000 	C:\Users\PARI\.javacpp\cache\hdf5-1.10.3-1.4.3-windows-x86_64.jar\org\bytedeco\javacpp\windows-x86_64\api-ms-win-crt-utility-l1-1-0.dll
0x0000000030000000 - 0x0000000030005000 	C:\Users\PARI\.javacpp\cache\hdf5-1.10.3-1.4.3-windows-x86_64.jar\org\bytedeco\javacpp\windows-x86_64\api-ms-win-crt-multibyte-l1-1-0.dll
0x00007ff94b0f0000 - 0x00007ff94b107000 	C:\Users\PARI\.javacpp\cache\hdf5-1.10.3-1.4.3-windows-x86_64.jar\org\bytedeco\javacpp\windows-x86_64\vcruntime140.dll
0x00007ff934170000 - 0x00007ff93420d000 	C:\Users\PARI\.javacpp\cache\hdf5-1.10.3-1.4.3-windows-x86_64.jar\org\bytedeco\javacpp\windows-x86_64\msvcp140.dll
0x00007ff936c90000 - 0x00007ff936ce1000 	C:\Users\PARI\.javacpp\cache\hdf5-1.10.3-1.4.3-windows-x86_64.jar\org\bytedeco\javacpp\windows-x86_64\concrt140.dll
0x00007ff94b0c0000 - 0x00007ff94b0ee000 	C:\Users\PARI\.javacpp\cache\opencv-3.4.3-1.4.3-windows-x86_64.jar\org\bytedeco\javacpp\windows-x86_64\vcomp140.dll
0x00007ff921e50000 - 0x00007ff922157000 	C:\Users\PARI\.javacpp\cache\opencv-3.4.3-1.4.3-windows-x86_64.jar\org\bytedeco\javacpp\windows-x86_64\opencv_core343.dll
0x00007ff911110000 - 0x00007ff91152c000 	C:\Users\PARI\.javacpp\cache\opencv-3.4.3-1.4.3-windows-x86_64.jar\org\bytedeco\javacpp\windows-x86_64\opencv_imgproc343.dll
0x00007ff9121e0000 - 0x00007ff91258a000 	C:\Users\PARI\.javacpp\cache\opencv-3.4.3-1.4.3-windows-x86_64.jar\org\bytedeco\javacpp\windows-x86_64\jniopencv_core.dll
0x00007ff925060000 - 0x00007ff9251b8000 	C:\Users\PARI\.javacpp\cache\opencv-3.4.3-1.4.3-windows-x86_64.jar\org\bytedeco\javacpp\windows-x86_64\jniopencv_imgproc.dll
0x00007ff913ba0000 - 0x00007ff913e84000 	C:\Users\PARI\.javacpp\cache\opencv-3.4.3-1.4.3-windows-x86_64.jar\org\bytedeco\javacpp\windows-x86_64\opencv_imgcodecs343.dll
0x00007ff940c70000 - 0x00007ff940ca4000 	C:\Users\PARI\.javacpp\cache\opencv-3.4.3-1.4.3-windows-x86_64.jar\org\bytedeco\javacpp\windows-x86_64\jniopencv_imgcodecs.dll
0x00007ff94b8e0000 - 0x00007ff94baa9000 	C:\WINDOWS\SYSTEM32\dbghelp.dll

VM Arguments:
jvm_args: -Dfile.encoding=Cp1252 
java_command: deep.learning.cnn.ImageClassifier2
java_class_path (initial): C:\Program Files\Java\jre1.8.0_221\lib\resources.jar;C:\Program Files\Java\jre1.8.0_221\lib\rt.jar;C:\Program Files\Java\jre1.8.0_221\lib\jsse.jar;C:\Program Files\Java\jre1.8.0_221\lib\jce.jar;C:\Program Files\Java\jre1.8.0_221\lib\charsets.jar;C:\Program Files\Java\jre1.8.0_221\lib\jfr.jar;C:\Program Files\Java\jre1.8.0_221\lib\ext\access-bridge-64.jar;C:\Program Files\Java\jre1.8.0_221\lib\ext\cldrdata.jar;C:\Program Files\Java\jre1.8.0_221\lib\ext\dnsns.jar;C:\Program Files\Java\jre1.8.0_221\lib\ext\jaccess.jar;C:\Program Files\Java\jre1.8.0_221\lib\ext\jfxrt.jar;C:\Program Files\Java\jre1.8.0_221\lib\ext\localedata.jar;C:\Program Files\Java\jre1.8.0_221\lib\ext\nashorn.jar;C:\Program Files\Java\jre1.8.0_221\lib\ext\sunec.jar;C:\Program Files\Java\jre1.8.0_221\lib\ext\sunjce_provider.jar;C:\Program Files\Java\jre1.8.0_221\lib\ext\sunmscapi.jar;C:\Program Files\Java\jre1.8.0_221\lib\ext\sunpkcs11.jar;C:\Program Files\Java\jre1.8.0_221\lib\ext\zipfs.jar;C:\Users\PARI\eclipse-workspace\deepfashion\target\classes;C:\Users\PARI\Downloads\ojdbc-full.tar\ojdbc-full\OJDBC-Full\ojdbc6.jar;C:\Users\PARI\Downloads\ojdbc-full.tar\ojdbc-full\OJDBC-Full\ojdbc7.jar;C:\Users\PARI\Downloads\ojdbc-full.tar\ojdbc-full\OJDBC-Full\ons.jar;C:\Users\PARI\Downloads\ojdbc-full.tar\ojdbc-full\OJDBC-Full\orai18n.jar;C:\Users\PARI\Downloads\ojdbc-full.tar\ojdbc-full\OJDBC-Full\simplefan.jar;C:\Users\PARI\Downloads\ojdbc-full.tar\ojdbc-full\OJDBC-Full\ucp.jar;C:\Users\PARI\Downloads\ojdbc-full.tar\ojdbc-full\OJDBC-Full\xdb6.jar;C:\Users\PARI\.m2\repository\commons-io\commons-io\2.5\commons-io-2.5.jar;C:\Users\PARI\.m2\repository\log4j\log4j\1.2.17\log4j-1.2.17.jar;C:\Users\PARI\.m2\repository\com\opencsv\opencsv\4.1\opencsv-4.1.jar;C:\Users\PARI\.m2\repository\org\apache\commons\commons-lang3\3.6\commons-lang3-3.6.jar;C:\Users\PARI\.m2\repository\org\apache\commons\commons-text\1.1\commons-text-1.1.jar;C:\Users\PARI\.m2\repository\commons-beanutils\commons-beanu
Launcher Type: SUN_STANDARD

Environment Variables:
JAVA_HOME=C:\Program Files\Java\jdk1.8.0_161
PATH=C:/Program Files/Java/jre1.8.0_221/bin/server;C:/Program Files/Java/jre1.8.0_221/bin;C:/Program Files/Java/jre1.8.0_221/lib/amd64;C:\Program Files (x86)\Common Files\Oracle\Java\javapath;D:\app\client\PARI\product\12.2.0\client_2\bin;D:\app\client\PARI\product\12.2.0\client_1\bin;D:\app\PARI\product\12.2.0\client_1;C:\Program Files\NVIDIA GPU Computing Toolkit\CUDA\v9.2\bin;C:\Program Files\NVIDIA GPU Computing Toolkit\CUDA\v9.2\libnvvp;;C:\ProgramData\Oracle\Java\javapath;C:\Program Files (x86)\Intel\iCLS Client\;C:\Program Files\Intel\iCLS Client\;C:\Windows\system32;C:\Windows;C:\Windows\System32\Wbem;C:\Windows\System32\WindowsPowerShell\v1.0\;C:\Program Files (x86)\Intel\Intel(R) Management Engine Components\DAL;C:\Program Files\Intel\Intel(R) Management Engine Components\DAL;C:\Program Files (x86)\Intel\Intel(R) Management Engine Components\IPT;C:\Program Files\Intel\Intel(R) Management Engine Components\IPT;C:\Program Files (x86)\NVIDIA Corporation\PhysX\Common;C:\WINDOWS\system32;C:\WINDOWS;C:\WINDOWS\System32\Wbem;C:\WINDOWS\System32\WindowsPowerShell\v1.0\;C:\Program Files\nodejs\;C:\Program Files\PuTTY\;C:\Program Files (x86)\Gpg4win\..\GnuPG\bin;C:\HashiCorp\Vagrant\bin;C:\WINDOWS\System32\OpenSSH\;C:\Program Files\Git\cmd;C:\Users\PARI\Documents\apache-maven-3.5.3\bin;C:\Program Files (x86)\sbt\bin;C:\Program Files\NVIDIA Corporation\NVIDIA NvDLISR;C:\Users\PARI\AppData\Local\Programs\Python\Python37-32\Scripts\;C:\Users\PARI\AppData\Local\Programs\Python\Python37-32\;C:\Users\PARI\AppData\Local\Microsoft\WindowsApps;C:\Users\PARI\AppData\Local\GitHubDesktop\bin;C:\ProgramData\PARI\GitHubDesktop\bin;C:\Users\PARI\AppData\Roaming\npm;C:\Users\PARI\AppData\Local\Microsoft\WindowsApps;C:\Program Files\Heroku\bin;C:\Users\PARI\AppData\Local\Google\Cloud SDK\google-cloud-sdk\bin;C:\WINDOWS\System32;
USERNAME=PARI
OS=Windows_NT
PROCESSOR_IDENTIFIER=Intel64 Family 6 Model 158 Stepping 9, GenuineIntel



---------------  S Y S T E M  ---------------

OS: Windows 10.0 , 64 bit Build 17134 (10.0.17134.753)

CPU:total 8 (initial active 8) (4 cores per cpu, 2 threads per core) family 6 model 158 stepping 9, cmov, cx8, fxsr, mmx, sse, sse2, sse3, ssse3, sse4.1, sse4.2, popcnt, avx, avx2, aes, clmul, erms, 3dnowpref, lzcnt, ht, tsc, tscinvbit, bmi1, bmi2, adx

Memory: 4k page, physical 16659684k(9660400k free), swap 19150052k(10254884k free)

vm_info: Java HotSpot(TM) 64-Bit Server VM (25.221-b11) for windows-amd64 JRE (1.8.0_221-b11), built on Jul  4 2019 04:39:29 by "java_re" with MS VC++ 10.0 (VS2010)

time: Wed Jul 17 09:37:42 2019
timezone: India Standard Time
elapsed time: 7 seconds (0d 0h 0m 7s)

