#
# A fatal error has been detected by the Java Runtime Environment:
#
#  EXCEPTION_ACCESS_VIOLATION (0xc0000005) at pc=0x00007ff965bc440b, pid=27752, tid=0x000000000000754c
#
# JRE version: Java(TM) SE Runtime Environment (8.0_161-b12) (build 1.8.0_161-b12)
# Java VM: Java HotSpot(TM) 64-Bit Server VM (25.161-b12 mixed mode windows-amd64 compressed oops)
# Problematic frame:
# C  [msvcrt.dll+0x7440b]
#
# Failed to write core dump. Minidumps are not enabled by default on client versions of Windows
#
# If you would like to submit a bug report, please visit:
#   http://bugreport.java.com/bugreport/crash.jsp
# The crash happened outside the Java Virtual Machine in native code.
# See problematic frame for where to report the bug.
#

---------------  T H R E A D  ---------------

Current thread (0x000000004373b800):  JavaThread "AMDSI prefetch thread" daemon [_thread_in_native, id=30028, stack(0x0000000048df0000,0x0000000048ef0000)]

siginfo: ExceptionCode=0xc0000005, writing address 0x000000004ac96000

Registers:
RAX=0x0000000000000002, RBX=0x000000004373b9f8, RCX=0x000000004ac96000, RDX=0x0000000678826d98
RSP=0x0000000048eeeae8, RBP=0x0000000048eeec08, RSI=0x0000000000000000, RDI=0x000000004ac70080
R8 =0xfffffffffffda1ff, R9 =0x07ffffffffffffff, R10=0x000000000000000c, R11=0x000000004ac70080
R12=0x0000000048eeec00, R13=0xffffffffffffffff, R14=0x00000006c3496e18, R15=0x000000004373b800
RIP=0x00007ff965bc440b, EFLAGS=0x0000000000010202

Top of Stack: (sp=0x0000000048eeeae8)
0x0000000048eeeae8:   0000000066b5a1a0 000000004373b9f8
0x0000000048eeeaf8:   0000000048eeec08 0000000000000000
0x0000000048eeeb08:   00000007c0104500 000000001ceb6350
0x0000000048eeeb18:   0000000000000005 00000000036c80e0
0x0000000048eeeb28:   0000000048eeebd0 0000000000000000
0x0000000048eeeb38:   000000001ceb6350 0000000048eeec08
0x0000000048eeeb48:   00000000036d8c67 000000004373b9f8
0x0000000048eeeb58:   000000004373b9f8 000000076b4af488
0x0000000048eeeb68:   00000006c3496e08 00000000ffffffff
0x0000000048eeeb78:   00000000036d91c6 00000000479865d8
0x0000000048eeeb88:   0000000000000005 0000000048eeeb90
0x0000000048eeeb98:   0000000000000000 0000000048eeec08
0x0000000048eeeba8:   000000004aafaf40 0000000000000000
0x0000000048eeebb8:   000000001ceb6350 0000000000000000
0x0000000048eeebc8:   0000000048eeebf0 0000000048eeec50
0x0000000048eeebd8:   00000000036c80e0 0000000000000000 

Instructions: (pc=0x00007ff965bc440b)
0x00007ff965bc43eb:   c1 80 00 00 00 ff c8 75 ec 48 81 e9 00 02 00 00
0x00007ff965bc43fb:   b8 08 00 00 00 f3 0f 6f 04 11 f3 0f 6f 4c 11 10
0x00007ff965bc440b:   66 0f e7 01 66 0f e7 49 10 48 83 c1 40 f3 0f 6f
0x00007ff965bc441b:   44 11 e0 f3 0f 6f 4c 11 f0 66 0f e7 41 e0 66 0f 


Register to memory mapping:

RAX=0x0000000000000002 is an unknown value
RBX=0x000000004373b9f8 is an unknown value
RCX=0x000000004ac96000 is an unknown value
RDX=0x0000000678826d98 is an unknown value
RSP=0x0000000048eeeae8 is pointing into the stack for thread: 0x000000004373b800
RBP=0x0000000048eeec08 is pointing into the stack for thread: 0x000000004373b800
RSI=0x0000000000000000 is an unknown value
RDI=0x000000004ac70080 is an unknown value
R8 =0xfffffffffffda1ff is an unknown value
R9 =0x07ffffffffffffff is an unknown value
R10=0x000000000000000c is an unknown value
R11=0x000000004ac70080 is an unknown value
R12=0x0000000048eeec00 is pointing into the stack for thread: 0x000000004373b800
R13=0xffffffffffffffff is an unknown value
R14=0x00000006c3496e18 is pointing into object: 0x00000006c3496e08
[B 
 - klass: {type array byte}
 - length: 148822
R15=0x000000004373b800 is a thread


Stack: [0x0000000048df0000,0x0000000048ef0000],  sp=0x0000000048eeeae8,  free space=1018k
Native frames: (J=compiled Java code, j=interpreted, Vv=VM code, C=native code)
C  [msvcrt.dll+0x7440b]
C  [jnind4jcpu.dll+0x2da1a0]
C  0x00000000036d8c67

Java frames: (J=compiled Java code, j=interpreted, Vv=VM code)
j  org.bytedeco.javacpp.BytePointer.put([BII)Lorg/bytedeco/javacpp/BytePointer;+0
j  org.datavec.image.loader.NativeImageLoader.streamToMat(Ljava/io/InputStream;)Lorg/bytedeco/javacpp/opencv_core$Mat;+66
j  org.datavec.image.loader.NativeImageLoader.asMatrixView(Ljava/io/InputStream;Lorg/nd4j/linalg/api/ndarray/INDArray;)V+2
j  org.datavec.image.loader.NativeImageLoader.asMatrixView(Ljava/io/File;Lorg/nd4j/linalg/api/ndarray/INDArray;)V+22
j  org.datavec.image.recordreader.BaseImageRecordReader.next(I)Ljava/util/List;+431
J 1916 C1 org.deeplearning4j.datasets.datavec.RecordReaderMultiDataSetIterator.next(I)Lorg/nd4j/linalg/dataset/api/MultiDataSet; (738 bytes) @ 0x0000000003db0d94 [0x0000000003daf040+0x1d54]
j  org.deeplearning4j.datasets.datavec.RecordReaderMultiDataSetIterator.next()Lorg/nd4j/linalg/dataset/api/MultiDataSet;+5
j  org.deeplearning4j.datasets.datavec.RecordReaderMultiDataSetIterator.next()Ljava/lang/Object;+1
j  org.deeplearning4j.datasets.iterator.AsyncMultiDataSetIterator$AsyncPrefetchThread.run()V+93
v  ~StubRoutines::call_stub

---------------  P R O C E S S  ---------------

Java Threads: ( => current thread )
=>0x000000004373b800 JavaThread "AMDSI prefetch thread" daemon [_thread_in_native, id=30028, stack(0x0000000048df0000,0x0000000048ef0000)]
  0x0000000043737000 JavaThread "Thread-3" daemon [_thread_blocked, id=2804, stack(0x0000000048cf0000,0x0000000048df0000)]
  0x000000004373a800 JavaThread "New I/O server boss #17" [_thread_in_native, id=21244, stack(0x0000000048ab0000,0x0000000048bb0000)]
  0x0000000043735800 JavaThread "New I/O worker #16" [_thread_in_native, id=2044, stack(0x00000000489b0000,0x0000000048ab0000)]
  0x000000004372e000 JavaThread "New I/O worker #15" [_thread_in_native, id=10444, stack(0x00000000488b0000,0x00000000489b0000)]
  0x0000000043734800 JavaThread "New I/O worker #14" [_thread_in_native, id=22392, stack(0x00000000487b0000,0x00000000488b0000)]
  0x0000000043733000 JavaThread "New I/O worker #13" [_thread_in_native, id=28588, stack(0x00000000486b0000,0x00000000487b0000)]
  0x0000000043732800 JavaThread "New I/O worker #12" [_thread_in_native, id=24276, stack(0x00000000485b0000,0x00000000486b0000)]
  0x000000004372e800 JavaThread "New I/O worker #11" [_thread_in_native, id=18952, stack(0x00000000484b0000,0x00000000485b0000)]
  0x0000000043730000 JavaThread "New I/O worker #10" [_thread_in_native, id=10800, stack(0x00000000483b0000,0x00000000484b0000)]
  0x000000004372f800 JavaThread "New I/O worker #9" [_thread_in_native, id=1212, stack(0x00000000482b0000,0x00000000483b0000)]
  0x0000000043734000 JavaThread "New I/O worker #8" [_thread_in_native, id=27904, stack(0x00000000481b0000,0x00000000482b0000)]
  0x0000000043731800 JavaThread "New I/O worker #7" [_thread_in_native, id=27112, stack(0x00000000480b0000,0x00000000481b0000)]
  0x0000000043731000 JavaThread "New I/O worker #6" [_thread_in_native, id=22648, stack(0x0000000047fb0000,0x00000000480b0000)]
  0x000000004372c800 JavaThread "New I/O worker #5" [_thread_in_native, id=27364, stack(0x0000000047eb0000,0x0000000047fb0000)]
  0x000000004372d000 JavaThread "New I/O worker #4" [_thread_in_native, id=28528, stack(0x0000000047db0000,0x0000000047eb0000)]
  0x0000000021255000 JavaThread "New I/O worker #3" [_thread_in_native, id=4528, stack(0x0000000047cb0000,0x0000000047db0000)]
  0x0000000021254000 JavaThread "New I/O worker #2" [_thread_in_native, id=3592, stack(0x0000000047bb0000,0x0000000047cb0000)]
  0x000000002124f000 JavaThread "New I/O worker #1" [_thread_in_native, id=27652, stack(0x0000000047ab0000,0x0000000047bb0000)]
  0x0000000021253800 JavaThread "application-akka.actor.default-dispatcher-4" [_thread_blocked, id=26704, stack(0x00000000477b0000,0x00000000478b0000)]
  0x000000002124f800 JavaThread "application-akka.actor.default-dispatcher-3" [_thread_blocked, id=27012, stack(0x00000000476b0000,0x00000000477b0000)]
  0x0000000021252800 JavaThread "application-akka.actor.default-dispatcher-2" [_thread_blocked, id=9436, stack(0x00000000475b0000,0x00000000476b0000)]
  0x0000000021255800 JavaThread "application-scheduler-1" [_thread_blocked, id=5168, stack(0x0000000044a80000,0x0000000044b80000)]
  0x0000000021250800 JavaThread "NativeRandomDeallocator thread 0" daemon [_thread_blocked, id=24120, stack(0x0000000028230000,0x0000000028330000)]
  0x0000000021251000 JavaThread "JavaCPP Deallocator" daemon [_thread_blocked, id=26632, stack(0x0000000022850000,0x0000000022950000)]
  0x0000000021252000 JavaThread "Workspace deallocator thread" daemon [_thread_blocked, id=21644, stack(0x0000000022750000,0x0000000022850000)]
  0x000000001f08e000 JavaThread "Service Thread" daemon [_thread_blocked, id=27028, stack(0x000000001fbb0000,0x000000001fcb0000)]
  0x000000001f00d800 JavaThread "C1 CompilerThread3" daemon [_thread_blocked, id=27340, stack(0x000000001fab0000,0x000000001fbb0000)]
  0x000000001f008000 JavaThread "C2 CompilerThread2" daemon [_thread_blocked, id=28624, stack(0x000000001f9b0000,0x000000001fab0000)]
  0x000000001f004000 JavaThread "C2 CompilerThread1" daemon [_thread_blocked, id=28220, stack(0x000000001f8b0000,0x000000001f9b0000)]
  0x000000001eff9000 JavaThread "C2 CompilerThread0" daemon [_thread_blocked, id=27128, stack(0x000000001f7b0000,0x000000001f8b0000)]
  0x000000001eff7800 JavaThread "Attach Listener" daemon [_thread_blocked, id=14916, stack(0x000000001f6b0000,0x000000001f7b0000)]
  0x000000001eff7000 JavaThread "Signal Dispatcher" daemon [_thread_blocked, id=28276, stack(0x000000001f5b0000,0x000000001f6b0000)]
  0x000000001efe0800 JavaThread "Finalizer" daemon [_thread_blocked, id=28576, stack(0x000000001f3c0000,0x000000001f4c0000)]
  0x000000001d0e2800 JavaThread "Reference Handler" daemon [_thread_blocked, id=27200, stack(0x000000001eec0000,0x000000001efc0000)]
  0x00000000035d1000 JavaThread "main" [_thread_in_native, id=24872, stack(0x00000000034c0000,0x00000000035c0000)]

Other Threads:
  0x000000001d0dc000 VMThread [stack: 0x000000001edc0000,0x000000001eec0000] [id=28504]
  0x000000001f0cf000 WatcherThread [stack: 0x000000001fcb0000,0x000000001fdb0000] [id=26816]

VM state:not at safepoint (normal execution)

VM Mutex/Monitor currently owned by a thread: None

Heap:
 PSYoungGen      total 339456K, used 13455K [0x000000076b400000, 0x0000000784400000, 0x00000007c0000000)
  eden space 313856K, 4% used [0x000000076b400000,0x000000076c123f48,0x000000077e680000)
  from space 25600K, 0% used [0x000000077ff80000,0x000000077ff80000,0x0000000781880000)
  to   space 25600K, 0% used [0x000000077e680000,0x000000077e680000,0x000000077ff80000)
 ParOldGen       total 190976K, used 28954K [0x00000006c1c00000, 0x00000006cd680000, 0x000000076b400000)
  object space 190976K, 15% used [0x00000006c1c00000,0x00000006c3846b30,0x00000006cd680000)
 Metaspace       used 34966K, capacity 35318K, committed 35672K, reserved 1079296K
  class space    used 5228K, capacity 5337K, committed 5376K, reserved 1048576K

Card table byte_map: [0x0000000012a80000,0x0000000013280000] byte_map_base: 0x000000000f472000

Marking Bits: (ParMarkBitMap*) 0x00000000589ef860
 Begin Bits: [0x0000000013fd0000, 0x0000000017f60000)
 End Bits:   [0x0000000017f60000, 0x000000001bef0000)

Polling page: 0x00000000018c0000

CodeCache: size=245760Kb used=8555Kb max_used=9481Kb free=237204Kb
 bounds [0x00000000036c0000, 0x0000000004070000, 0x00000000126c0000]
 total_blobs=3095 nmethods=2351 adapters=656
 compilation: enabled

Compilation events (10 events):
Event: 9.768 Thread 0x000000001f00d800 2855       3       java.util.HashSet::isEmpty (8 bytes)
Event: 9.768 Thread 0x000000001f00d800 nmethod 2855 0x0000000003adfad0 code [0x0000000003adfc40, 0x0000000003adfed0]
Event: 9.794 Thread 0x000000001f00d800 2856       3       java.util.TreeMap::setColor (10 bytes)
Event: 9.794 Thread 0x000000001f00d800 nmethod 2856 0x0000000003adf750 code [0x0000000003adf8a0, 0x0000000003adfa10]
Event: 9.804 Thread 0x000000001f00d800 2857       3       java.io.FilterInputStream::read (9 bytes)
Event: 9.804 Thread 0x000000001f00d800 nmethod 2857 0x0000000003a83b10 code [0x0000000003a83c80, 0x0000000003a83ea8]
Event: 9.811 Thread 0x000000001f00d800 2858       3       org.nd4j.linalg.api.buffer.LongBuffer::initTypeAndSize (14 bytes)
Event: 9.812 Thread 0x000000001f00d800 nmethod 2858 0x0000000003a837d0 code [0x0000000003a83920, 0x0000000003a83a90]
Event: 9.816 Thread 0x000000001f00d800 2859       3       com.google.common.primitives.Ints$IntArrayAsList::size (10 bytes)
Event: 9.816 Thread 0x000000001f00d800 nmethod 2859 0x0000000003a82fd0 code [0x0000000003a83120, 0x0000000003a83270]

GC Heap History (10 events):
Event: 6.592 GC heap before
{Heap before GC invocations=6 (full 1):
 PSYoungGen      total 141824K, used 9052K [0x000000076b400000, 0x000000077e900000, 0x00000007c0000000)
  eden space 131072K, 0% used [0x000000076b400000,0x000000076b400000,0x0000000773400000)
  from space 10752K, 84% used [0x0000000773400000,0x0000000773cd71c0,0x0000000773e80000)
  to   space 27136K, 0% used [0x000000077ce80000,0x000000077ce80000,0x000000077e900000)
 ParOldGen       total 175104K, used 24321K [0x00000006c1c00000, 0x00000006cc700000, 0x000000076b400000)
  object space 175104K, 13% used [0x00000006c1c00000,0x00000006c33c06d8,0x00000006cc700000)
 Metaspace       used 21021K, capacity 21220K, committed 21248K, reserved 1067008K
  class space    used 2964K, capacity 3048K, committed 3072K, reserved 1048576K
Event: 6.646 GC heap after
Heap after GC invocations=6 (full 1):
 PSYoungGen      total 141824K, used 0K [0x000000076b400000, 0x000000077e900000, 0x00000007c0000000)
  eden space 131072K, 0% used [0x000000076b400000,0x000000076b400000,0x0000000773400000)
  from space 10752K, 0% used [0x0000000773400000,0x0000000773400000,0x0000000773e80000)
  to   space 27136K, 0% used [0x000000077ce80000,0x000000077ce80000,0x000000077e900000)
 ParOldGen       total 136192K, used 29547K [0x00000006c1c00000, 0x00000006ca100000, 0x000000076b400000)
  object space 136192K, 21% used [0x00000006c1c00000,0x00000006c38daeb0,0x00000006ca100000)
 Metaspace       used 21021K, capacity 21220K, committed 21248K, reserved 1067008K
  class space    used 2964K, capacity 3048K, committed 3072K, reserved 1048576K
}
Event: 7.427 GC heap before
{Heap before GC invocations=7 (full 1):
 PSYoungGen      total 141824K, used 131072K [0x000000076b400000, 0x000000077e900000, 0x00000007c0000000)
  eden space 131072K, 100% used [0x000000076b400000,0x0000000773400000,0x0000000773400000)
  from space 10752K, 0% used [0x0000000773400000,0x0000000773400000,0x0000000773e80000)
  to   space 27136K, 0% used [0x000000077ce80000,0x000000077ce80000,0x000000077e900000)
 ParOldGen       total 136192K, used 29547K [0x00000006c1c00000, 0x00000006ca100000, 0x000000076b400000)
  object space 136192K, 21% used [0x00000006c1c00000,0x00000006c38daeb0,0x00000006ca100000)
 Metaspace       used 26338K, capacity 26706K, committed 26880K, reserved 1073152K
  class space    used 3989K, capacity 4087K, committed 4096K, reserved 1048576K
Event: 7.431 GC heap after
Heap after GC invocations=7 (full 1):
 PSYoungGen      total 211968K, used 5871K [0x000000076b400000, 0x000000077d480000, 0x00000007c0000000)
  eden space 205824K, 0% used [0x000000076b400000,0x000000076b400000,0x0000000777d00000)
  from space 6144K, 95% used [0x000000077ce80000,0x000000077d43bc30,0x000000077d480000)
  to   space 26624K, 0% used [0x000000077a080000,0x000000077a080000,0x000000077ba80000)
 ParOldGen       total 136192K, used 29555K [0x00000006c1c00000, 0x00000006ca100000, 0x000000076b400000)
  object space 136192K, 21% used [0x00000006c1c00000,0x00000006c38dceb0,0x00000006ca100000)
 Metaspace       used 26338K, capacity 26706K, committed 26880K, reserved 1073152K
  class space    used 3989K, capacity 4087K, committed 4096K, reserved 1048576K
}
Event: 8.810 GC heap before
{Heap before GC invocations=8 (full 1):
 PSYoungGen      total 211968K, used 211695K [0x000000076b400000, 0x000000077d480000, 0x00000007c0000000)
  eden space 205824K, 100% used [0x000000076b400000,0x0000000777d00000,0x0000000777d00000)
  from space 6144K, 95% used [0x000000077ce80000,0x000000077d43bc30,0x000000077d480000)
  to   space 26624K, 0% used [0x000000077a080000,0x000000077a080000,0x000000077ba80000)
 ParOldGen       total 136192K, used 29555K [0x00000006c1c00000, 0x00000006ca100000, 0x000000076b400000)
  object space 136192K, 21% used [0x00000006c1c00000,0x00000006c38dceb0,0x00000006ca100000)
 Metaspace       used 32893K, capacity 33238K, committed 33536K, reserved 1077248K
  class space    used 5001K, capacity 5113K, committed 5120K, reserved 1048576K
Event: 8.816 GC heap after
Heap after GC invocations=8 (full 1):
 PSYoungGen      total 268800K, used 8503K [0x000000076b400000, 0x0000000781880000, 0x00000007c0000000)
  eden space 242176K, 0% used [0x000000076b400000,0x000000076b400000,0x000000077a080000)
  from space 26624K, 31% used [0x000000077a080000,0x000000077a8cdd80,0x000000077ba80000)
  to   space 25600K, 0% used [0x000000077ff80000,0x000000077ff80000,0x0000000781880000)
 ParOldGen       total 136192K, used 29563K [0x00000006c1c00000, 0x00000006ca100000, 0x000000076b400000)
  object space 136192K, 21% used [0x00000006c1c00000,0x00000006c38deeb0,0x00000006ca100000)
 Metaspace       used 32893K, capacity 33238K, committed 33536K, reserved 1077248K
  class space    used 5001K, capacity 5113K, committed 5120K, reserved 1048576K
}
Event: 9.819 GC heap before
{Heap before GC invocations=9 (full 1):
 PSYoungGen      total 268800K, used 243967K [0x000000076b400000, 0x0000000781880000, 0x00000007c0000000)
  eden space 242176K, 97% used [0x000000076b400000,0x00000007799f1fd8,0x000000077a080000)
  from space 26624K, 31% used [0x000000077a080000,0x000000077a8cdd80,0x000000077ba80000)
  to   space 25600K, 0% used [0x000000077ff80000,0x000000077ff80000,0x0000000781880000)
 ParOldGen       total 136192K, used 29563K [0x00000006c1c00000, 0x00000006ca100000, 0x000000076b400000)
  object space 136192K, 21% used [0x00000006c1c00000,0x00000006c38deeb0,0x00000006ca100000)
 Metaspace       used 34909K, capacity 35254K, committed 35416K, reserved 1079296K
  class space    used 5217K, capacity 5337K, committed 5376K, reserved 1048576K
Event: 9.822 GC heap after
Heap after GC invocations=9 (full 1):
 PSYoungGen      total 339456K, used 4316K [0x000000076b400000, 0x0000000784400000, 0x00000007c0000000)
  eden space 313856K, 0% used [0x000000076b400000,0x000000076b400000,0x000000077e680000)
  from space 25600K, 16% used [0x000000077ff80000,0x00000007803b72a0,0x0000000781880000)
  to   space 25600K, 0% used [0x000000077e680000,0x000000077e680000,0x000000077ff80000)
 ParOldGen       total 136192K, used 29571K [0x00000006c1c00000, 0x00000006ca100000, 0x000000076b400000)
  object space 136192K, 21% used [0x00000006c1c00000,0x00000006c38e0eb0,0x00000006ca100000)
 Metaspace       used 34909K, capacity 35254K, committed 35416K, reserved 1079296K
  class space    used 5217K, capacity 5337K, committed 5376K, reserved 1048576K
}
Event: 9.822 GC heap before
{Heap before GC invocations=10 (full 2):
 PSYoungGen      total 339456K, used 4316K [0x000000076b400000, 0x0000000784400000, 0x00000007c0000000)
  eden space 313856K, 0% used [0x000000076b400000,0x000000076b400000,0x000000077e680000)
  from space 25600K, 16% used [0x000000077ff80000,0x00000007803b72a0,0x0000000781880000)
  to   space 25600K, 0% used [0x000000077e680000,0x000000077e680000,0x000000077ff80000)
 ParOldGen       total 136192K, used 29571K [0x00000006c1c00000, 0x00000006ca100000, 0x000000076b400000)
  object space 136192K, 21% used [0x00000006c1c00000,0x00000006c38e0eb0,0x00000006ca100000)
 Metaspace       used 34909K, capacity 35254K, committed 35416K, reserved 1079296K
  class space    used 5217K, capacity 5337K, committed 5376K, reserved 1048576K
Event: 9.874 GC heap after
Heap after GC invocations=10 (full 2):
 PSYoungGen      total 339456K, used 0K [0x000000076b400000, 0x0000000784400000, 0x00000007c0000000)
  eden space 313856K, 0% used [0x000000076b400000,0x000000076b400000,0x000000077e680000)
  from space 25600K, 0% used [0x000000077ff80000,0x000000077ff80000,0x0000000781880000)
  to   space 25600K, 0% used [0x000000077e680000,0x000000077e680000,0x000000077ff80000)
 ParOldGen       total 190976K, used 28954K [0x00000006c1c00000, 0x00000006cd680000, 0x000000076b400000)
  object space 190976K, 15% used [0x00000006c1c00000,0x00000006c3846b30,0x00000006cd680000)
 Metaspace       used 34909K, capacity 35254K, committed 35416K, reserved 1079296K
  class space    used 5217K, capacity 5337K, committed 5376K, reserved 1048576K
}

Deoptimization events (10 events):
Event: 7.904 Thread 0x0000000021253800 Uncommon trap: reason=unstable_if action=reinterpret pc=0x0000000003fb8fe4 method=java.util.WeakHashMap.remove(Ljava/lang/Object;)Ljava/lang/Object; @ 94
Event: 7.937 Thread 0x00000000035d1000 Uncommon trap: reason=unstable_if action=reinterpret pc=0x00000000040083ec method=java.net.URLClassLoader.isSealed(Ljava/lang/String;Ljava/util/jar/Manifest;)Z @ 26
Event: 8.051 Thread 0x00000000035d1000 Uncommon trap: reason=unstable_if action=reinterpret pc=0x0000000003be78f8 method=java.util.concurrent.ConcurrentHashMap.putVal(Ljava/lang/Object;Ljava/lang/Object;Z)Ljava/lang/Object; @ 181
Event: 8.076 Thread 0x00000000035d1000 Uncommon trap: reason=class_check action=maybe_recompile pc=0x0000000003aaffd4 method=java.lang.AbstractStringBuilder.append(Ljava/lang/CharSequence;)Ljava/lang/AbstractStringBuilder; @ 10
Event: 8.240 Thread 0x00000000035d1000 Uncommon trap: reason=unstable_if action=reinterpret pc=0x0000000003d7f220 method=sun.security.provider.SecureRandom.engineNextBytes([B)V @ 12
Event: 8.242 Thread 0x00000000035d1000 Uncommon trap: reason=bimorphic action=maybe_recompile pc=0x0000000003d4d0cc method=java.util.Collections$UnmodifiableCollection.contains(Ljava/lang/Object;)Z @ 5
Event: 8.254 Thread 0x00000000035d1000 Uncommon trap: reason=bimorphic action=maybe_recompile pc=0x0000000003d4d0cc method=java.util.Collections$UnmodifiableCollection.contains(Ljava/lang/Object;)Z @ 5
Event: 8.255 Thread 0x00000000035d1000 Uncommon trap: reason=bimorphic action=maybe_recompile pc=0x0000000003d4d0cc method=java.util.Collections$UnmodifiableCollection.contains(Ljava/lang/Object;)Z @ 5
Event: 8.256 Thread 0x00000000035d1000 Uncommon trap: reason=bimorphic action=maybe_recompile pc=0x0000000003d4d0cc method=java.util.Collections$UnmodifiableCollection.contains(Ljava/lang/Object;)Z @ 5
Event: 9.681 Thread 0x000000004373b800 Uncommon trap: reason=unstable_if action=reinterpret pc=0x000000000381e0d0 method=org.datavec.image.loader.NativeImageLoader.fillNDArray(Lorg/bytedeco/javacpp/opencv_core$Mat;Lorg/nd4j/linalg/api/ndarray/INDArray;)V @ 264

Classes redefined (0 events):
No events

Internal exceptions (10 events):
Event: 9.659 Thread 0x000000004373b800 Exception <a 'sun/nio/fs/WindowsException'> (0x00000007794137f0) thrown at [C:\re\workspace\8-2-build-windows-amd64-cygwin\jdk8u161\10277\hotspot\src\share\vm\prims\jni.cpp, line 709]
Event: 9.659 Thread 0x000000004373b800 Exception <a 'sun/nio/fs/WindowsException'> (0x0000000779414a50) thrown at [C:\re\workspace\8-2-build-windows-amd64-cygwin\jdk8u161\10277\hotspot\src\share\vm\prims\jni.cpp, line 709]
Event: 9.659 Thread 0x000000004373b800 Exception <a 'sun/nio/fs/WindowsException'> (0x0000000779415d00) thrown at [C:\re\workspace\8-2-build-windows-amd64-cygwin\jdk8u161\10277\hotspot\src\share\vm\prims\jni.cpp, line 709]
Event: 9.660 Thread 0x000000004373b800 Exception <a 'sun/nio/fs/WindowsException'> (0x0000000779416f38) thrown at [C:\re\workspace\8-2-build-windows-amd64-cygwin\jdk8u161\10277\hotspot\src\share\vm\prims\jni.cpp, line 709]
Event: 9.660 Thread 0x000000004373b800 Exception <a 'sun/nio/fs/WindowsException'> (0x00000007794181e0) thrown at [C:\re\workspace\8-2-build-windows-amd64-cygwin\jdk8u161\10277\hotspot\src\share\vm\prims\jni.cpp, line 709]
Event: 9.660 Thread 0x000000004373b800 Exception <a 'sun/nio/fs/WindowsException'> (0x0000000779419440) thrown at [C:\re\workspace\8-2-build-windows-amd64-cygwin\jdk8u161\10277\hotspot\src\share\vm\prims\jni.cpp, line 709]
Event: 9.660 Thread 0x000000004373b800 Exception <a 'sun/nio/fs/WindowsException'> (0x000000077941a6e8) thrown at [C:\re\workspace\8-2-build-windows-amd64-cygwin\jdk8u161\10277\hotspot\src\share\vm\prims\jni.cpp, line 709]
Event: 9.660 Thread 0x000000004373b800 Exception <a 'sun/nio/fs/WindowsException'> (0x000000077941b800) thrown at [C:\re\workspace\8-2-build-windows-amd64-cygwin\jdk8u161\10277\hotspot\src\share\vm\prims\jni.cpp, line 709]
Event: 9.660 Thread 0x000000004373b800 Exception <a 'sun/nio/fs/WindowsException'> (0x000000077941c8c8) thrown at [C:\re\workspace\8-2-build-windows-amd64-cygwin\jdk8u161\10277\hotspot\src\share\vm\prims\jni.cpp, line 709]
Event: 9.660 Thread 0x000000004373b800 Exception <a 'sun/nio/fs/WindowsException'> (0x000000077941d998) thrown at [C:\re\workspace\8-2-build-windows-amd64-cygwin\jdk8u161\10277\hotspot\src\share\vm\prims\jni.cpp, line 709]

Events (10 events):
Event: 9.876 Executing VM operation: RevokeBias
Event: 9.877 Executing VM operation: RevokeBias done
Event: 9.877 Executing VM operation: BulkRevokeBias
Event: 9.877 Executing VM operation: BulkRevokeBias done
Event: 9.878 loading class com/google/common/collect/Lists
Event: 9.878 loading class com/google/common/collect/Lists done
Event: 9.879 loading class com/google/common/collect/Lists$TransformingRandomAccessList
Event: 9.879 loading class com/google/common/collect/Lists$TransformingRandomAccessList done
Event: 9.880 loading class com/google/common/collect/Lists$TransformingSequentialList
Event: 9.880 loading class com/google/common/collect/Lists$TransformingSequentialList done


Dynamic libraries:
0x00007ff6bf390000 - 0x00007ff6bf3c7000 	C:\Program Files\Java\jre1.8.0_161\bin\javaw.exe
0x00007ff968500000 - 0x00007ff9686e1000 	C:\WINDOWS\SYSTEM32\ntdll.dll
0x00007ff968110000 - 0x00007ff9681c1000 	C:\WINDOWS\System32\KERNEL32.DLL
0x00007ff965000000 - 0x00007ff965273000 	C:\WINDOWS\System32\KERNELBASE.dll
0x0000000057cd0000 - 0x0000000057ff5000 	C:\Program Files (x86)\Norton Security\NortonData\22.8.0.50\Definitions\IPSDefs\20190716.061\IPSEng64.dll
0x00007ff966180000 - 0x00007ff966221000 	C:\WINDOWS\System32\ADVAPI32.dll
0x00007ff965b50000 - 0x00007ff965bee000 	C:\WINDOWS\System32\msvcrt.dll
0x00007ff965c50000 - 0x00007ff965cab000 	C:\WINDOWS\System32\sechost.dll
0x00007ff966930000 - 0x00007ff966a54000 	C:\WINDOWS\System32\RPCRT4.dll
0x00007ff965cb0000 - 0x00007ff965cb8000 	C:\WINDOWS\System32\PSAPI.DLL
0x00007ff965cc0000 - 0x00007ff965e50000 	C:\WINDOWS\System32\USER32.dll
0x00007ff964e10000 - 0x00007ff964e30000 	C:\WINDOWS\System32\win32u.dll
0x00007ff966310000 - 0x00007ff966338000 	C:\WINDOWS\System32\GDI32.dll
0x00007ff964920000 - 0x00007ff964ab1000 	C:\WINDOWS\System32\gdi32full.dll
0x00007ff964ee0000 - 0x00007ff964f7f000 	C:\WINDOWS\System32\msvcp_win.dll
0x00007ff964ac0000 - 0x00007ff964bb8000 	C:\WINDOWS\System32\ucrtbase.dll
0x00007ff958960000 - 0x00007ff958bc9000 	C:\WINDOWS\WinSxS\amd64_microsoft.windows.common-controls_6595b64144ccf1df_6.0.17134.885_none_fb42a3473065565f\COMCTL32.dll
0x00007ff965e50000 - 0x00007ff966172000 	C:\WINDOWS\System32\combase.dll
0x00007ff964f80000 - 0x00007ff964ff9000 	C:\WINDOWS\System32\bcryptPrimitives.dll
0x00007ff966a80000 - 0x00007ff966aad000 	C:\WINDOWS\System32\IMM32.DLL
0x0000000057bf0000 - 0x0000000057cc2000 	C:\Program Files\Java\jre1.8.0_161\bin\msvcr100.dll
0x00000000581d0000 - 0x0000000058a6f000 	C:\Program Files\Java\jre1.8.0_161\bin\server\jvm.dll
0x00007ff960280000 - 0x00007ff960289000 	C:\WINDOWS\SYSTEM32\WSOCK32.dll
0x00007ff9616b0000 - 0x00007ff9616d3000 	C:\WINDOWS\SYSTEM32\WINMM.dll
0x00007ff95f400000 - 0x00007ff95f40a000 	C:\WINDOWS\SYSTEM32\VERSION.dll
0x00007ff966790000 - 0x00007ff9667fc000 	C:\WINDOWS\System32\WS2_32.dll
0x00007ff961680000 - 0x00007ff9616aa000 	C:\WINDOWS\SYSTEM32\winmmbase.dll
0x00007ff9648d0000 - 0x00007ff964919000 	C:\WINDOWS\System32\cfgmgr32.dll
0x00000000580e0000 - 0x00000000580ef000 	C:\Program Files\Java\jre1.8.0_161\bin\verify.dll
0x00000000580b0000 - 0x00000000580d9000 	C:\Program Files\Java\jre1.8.0_161\bin\java.dll
0x0000000058090000 - 0x00000000580a6000 	C:\Program Files\Java\jre1.8.0_161\bin\zip.dll
0x00007ff966cd0000 - 0x00007ff968110000 	C:\WINDOWS\System32\SHELL32.dll
0x00007ff9682c0000 - 0x00007ff968369000 	C:\WINDOWS\System32\shcore.dll
0x00007ff965280000 - 0x00007ff96598d000 	C:\WINDOWS\System32\windows.storage.dll
0x00007ff965bf0000 - 0x00007ff965c41000 	C:\WINDOWS\System32\shlwapi.dll
0x00007ff964890000 - 0x00007ff9648a1000 	C:\WINDOWS\System32\kernel.appcore.dll
0x00007ff9648b0000 - 0x00007ff9648cf000 	C:\WINDOWS\System32\profapi.dll
0x00007ff964840000 - 0x00007ff96488c000 	C:\WINDOWS\System32\powrprof.dll
0x00007ff964830000 - 0x00007ff96483a000 	C:\WINDOWS\System32\FLTLIB.DLL
0x0000000058070000 - 0x000000005808a000 	C:\Program Files\Java\jre1.8.0_161\bin\net.dll
0x00007ff964090000 - 0x00007ff9640f6000 	C:\WINDOWS\system32\mswsock.dll
0x0000000058050000 - 0x0000000058061000 	C:\Program Files\Java\jre1.8.0_161\bin\nio.dll
0x0000000064940000 - 0x0000000064955000 	C:\Users\PARI\.javacpp\cache\mkl-dnn-0.16-1.4.3-windows-x86_64.jar\org\bytedeco\javacpp\windows-x86_64\libwinpthread-1.dll
0x0000000061440000 - 0x000000006145c000 	C:\Users\PARI\.javacpp\cache\mkl-dnn-0.16-1.4.3-windows-x86_64.jar\org\bytedeco\javacpp\windows-x86_64\libgcc_s_seh-1.dll
0x0000000063600000 - 0x000000006362f000 	C:\Users\PARI\.javacpp\cache\mkl-dnn-0.16-1.4.3-windows-x86_64.jar\org\bytedeco\javacpp\windows-x86_64\libgomp-1.dll
0x000000006fc40000 - 0x000000006fda6000 	C:\Users\PARI\.javacpp\cache\mkl-dnn-0.16-1.4.3-windows-x86_64.jar\org\bytedeco\javacpp\windows-x86_64\libstdc++-6.dll
0x00007ff95aca0000 - 0x00007ff95ad8f000 	C:\Users\PARI\.javacpp\cache\mkl-dnn-0.16-1.4.3-windows-x86_64.jar\org\bytedeco\javacpp\windows-x86_64\msvcr120.dll
0x00007ff935140000 - 0x00007ff935309000 	C:\Users\PARI\.javacpp\cache\mkl-dnn-0.16-1.4.3-windows-x86_64.jar\org\bytedeco\javacpp\windows-x86_64\libiomp5md.dll
0x00007ff8f1b40000 - 0x00007ff8f909a000 	C:\Users\PARI\.javacpp\cache\mkl-dnn-0.16-1.4.3-windows-x86_64.jar\org\bytedeco\javacpp\windows-x86_64\mklml.dll
0x0000000062100000 - 0x0000000062646000 	C:\Users\PARI\.javacpp\cache\mkl-dnn-0.16-1.4.3-windows-x86_64.jar\org\bytedeco\javacpp\windows-x86_64\libmkldnn.dll
0x0000000069480000 - 0x000000006a651000 	C:\Users\PARI\.javacpp\cache\nd4j-native-1.0.0-beta3-windows-x86_64.jar\org\nd4j\nativeblas\windows-x86_64\libnd4jcpu.dll
0x0000000066880000 - 0x0000000066e14000 	C:\Users\PARI\.javacpp\cache\nd4j-native-1.0.0-beta3-windows-x86_64.jar\org\nd4j\nativeblas\windows-x86_64\jnind4jcpu.dll
0x00007ff8ea5e0000 - 0x00007ff8f1b3a000 	C:\Users\PARI\.javacpp\cache\mkl-dnn-0.16-1.4.3-windows-x86_64.jar\org\bytedeco\javacpp\windows-x86_64\libopenblas_nolapack.dll
0x0000000071000000 - 0x000000007105c000 	C:\Users\PARI\.javacpp\cache\openblas-0.3.3-1.4.3-windows-x86_64.jar\org\bytedeco\javacpp\windows-x86_64\jniopenblas_nolapack.dll
0x00007ff964240000 - 0x00007ff964257000 	C:\WINDOWS\SYSTEM32\CRYPTSP.dll
0x00007ff963c80000 - 0x00007ff963cb3000 	C:\WINDOWS\system32\rsaenh.dll
0x00007ff964370000 - 0x00007ff964395000 	C:\WINDOWS\SYSTEM32\bcrypt.dll
0x00007ff964740000 - 0x00007ff964768000 	C:\WINDOWS\SYSTEM32\USERENV.dll
0x00007ff964260000 - 0x00007ff96426b000 	C:\WINDOWS\SYSTEM32\CRYPTBASE.dll
0x00007ff963e20000 - 0x00007ff963e58000 	C:\WINDOWS\SYSTEM32\IPHLPAPI.DLL
0x00007ff966a60000 - 0x00007ff966a68000 	C:\WINDOWS\System32\NSI.dll
0x00007ff95e0c0000 - 0x00007ff95e0d6000 	C:\WINDOWS\SYSTEM32\dhcpcsvc6.DLL
0x00007ff95e4b0000 - 0x00007ff95e4ca000 	C:\WINDOWS\SYSTEM32\dhcpcsvc.DLL
0x0000000057a50000 - 0x0000000057be8000 	C:\Program Files\Java\jre1.8.0_161\bin\awt.dll
0x00007ff966800000 - 0x00007ff9668c2000 	C:\WINDOWS\System32\OLEAUT32.dll
0x00007ff962bc0000 - 0x00007ff962c4b000 	C:\WINDOWS\SYSTEM32\apphelp.dll
0x0000000044b80000 - 0x0000000044b83000 	C:\Users\PARI\.javacpp\cache\hdf5-1.10.3-1.4.3-windows-x86_64.jar\org\bytedeco\javacpp\windows-x86_64\api-ms-win-crt-locale-l1-1-0.dll
0x0000000044b90000 - 0x0000000044b94000 	C:\Users\PARI\.javacpp\cache\hdf5-1.10.3-1.4.3-windows-x86_64.jar\org\bytedeco\javacpp\windows-x86_64\api-ms-win-crt-string-l1-1-0.dll
0x0000000044ba0000 - 0x0000000044ba4000 	C:\Users\PARI\.javacpp\cache\hdf5-1.10.3-1.4.3-windows-x86_64.jar\org\bytedeco\javacpp\windows-x86_64\api-ms-win-crt-stdio-l1-1-0.dll
0x0000000044bb0000 - 0x0000000044bb5000 	C:\Users\PARI\.javacpp\cache\hdf5-1.10.3-1.4.3-windows-x86_64.jar\org\bytedeco\javacpp\windows-x86_64\api-ms-win-crt-math-l1-1-0.dll
0x0000000044bc0000 - 0x0000000044bc3000 	C:\Users\PARI\.javacpp\cache\hdf5-1.10.3-1.4.3-windows-x86_64.jar\org\bytedeco\javacpp\windows-x86_64\api-ms-win-crt-heap-l1-1-0.dll
0x0000000044bd0000 - 0x0000000044bd4000 	C:\Users\PARI\.javacpp\cache\hdf5-1.10.3-1.4.3-windows-x86_64.jar\org\bytedeco\javacpp\windows-x86_64\api-ms-win-crt-runtime-l1-1-0.dll
0x0000000044be0000 - 0x0000000044be4000 	C:\Users\PARI\.javacpp\cache\hdf5-1.10.3-1.4.3-windows-x86_64.jar\org\bytedeco\javacpp\windows-x86_64\api-ms-win-crt-convert-l1-1-0.dll
0x0000000044bf0000 - 0x0000000044bf3000 	C:\Users\PARI\.javacpp\cache\hdf5-1.10.3-1.4.3-windows-x86_64.jar\org\bytedeco\javacpp\windows-x86_64\api-ms-win-crt-environment-l1-1-0.dll
0x0000000044c00000 - 0x0000000044c03000 	C:\Users\PARI\.javacpp\cache\hdf5-1.10.3-1.4.3-windows-x86_64.jar\org\bytedeco\javacpp\windows-x86_64\api-ms-win-crt-time-l1-1-0.dll
0x0000000044c10000 - 0x0000000044c13000 	C:\Users\PARI\.javacpp\cache\hdf5-1.10.3-1.4.3-windows-x86_64.jar\org\bytedeco\javacpp\windows-x86_64\api-ms-win-crt-filesystem-l1-1-0.dll
0x0000000044c20000 - 0x0000000044c23000 	C:\Users\PARI\.javacpp\cache\hdf5-1.10.3-1.4.3-windows-x86_64.jar\org\bytedeco\javacpp\windows-x86_64\api-ms-win-crt-utility-l1-1-0.dll
0x0000000044c30000 - 0x0000000044c35000 	C:\Users\PARI\.javacpp\cache\hdf5-1.10.3-1.4.3-windows-x86_64.jar\org\bytedeco\javacpp\windows-x86_64\api-ms-win-crt-multibyte-l1-1-0.dll
0x00007ff95d860000 - 0x00007ff95d877000 	C:\Users\PARI\.javacpp\cache\hdf5-1.10.3-1.4.3-windows-x86_64.jar\org\bytedeco\javacpp\windows-x86_64\vcruntime140.dll
0x00007ff95abe0000 - 0x00007ff95ac7d000 	C:\Users\PARI\.javacpp\cache\hdf5-1.10.3-1.4.3-windows-x86_64.jar\org\bytedeco\javacpp\windows-x86_64\msvcp140.dll
0x00007ff949730000 - 0x00007ff949781000 	C:\Users\PARI\.javacpp\cache\hdf5-1.10.3-1.4.3-windows-x86_64.jar\org\bytedeco\javacpp\windows-x86_64\concrt140.dll
0x00007ff95a8a0000 - 0x00007ff95a8ce000 	C:\Users\PARI\.javacpp\cache\opencv-3.4.3-1.4.3-windows-x86_64.jar\org\bytedeco\javacpp\windows-x86_64\vcomp140.dll
0x00007ff92a270000 - 0x00007ff92a577000 	C:\Users\PARI\.javacpp\cache\opencv-3.4.3-1.4.3-windows-x86_64.jar\org\bytedeco\javacpp\windows-x86_64\opencv_core343.dll
0x00007ff929e50000 - 0x00007ff92a26c000 	C:\Users\PARI\.javacpp\cache\opencv-3.4.3-1.4.3-windows-x86_64.jar\org\bytedeco\javacpp\windows-x86_64\opencv_imgproc343.dll
0x00007ff929aa0000 - 0x00007ff929e4a000 	C:\Users\PARI\.javacpp\cache\opencv-3.4.3-1.4.3-windows-x86_64.jar\org\bytedeco\javacpp\windows-x86_64\jniopencv_core.dll
0x00007ff929940000 - 0x00007ff929a98000 	C:\Users\PARI\.javacpp\cache\opencv-3.4.3-1.4.3-windows-x86_64.jar\org\bytedeco\javacpp\windows-x86_64\jniopencv_imgproc.dll
0x00007ff9252e0000 - 0x00007ff9255c4000 	C:\Users\PARI\.javacpp\cache\opencv-3.4.3-1.4.3-windows-x86_64.jar\org\bytedeco\javacpp\windows-x86_64\opencv_imgcodecs343.dll
0x00007ff939e20000 - 0x00007ff939e54000 	C:\Users\PARI\.javacpp\cache\opencv-3.4.3-1.4.3-windows-x86_64.jar\org\bytedeco\javacpp\windows-x86_64\jniopencv_imgcodecs.dll
0x00007ff94b8e0000 - 0x00007ff94baa9000 	C:\WINDOWS\SYSTEM32\dbghelp.dll

VM Arguments:
jvm_args: -Dfile.encoding=Cp1252 
java_command: deep.learning.cnn.ImageClassifier2
java_class_path (initial): C:\Program Files\Java\jre1.8.0_161\lib\resources.jar;C:\Program Files\Java\jre1.8.0_161\lib\rt.jar;C:\Program Files\Java\jre1.8.0_161\lib\jsse.jar;C:\Program Files\Java\jre1.8.0_161\lib\jce.jar;C:\Program Files\Java\jre1.8.0_161\lib\charsets.jar;C:\Program Files\Java\jre1.8.0_161\lib\jfr.jar;C:\Program Files\Java\jre1.8.0_161\lib\ext\access-bridge-64.jar;C:\Program Files\Java\jre1.8.0_161\lib\ext\cldrdata.jar;C:\Program Files\Java\jre1.8.0_161\lib\ext\dnsns.jar;C:\Program Files\Java\jre1.8.0_161\lib\ext\jaccess.jar;C:\Program Files\Java\jre1.8.0_161\lib\ext\jfxrt.jar;C:\Program Files\Java\jre1.8.0_161\lib\ext\localedata.jar;C:\Program Files\Java\jre1.8.0_161\lib\ext\nashorn.jar;C:\Program Files\Java\jre1.8.0_161\lib\ext\sunec.jar;C:\Program Files\Java\jre1.8.0_161\lib\ext\sunjce_provider.jar;C:\Program Files\Java\jre1.8.0_161\lib\ext\sunmscapi.jar;C:\Program Files\Java\jre1.8.0_161\lib\ext\sunpkcs11.jar;C:\Program Files\Java\jre1.8.0_161\lib\ext\zipfs.jar;C:\Users\PARI\eclipse-workspace\deepfashion\target\classes;C:\Users\PARI\Downloads\ojdbc-full.tar\ojdbc-full\OJDBC-Full\ojdbc6.jar;C:\Users\PARI\Downloads\ojdbc-full.tar\ojdbc-full\OJDBC-Full\ojdbc7.jar;C:\Users\PARI\Downloads\ojdbc-full.tar\ojdbc-full\OJDBC-Full\ons.jar;C:\Users\PARI\Downloads\ojdbc-full.tar\ojdbc-full\OJDBC-Full\orai18n.jar;C:\Users\PARI\Downloads\ojdbc-full.tar\ojdbc-full\OJDBC-Full\simplefan.jar;C:\Users\PARI\Downloads\ojdbc-full.tar\ojdbc-full\OJDBC-Full\ucp.jar;C:\Users\PARI\Downloads\ojdbc-full.tar\ojdbc-full\OJDBC-Full\xdb6.jar;C:\Users\PARI\.m2\repository\commons-io\commons-io\2.5\commons-io-2.5.jar;C:\Users\PARI\.m2\repository\log4j\log4j\1.2.17\log4j-1.2.17.jar;C:\Users\PARI\.m2\repository\com\opencsv\opencsv\4.1\opencsv-4.1.jar;C:\Users\PARI\.m2\repository\org\apache\commons\commons-lang3\3.6\commons-lang3-3.6.jar;C:\Users\PARI\.m2\repository\org\apache\commons\commons-text\1.1\commons-text-1.1.jar;C:\Users\PARI\.m2\repository\commons-beanutils\commons-beanu
Launcher Type: SUN_STANDARD

Environment Variables:
JAVA_HOME=C:\Program Files\Java\jdk1.8.0_161
PATH=C:/Program Files/Java/jre1.8.0_161/bin/server;C:/Program Files/Java/jre1.8.0_161/bin;C:/Program Files/Java/jre1.8.0_161/lib/amd64;D:\app\client\PARI\product\12.2.0\client_2\bin;D:\app\client\PARI\product\12.2.0\client_1\bin;D:\app\PARI\product\12.2.0\client_1;C:\Program Files\NVIDIA GPU Computing Toolkit\CUDA\v9.2\bin;C:\Program Files\NVIDIA GPU Computing Toolkit\CUDA\v9.2\libnvvp;;C:\ProgramData\Oracle\Java\javapath;C:\Program Files (x86)\Intel\iCLS Client\;C:\Program Files\Intel\iCLS Client\;C:\Windows\system32;C:\Windows;C:\Windows\System32\Wbem;C:\Windows\System32\WindowsPowerShell\v1.0\;C:\Program Files (x86)\Intel\Intel(R) Management Engine Components\DAL;C:\Program Files\Intel\Intel(R) Management Engine Components\DAL;C:\Program Files (x86)\Intel\Intel(R) Management Engine Components\IPT;C:\Program Files\Intel\Intel(R) Management Engine Components\IPT;C:\Program Files (x86)\NVIDIA Corporation\PhysX\Common;C:\WINDOWS\system32;C:\WINDOWS;C:\WINDOWS\System32\Wbem;C:\WINDOWS\System32\WindowsPowerShell\v1.0\;C:\Program Files\nodejs\;C:\Program Files\PuTTY\;C:\Program Files (x86)\Gpg4win\..\GnuPG\bin;C:\HashiCorp\Vagrant\bin;C:\WINDOWS\System32\OpenSSH\;C:\Program Files\Git\cmd;C:\Users\PARI\Documents\apache-maven-3.5.3\bin;C:\Program Files (x86)\sbt\bin;C:\Program Files\NVIDIA Corporation\NVIDIA NvDLISR;C:\Users\PARI\AppData\Local\Programs\Python\Python37-32\Scripts\;C:\Users\PARI\AppData\Local\Programs\Python\Python37-32\;C:\Users\PARI\AppData\Local\Microsoft\WindowsApps;C:\Users\PARI\AppData\Local\GitHubDesktop\bin;C:\ProgramData\PARI\GitHubDesktop\bin;C:\Users\PARI\AppData\Roaming\npm;C:\Users\PARI\AppData\Local\Microsoft\WindowsApps;C:\Program Files\Heroku\bin;C:\Users\PARI\AppData\Local\Google\Cloud SDK\google-cloud-sdk\bin;C:\WINDOWS\System32;
USERNAME=PARI
OS=Windows_NT
PROCESSOR_IDENTIFIER=Intel64 Family 6 Model 158 Stepping 9, GenuineIntel



---------------  S Y S T E M  ---------------

OS: Windows 10.0 , 64 bit Build 17134 (10.0.17134.753)

CPU:total 8 (initial active 8) (4 cores per cpu, 2 threads per core) family 6 model 158 stepping 9, cmov, cx8, fxsr, mmx, sse, sse2, sse3, ssse3, sse4.1, sse4.2, popcnt, avx, avx2, aes, clmul, erms, 3dnowpref, lzcnt, ht, tsc, tscinvbit, bmi1, bmi2, adx

Memory: 4k page, physical 16659684k(9988544k free), swap 19150052k(10336544k free)

vm_info: Java HotSpot(TM) 64-Bit Server VM (25.161-b12) for windows-amd64 JRE (1.8.0_161-b12), built on Dec 19 2017 17:52:25 by "java_re" with MS VC++ 10.0 (VS2010)

time: Wed Jul 17 09:02:02 2019
elapsed time: 9 seconds (0d 0h 0m 9s)

