#
# A fatal error has been detected by the Java Runtime Environment:
#
#  EXCEPTION_ACCESS_VIOLATION (0xc0000005) at pc=0x00007ff965bc440b, pid=67204, tid=0x0000000000000c4c
#
# JRE version: Java(TM) SE Runtime Environment (8.0_221-b11) (build 1.8.0_221-b11)
# Java VM: Java HotSpot(TM) 64-Bit Server VM (25.221-b11 mixed mode windows-amd64 compressed oops)
# Problematic frame:
# C  [msvcrt.dll+0x7440b]
#
# Failed to write core dump. Minidumps are not enabled by default on client versions of Windows
#
# If you would like to submit a bug report, please visit:
#   http://bugreport.java.com/bugreport/crash.jsp
# The crash happened outside the Java Virtual Machine in native code.
# See problematic frame for where to report the bug.
#

---------------  T H R E A D  ---------------

Current thread (0x0000000030dd4800):  JavaThread "AMDSI prefetch thread" daemon [_thread_in_native, id=3148, stack(0x0000000032c30000,0x0000000032d30000)]

siginfo: ExceptionCode=0xc0000005, writing address 0x000000003abf6000

Registers:
RAX=0x0000000000000002, RBX=0x0000000030dd49f8, RCX=0x000000003abf6000, RDX=0x00000007322f6cf8
RSP=0x0000000032d2ee98, RBP=0x0000000032d2efc0, RSI=0x0000000000000000, RDI=0x000000003abd0080
R8 =0xfffffffffffda1ff, R9 =0x07ffffffffffffff, R10=0x000000000000000c, R11=0x000000003abd0080
R12=0x0000000032d2efb8, R13=0xffffffffffffffff, R14=0x000000076cec6d78, R15=0x0000000030dd4800
RIP=0x00007ff965bc440b, EFLAGS=0x0000000000010202

Top of Stack: (sp=0x0000000032d2ee98)
0x0000000032d2ee98:   0000000066b5a1a0 0000000030dd49f8
0x0000000032d2eea8:   0000000032d2efc0 0000000000000000
0x0000000032d2eeb8:   00000007c0105ae8 000000001ca44c48
0x0000000032d2eec8:   0000000000000005 00000000032480e0
0x0000000032d2eed8:   0000000032d2ef88 0000000000000000
0x0000000032d2eee8:   000000001ca44c48 0000000032d2efc0
0x0000000032d2eef8:   0000000003258c67 0000000030dd49f8
0x0000000032d2ef08:   0000000030dd49f8 000000076cf44450
0x0000000032d2ef18:   000000076cf42398 00000000ffffffff
0x0000000032d2ef28:   00000000032591c6 00000000318ec510
0x0000000032d2ef38:   0000000000000005 0000000030dd4800
0x0000000032d2ef48:   0000000032d2ef48 0000000000000000
0x0000000032d2ef58:   0000000032d2efc0 00000000318bf1d8
0x0000000032d2ef68:   0000000000000000 000000001ca44c48
0x0000000032d2ef78:   0000000000000000 0000000032d2efa8
0x0000000032d2ef88:   0000000032d2f008 00000000032480e0 

Instructions: (pc=0x00007ff965bc440b)
0x00007ff965bc43eb:   c1 80 00 00 00 ff c8 75 ec 48 81 e9 00 02 00 00
0x00007ff965bc43fb:   b8 08 00 00 00 f3 0f 6f 04 11 f3 0f 6f 4c 11 10
0x00007ff965bc440b:   66 0f e7 01 66 0f e7 49 10 48 83 c1 40 f3 0f 6f
0x00007ff965bc441b:   44 11 e0 f3 0f 6f 4c 11 f0 66 0f e7 41 e0 66 0f 


Register to memory mapping:

RAX=0x0000000000000002 is an unknown value
RBX=0x0000000030dd49f8 is an unknown value
RCX=0x000000003abf6000 is an unknown value
RDX=0x00000007322f6cf8 is an unallocated location in the heap
RSP=0x0000000032d2ee98 is pointing into the stack for thread: 0x0000000030dd4800
RBP=0x0000000032d2efc0 is pointing into the stack for thread: 0x0000000030dd4800
RSI=0x0000000000000000 is an unknown value
RDI=0x000000003abd0080 is an unknown value
R8 =0xfffffffffffda1ff is an unknown value
R9 =0x07ffffffffffffff is an unknown value
R10=0x000000000000000c is an unknown value
R11=0x000000003abd0080 is an unknown value
R12=0x0000000032d2efb8 is pointing into the stack for thread: 0x0000000030dd4800
R13=0xffffffffffffffff is an unknown value
R14=0x000000076cec6d78 is an oop

[error occurred during error reporting (printing register info), id 0xc0000005]

Stack: [0x0000000032c30000,0x0000000032d30000],  sp=0x0000000032d2ee98,  free space=1019k
Native frames: (J=compiled Java code, j=interpreted, Vv=VM code, C=native code)
C  [msvcrt.dll+0x7440b]
C  [jnind4jcpu.dll+0x2da1a0]
C  0x0000000003258c67

Java frames: (J=compiled Java code, j=interpreted, Vv=VM code)
j  org.bytedeco.javacpp.BytePointer.put([BII)Lorg/bytedeco/javacpp/BytePointer;+0
j  org.datavec.image.loader.NativeImageLoader.streamToMat(Ljava/io/InputStream;)Lorg/bytedeco/javacpp/opencv_core$Mat;+66
j  org.datavec.image.loader.NativeImageLoader.asMatrixView(Ljava/io/InputStream;Lorg/nd4j/linalg/api/ndarray/INDArray;)V+2
j  org.datavec.image.loader.NativeImageLoader.asMatrixView(Ljava/io/File;Lorg/nd4j/linalg/api/ndarray/INDArray;)V+22
j  org.datavec.image.recordreader.BaseImageRecordReader.next(I)Ljava/util/List;+431
j  org.deeplearning4j.datasets.datavec.RecordReaderMultiDataSetIterator.next(I)Lorg/nd4j/linalg/dataset/api/MultiDataSet;+126
j  org.deeplearning4j.datasets.datavec.RecordReaderMultiDataSetIterator.next()Lorg/nd4j/linalg/dataset/api/MultiDataSet;+5
j  org.deeplearning4j.datasets.datavec.RecordReaderMultiDataSetIterator.next()Ljava/lang/Object;+1
j  org.deeplearning4j.datasets.iterator.AsyncMultiDataSetIterator$AsyncPrefetchThread.run()V+93
v  ~StubRoutines::call_stub

---------------  P R O C E S S  ---------------

Java Threads: ( => current thread )
=>0x0000000030dd4800 JavaThread "AMDSI prefetch thread" daemon [_thread_in_native, id=3148, stack(0x0000000032c30000,0x0000000032d30000)]
  0x0000000030dd6000 JavaThread "Thread-3" daemon [_thread_blocked, id=20224, stack(0x0000000032b30000,0x0000000032c30000)]
  0x0000000030dd9000 JavaThread "New I/O server boss #17" [_thread_in_native, id=65864, stack(0x0000000032a30000,0x0000000032b30000)]
  0x0000000030ddb000 JavaThread "New I/O worker #16" [_thread_in_native, id=67424, stack(0x0000000032930000,0x0000000032a30000)]
  0x0000000030dd7800 JavaThread "New I/O worker #15" [_thread_in_native, id=62324, stack(0x0000000032830000,0x0000000032930000)]
  0x0000000030dd9800 JavaThread "New I/O worker #14" [_thread_in_native, id=65972, stack(0x0000000032730000,0x0000000032830000)]
  0x0000000030dd8000 JavaThread "New I/O worker #13" [_thread_in_native, id=67272, stack(0x0000000032630000,0x0000000032730000)]
  0x0000000030dd5000 JavaThread "New I/O worker #12" [_thread_in_native, id=9796, stack(0x0000000032530000,0x0000000032630000)]
  0x0000000030dd6800 JavaThread "New I/O worker #11" [_thread_in_native, id=66948, stack(0x0000000032430000,0x0000000032530000)]
  0x0000000030dda800 JavaThread "New I/O worker #10" [_thread_in_native, id=59564, stack(0x0000000032330000,0x0000000032430000)]
  0x0000000021380000 JavaThread "New I/O worker #9" [_thread_in_native, id=62656, stack(0x0000000032230000,0x0000000032330000)]
  0x0000000021384800 JavaThread "New I/O worker #8" [_thread_in_native, id=59580, stack(0x0000000032130000,0x0000000032230000)]
  0x0000000021384000 JavaThread "New I/O worker #7" [_thread_in_native, id=59384, stack(0x0000000032030000,0x0000000032130000)]
  0x000000002137f800 JavaThread "New I/O worker #6" [_thread_in_native, id=59592, stack(0x0000000031f30000,0x0000000032030000)]
  0x0000000021386000 JavaThread "New I/O worker #5" [_thread_in_native, id=59596, stack(0x0000000031e30000,0x0000000031f30000)]
  0x0000000021383000 JavaThread "New I/O worker #4" [_thread_in_native, id=59576, stack(0x0000000031d30000,0x0000000031e30000)]
  0x0000000021385800 JavaThread "New I/O worker #3" [_thread_in_native, id=5084, stack(0x0000000031c30000,0x0000000031d30000)]
  0x0000000021381000 JavaThread "New I/O worker #2" [_thread_in_native, id=64572, stack(0x0000000031b30000,0x0000000031c30000)]
  0x0000000021382800 JavaThread "New I/O worker #1" [_thread_in_native, id=59524, stack(0x0000000031a30000,0x0000000031b30000)]
  0x0000000021679800 JavaThread "application-akka.actor.default-dispatcher-4" [_thread_blocked, id=67008, stack(0x0000000031730000,0x0000000031830000)]
  0x000000002118f800 JavaThread "application-akka.actor.default-dispatcher-3" [_thread_blocked, id=67368, stack(0x0000000031630000,0x0000000031730000)]
  0x00000000306cb000 JavaThread "application-akka.actor.default-dispatcher-2" [_thread_blocked, id=64148, stack(0x00000000302b0000,0x00000000303b0000)]
  0x000000002202b800 JavaThread "application-scheduler-1" [_thread_blocked, id=67056, stack(0x00000000301b0000,0x00000000302b0000)]
  0x0000000021be1800 JavaThread "NativeRandomDeallocator thread 0" daemon [_thread_blocked, id=66928, stack(0x00000000237b0000,0x00000000238b0000)]
  0x00000000218c0000 JavaThread "JavaCPP Deallocator" daemon [_thread_blocked, id=60596, stack(0x00000000232b0000,0x00000000233b0000)]
  0x0000000021ba8000 JavaThread "Workspace deallocator thread" daemon [_thread_blocked, id=52496, stack(0x0000000021000000,0x0000000021100000)]
  0x000000001ec0e800 JavaThread "Service Thread" daemon [_thread_blocked, id=66896, stack(0x000000001f630000,0x000000001f730000)]
  0x000000001eb7e800 JavaThread "C1 CompilerThread3" daemon [_thread_blocked, id=67036, stack(0x000000001f530000,0x000000001f630000)]
  0x000000001eb77800 JavaThread "C2 CompilerThread2" daemon [_thread_blocked, id=61648, stack(0x000000001f430000,0x000000001f530000)]
  0x000000001eb73800 JavaThread "C2 CompilerThread1" daemon [_thread_blocked, id=66244, stack(0x000000001f330000,0x000000001f430000)]
  0x000000001eb70800 JavaThread "C2 CompilerThread0" daemon [_thread_blocked, id=62828, stack(0x000000001f230000,0x000000001f330000)]
  0x000000001eb6a800 JavaThread "Attach Listener" daemon [_thread_blocked, id=67328, stack(0x000000001f130000,0x000000001f230000)]
  0x000000001eb69800 JavaThread "Signal Dispatcher" daemon [_thread_blocked, id=59584, stack(0x000000001f030000,0x000000001f130000)]
  0x000000001eb50800 JavaThread "Finalizer" daemon [_thread_blocked, id=67312, stack(0x000000001ef30000,0x000000001f030000)]
  0x000000001cc63800 JavaThread "Reference Handler" daemon [_thread_blocked, id=67392, stack(0x000000001ea30000,0x000000001eb30000)]
  0x0000000003151000 JavaThread "main" [_thread_blocked, id=67276, stack(0x0000000003040000,0x0000000003140000)]

Other Threads:
  0x000000001cc5d000 VMThread [stack: 0x000000001e930000,0x000000001ea30000] [id=64168]
  0x000000001ec50800 WatcherThread [stack: 0x000000001f730000,0x000000001f830000] [id=66660]

VM state:not at safepoint (normal execution)

VM Mutex/Monitor currently owned by a thread: None

heap address: 0x00000006c1c00000, size: 4068 MB, Compressed Oops mode: Zero based, Oop shift amount: 3
Narrow klass base: 0x0000000000000000, Narrow klass shift: 3
Compressed class space size: 1073741824 Address: 0x00000007c0000000

Heap:
 PSYoungGen      total 313344K, used 33339K [0x000000076b400000, 0x0000000783900000, 0x00000007c0000000)
  eden space 287744K, 10% used [0x000000076b400000,0x000000076d0b6160,0x000000077cd00000)
  from space 25600K, 15% used [0x000000077e700000,0x000000077ead8b48,0x0000000780000000)
  to   space 26624K, 0% used [0x000000077cd00000,0x000000077cd00000,0x000000077e700000)
 ParOldGen       total 137728K, used 29317K [0x00000006c1c00000, 0x00000006ca280000, 0x000000076b400000)
  object space 137728K, 21% used [0x00000006c1c00000,0x00000006c38a16b0,0x00000006ca280000)
 Metaspace       used 34492K, capacity 34850K, committed 35120K, reserved 1079296K
  class space    used 5204K, capacity 5305K, committed 5424K, reserved 1048576K

Card table byte_map: [0x0000000012600000,0x0000000012e00000] byte_map_base: 0x000000000eff2000

Marking Bits: (ParMarkBitMap*) 0x00000000589c5ce0
 Begin Bits: [0x0000000013b50000, 0x0000000017ae0000)
 End Bits:   [0x0000000017ae0000, 0x000000001ba70000)

Polling page: 0x0000000000ea0000

CodeCache: size=245760Kb used=8618Kb max_used=9723Kb free=237141Kb
 bounds [0x0000000003240000, 0x0000000003c20000, 0x0000000012240000]
 total_blobs=3011 nmethods=2275 adapters=648
 compilation: enabled

Compilation events (10 events):
Event: 7.907 Thread 0x000000001eb7e800 2694   !   3       org.bytedeco.javacpp.Pointer::deallocator (509 bytes)
Event: 7.912 Thread 0x000000001eb7e800 nmethod 2694 0x000000000391eed0 code [0x000000000391f620, 0x0000000003924858]
Event: 7.918 Thread 0x000000001eb7e800 2695       3       java.util.TreeMap::setColor (10 bytes)
Event: 7.918 Thread 0x000000001eb7e800 nmethod 2695 0x00000000036aeb10 code [0x00000000036aec60, 0x00000000036aedd0]
Event: 7.930 Thread 0x000000001eb7e800 2696       3       java.io.FilterInputStream::read (9 bytes)
Event: 7.930 Thread 0x000000001eb7e800 nmethod 2696 0x00000000036ae6d0 code [0x00000000036ae840, 0x00000000036aea68]
Event: 7.950 Thread 0x000000001eb7e800 2697       3       org.nd4j.linalg.api.buffer.LongBuffer::initTypeAndSize (14 bytes)
Event: 7.950 Thread 0x000000001eb7e800 nmethod 2697 0x0000000003399450 code [0x00000000033995a0, 0x0000000003399710]
Event: 7.957 Thread 0x000000001eb7e800 2698       3       com.google.common.primitives.Ints$IntArrayAsList::size (10 bytes)
Event: 7.958 Thread 0x000000001eb7e800 nmethod 2698 0x0000000003399110 code [0x0000000003399260, 0x00000000033993b0]

GC Heap History (10 events):
Event: 4.194 GC heap before
{Heap before GC invocations=5 (full 0):
 PSYoungGen      total 141824K, used 119920K [0x000000076b400000, 0x0000000774900000, 0x00000007c0000000)
  eden space 131072K, 83% used [0x000000076b400000,0x0000000771e9e3b8,0x0000000773400000)
  from space 10752K, 99% used [0x0000000773e80000,0x00000007748fdec0,0x0000000774900000)
  to   space 10752K, 0% used [0x0000000773400000,0x0000000773400000,0x0000000773e80000)
 ParOldGen       total 175104K, used 26037K [0x00000006c1c00000, 0x00000006cc700000, 0x000000076b400000)
  object space 175104K, 14% used [0x00000006c1c00000,0x00000006c356d750,0x00000006cc700000)
 Metaspace       used 20961K, capacity 21200K, committed 21296K, reserved 1067008K
  class space    used 2980K, capacity 3080K, committed 3120K, reserved 1048576K
Event: 4.204 GC heap after
Heap after GC invocations=5 (full 0):
 PSYoungGen      total 141824K, used 10735K [0x000000076b400000, 0x000000077e300000, 0x00000007c0000000)
  eden space 131072K, 0% used [0x000000076b400000,0x000000076b400000,0x0000000773400000)
  from space 10752K, 99% used [0x0000000773400000,0x0000000773e7bd28,0x0000000773e80000)
  to   space 24064K, 0% used [0x000000077cb80000,0x000000077cb80000,0x000000077e300000)
 ParOldGen       total 175104K, used 31188K [0x00000006c1c00000, 0x00000006cc700000, 0x000000076b400000)
  object space 175104K, 17% used [0x00000006c1c00000,0x00000006c3a75248,0x00000006cc700000)
 Metaspace       used 20961K, capacity 21200K, committed 21296K, reserved 1067008K
  class space    used 2980K, capacity 3080K, committed 3120K, reserved 1048576K
}
Event: 4.204 GC heap before
{Heap before GC invocations=6 (full 1):
 PSYoungGen      total 141824K, used 10735K [0x000000076b400000, 0x000000077e300000, 0x00000007c0000000)
  eden space 131072K, 0% used [0x000000076b400000,0x000000076b400000,0x0000000773400000)
  from space 10752K, 99% used [0x0000000773400000,0x0000000773e7bd28,0x0000000773e80000)
  to   space 24064K, 0% used [0x000000077cb80000,0x000000077cb80000,0x000000077e300000)
 ParOldGen       total 175104K, used 31188K [0x00000006c1c00000, 0x00000006cc700000, 0x000000076b400000)
  object space 175104K, 17% used [0x00000006c1c00000,0x00000006c3a75248,0x00000006cc700000)
 Metaspace       used 20961K, capacity 21200K, committed 21296K, reserved 1067008K
  class space    used 2980K, capacity 3080K, committed 3120K, reserved 1048576K
Event: 4.252 GC heap after
Heap after GC invocations=6 (full 1):
 PSYoungGen      total 141824K, used 0K [0x000000076b400000, 0x000000077e300000, 0x00000007c0000000)
  eden space 131072K, 0% used [0x000000076b400000,0x000000076b400000,0x0000000773400000)
  from space 10752K, 0% used [0x0000000773400000,0x0000000773400000,0x0000000773e80000)
  to   space 24064K, 0% used [0x000000077cb80000,0x000000077cb80000,0x000000077e300000)
 ParOldGen       total 137728K, used 29293K [0x00000006c1c00000, 0x00000006ca280000, 0x000000076b400000)
  object space 137728K, 21% used [0x00000006c1c00000,0x00000006c389b6b0,0x00000006ca280000)
 Metaspace       used 20961K, capacity 21200K, committed 21296K, reserved 1067008K
  class space    used 2980K, capacity 3080K, committed 3120K, reserved 1048576K
}
Event: 5.135 GC heap before
{Heap before GC invocations=7 (full 1):
 PSYoungGen      total 141824K, used 131072K [0x000000076b400000, 0x000000077e300000, 0x00000007c0000000)
  eden space 131072K, 100% used [0x000000076b400000,0x0000000773400000,0x0000000773400000)
  from space 10752K, 0% used [0x0000000773400000,0x0000000773400000,0x0000000773e80000)
  to   space 24064K, 0% used [0x000000077cb80000,0x000000077cb80000,0x000000077e300000)
 ParOldGen       total 137728K, used 29293K [0x00000006c1c00000, 0x00000006ca280000, 0x000000076b400000)
  object space 137728K, 21% used [0x00000006c1c00000,0x00000006c389b6b0,0x00000006ca280000)
 Metaspace       used 26152K, capacity 26558K, committed 26672K, reserved 1071104K
  class space    used 3985K, capacity 4119K, committed 4144K, reserved 1048576K
Event: 5.140 GC heap after
Heap after GC invocations=7 (full 1):
 PSYoungGen      total 203264K, used 5738K [0x000000076b400000, 0x000000077d180000, 0x00000007c0000000)
  eden space 197120K, 0% used [0x000000076b400000,0x000000076b400000,0x0000000777480000)
  from space 6144K, 93% used [0x000000077cb80000,0x000000077d11aa68,0x000000077d180000)
  to   space 25600K, 0% used [0x0000000779f80000,0x0000000779f80000,0x000000077b880000)
 ParOldGen       total 137728K, used 29301K [0x00000006c1c00000, 0x00000006ca280000, 0x000000076b400000)
  object space 137728K, 21% used [0x00000006c1c00000,0x00000006c389d6b0,0x00000006ca280000)
 Metaspace       used 26152K, capacity 26558K, committed 26672K, reserved 1071104K
  class space    used 3985K, capacity 4119K, committed 4144K, reserved 1048576K
}
Event: 6.388 GC heap before
{Heap before GC invocations=8 (full 1):
 PSYoungGen      total 203264K, used 202858K [0x000000076b400000, 0x000000077d180000, 0x00000007c0000000)
  eden space 197120K, 100% used [0x000000076b400000,0x0000000777480000,0x0000000777480000)
  from space 6144K, 93% used [0x000000077cb80000,0x000000077d11aa68,0x000000077d180000)
  to   space 25600K, 0% used [0x0000000779f80000,0x0000000779f80000,0x000000077b880000)
 ParOldGen       total 137728K, used 29301K [0x00000006c1c00000, 0x00000006ca280000, 0x000000076b400000)
  object space 137728K, 21% used [0x00000006c1c00000,0x00000006c389d6b0,0x00000006ca280000)
 Metaspace       used 32755K, capacity 33122K, committed 33328K, reserved 1077248K
  class space    used 5005K, capacity 5113K, committed 5168K, reserved 1048576K
Event: 6.394 GC heap after
Heap after GC invocations=8 (full 1):
 PSYoungGen      total 266752K, used 8449K [0x000000076b400000, 0x0000000780000000, 0x00000007c0000000)
  eden space 241152K, 0% used [0x000000076b400000,0x000000076b400000,0x0000000779f80000)
  from space 25600K, 33% used [0x0000000779f80000,0x000000077a7c0508,0x000000077b880000)
  to   space 25600K, 0% used [0x000000077e700000,0x000000077e700000,0x0000000780000000)
 ParOldGen       total 137728K, used 29309K [0x00000006c1c00000, 0x00000006ca280000, 0x000000076b400000)
  object space 137728K, 21% used [0x00000006c1c00000,0x00000006c389f6b0,0x00000006ca280000)
 Metaspace       used 32755K, capacity 33122K, committed 33328K, reserved 1077248K
  class space    used 5005K, capacity 5113K, committed 5168K, reserved 1048576K
}
Event: 7.552 GC heap before
{Heap before GC invocations=9 (full 1):
 PSYoungGen      total 266752K, used 249601K [0x000000076b400000, 0x0000000780000000, 0x00000007c0000000)
  eden space 241152K, 100% used [0x000000076b400000,0x0000000779f80000,0x0000000779f80000)
  from space 25600K, 33% used [0x0000000779f80000,0x000000077a7c0508,0x000000077b880000)
  to   space 25600K, 0% used [0x000000077e700000,0x000000077e700000,0x0000000780000000)
 ParOldGen       total 137728K, used 29309K [0x00000006c1c00000, 0x00000006ca280000, 0x000000076b400000)
  object space 137728K, 21% used [0x00000006c1c00000,0x00000006c389f6b0,0x00000006ca280000)
 Metaspace       used 34439K, capacity 34786K, committed 35120K, reserved 1079296K
  class space    used 5200K, capacity 5305K, committed 5424K, reserved 1048576K
Event: 7.558 GC heap after
Heap after GC invocations=9 (full 1):
 PSYoungGen      total 313344K, used 3938K [0x000000076b400000, 0x0000000783900000, 0x00000007c0000000)
  eden space 287744K, 0% used [0x000000076b400000,0x000000076b400000,0x000000077cd00000)
  from space 25600K, 15% used [0x000000077e700000,0x000000077ead8b48,0x0000000780000000)
  to   space 26624K, 0% used [0x000000077cd00000,0x000000077cd00000,0x000000077e700000)
 ParOldGen       total 137728K, used 29317K [0x00000006c1c00000, 0x00000006ca280000, 0x000000076b400000)
  object space 137728K, 21% used [0x00000006c1c00000,0x00000006c38a16b0,0x00000006ca280000)
 Metaspace       used 34439K, capacity 34786K, committed 35120K, reserved 1079296K
  class space    used 5200K, capacity 5305K, committed 5424K, reserved 1048576K
}

Deoptimization events (10 events):
Event: 5.579 Thread 0x00000000306cb000 Uncommon trap: reason=unstable_if action=reinterpret pc=0x0000000003865420 method=java.lang.ThreadLocal.get()Ljava/lang/Object; @ 11
Event: 5.637 Thread 0x0000000003151000 Uncommon trap: reason=unstable_if action=reinterpret pc=0x00000000039fa4a0 method=java.lang.AbstractStringBuilder.setLength(I)V @ 23
Event: 5.643 Thread 0x000000002202b800 Uncommon trap: reason=unstable_if action=reinterpret pc=0x0000000003b1b8fc method=akka.dispatch.AbstractNodeQueue.pollNode()Lakka/dispatch/AbstractNodeQueue$Node; @ 20
Event: 5.688 Thread 0x0000000003151000 Uncommon trap: reason=unstable_if action=reinterpret pc=0x0000000003acb0ac method=java.util.jar.Manifest.getTrustedAttributes(Ljava/lang/String;)Ljava/util/jar/Attributes; @ 7
Event: 5.820 Thread 0x0000000003151000 Uncommon trap: reason=unstable_if action=reinterpret pc=0x00000000037a13fc method=java.util.concurrent.ConcurrentHashMap.putVal(Ljava/lang/Object;Ljava/lang/Object;Z)Ljava/lang/Object; @ 181
Event: 5.849 Thread 0x0000000003151000 Uncommon trap: reason=class_check action=maybe_recompile pc=0x0000000003624954 method=java.lang.AbstractStringBuilder.append(Ljava/lang/CharSequence;)Ljava/lang/AbstractStringBuilder; @ 10
Event: 6.016 Thread 0x0000000003151000 Uncommon trap: reason=bimorphic action=maybe_recompile pc=0x0000000003b6e50c method=java.util.Collections$UnmodifiableCollection.contains(Ljava/lang/Object;)Z @ 5
Event: 6.028 Thread 0x0000000003151000 Uncommon trap: reason=bimorphic action=maybe_recompile pc=0x0000000003b6e50c method=java.util.Collections$UnmodifiableCollection.contains(Ljava/lang/Object;)Z @ 5
Event: 6.029 Thread 0x0000000003151000 Uncommon trap: reason=bimorphic action=maybe_recompile pc=0x0000000003b6e50c method=java.util.Collections$UnmodifiableCollection.contains(Ljava/lang/Object;)Z @ 5
Event: 6.030 Thread 0x0000000003151000 Uncommon trap: reason=bimorphic action=maybe_recompile pc=0x0000000003b6e50c method=java.util.Collections$UnmodifiableCollection.contains(Ljava/lang/Object;)Z @ 5

Classes redefined (0 events):
No events

Internal exceptions (10 events):
Event: 7.812 Thread 0x0000000030dd4800 Exception <a 'sun/nio/fs/WindowsException'> (0x000000076ce6be30) thrown at [C:\re\workspace\8-2-build-windows-amd64-cygwin\jdk8u221\13320\hotspot\src\share\vm\prims\jni.cpp, line 710]
Event: 7.812 Thread 0x0000000030dd4800 Exception <a 'sun/nio/fs/WindowsException'> (0x000000076ce6d090) thrown at [C:\re\workspace\8-2-build-windows-amd64-cygwin\jdk8u221\13320\hotspot\src\share\vm\prims\jni.cpp, line 710]
Event: 7.812 Thread 0x0000000030dd4800 Exception <a 'sun/nio/fs/WindowsException'> (0x000000076ce6e340) thrown at [C:\re\workspace\8-2-build-windows-amd64-cygwin\jdk8u221\13320\hotspot\src\share\vm\prims\jni.cpp, line 710]
Event: 7.813 Thread 0x0000000030dd4800 Exception <a 'sun/nio/fs/WindowsException'> (0x000000076ce6f578) thrown at [C:\re\workspace\8-2-build-windows-amd64-cygwin\jdk8u221\13320\hotspot\src\share\vm\prims\jni.cpp, line 710]
Event: 7.813 Thread 0x0000000030dd4800 Exception <a 'sun/nio/fs/WindowsException'> (0x000000076ce70820) thrown at [C:\re\workspace\8-2-build-windows-amd64-cygwin\jdk8u221\13320\hotspot\src\share\vm\prims\jni.cpp, line 710]
Event: 7.813 Thread 0x0000000030dd4800 Exception <a 'sun/nio/fs/WindowsException'> (0x000000076ce71a80) thrown at [C:\re\workspace\8-2-build-windows-amd64-cygwin\jdk8u221\13320\hotspot\src\share\vm\prims\jni.cpp, line 710]
Event: 7.813 Thread 0x0000000030dd4800 Exception <a 'sun/nio/fs/WindowsException'> (0x000000076ce72d28) thrown at [C:\re\workspace\8-2-build-windows-amd64-cygwin\jdk8u221\13320\hotspot\src\share\vm\prims\jni.cpp, line 710]
Event: 7.814 Thread 0x0000000030dd4800 Exception <a 'sun/nio/fs/WindowsException'> (0x000000076ce73e40) thrown at [C:\re\workspace\8-2-build-windows-amd64-cygwin\jdk8u221\13320\hotspot\src\share\vm\prims\jni.cpp, line 710]
Event: 7.814 Thread 0x0000000030dd4800 Exception <a 'sun/nio/fs/WindowsException'> (0x000000076ce74f08) thrown at [C:\re\workspace\8-2-build-windows-amd64-cygwin\jdk8u221\13320\hotspot\src\share\vm\prims\jni.cpp, line 710]
Event: 7.814 Thread 0x0000000030dd4800 Exception <a 'sun/nio/fs/WindowsException'> (0x000000076ce75fd8) thrown at [C:\re\workspace\8-2-build-windows-amd64-cygwin\jdk8u221\13320\hotspot\src\share\vm\prims\jni.cpp, line 710]

Events (10 events):
Event: 7.817 loading class org/bytedeco/javacpp/indexer/UByteRawIndexer
Event: 7.817 loading class org/bytedeco/javacpp/indexer/UByteRawIndexer done
Event: 7.818 loading class org/bytedeco/javacpp/indexer/UByteBufferIndexer
Event: 7.818 loading class org/bytedeco/javacpp/indexer/UByteBufferIndexer done
Event: 7.819 loading class org/bytedeco/javacpp/indexer/UByteIndexer$1
Event: 7.819 loading class org/bytedeco/javacpp/indexer/UByteIndexer$1 done
Event: 7.819 loading class org/bytedeco/javacpp/indexer/UByteArrayIndexer
Event: 7.819 loading class org/bytedeco/javacpp/indexer/UByteArrayIndexer done
Event: 7.862 Thread 0x0000000030dd4800 DEOPT PACKING pc=0x000000000378cfbf sp=0x0000000032d2ebd0
Event: 7.862 Thread 0x0000000030dd4800 DEOPT UNPACKING pc=0x0000000003287890 sp=0x0000000032d2eb98 mode 0


Dynamic libraries:
0x00007ff6b6730000 - 0x00007ff6b6767000 	C:\Program Files\Java\jre1.8.0_221\bin\javaw.exe
0x00007ff968500000 - 0x00007ff9686e1000 	C:\WINDOWS\SYSTEM32\ntdll.dll
0x00007ff968110000 - 0x00007ff9681c1000 	C:\WINDOWS\System32\KERNEL32.DLL
0x00007ff965000000 - 0x00007ff965273000 	C:\WINDOWS\System32\KERNELBASE.dll
0x0000000057d90000 - 0x00000000580b5000 	C:\Program Files (x86)\Norton Security\NortonData\22.8.0.50\Definitions\IPSDefs\20190716.061\IPSEng64.dll
0x00007ff966180000 - 0x00007ff966221000 	C:\WINDOWS\System32\ADVAPI32.dll
0x00007ff965b50000 - 0x00007ff965bee000 	C:\WINDOWS\System32\msvcrt.dll
0x00007ff965c50000 - 0x00007ff965cab000 	C:\WINDOWS\System32\sechost.dll
0x00007ff966930000 - 0x00007ff966a54000 	C:\WINDOWS\System32\RPCRT4.dll
0x00007ff965cb0000 - 0x00007ff965cb8000 	C:\WINDOWS\System32\PSAPI.DLL
0x00007ff965cc0000 - 0x00007ff965e50000 	C:\WINDOWS\System32\USER32.dll
0x00007ff964e10000 - 0x00007ff964e30000 	C:\WINDOWS\System32\win32u.dll
0x00007ff966310000 - 0x00007ff966338000 	C:\WINDOWS\System32\GDI32.dll
0x00007ff964920000 - 0x00007ff964ab1000 	C:\WINDOWS\System32\gdi32full.dll
0x00007ff964ee0000 - 0x00007ff964f7f000 	C:\WINDOWS\System32\msvcp_win.dll
0x00007ff964ac0000 - 0x00007ff964bb8000 	C:\WINDOWS\System32\ucrtbase.dll
0x00007ff958960000 - 0x00007ff958bc9000 	C:\WINDOWS\WinSxS\amd64_microsoft.windows.common-controls_6595b64144ccf1df_6.0.17134.885_none_fb42a3473065565f\COMCTL32.dll
0x00007ff965e50000 - 0x00007ff966172000 	C:\WINDOWS\System32\combase.dll
0x00007ff964f80000 - 0x00007ff964ff9000 	C:\WINDOWS\System32\bcryptPrimitives.dll
0x00007ff966a80000 - 0x00007ff966aad000 	C:\WINDOWS\System32\IMM32.DLL
0x0000000057cb0000 - 0x0000000057d82000 	C:\Program Files\Java\jre1.8.0_221\bin\msvcr100.dll
0x00000000581a0000 - 0x0000000058a45000 	C:\Program Files\Java\jre1.8.0_221\bin\server\jvm.dll
0x00007ff9616b0000 - 0x00007ff9616d3000 	C:\WINDOWS\SYSTEM32\WINMM.dll
0x00007ff957f30000 - 0x00007ff957f39000 	C:\WINDOWS\SYSTEM32\WSOCK32.dll
0x00007ff95f400000 - 0x00007ff95f40a000 	C:\WINDOWS\SYSTEM32\VERSION.dll
0x00007ff966790000 - 0x00007ff9667fc000 	C:\WINDOWS\System32\WS2_32.dll
0x00007ff961680000 - 0x00007ff9616aa000 	C:\WINDOWS\SYSTEM32\winmmbase.dll
0x00007ff9648d0000 - 0x00007ff964919000 	C:\WINDOWS\System32\cfgmgr32.dll
0x00007ff956af0000 - 0x00007ff956aff000 	C:\Program Files\Java\jre1.8.0_221\bin\verify.dll
0x00007ff942110000 - 0x00007ff942139000 	C:\Program Files\Java\jre1.8.0_221\bin\java.dll
0x00007ff9465f0000 - 0x00007ff946606000 	C:\Program Files\Java\jre1.8.0_221\bin\zip.dll
0x00007ff966cd0000 - 0x00007ff968110000 	C:\WINDOWS\System32\SHELL32.dll
0x00007ff9682c0000 - 0x00007ff968369000 	C:\WINDOWS\System32\shcore.dll
0x00007ff965280000 - 0x00007ff96598d000 	C:\WINDOWS\System32\windows.storage.dll
0x00007ff965bf0000 - 0x00007ff965c41000 	C:\WINDOWS\System32\shlwapi.dll
0x00007ff964890000 - 0x00007ff9648a1000 	C:\WINDOWS\System32\kernel.appcore.dll
0x00007ff9648b0000 - 0x00007ff9648cf000 	C:\WINDOWS\System32\profapi.dll
0x00007ff964840000 - 0x00007ff96488c000 	C:\WINDOWS\System32\powrprof.dll
0x00007ff964830000 - 0x00007ff96483a000 	C:\WINDOWS\System32\FLTLIB.DLL
0x00007ff940c90000 - 0x00007ff940caa000 	C:\Program Files\Java\jre1.8.0_221\bin\net.dll
0x00007ff956020000 - 0x00007ff9561e9000 	C:\WINDOWS\SYSTEM32\urlmon.dll
0x00007ff956840000 - 0x00007ff956ae6000 	C:\WINDOWS\SYSTEM32\iertutil.dll
0x00007ff964260000 - 0x00007ff96426b000 	C:\WINDOWS\SYSTEM32\CRYPTBASE.DLL
0x00007ff964090000 - 0x00007ff9640f6000 	C:\WINDOWS\system32\mswsock.dll
0x00007ff940c70000 - 0x00007ff940c82000 	C:\Program Files\Java\jre1.8.0_221\bin\nio.dll
0x0000000064940000 - 0x0000000064955000 	C:\Users\PARI\.javacpp\cache\mkl-dnn-0.16-1.4.3-windows-x86_64.jar\org\bytedeco\javacpp\windows-x86_64\libwinpthread-1.dll
0x0000000061440000 - 0x000000006145c000 	C:\Users\PARI\.javacpp\cache\mkl-dnn-0.16-1.4.3-windows-x86_64.jar\org\bytedeco\javacpp\windows-x86_64\libgcc_s_seh-1.dll
0x0000000063600000 - 0x000000006362f000 	C:\Users\PARI\.javacpp\cache\mkl-dnn-0.16-1.4.3-windows-x86_64.jar\org\bytedeco\javacpp\windows-x86_64\libgomp-1.dll
0x000000006fc40000 - 0x000000006fda6000 	C:\Users\PARI\.javacpp\cache\mkl-dnn-0.16-1.4.3-windows-x86_64.jar\org\bytedeco\javacpp\windows-x86_64\libstdc++-6.dll
0x00007ff927c00000 - 0x00007ff927cef000 	C:\Users\PARI\.javacpp\cache\mkl-dnn-0.16-1.4.3-windows-x86_64.jar\org\bytedeco\javacpp\windows-x86_64\msvcr120.dll
0x00007ff922300000 - 0x00007ff9224c9000 	C:\Users\PARI\.javacpp\cache\mkl-dnn-0.16-1.4.3-windows-x86_64.jar\org\bytedeco\javacpp\windows-x86_64\libiomp5md.dll
0x00007ff8e8210000 - 0x00007ff8ef76a000 	C:\Users\PARI\.javacpp\cache\mkl-dnn-0.16-1.4.3-windows-x86_64.jar\org\bytedeco\javacpp\windows-x86_64\mklml.dll
0x0000000062100000 - 0x0000000062646000 	C:\Users\PARI\.javacpp\cache\mkl-dnn-0.16-1.4.3-windows-x86_64.jar\org\bytedeco\javacpp\windows-x86_64\libmkldnn.dll
0x0000000069480000 - 0x000000006a651000 	C:\Users\PARI\.javacpp\cache\nd4j-native-1.0.0-beta3-windows-x86_64.jar\org\nd4j\nativeblas\windows-x86_64\libnd4jcpu.dll
0x0000000066880000 - 0x0000000066e14000 	C:\Users\PARI\.javacpp\cache\nd4j-native-1.0.0-beta3-windows-x86_64.jar\org\nd4j\nativeblas\windows-x86_64\jnind4jcpu.dll
0x00007ff8e0cb0000 - 0x00007ff8e820a000 	C:\Users\PARI\.javacpp\cache\mkl-dnn-0.16-1.4.3-windows-x86_64.jar\org\bytedeco\javacpp\windows-x86_64\libopenblas_nolapack.dll
0x0000000071000000 - 0x000000007105c000 	C:\Users\PARI\.javacpp\cache\openblas-0.3.3-1.4.3-windows-x86_64.jar\org\bytedeco\javacpp\windows-x86_64\jniopenblas_nolapack.dll
0x00007ff964240000 - 0x00007ff964257000 	C:\WINDOWS\SYSTEM32\CRYPTSP.dll
0x00007ff963c80000 - 0x00007ff963cb3000 	C:\WINDOWS\system32\rsaenh.dll
0x00007ff964370000 - 0x00007ff964395000 	C:\WINDOWS\SYSTEM32\bcrypt.dll
0x00007ff964740000 - 0x00007ff964768000 	C:\WINDOWS\SYSTEM32\USERENV.dll
0x00007ff963e20000 - 0x00007ff963e58000 	C:\WINDOWS\SYSTEM32\IPHLPAPI.DLL
0x00007ff966a60000 - 0x00007ff966a68000 	C:\WINDOWS\System32\NSI.dll
0x00007ff95e0c0000 - 0x00007ff95e0d6000 	C:\WINDOWS\SYSTEM32\dhcpcsvc6.DLL
0x00007ff95e4b0000 - 0x00007ff95e4ca000 	C:\WINDOWS\SYSTEM32\dhcpcsvc.DLL
0x00007ff922160000 - 0x00007ff9222f9000 	C:\Program Files\Java\jre1.8.0_221\bin\awt.dll
0x00007ff966800000 - 0x00007ff9668c2000 	C:\WINDOWS\System32\OLEAUT32.dll
0x00007ff962bc0000 - 0x00007ff962c4b000 	C:\WINDOWS\SYSTEM32\apphelp.dll
0x0000000001380000 - 0x0000000001383000 	C:\Users\PARI\.javacpp\cache\hdf5-1.10.3-1.4.3-windows-x86_64.jar\org\bytedeco\javacpp\windows-x86_64\api-ms-win-crt-locale-l1-1-0.dll
0x0000000002d90000 - 0x0000000002d94000 	C:\Users\PARI\.javacpp\cache\hdf5-1.10.3-1.4.3-windows-x86_64.jar\org\bytedeco\javacpp\windows-x86_64\api-ms-win-crt-string-l1-1-0.dll
0x0000000002da0000 - 0x0000000002da4000 	C:\Users\PARI\.javacpp\cache\hdf5-1.10.3-1.4.3-windows-x86_64.jar\org\bytedeco\javacpp\windows-x86_64\api-ms-win-crt-stdio-l1-1-0.dll
0x0000000002db0000 - 0x0000000002db5000 	C:\Users\PARI\.javacpp\cache\hdf5-1.10.3-1.4.3-windows-x86_64.jar\org\bytedeco\javacpp\windows-x86_64\api-ms-win-crt-math-l1-1-0.dll
0x0000000002dc0000 - 0x0000000002dc3000 	C:\Users\PARI\.javacpp\cache\hdf5-1.10.3-1.4.3-windows-x86_64.jar\org\bytedeco\javacpp\windows-x86_64\api-ms-win-crt-heap-l1-1-0.dll
0x0000000002dd0000 - 0x0000000002dd4000 	C:\Users\PARI\.javacpp\cache\hdf5-1.10.3-1.4.3-windows-x86_64.jar\org\bytedeco\javacpp\windows-x86_64\api-ms-win-crt-runtime-l1-1-0.dll
0x0000000002de0000 - 0x0000000002de4000 	C:\Users\PARI\.javacpp\cache\hdf5-1.10.3-1.4.3-windows-x86_64.jar\org\bytedeco\javacpp\windows-x86_64\api-ms-win-crt-convert-l1-1-0.dll
0x0000000002df0000 - 0x0000000002df3000 	C:\Users\PARI\.javacpp\cache\hdf5-1.10.3-1.4.3-windows-x86_64.jar\org\bytedeco\javacpp\windows-x86_64\api-ms-win-crt-environment-l1-1-0.dll
0x0000000002e00000 - 0x0000000002e03000 	C:\Users\PARI\.javacpp\cache\hdf5-1.10.3-1.4.3-windows-x86_64.jar\org\bytedeco\javacpp\windows-x86_64\api-ms-win-crt-time-l1-1-0.dll
0x0000000002e10000 - 0x0000000002e13000 	C:\Users\PARI\.javacpp\cache\hdf5-1.10.3-1.4.3-windows-x86_64.jar\org\bytedeco\javacpp\windows-x86_64\api-ms-win-crt-filesystem-l1-1-0.dll
0x0000000002e20000 - 0x0000000002e23000 	C:\Users\PARI\.javacpp\cache\hdf5-1.10.3-1.4.3-windows-x86_64.jar\org\bytedeco\javacpp\windows-x86_64\api-ms-win-crt-utility-l1-1-0.dll
0x0000000021100000 - 0x0000000021105000 	C:\Users\PARI\.javacpp\cache\hdf5-1.10.3-1.4.3-windows-x86_64.jar\org\bytedeco\javacpp\windows-x86_64\api-ms-win-crt-multibyte-l1-1-0.dll
0x00007ff95ab30000 - 0x00007ff95ab47000 	C:\Users\PARI\.javacpp\cache\hdf5-1.10.3-1.4.3-windows-x86_64.jar\org\bytedeco\javacpp\windows-x86_64\vcruntime140.dll
0x00007ff934170000 - 0x00007ff93420d000 	C:\Users\PARI\.javacpp\cache\hdf5-1.10.3-1.4.3-windows-x86_64.jar\org\bytedeco\javacpp\windows-x86_64\msvcp140.dll
0x00007ff94b0b0000 - 0x00007ff94b101000 	C:\Users\PARI\.javacpp\cache\hdf5-1.10.3-1.4.3-windows-x86_64.jar\org\bytedeco\javacpp\windows-x86_64\concrt140.dll
0x00007ff956b00000 - 0x00007ff956b2e000 	C:\Users\PARI\.javacpp\cache\opencv-3.4.3-1.4.3-windows-x86_64.jar\org\bytedeco\javacpp\windows-x86_64\vcomp140.dll
0x00007ff921e50000 - 0x00007ff922157000 	C:\Users\PARI\.javacpp\cache\opencv-3.4.3-1.4.3-windows-x86_64.jar\org\bytedeco\javacpp\windows-x86_64\opencv_core343.dll
0x00007ff91e000000 - 0x00007ff91e41c000 	C:\Users\PARI\.javacpp\cache\opencv-3.4.3-1.4.3-windows-x86_64.jar\org\bytedeco\javacpp\windows-x86_64\opencv_imgproc343.dll
0x00007ff9121e0000 - 0x00007ff91258a000 	C:\Users\PARI\.javacpp\cache\opencv-3.4.3-1.4.3-windows-x86_64.jar\org\bytedeco\javacpp\windows-x86_64\jniopencv_core.dll
0x00007ff925060000 - 0x00007ff9251b8000 	C:\Users\PARI\.javacpp\cache\opencv-3.4.3-1.4.3-windows-x86_64.jar\org\bytedeco\javacpp\windows-x86_64\jniopencv_imgproc.dll
0x00007ff913ba0000 - 0x00007ff913e84000 	C:\Users\PARI\.javacpp\cache\opencv-3.4.3-1.4.3-windows-x86_64.jar\org\bytedeco\javacpp\windows-x86_64\opencv_imgcodecs343.dll
0x00007ff9374c0000 - 0x00007ff9374f4000 	C:\Users\PARI\.javacpp\cache\opencv-3.4.3-1.4.3-windows-x86_64.jar\org\bytedeco\javacpp\windows-x86_64\jniopencv_imgcodecs.dll
0x00007ff94b8e0000 - 0x00007ff94baa9000 	C:\WINDOWS\SYSTEM32\dbghelp.dll

VM Arguments:
jvm_args: -Dfile.encoding=Cp1252 
java_command: deep.learning.cnn.ImageClassifier2
java_class_path (initial): C:\Program Files\Java\jre1.8.0_221\lib\resources.jar;C:\Program Files\Java\jre1.8.0_221\lib\rt.jar;C:\Program Files\Java\jre1.8.0_221\lib\jsse.jar;C:\Program Files\Java\jre1.8.0_221\lib\jce.jar;C:\Program Files\Java\jre1.8.0_221\lib\charsets.jar;C:\Program Files\Java\jre1.8.0_221\lib\jfr.jar;C:\Program Files\Java\jre1.8.0_221\lib\ext\access-bridge-64.jar;C:\Program Files\Java\jre1.8.0_221\lib\ext\cldrdata.jar;C:\Program Files\Java\jre1.8.0_221\lib\ext\dnsns.jar;C:\Program Files\Java\jre1.8.0_221\lib\ext\jaccess.jar;C:\Program Files\Java\jre1.8.0_221\lib\ext\jfxrt.jar;C:\Program Files\Java\jre1.8.0_221\lib\ext\localedata.jar;C:\Program Files\Java\jre1.8.0_221\lib\ext\nashorn.jar;C:\Program Files\Java\jre1.8.0_221\lib\ext\sunec.jar;C:\Program Files\Java\jre1.8.0_221\lib\ext\sunjce_provider.jar;C:\Program Files\Java\jre1.8.0_221\lib\ext\sunmscapi.jar;C:\Program Files\Java\jre1.8.0_221\lib\ext\sunpkcs11.jar;C:\Program Files\Java\jre1.8.0_221\lib\ext\zipfs.jar;C:\Users\PARI\eclipse-workspace\deepfashion\target\classes;C:\Users\PARI\Downloads\ojdbc-full.tar\ojdbc-full\OJDBC-Full\ojdbc6.jar;C:\Users\PARI\Downloads\ojdbc-full.tar\ojdbc-full\OJDBC-Full\ojdbc7.jar;C:\Users\PARI\Downloads\ojdbc-full.tar\ojdbc-full\OJDBC-Full\ons.jar;C:\Users\PARI\Downloads\ojdbc-full.tar\ojdbc-full\OJDBC-Full\orai18n.jar;C:\Users\PARI\Downloads\ojdbc-full.tar\ojdbc-full\OJDBC-Full\simplefan.jar;C:\Users\PARI\Downloads\ojdbc-full.tar\ojdbc-full\OJDBC-Full\ucp.jar;C:\Users\PARI\Downloads\ojdbc-full.tar\ojdbc-full\OJDBC-Full\xdb6.jar;C:\Users\PARI\.m2\repository\commons-io\commons-io\2.5\commons-io-2.5.jar;C:\Users\PARI\.m2\repository\log4j\log4j\1.2.17\log4j-1.2.17.jar;C:\Users\PARI\.m2\repository\com\opencsv\opencsv\4.1\opencsv-4.1.jar;C:\Users\PARI\.m2\repository\org\apache\commons\commons-lang3\3.6\commons-lang3-3.6.jar;C:\Users\PARI\.m2\repository\org\apache\commons\commons-text\1.1\commons-text-1.1.jar;C:\Users\PARI\.m2\repository\commons-beanutils\commons-beanu
Launcher Type: SUN_STANDARD

Environment Variables:
JAVA_HOME=C:\Program Files\Java\jdk1.8.0_161
PATH=C:/Program Files/Java/jre1.8.0_221/bin/server;C:/Program Files/Java/jre1.8.0_221/bin;C:/Program Files/Java/jre1.8.0_221/lib/amd64;C:\Program Files (x86)\Common Files\Oracle\Java\javapath;D:\app\client\PARI\product\12.2.0\client_2\bin;D:\app\client\PARI\product\12.2.0\client_1\bin;D:\app\PARI\product\12.2.0\client_1;C:\Program Files\NVIDIA GPU Computing Toolkit\CUDA\v9.2\bin;C:\Program Files\NVIDIA GPU Computing Toolkit\CUDA\v9.2\libnvvp;;C:\ProgramData\Oracle\Java\javapath;C:\Program Files (x86)\Intel\iCLS Client\;C:\Program Files\Intel\iCLS Client\;C:\Windows\system32;C:\Windows;C:\Windows\System32\Wbem;C:\Windows\System32\WindowsPowerShell\v1.0\;C:\Program Files (x86)\Intel\Intel(R) Management Engine Components\DAL;C:\Program Files\Intel\Intel(R) Management Engine Components\DAL;C:\Program Files (x86)\Intel\Intel(R) Management Engine Components\IPT;C:\Program Files\Intel\Intel(R) Management Engine Components\IPT;C:\Program Files (x86)\NVIDIA Corporation\PhysX\Common;C:\WINDOWS\system32;C:\WINDOWS;C:\WINDOWS\System32\Wbem;C:\WINDOWS\System32\WindowsPowerShell\v1.0\;C:\Program Files\nodejs\;C:\Program Files\PuTTY\;C:\Program Files (x86)\Gpg4win\..\GnuPG\bin;C:\HashiCorp\Vagrant\bin;C:\WINDOWS\System32\OpenSSH\;C:\Program Files\Git\cmd;C:\Users\PARI\Documents\apache-maven-3.5.3\bin;C:\Program Files (x86)\sbt\bin;C:\Program Files\NVIDIA Corporation\NVIDIA NvDLISR;C:\Users\PARI\AppData\Local\Programs\Python\Python37-32\Scripts\;C:\Users\PARI\AppData\Local\Programs\Python\Python37-32\;C:\Users\PARI\AppData\Local\Microsoft\WindowsApps;C:\Users\PARI\AppData\Local\GitHubDesktop\bin;C:\ProgramData\PARI\GitHubDesktop\bin;C:\Users\PARI\AppData\Roaming\npm;C:\Users\PARI\AppData\Local\Microsoft\WindowsApps;C:\Program Files\Heroku\bin;C:\Users\PARI\AppData\Local\Google\Cloud SDK\google-cloud-sdk\bin;C:\WINDOWS\System32;
USERNAME=PARI
OS=Windows_NT
PROCESSOR_IDENTIFIER=Intel64 Family 6 Model 158 Stepping 9, GenuineIntel



---------------  S Y S T E M  ---------------

OS: Windows 10.0 , 64 bit Build 17134 (10.0.17134.753)

CPU:total 8 (initial active 8) (4 cores per cpu, 2 threads per core) family 6 model 158 stepping 9, cmov, cx8, fxsr, mmx, sse, sse2, sse3, ssse3, sse4.1, sse4.2, popcnt, avx, avx2, aes, clmul, erms, 3dnowpref, lzcnt, ht, tsc, tscinvbit, bmi1, bmi2, adx

Memory: 4k page, physical 16659684k(9561972k free), swap 19150052k(10187844k free)

vm_info: Java HotSpot(TM) 64-Bit Server VM (25.221-b11) for windows-amd64 JRE (1.8.0_221-b11), built on Jul  4 2019 04:39:29 by "java_re" with MS VC++ 10.0 (VS2010)

time: Wed Jul 17 09:29:08 2019
timezone: India Standard Time
elapsed time: 8 seconds (0d 0h 0m 8s)

