#
# A fatal error has been detected by the Java Runtime Environment:
#
#  EXCEPTION_ACCESS_VIOLATION (0xc0000005) at pc=0x00007ffa0c48440b, pid=13524, tid=0x000000000000229c
#
# JRE version: Java(TM) SE Runtime Environment (8.0_221-b11) (build 1.8.0_221-b11)
# Java VM: Java HotSpot(TM) 64-Bit Server VM (25.221-b11 mixed mode windows-amd64 compressed oops)
# Problematic frame:
# C  [msvcrt.dll+0x7440b]
#
# Failed to write core dump. Minidumps are not enabled by default on client versions of Windows
#
# If you would like to submit a bug report, please visit:
#   http://bugreport.java.com/bugreport/crash.jsp
# The crash happened outside the Java Virtual Machine in native code.
# See problematic frame for where to report the bug.
#

---------------  T H R E A D  ---------------

Current thread (0x0000000021339800):  JavaThread "AMDSI prefetch thread" daemon [_thread_in_native, id=8860, stack(0x0000000038bf0000,0x0000000038cf0000)]

siginfo: ExceptionCode=0xc0000005, writing address 0x000000003931a000

Registers:
RAX=0x0000000000000002, RBX=0x00000000213399f8, RCX=0x000000003931a000, RDX=0x000000068a4f86b8
RSP=0x0000000038ceef18, RBP=0x0000000038cef038, RSI=0x0000000000000000, RDI=0x0000000039230080
R8 =0xfffffffffff161ff, R9 =0x07ffffffffffffff, R10=0x000000000000000c, R11=0x0000000039230080
R12=0x0000000038cef030, R13=0xffffffffffffffff, R14=0x00000006c3728738, R15=0x0000000021339800
RIP=0x00007ffa0c48440b, EFLAGS=0x0000000000010202

Top of Stack: (sp=0x0000000038ceef18)
0x0000000038ceef18:   0000000066b5a1a0 00000000213399f8
0x0000000038ceef28:   0000000038cef038 0000000000000000
0x0000000038ceef38:   00000007c0105ae8 000000001c224368
0x0000000038ceef48:   0000000000000005 0000000002a280e0
0x0000000038ceef58:   0000000038cef000 0000000000000000
0x0000000038ceef68:   000000001c224368 0000000038cef038
0x0000000038ceef78:   0000000002a38c67 00000000213399f8
0x0000000038ceef88:   00000000213399f8 000000076b43d5f8
0x0000000038ceef98:   00000006c3728728 00000000ffffffff
0x0000000038ceefa8:   0000000002a391c6 00000000311476f0
0x0000000038ceefb8:   0000000000000005 0000000038ceefc0
0x0000000038ceefc8:   0000000000000000 0000000038cef038
0x0000000038ceefd8:   00000000390cd540 0000000000000000
0x0000000038ceefe8:   000000001c224368 0000000000000000
0x0000000038ceeff8:   0000000038cef020 0000000038cef080
0x0000000038cef008:   0000000002a280e0 0000000000000000 

Instructions: (pc=0x00007ffa0c48440b)
0x00007ffa0c4843eb:   c1 80 00 00 00 ff c8 75 ec 48 81 e9 00 02 00 00
0x00007ffa0c4843fb:   b8 08 00 00 00 f3 0f 6f 04 11 f3 0f 6f 4c 11 10
0x00007ffa0c48440b:   66 0f e7 01 66 0f e7 49 10 48 83 c1 40 f3 0f 6f
0x00007ffa0c48441b:   44 11 e0 f3 0f 6f 4c 11 f0 66 0f e7 41 e0 66 0f 


Register to memory mapping:

RAX=0x0000000000000002 is an unknown value
RBX=0x00000000213399f8 is an unknown value
RCX=0x000000003931a000 is an unknown value
RDX=0x000000068a4f86b8 is an unknown value
RSP=0x0000000038ceef18 is pointing into the stack for thread: 0x0000000021339800
RBP=0x0000000038cef038 is pointing into the stack for thread: 0x0000000021339800
RSI=0x0000000000000000 is an unknown value
RDI=0x0000000039230080 is an unknown value
R8 =0xfffffffffff161ff is an unknown value
R9 =0x07ffffffffffffff is an unknown value
R10=0x000000000000000c is an unknown value
R11=0x0000000039230080 is an unknown value
R12=0x0000000038cef030 is pointing into the stack for thread: 0x0000000021339800
R13=0xffffffffffffffff is an unknown value
R14=0x00000006c3728738 is pointing into object: 0x00000006c3728728
[B 
 - klass: {type array byte}
 - length: 148822
R15=0x0000000021339800 is a thread


Stack: [0x0000000038bf0000,0x0000000038cf0000],  sp=0x0000000038ceef18,  free space=1019k
Native frames: (J=compiled Java code, j=interpreted, Vv=VM code, C=native code)
C  [msvcrt.dll+0x7440b]
C  [jnind4jcpu.dll+0x2da1a0]
C  0x0000000002a38c67

Java frames: (J=compiled Java code, j=interpreted, Vv=VM code)
j  org.bytedeco.javacpp.BytePointer.put([BII)Lorg/bytedeco/javacpp/BytePointer;+0
j  org.datavec.image.loader.NativeImageLoader.streamToMat(Ljava/io/InputStream;)Lorg/bytedeco/javacpp/opencv_core$Mat;+66
j  org.datavec.image.loader.NativeImageLoader.asMatrixView(Ljava/io/InputStream;Lorg/nd4j/linalg/api/ndarray/INDArray;)V+2
j  org.datavec.image.loader.NativeImageLoader.asMatrixView(Ljava/io/File;Lorg/nd4j/linalg/api/ndarray/INDArray;)V+22
j  org.datavec.image.recordreader.BaseImageRecordReader.next(I)Ljava/util/List;+431
J 1962 C1 org.deeplearning4j.datasets.datavec.RecordReaderMultiDataSetIterator.next(I)Lorg/nd4j/linalg/dataset/api/MultiDataSet; (738 bytes) @ 0x00000000031a0754 [0x000000000319ea00+0x1d54]
j  org.deeplearning4j.datasets.datavec.RecordReaderMultiDataSetIterator.next()Lorg/nd4j/linalg/dataset/api/MultiDataSet;+5
j  org.deeplearning4j.datasets.datavec.RecordReaderMultiDataSetIterator.next()Ljava/lang/Object;+1
j  org.deeplearning4j.datasets.iterator.AsyncMultiDataSetIterator$AsyncPrefetchThread.run()V+93
v  ~StubRoutines::call_stub

---------------  P R O C E S S  ---------------

Java Threads: ( => current thread )
=>0x0000000021339800 JavaThread "AMDSI prefetch thread" daemon [_thread_in_native, id=8860, stack(0x0000000038bf0000,0x0000000038cf0000)]
  0x000000002133a000 JavaThread "Thread-3" daemon [_thread_blocked, id=8952, stack(0x0000000032480000,0x0000000032580000)]
  0x0000000021337000 JavaThread "New I/O server boss #17" [_thread_in_native, id=7132, stack(0x0000000032260000,0x0000000032360000)]
  0x0000000021335800 JavaThread "New I/O worker #16" [_thread_in_native, id=6264, stack(0x0000000032160000,0x0000000032260000)]
  0x0000000021333000 JavaThread "New I/O worker #15" [_thread_in_native, id=11284, stack(0x0000000032060000,0x0000000032160000)]
  0x0000000021337800 JavaThread "New I/O worker #14" [_thread_in_native, id=3448, stack(0x0000000031f60000,0x0000000032060000)]
  0x0000000021338800 JavaThread "New I/O worker #13" [_thread_in_native, id=10400, stack(0x0000000031e60000,0x0000000031f60000)]
  0x0000000021334800 JavaThread "New I/O worker #12" [_thread_in_native, id=3444, stack(0x0000000031d60000,0x0000000031e60000)]
  0x0000000021336000 JavaThread "New I/O worker #11" [_thread_in_native, id=740, stack(0x0000000031c60000,0x0000000031d60000)]
  0x0000000020d4e000 JavaThread "New I/O worker #10" [_thread_in_native, id=4912, stack(0x0000000031b60000,0x0000000031c60000)]
  0x0000000020d4d000 JavaThread "New I/O worker #9" [_thread_in_native, id=9956, stack(0x0000000031a60000,0x0000000031b60000)]
  0x0000000020d4e800 JavaThread "New I/O worker #8" [_thread_in_native, id=1428, stack(0x0000000031960000,0x0000000031a60000)]
  0x0000000020d4b800 JavaThread "New I/O worker #7" [_thread_in_native, id=1088, stack(0x0000000031860000,0x0000000031960000)]
  0x0000000020d4b000 JavaThread "New I/O worker #6" [_thread_in_native, id=2816, stack(0x0000000031760000,0x0000000031860000)]
  0x0000000020d50000 JavaThread "New I/O worker #5" [_thread_in_native, id=6456, stack(0x0000000031660000,0x0000000031760000)]
  0x0000000020d51000 JavaThread "New I/O worker #4" [_thread_in_native, id=12020, stack(0x0000000031560000,0x0000000031660000)]
  0x0000000020d4c800 JavaThread "New I/O worker #3" [_thread_in_native, id=12632, stack(0x0000000031460000,0x0000000031560000)]
  0x0000000020d4f800 JavaThread "New I/O worker #2" [_thread_in_native, id=12608, stack(0x0000000031360000,0x0000000031460000)]
  0x0000000020d51800 JavaThread "New I/O worker #1" [_thread_in_native, id=11148, stack(0x0000000031260000,0x0000000031360000)]
  0x00000000302f1000 JavaThread "application-akka.actor.default-dispatcher-4" [_thread_blocked, id=6596, stack(0x0000000030f60000,0x0000000031060000)]
  0x000000002163a000 JavaThread "application-akka.actor.default-dispatcher-3" [_thread_blocked, id=11984, stack(0x0000000030e60000,0x0000000030f60000)]
  0x000000001f9ec800 JavaThread "application-akka.actor.default-dispatcher-2" [_thread_blocked, id=11224, stack(0x0000000030d60000,0x0000000030e60000)]
  0x000000001f908800 JavaThread "application-scheduler-1" [_thread_blocked, id=3496, stack(0x0000000030a60000,0x0000000030b60000)]
  0x000000001fe28800 JavaThread "NativeRandomDeallocator thread 0" daemon [_thread_blocked, id=10756, stack(0x0000000028570000,0x0000000028670000)]
  0x00000000212e9800 JavaThread "JavaCPP Deallocator" daemon [_thread_blocked, id=8628, stack(0x0000000021bc0000,0x0000000021cc0000)]
  0x0000000020f89000 JavaThread "Workspace deallocator thread" daemon [_thread_blocked, id=2560, stack(0x00000000208d0000,0x00000000209d0000)]
  0x000000001e3cb800 JavaThread "Service Thread" daemon [_thread_blocked, id=8468, stack(0x000000001ef00000,0x000000001f000000)]
  0x000000001e34d800 JavaThread "C1 CompilerThread3" daemon [_thread_blocked, id=1212, stack(0x000000001ee00000,0x000000001ef00000)]
  0x000000001e346800 JavaThread "C2 CompilerThread2" daemon [_thread_blocked, id=1216, stack(0x000000001ed00000,0x000000001ee00000)]
  0x000000001e342800 JavaThread "C2 CompilerThread1" daemon [_thread_blocked, id=1336, stack(0x000000001ec00000,0x000000001ed00000)]
  0x000000001e33f800 JavaThread "C2 CompilerThread0" daemon [_thread_blocked, id=1248, stack(0x000000001eb00000,0x000000001ec00000)]
  0x000000001e33d800 JavaThread "Attach Listener" daemon [_thread_blocked, id=2772, stack(0x000000001ea00000,0x000000001eb00000)]
  0x000000001e33c800 JavaThread "Signal Dispatcher" daemon [_thread_blocked, id=8108, stack(0x000000001e900000,0x000000001ea00000)]
  0x000000001e320800 JavaThread "Finalizer" daemon [_thread_blocked, id=1348, stack(0x000000001e700000,0x000000001e800000)]
  0x000000001c443000 JavaThread "Reference Handler" daemon [_thread_blocked, id=7324, stack(0x000000001e200000,0x000000001e300000)]
  0x0000000002931000 JavaThread "main" [_thread_in_native, id=3612, stack(0x00000000027a0000,0x00000000028a0000)]

Other Threads:
  0x000000001c43d000 VMThread [stack: 0x000000001e100000,0x000000001e200000] [id=8048]
  0x000000001e40f000 WatcherThread [stack: 0x000000001f000000,0x000000001f100000] [id=12980]

VM state:not at safepoint (normal execution)

VM Mutex/Monitor currently owned by a thread: None

heap address: 0x00000006c1c00000, size: 4068 MB, Compressed Oops mode: Zero based, Oop shift amount: 3
Narrow klass base: 0x0000000000000000, Narrow klass shift: 3
Compressed class space size: 1073741824 Address: 0x00000007c0000000

Heap:
 PSYoungGen      total 116224K, used 8091K [0x000000076b400000, 0x0000000778380000, 0x00000007c0000000)
  eden space 115200K, 7% used [0x000000076b400000,0x000000076bbe6d18,0x0000000772480000)
  from space 1024K, 0% used [0x0000000778280000,0x0000000778280000,0x0000000778380000)
  to   space 27136K, 0% used [0x0000000774e80000,0x0000000774e80000,0x0000000776900000)
 ParOldGen       total 168960K, used 28200K [0x00000006c1c00000, 0x00000006cc100000, 0x000000076b400000)
  object space 168960K, 16% used [0x00000006c1c00000,0x00000006c378a370,0x00000006cc100000)
 Metaspace       used 35158K, capacity 35522K, committed 35672K, reserved 1079296K
  class space    used 5247K, capacity 5337K, committed 5376K, reserved 1048576K

Card table byte_map: [0x0000000011de0000,0x00000000125e0000] byte_map_base: 0x000000000e7d2000

Marking Bits: (ParMarkBitMap*) 0x000000006fa45ce0
 Begin Bits: [0x0000000013330000, 0x00000000172c0000)
 End Bits:   [0x00000000172c0000, 0x000000001b250000)

Polling page: 0x00000000007a0000

CodeCache: size=245760Kb used=8323Kb max_used=9629Kb free=237436Kb
 bounds [0x0000000002a20000, 0x00000000033a0000, 0x0000000011a20000]
 total_blobs=3064 nmethods=2304 adapters=672
 compilation: enabled

Compilation events (10 events):
Event: 20.670 Thread 0x000000001e34d800 2893   !   3       java.lang.ClassLoader::definePackage (77 bytes)
Event: 20.670 Thread 0x000000001e34d800 nmethod 2893 0x0000000002ee2d50 code [0x0000000002ee2f00, 0x0000000002ee35b8]
Event: 20.682 Thread 0x000000001e34d800 2894       3       com.google.common.primitives.Ints$IntArrayAsList::size (10 bytes)
Event: 20.682 Thread 0x000000001e34d800 nmethod 2894 0x00000000032b11d0 code [0x00000000032b1320, 0x00000000032b1470]
Event: 20.692 Thread 0x000000001e34d800 2895       3       org.nd4j.linalg.indexing.NDArrayIndex::validate (112 bytes)
Event: 20.693 Thread 0x000000001e34d800 nmethod 2895 0x0000000002c7b450 code [0x0000000002c7b6e0, 0x0000000002c7c9a8]
Event: 20.707 Thread 0x000000001e34d800 2896       3       org.nd4j.linalg.api.ops.executioner.DefaultOpExecutioner::checkWorkspace (188 bytes)
Event: 20.708 Thread 0x000000001e34d800 nmethod 2896 0x0000000003061490 code [0x0000000003061920, 0x0000000003064378]
Event: 20.710 Thread 0x000000001e34d800 2897       1       org.nd4j.linalg.indexing.ShapeOffsetResolution::getShapes (5 bytes)
Event: 20.710 Thread 0x000000001e34d800 nmethod 2897 0x00000000032b0f10 code [0x00000000032b1060, 0x00000000032b1170]

GC Heap History (10 events):
Event: 17.482 GC heap before
{Heap before GC invocations=8 (full 1):
 PSYoungGen      total 149504K, used 131070K [0x000000076b400000, 0x000000077b880000, 0x00000007c0000000)
  eden space 125440K, 100% used [0x000000076b400000,0x0000000772e80000,0x0000000772e80000)
  from space 24064K, 23% used [0x0000000774780000,0x0000000774cff9f8,0x0000000775f00000)
  to   space 25600K, 0% used [0x0000000772e80000,0x0000000772e80000,0x0000000774780000)
 ParOldGen       total 125952K, used 29389K [0x00000006c1c00000, 0x00000006c9700000, 0x000000076b400000)
  object space 125952K, 23% used [0x00000006c1c00000,0x00000006c38b3740,0x00000006c9700000)
 Metaspace       used 30748K, capacity 31134K, committed 31232K, reserved 1075200K
  class space    used 4754K, capacity 4855K, committed 4864K, reserved 1048576K
Event: 17.486 GC heap after
Heap after GC invocations=8 (full 1):
 PSYoungGen      total 151040K, used 6651K [0x000000076b400000, 0x000000077b580000, 0x00000007c0000000)
  eden space 125440K, 0% used [0x000000076b400000,0x000000076b400000,0x0000000772e80000)
  from space 25600K, 25% used [0x0000000772e80000,0x00000007734fec78,0x0000000774780000)
  to   space 26112K, 0% used [0x0000000779c00000,0x0000000779c00000,0x000000077b580000)
 ParOldGen       total 125952K, used 29397K [0x00000006c1c00000, 0x00000006c9700000, 0x000000076b400000)
  object space 125952K, 23% used [0x00000006c1c00000,0x00000006c38b5740,0x00000006c9700000)
 Metaspace       used 30748K, capacity 31134K, committed 31232K, reserved 1075200K
  class space    used 4754K, capacity 4855K, committed 4864K, reserved 1048576K
}
Event: 19.090 GC heap before
{Heap before GC invocations=9 (full 1):
 PSYoungGen      total 151040K, used 132091K [0x000000076b400000, 0x000000077b580000, 0x00000007c0000000)
  eden space 125440K, 100% used [0x000000076b400000,0x0000000772e80000,0x0000000772e80000)
  from space 25600K, 25% used [0x0000000772e80000,0x00000007734fec78,0x0000000774780000)
  to   space 26112K, 0% used [0x0000000779c00000,0x0000000779c00000,0x000000077b580000)
 ParOldGen       total 125952K, used 29397K [0x00000006c1c00000, 0x00000006c9700000, 0x000000076b400000)
  object space 125952K, 23% used [0x00000006c1c00000,0x00000006c38b5740,0x00000006c9700000)
 Metaspace       used 34133K, capacity 34498K, committed 34816K, reserved 1079296K
  class space    used 5180K, capacity 5273K, committed 5376K, reserved 1048576K
Event: 19.093 GC heap after
Heap after GC invocations=9 (full 1):
 PSYoungGen      total 127488K, used 5499K [0x000000076b400000, 0x000000077a180000, 0x00000007c0000000)
  eden space 121856K, 0% used [0x000000076b400000,0x000000076b400000,0x0000000772b00000)
  from space 5632K, 97% used [0x0000000779c00000,0x000000077a15ed38,0x000000077a180000)
  to   space 26112K, 0% used [0x0000000776e80000,0x0000000776e80000,0x0000000778800000)
 ParOldGen       total 125952K, used 29405K [0x00000006c1c00000, 0x00000006c9700000, 0x000000076b400000)
  object space 125952K, 23% used [0x00000006c1c00000,0x00000006c38b7740,0x00000006c9700000)
 Metaspace       used 34133K, capacity 34498K, committed 34816K, reserved 1079296K
  class space    used 5180K, capacity 5273K, committed 5376K, reserved 1048576K
}
Event: 19.526 GC heap before
{Heap before GC invocations=10 (full 1):
 PSYoungGen      total 127488K, used 127355K [0x000000076b400000, 0x000000077a180000, 0x00000007c0000000)
  eden space 121856K, 100% used [0x000000076b400000,0x0000000772b00000,0x0000000772b00000)
  from space 5632K, 97% used [0x0000000779c00000,0x000000077a15ed38,0x000000077a180000)
  to   space 26112K, 0% used [0x0000000776e80000,0x0000000776e80000,0x0000000778800000)
 ParOldGen       total 125952K, used 29405K [0x00000006c1c00000, 0x00000006c9700000, 0x000000076b400000)
  object space 125952K, 23% used [0x00000006c1c00000,0x00000006c38b7740,0x00000006c9700000)
 Metaspace       used 34506K, capacity 34914K, committed 35072K, reserved 1079296K
  class space    used 5184K, capacity 5305K, committed 5376K, reserved 1048576K
Event: 19.529 GC heap after
Heap after GC invocations=10 (full 1):
 PSYoungGen      total 120320K, used 2004K [0x000000076b400000, 0x0000000779c80000, 0x00000007c0000000)
  eden space 118272K, 0% used [0x000000076b400000,0x000000076b400000,0x0000000772780000)
  from space 2048K, 97% used [0x0000000776e80000,0x00000007770751f8,0x0000000777080000)
  to   space 26624K, 0% used [0x0000000778280000,0x0000000778280000,0x0000000779c80000)
 ParOldGen       total 125952K, used 30623K [0x00000006c1c00000, 0x00000006c9700000, 0x000000076b400000)
  object space 125952K, 24% used [0x00000006c1c00000,0x00000006c39e7f30,0x00000006c9700000)
 Metaspace       used 34506K, capacity 34914K, committed 35072K, reserved 1079296K
  class space    used 5184K, capacity 5305K, committed 5376K, reserved 1048576K
}
Event: 20.515 GC heap before
{Heap before GC invocations=11 (full 1):
 PSYoungGen      total 120320K, used 83611K [0x000000076b400000, 0x0000000779c80000, 0x00000007c0000000)
  eden space 118272K, 68% used [0x000000076b400000,0x00000007703b1ce0,0x0000000772780000)
  from space 2048K, 97% used [0x0000000776e80000,0x00000007770751f8,0x0000000777080000)
  to   space 26624K, 0% used [0x0000000778280000,0x0000000778280000,0x0000000779c80000)
 ParOldGen       total 125952K, used 30623K [0x00000006c1c00000, 0x00000006c9700000, 0x000000076b400000)
  object space 125952K, 24% used [0x00000006c1c00000,0x00000006c39e7f30,0x00000006c9700000)
 Metaspace       used 34889K, capacity 35266K, committed 35416K, reserved 1079296K
  class space    used 5218K, capacity 5337K, committed 5376K, reserved 1048576K
Event: 20.517 GC heap after
Heap after GC invocations=11 (full 1):
 PSYoungGen      total 116224K, used 655K [0x000000076b400000, 0x0000000778380000, 0x00000007c0000000)
  eden space 115200K, 0% used [0x000000076b400000,0x000000076b400000,0x0000000772480000)
  from space 1024K, 64% used [0x0000000778280000,0x0000000778323da8,0x0000000778380000)
  to   space 27136K, 0% used [0x0000000774e80000,0x0000000774e80000,0x0000000776900000)
 ParOldGen       total 125952K, used 32422K [0x00000006c1c00000, 0x00000006c9700000, 0x000000076b400000)
  object space 125952K, 25% used [0x00000006c1c00000,0x00000006c3ba9920,0x00000006c9700000)
 Metaspace       used 34889K, capacity 35266K, committed 35416K, reserved 1079296K
  class space    used 5218K, capacity 5337K, committed 5376K, reserved 1048576K
}
Event: 20.517 GC heap before
{Heap before GC invocations=12 (full 2):
 PSYoungGen      total 116224K, used 655K [0x000000076b400000, 0x0000000778380000, 0x00000007c0000000)
  eden space 115200K, 0% used [0x000000076b400000,0x000000076b400000,0x0000000772480000)
  from space 1024K, 64% used [0x0000000778280000,0x0000000778323da8,0x0000000778380000)
  to   space 27136K, 0% used [0x0000000774e80000,0x0000000774e80000,0x0000000776900000)
 ParOldGen       total 125952K, used 32422K [0x00000006c1c00000, 0x00000006c9700000, 0x000000076b400000)
  object space 125952K, 25% used [0x00000006c1c00000,0x00000006c3ba9920,0x00000006c9700000)
 Metaspace       used 34889K, capacity 35266K, committed 35416K, reserved 1079296K
  class space    used 5218K, capacity 5337K, committed 5376K, reserved 1048576K
Event: 20.553 GC heap after
Heap after GC invocations=12 (full 2):
 PSYoungGen      total 116224K, used 0K [0x000000076b400000, 0x0000000778380000, 0x00000007c0000000)
  eden space 115200K, 0% used [0x000000076b400000,0x000000076b400000,0x0000000772480000)
  from space 1024K, 0% used [0x0000000778280000,0x0000000778280000,0x0000000778380000)
  to   space 27136K, 0% used [0x0000000774e80000,0x0000000774e80000,0x0000000776900000)
 ParOldGen       total 168960K, used 28200K [0x00000006c1c00000, 0x00000006cc100000, 0x000000076b400000)
  object space 168960K, 16% used [0x00000006c1c00000,0x00000006c378a370,0x00000006cc100000)
 Metaspace       used 34889K, capacity 35266K, committed 35416K, reserved 1079296K
  class space    used 5218K, capacity 5337K, committed 5376K, reserved 1048576K
}

Deoptimization events (10 events):
Event: 17.433 Thread 0x0000000002931000 Uncommon trap: reason=unstable_if action=reinterpret pc=0x0000000002f7053c method=java.util.concurrent.ConcurrentHashMap.putVal(Ljava/lang/Object;Ljava/lang/Object;Z)Ljava/lang/Object; @ 181
Event: 17.459 Thread 0x0000000002931000 Uncommon trap: reason=class_check action=maybe_recompile pc=0x0000000002dfe954 method=java.lang.AbstractStringBuilder.append(Ljava/lang/CharSequence;)Ljava/lang/AbstractStringBuilder; @ 10
Event: 17.623 Thread 0x0000000002931000 Uncommon trap: reason=unstable_if action=reinterpret pc=0x00000000031025e0 method=sun.security.provider.SecureRandom.engineNextBytes([B)V @ 12
Event: 17.626 Thread 0x0000000002931000 Uncommon trap: reason=bimorphic action=maybe_recompile pc=0x00000000030d5e0c method=java.util.Collections$UnmodifiableCollection.contains(Ljava/lang/Object;)Z @ 5
Event: 17.640 Thread 0x0000000002931000 Uncommon trap: reason=bimorphic action=maybe_recompile pc=0x00000000030d5e0c method=java.util.Collections$UnmodifiableCollection.contains(Ljava/lang/Object;)Z @ 5
Event: 17.640 Thread 0x0000000002931000 Uncommon trap: reason=bimorphic action=maybe_recompile pc=0x00000000030d5e0c method=java.util.Collections$UnmodifiableCollection.contains(Ljava/lang/Object;)Z @ 5
Event: 17.641 Thread 0x0000000002931000 Uncommon trap: reason=bimorphic action=maybe_recompile pc=0x00000000030d5e0c method=java.util.Collections$UnmodifiableCollection.contains(Ljava/lang/Object;)Z @ 5
Event: 20.574 Thread 0x0000000002931000 Uncommon trap: reason=speculate_class_check action=maybe_recompile pc=0x0000000003038fe0 method=java.util.ArrayList.<init>(Ljava/util/Collection;)V @ 36
Event: 20.574 Thread 0x0000000002931000 Uncommon trap: reason=speculate_class_check action=maybe_recompile pc=0x0000000003038fe0 method=java.util.ArrayList.<init>(Ljava/util/Collection;)V @ 36
Event: 20.580 Thread 0x0000000002931000 Uncommon trap: reason=unstable_if action=reinterpret pc=0x0000000002de5820 method=java.lang.Integer.parseInt(Ljava/lang/String;I)I @ 122

Classes redefined (0 events):
No events

Internal exceptions (10 events):
Event: 19.879 Thread 0x0000000021339800 Exception <a 'sun/nio/fs/WindowsException'> (0x000000076ffda538) thrown at [C:\re\workspace\8-2-build-windows-amd64-cygwin\jdk8u221\13320\hotspot\src\share\vm\prims\jni.cpp, line 710]
Event: 19.879 Thread 0x0000000021339800 Exception <a 'sun/nio/fs/WindowsException'> (0x000000076ffdb798) thrown at [C:\re\workspace\8-2-build-windows-amd64-cygwin\jdk8u221\13320\hotspot\src\share\vm\prims\jni.cpp, line 710]
Event: 19.879 Thread 0x0000000021339800 Exception <a 'sun/nio/fs/WindowsException'> (0x000000076ffdca48) thrown at [C:\re\workspace\8-2-build-windows-amd64-cygwin\jdk8u221\13320\hotspot\src\share\vm\prims\jni.cpp, line 710]
Event: 19.879 Thread 0x0000000021339800 Exception <a 'sun/nio/fs/WindowsException'> (0x000000076ffddc80) thrown at [C:\re\workspace\8-2-build-windows-amd64-cygwin\jdk8u221\13320\hotspot\src\share\vm\prims\jni.cpp, line 710]
Event: 19.880 Thread 0x0000000021339800 Exception <a 'sun/nio/fs/WindowsException'> (0x000000076ffdef28) thrown at [C:\re\workspace\8-2-build-windows-amd64-cygwin\jdk8u221\13320\hotspot\src\share\vm\prims\jni.cpp, line 710]
Event: 19.880 Thread 0x0000000021339800 Exception <a 'sun/nio/fs/WindowsException'> (0x000000076ffe0188) thrown at [C:\re\workspace\8-2-build-windows-amd64-cygwin\jdk8u221\13320\hotspot\src\share\vm\prims\jni.cpp, line 710]
Event: 19.880 Thread 0x0000000021339800 Exception <a 'sun/nio/fs/WindowsException'> (0x000000076ffe1430) thrown at [C:\re\workspace\8-2-build-windows-amd64-cygwin\jdk8u221\13320\hotspot\src\share\vm\prims\jni.cpp, line 710]
Event: 19.880 Thread 0x0000000021339800 Exception <a 'sun/nio/fs/WindowsException'> (0x000000076ffe2548) thrown at [C:\re\workspace\8-2-build-windows-amd64-cygwin\jdk8u221\13320\hotspot\src\share\vm\prims\jni.cpp, line 710]
Event: 19.880 Thread 0x0000000021339800 Exception <a 'sun/nio/fs/WindowsException'> (0x000000076ffe3610) thrown at [C:\re\workspace\8-2-build-windows-amd64-cygwin\jdk8u221\13320\hotspot\src\share\vm\prims\jni.cpp, line 710]
Event: 19.880 Thread 0x0000000021339800 Exception <a 'sun/nio/fs/WindowsException'> (0x000000076ffe46e0) thrown at [C:\re\workspace\8-2-build-windows-amd64-cygwin\jdk8u221\13320\hotspot\src\share\vm\prims\jni.cpp, line 710]

Events (10 events):
Event: 20.609 loading class org/nd4j/linalg/api/blas/params/GemmParams
Event: 20.609 loading class org/nd4j/linalg/api/blas/params/GemmParams done
Event: 20.650 loading class org/nd4j/linalg/api/ops/executioner/OpExecutionerUtil
Event: 20.650 loading class org/nd4j/linalg/api/ops/executioner/OpExecutionerUtil done
Event: 20.652 loading class org/nd4j/linalg/api/ops/impl/transforms/RectifedLinear
Event: 20.652 loading class org/nd4j/linalg/api/ops/impl/transforms/RectifedLinear done
Event: 20.669 loading class org/nd4j/linalg/api/ops/impl/transforms/arithmetic/OldMulOp
Event: 20.669 loading class org/nd4j/linalg/api/ops/impl/transforms/arithmetic/OldMulOp done
Event: 20.680 loading class org/nd4j/linalg/api/ops/impl/transforms/arithmetic/OldAddOp
Event: 20.680 loading class org/nd4j/linalg/api/ops/impl/transforms/arithmetic/OldAddOp done


Dynamic libraries:
0x00007ff6bdd30000 - 0x00007ff6bdd67000 	C:\Program Files\Java\jre1.8.0_221\bin\javaw.exe
0x00007ffa0de60000 - 0x00007ffa0e041000 	C:\WINDOWS\SYSTEM32\ntdll.dll
0x00007ffa0bec0000 - 0x00007ffa0bf71000 	C:\WINDOWS\System32\KERNEL32.DLL
0x00007ffa0a5d0000 - 0x00007ffa0a843000 	C:\WINDOWS\System32\KERNELBASE.dll
0x000000006ebc0000 - 0x000000006eee5000 	C:\Program Files (x86)\Norton Security\NortonData\22.8.0.50\Definitions\IPSDefs\20190716.061\IPSEng64.dll
0x00007ffa0b480000 - 0x00007ffa0b521000 	C:\WINDOWS\System32\ADVAPI32.dll
0x00007ffa0c410000 - 0x00007ffa0c4ae000 	C:\WINDOWS\System32\msvcrt.dll
0x00007ffa0ba80000 - 0x00007ffa0badb000 	C:\WINDOWS\System32\sechost.dll
0x00007ffa0c230000 - 0x00007ffa0c354000 	C:\WINDOWS\System32\RPCRT4.dll
0x00007ffa0c4b0000 - 0x00007ffa0c4b8000 	C:\WINDOWS\System32\PSAPI.DLL
0x00007ffa0b2f0000 - 0x00007ffa0b480000 	C:\WINDOWS\System32\USER32.dll
0x00007ffa0b270000 - 0x00007ffa0b290000 	C:\WINDOWS\System32\win32u.dll
0x00007ffa0c110000 - 0x00007ffa0c138000 	C:\WINDOWS\System32\GDI32.dll
0x00007ffa0a230000 - 0x00007ffa0a3c1000 	C:\WINDOWS\System32\gdi32full.dll
0x00007ffa0a850000 - 0x00007ffa0a8ef000 	C:\WINDOWS\System32\msvcp_win.dll
0x00007ffa0a480000 - 0x00007ffa0a578000 	C:\WINDOWS\System32\ucrtbase.dll
0x00007ff9fda30000 - 0x00007ff9fdc99000 	C:\WINDOWS\WinSxS\amd64_microsoft.windows.common-controls_6595b64144ccf1df_6.0.17134.885_none_fb42a3473065565f\COMCTL32.dll
0x00007ffa0b530000 - 0x00007ffa0b852000 	C:\WINDOWS\System32\combase.dll
0x00007ffa0b000000 - 0x00007ffa0b079000 	C:\WINDOWS\System32\bcryptPrimitives.dll
0x00007ffa0bf80000 - 0x00007ffa0bfad000 	C:\WINDOWS\System32\IMM32.DLL
0x000000006eae0000 - 0x000000006ebb2000 	C:\Program Files\Java\jre1.8.0_221\bin\msvcr100.dll
0x000000006f220000 - 0x000000006fac5000 	C:\Program Files\Java\jre1.8.0_221\bin\server\jvm.dll
0x00007ffa055f0000 - 0x00007ffa055f9000 	C:\WINDOWS\SYSTEM32\WSOCK32.dll
0x00007ffa04e70000 - 0x00007ffa04e7a000 	C:\WINDOWS\SYSTEM32\VERSION.dll
0x00007ffa04350000 - 0x00007ffa04373000 	C:\WINDOWS\SYSTEM32\WINMM.dll
0x00007ffa0bfc0000 - 0x00007ffa0c02c000 	C:\WINDOWS\System32\WS2_32.dll
0x00007ffa04320000 - 0x00007ffa0434a000 	C:\WINDOWS\SYSTEM32\WINMMBASE.dll
0x00007ffa0a580000 - 0x00007ffa0a5c9000 	C:\WINDOWS\System32\cfgmgr32.dll
0x00007ffa04f00000 - 0x00007ffa04f0f000 	C:\Program Files\Java\jre1.8.0_221\bin\verify.dll
0x00007ff9e6940000 - 0x00007ff9e6969000 	C:\Program Files\Java\jre1.8.0_221\bin\java.dll
0x00007ff9e3c60000 - 0x00007ff9e3c76000 	C:\Program Files\Java\jre1.8.0_221\bin\zip.dll
0x00007ffa0c520000 - 0x00007ffa0d960000 	C:\WINDOWS\System32\SHELL32.dll
0x00007ffa0c360000 - 0x00007ffa0c409000 	C:\WINDOWS\System32\shcore.dll
0x00007ffa0a8f0000 - 0x00007ffa0affd000 	C:\WINDOWS\System32\windows.storage.dll
0x00007ffa0c4c0000 - 0x00007ffa0c511000 	C:\WINDOWS\System32\shlwapi.dll
0x00007ffa0a1f0000 - 0x00007ffa0a201000 	C:\WINDOWS\System32\kernel.appcore.dll
0x00007ffa0a1d0000 - 0x00007ffa0a1ef000 	C:\WINDOWS\System32\profapi.dll
0x00007ffa0a180000 - 0x00007ffa0a1cc000 	C:\WINDOWS\System32\powrprof.dll
0x00007ffa0a170000 - 0x00007ffa0a17a000 	C:\WINDOWS\System32\FLTLIB.DLL
0x00007ff9e3c40000 - 0x00007ff9e3c5a000 	C:\Program Files\Java\jre1.8.0_221\bin\net.dll
0x00007ff9fc260000 - 0x00007ff9fc429000 	C:\WINDOWS\SYSTEM32\urlmon.dll
0x00007ff9fbf90000 - 0x00007ff9fc236000 	C:\WINDOWS\SYSTEM32\iertutil.dll
0x00007ffa09bc0000 - 0x00007ffa09bcb000 	C:\WINDOWS\SYSTEM32\CRYPTBASE.DLL
0x00007ffa099f0000 - 0x00007ffa09a56000 	C:\WINDOWS\system32\mswsock.dll
0x00007ff9e1250000 - 0x00007ff9e1262000 	C:\Program Files\Java\jre1.8.0_221\bin\nio.dll
0x0000000064940000 - 0x0000000064955000 	C:\Users\PARI\.javacpp\cache\mkl-dnn-0.16-1.4.3-windows-x86_64.jar\org\bytedeco\javacpp\windows-x86_64\libwinpthread-1.dll
0x0000000061440000 - 0x000000006145c000 	C:\Users\PARI\.javacpp\cache\mkl-dnn-0.16-1.4.3-windows-x86_64.jar\org\bytedeco\javacpp\windows-x86_64\libgcc_s_seh-1.dll
0x0000000063600000 - 0x000000006362f000 	C:\Users\PARI\.javacpp\cache\mkl-dnn-0.16-1.4.3-windows-x86_64.jar\org\bytedeco\javacpp\windows-x86_64\libgomp-1.dll
0x000000006fc40000 - 0x000000006fda6000 	C:\Users\PARI\.javacpp\cache\mkl-dnn-0.16-1.4.3-windows-x86_64.jar\org\bytedeco\javacpp\windows-x86_64\libstdc++-6.dll
0x00007ffa01370000 - 0x00007ffa0145f000 	C:\Users\PARI\.javacpp\cache\mkl-dnn-0.16-1.4.3-windows-x86_64.jar\org\bytedeco\javacpp\windows-x86_64\msvcr120.dll
0x00007ff9cb720000 - 0x00007ff9cb8e9000 	C:\Users\PARI\.javacpp\cache\mkl-dnn-0.16-1.4.3-windows-x86_64.jar\org\bytedeco\javacpp\windows-x86_64\libiomp5md.dll
0x00007ff996020000 - 0x00007ff99d57a000 	C:\Users\PARI\.javacpp\cache\mkl-dnn-0.16-1.4.3-windows-x86_64.jar\org\bytedeco\javacpp\windows-x86_64\mklml.dll
0x0000000062100000 - 0x0000000062646000 	C:\Users\PARI\.javacpp\cache\mkl-dnn-0.16-1.4.3-windows-x86_64.jar\org\bytedeco\javacpp\windows-x86_64\libmkldnn.dll
0x0000000069480000 - 0x000000006a651000 	C:\Users\PARI\.javacpp\cache\nd4j-native-1.0.0-beta3-windows-x86_64.jar\org\nd4j\nativeblas\windows-x86_64\libnd4jcpu.dll
0x0000000066880000 - 0x0000000066e14000 	C:\Users\PARI\.javacpp\cache\nd4j-native-1.0.0-beta3-windows-x86_64.jar\org\nd4j\nativeblas\windows-x86_64\jnind4jcpu.dll
0x00007ff98eac0000 - 0x00007ff99601a000 	C:\Users\PARI\.javacpp\cache\mkl-dnn-0.16-1.4.3-windows-x86_64.jar\org\bytedeco\javacpp\windows-x86_64\libopenblas_nolapack.dll
0x0000000071000000 - 0x000000007105c000 	C:\Users\PARI\.javacpp\cache\openblas-0.3.3-1.4.3-windows-x86_64.jar\org\bytedeco\javacpp\windows-x86_64\jniopenblas_nolapack.dll
0x00007ffa09ba0000 - 0x00007ffa09bb7000 	C:\WINDOWS\SYSTEM32\CRYPTSP.dll
0x00007ffa095e0000 - 0x00007ffa09613000 	C:\WINDOWS\system32\rsaenh.dll
0x00007ffa09cd0000 - 0x00007ffa09cf5000 	C:\WINDOWS\SYSTEM32\bcrypt.dll
0x00007ffa0a0a0000 - 0x00007ffa0a0c8000 	C:\WINDOWS\SYSTEM32\USERENV.dll
0x00007ffa09780000 - 0x00007ffa097b8000 	C:\WINDOWS\SYSTEM32\IPHLPAPI.DLL
0x00007ffa0bfb0000 - 0x00007ffa0bfb8000 	C:\WINDOWS\System32\NSI.dll
0x00007ffa041c0000 - 0x00007ffa041d6000 	C:\WINDOWS\SYSTEM32\dhcpcsvc6.DLL
0x00007ffa04160000 - 0x00007ffa0417a000 	C:\WINDOWS\SYSTEM32\dhcpcsvc.DLL
0x00007ff9cb2c0000 - 0x00007ff9cb459000 	C:\Program Files\Java\jre1.8.0_221\bin\awt.dll
0x00007ffa0c030000 - 0x00007ffa0c0f2000 	C:\WINDOWS\System32\OLEAUT32.dll
0x00007ffa085c0000 - 0x00007ffa0864b000 	C:\WINDOWS\SYSTEM32\apphelp.dll
0x000000002f9e0000 - 0x000000002f9e3000 	C:\Users\PARI\.javacpp\cache\hdf5-1.10.3-1.4.3-windows-x86_64.jar\org\bytedeco\javacpp\windows-x86_64\api-ms-win-crt-locale-l1-1-0.dll
0x000000002f9f0000 - 0x000000002f9f4000 	C:\Users\PARI\.javacpp\cache\hdf5-1.10.3-1.4.3-windows-x86_64.jar\org\bytedeco\javacpp\windows-x86_64\api-ms-win-crt-string-l1-1-0.dll
0x000000002fa00000 - 0x000000002fa04000 	C:\Users\PARI\.javacpp\cache\hdf5-1.10.3-1.4.3-windows-x86_64.jar\org\bytedeco\javacpp\windows-x86_64\api-ms-win-crt-stdio-l1-1-0.dll
0x000000002fa10000 - 0x000000002fa15000 	C:\Users\PARI\.javacpp\cache\hdf5-1.10.3-1.4.3-windows-x86_64.jar\org\bytedeco\javacpp\windows-x86_64\api-ms-win-crt-math-l1-1-0.dll
0x000000002fa20000 - 0x000000002fa23000 	C:\Users\PARI\.javacpp\cache\hdf5-1.10.3-1.4.3-windows-x86_64.jar\org\bytedeco\javacpp\windows-x86_64\api-ms-win-crt-heap-l1-1-0.dll
0x000000002fa30000 - 0x000000002fa34000 	C:\Users\PARI\.javacpp\cache\hdf5-1.10.3-1.4.3-windows-x86_64.jar\org\bytedeco\javacpp\windows-x86_64\api-ms-win-crt-runtime-l1-1-0.dll
0x000000002fa40000 - 0x000000002fa44000 	C:\Users\PARI\.javacpp\cache\hdf5-1.10.3-1.4.3-windows-x86_64.jar\org\bytedeco\javacpp\windows-x86_64\api-ms-win-crt-convert-l1-1-0.dll
0x000000002fa50000 - 0x000000002fa53000 	C:\Users\PARI\.javacpp\cache\hdf5-1.10.3-1.4.3-windows-x86_64.jar\org\bytedeco\javacpp\windows-x86_64\api-ms-win-crt-environment-l1-1-0.dll
0x000000002fa60000 - 0x000000002fa63000 	C:\Users\PARI\.javacpp\cache\hdf5-1.10.3-1.4.3-windows-x86_64.jar\org\bytedeco\javacpp\windows-x86_64\api-ms-win-crt-time-l1-1-0.dll
0x000000002fa70000 - 0x000000002fa73000 	C:\Users\PARI\.javacpp\cache\hdf5-1.10.3-1.4.3-windows-x86_64.jar\org\bytedeco\javacpp\windows-x86_64\api-ms-win-crt-filesystem-l1-1-0.dll
0x000000002fa80000 - 0x000000002fa83000 	C:\Users\PARI\.javacpp\cache\hdf5-1.10.3-1.4.3-windows-x86_64.jar\org\bytedeco\javacpp\windows-x86_64\api-ms-win-crt-utility-l1-1-0.dll
0x0000000032360000 - 0x0000000032365000 	C:\Users\PARI\.javacpp\cache\hdf5-1.10.3-1.4.3-windows-x86_64.jar\org\bytedeco\javacpp\windows-x86_64\api-ms-win-crt-multibyte-l1-1-0.dll
0x00007ffa070e0000 - 0x00007ffa070f7000 	C:\Users\PARI\.javacpp\cache\hdf5-1.10.3-1.4.3-windows-x86_64.jar\org\bytedeco\javacpp\windows-x86_64\vcruntime140.dll
0x00007ffa07040000 - 0x00007ffa070dd000 	C:\Users\PARI\.javacpp\cache\hdf5-1.10.3-1.4.3-windows-x86_64.jar\org\bytedeco\javacpp\windows-x86_64\msvcp140.dll
0x00007ffa015a0000 - 0x00007ffa015f1000 	C:\Users\PARI\.javacpp\cache\hdf5-1.10.3-1.4.3-windows-x86_64.jar\org\bytedeco\javacpp\windows-x86_64\concrt140.dll
0x00007ffa06900000 - 0x00007ffa0692e000 	C:\Users\PARI\.javacpp\cache\opencv-3.4.3-1.4.3-windows-x86_64.jar\org\bytedeco\javacpp\windows-x86_64\vcomp140.dll
0x00007ff9c8560000 - 0x00007ff9c8867000 	C:\Users\PARI\.javacpp\cache\opencv-3.4.3-1.4.3-windows-x86_64.jar\org\bytedeco\javacpp\windows-x86_64\opencv_core343.dll
0x00007ff9c8140000 - 0x00007ff9c855c000 	C:\Users\PARI\.javacpp\cache\opencv-3.4.3-1.4.3-windows-x86_64.jar\org\bytedeco\javacpp\windows-x86_64\opencv_imgproc343.dll
0x00007ff9c4310000 - 0x00007ff9c46ba000 	C:\Users\PARI\.javacpp\cache\opencv-3.4.3-1.4.3-windows-x86_64.jar\org\bytedeco\javacpp\windows-x86_64\jniopencv_core.dll
0x00007ff9cb160000 - 0x00007ff9cb2b8000 	C:\Users\PARI\.javacpp\cache\opencv-3.4.3-1.4.3-windows-x86_64.jar\org\bytedeco\javacpp\windows-x86_64\jniopencv_imgproc.dll
0x00007ff9c4020000 - 0x00007ff9c4304000 	C:\Users\PARI\.javacpp\cache\opencv-3.4.3-1.4.3-windows-x86_64.jar\org\bytedeco\javacpp\windows-x86_64\opencv_imgcodecs343.dll
0x00007ffa04960000 - 0x00007ffa04994000 	C:\Users\PARI\.javacpp\cache\opencv-3.4.3-1.4.3-windows-x86_64.jar\org\bytedeco\javacpp\windows-x86_64\jniopencv_imgcodecs.dll
0x00007ffa02590000 - 0x00007ffa02759000 	C:\WINDOWS\SYSTEM32\dbghelp.dll

VM Arguments:
jvm_args: -Dfile.encoding=Cp1252 
java_command: deep.learning.cnn.ImageClassifier2
java_class_path (initial): C:\Program Files\Java\jre1.8.0_221\lib\resources.jar;C:\Program Files\Java\jre1.8.0_221\lib\rt.jar;C:\Program Files\Java\jre1.8.0_221\lib\jsse.jar;C:\Program Files\Java\jre1.8.0_221\lib\jce.jar;C:\Program Files\Java\jre1.8.0_221\lib\charsets.jar;C:\Program Files\Java\jre1.8.0_221\lib\jfr.jar;C:\Program Files\Java\jre1.8.0_221\lib\ext\access-bridge-64.jar;C:\Program Files\Java\jre1.8.0_221\lib\ext\cldrdata.jar;C:\Program Files\Java\jre1.8.0_221\lib\ext\dnsns.jar;C:\Program Files\Java\jre1.8.0_221\lib\ext\jaccess.jar;C:\Program Files\Java\jre1.8.0_221\lib\ext\jfxrt.jar;C:\Program Files\Java\jre1.8.0_221\lib\ext\localedata.jar;C:\Program Files\Java\jre1.8.0_221\lib\ext\nashorn.jar;C:\Program Files\Java\jre1.8.0_221\lib\ext\sunec.jar;C:\Program Files\Java\jre1.8.0_221\lib\ext\sunjce_provider.jar;C:\Program Files\Java\jre1.8.0_221\lib\ext\sunmscapi.jar;C:\Program Files\Java\jre1.8.0_221\lib\ext\sunpkcs11.jar;C:\Program Files\Java\jre1.8.0_221\lib\ext\zipfs.jar;C:\Users\PARI\eclipse-workspace\deepfashion\target\classes;C:\Users\PARI\Downloads\ojdbc-full.tar\ojdbc-full\OJDBC-Full\ojdbc6.jar;C:\Users\PARI\Downloads\ojdbc-full.tar\ojdbc-full\OJDBC-Full\ojdbc7.jar;C:\Users\PARI\Downloads\ojdbc-full.tar\ojdbc-full\OJDBC-Full\ons.jar;C:\Users\PARI\Downloads\ojdbc-full.tar\ojdbc-full\OJDBC-Full\orai18n.jar;C:\Users\PARI\Downloads\ojdbc-full.tar\ojdbc-full\OJDBC-Full\simplefan.jar;C:\Users\PARI\Downloads\ojdbc-full.tar\ojdbc-full\OJDBC-Full\ucp.jar;C:\Users\PARI\Downloads\ojdbc-full.tar\ojdbc-full\OJDBC-Full\xdb6.jar;C:\Users\PARI\.m2\repository\commons-io\commons-io\2.5\commons-io-2.5.jar;C:\Users\PARI\.m2\repository\log4j\log4j\1.2.17\log4j-1.2.17.jar;C:\Users\PARI\.m2\repository\com\opencsv\opencsv\4.1\opencsv-4.1.jar;C:\Users\PARI\.m2\repository\org\apache\commons\commons-lang3\3.6\commons-lang3-3.6.jar;C:\Users\PARI\.m2\repository\org\apache\commons\commons-text\1.1\commons-text-1.1.jar;C:\Users\PARI\.m2\repository\commons-beanutils\commons-beanu
Launcher Type: SUN_STANDARD

Environment Variables:
JAVA_HOME=C:\Program Files\Java\jdk1.8.0_161
PATH=C:/Program Files/Java/jre1.8.0_221/bin/server;C:/Program Files/Java/jre1.8.0_221/bin;C:/Program Files/Java/jre1.8.0_221/lib/amd64;C:\Program Files (x86)\Common Files\Oracle\Java\javapath;D:\app\client\PARI\product\12.2.0\client_2\bin;D:\app\client\PARI\product\12.2.0\client_1\bin;D:\app\PARI\product\12.2.0\client_1;C:\Program Files\NVIDIA GPU Computing Toolkit\CUDA\v9.2\bin;C:\Program Files\NVIDIA GPU Computing Toolkit\CUDA\v9.2\libnvvp;;C:\ProgramData\Oracle\Java\javapath;C:\Program Files (x86)\Intel\iCLS Client\;C:\Program Files\Intel\iCLS Client\;C:\Windows\system32;C:\Windows;C:\Windows\System32\Wbem;C:\Windows\System32\WindowsPowerShell\v1.0\;C:\Program Files (x86)\Intel\Intel(R) Management Engine Components\DAL;C:\Program Files\Intel\Intel(R) Management Engine Components\DAL;C:\Program Files (x86)\Intel\Intel(R) Management Engine Components\IPT;C:\Program Files\Intel\Intel(R) Management Engine Components\IPT;C:\Program Files (x86)\NVIDIA Corporation\PhysX\Common;C:\WINDOWS\system32;C:\WINDOWS;C:\WINDOWS\System32\Wbem;C:\WINDOWS\System32\WindowsPowerShell\v1.0\;C:\Program Files\nodejs\;C:\Program Files\PuTTY\;C:\Program Files (x86)\Gpg4win\..\GnuPG\bin;C:\HashiCorp\Vagrant\bin;C:\WINDOWS\System32\OpenSSH\;C:\Program Files\Git\cmd;C:\Users\PARI\Documents\apache-maven-3.5.3\bin;C:\Program Files (x86)\sbt\bin;C:\Program Files\NVIDIA Corporation\NVIDIA NvDLISR;C:\Users\PARI\AppData\Local\Programs\Python\Python37-32\Scripts\;C:\Users\PARI\AppData\Local\Programs\Python\Python37-32\;C:\Users\PARI\AppData\Local\Microsoft\WindowsApps;C:\Users\PARI\AppData\Local\GitHubDesktop\bin;C:\ProgramData\PARI\GitHubDesktop\bin;C:\Users\PARI\AppData\Roaming\npm;C:\Users\PARI\AppData\Local\Microsoft\WindowsApps;C:\Program Files\Heroku\bin;C:\Users\PARI\AppData\Local\Google\Cloud SDK\google-cloud-sdk\bin;C:\WINDOWS\system32;
USERNAME=PARI
OS=Windows_NT
PROCESSOR_IDENTIFIER=Intel64 Family 6 Model 158 Stepping 9, GenuineIntel



---------------  S Y S T E M  ---------------

OS: Windows 10.0 , 64 bit Build 17134 (10.0.17134.753)

CPU:total 8 (initial active 8) (4 cores per cpu, 2 threads per core) family 6 model 158 stepping 9, cmov, cx8, fxsr, mmx, sse, sse2, sse3, ssse3, sse4.1, sse4.2, popcnt, avx, avx2, aes, clmul, erms, 3dnowpref, lzcnt, ht, tsc, tscinvbit, bmi1, bmi2, adx

Memory: 4k page, physical 16659684k(11553836k free), swap 19150052k(12323856k free)

vm_info: Java HotSpot(TM) 64-Bit Server VM (25.221-b11) for windows-amd64 JRE (1.8.0_221-b11), built on Jul  4 2019 04:39:29 by "java_re" with MS VC++ 10.0 (VS2010)

time: Wed Jul 17 23:35:43 2019
timezone: India Standard Time
elapsed time: 20 seconds (0d 0h 0m 20s)

