#
# A fatal error has been detected by the Java Runtime Environment:
#
#  EXCEPTION_ACCESS_VIOLATION (0xc0000005) at pc=0x00007fffc24b440b, pid=14184, tid=0x0000000000003404
#
# JRE version: Java(TM) SE Runtime Environment (8.0_221-b11) (build 1.8.0_221-b11)
# Java VM: Java HotSpot(TM) 64-Bit Server VM (25.221-b11 mixed mode windows-amd64 compressed oops)
# Problematic frame:
# C  [msvcrt.dll+0x7440b]
#
# Failed to write core dump. Minidumps are not enabled by default on client versions of Windows
#
# If you would like to submit a bug report, please visit:
#   http://bugreport.java.com/bugreport/crash.jsp
# The crash happened outside the Java Virtual Machine in native code.
# See problematic frame for where to report the bug.
#

---------------  T H R E A D  ---------------

Current thread (0x0000000021bad800):  JavaThread "AMDSI prefetch thread" daemon [_thread_in_native, id=13316, stack(0x0000000039080000,0x0000000039180000)]

siginfo: ExceptionCode=0xc0000005, writing address 0x000000003a806000

Registers:
RAX=0x0000000000000002, RBX=0x0000000021bad9f8, RCX=0x000000003a806000, RDX=0x0000000732f79b70
RSP=0x000000003917ec28, RBP=0x000000003917ed50, RSI=0x0000000000000000, RDI=0x000000003a7e0080
R8 =0xfffffffffffda1ff, R9 =0x07ffffffffffffff, R10=0x000000000000000c, R11=0x000000003a7e0080
R12=0x000000003917ed48, R13=0xffffffffffffffff, R14=0x000000076d759bf0, R15=0x0000000021bad800
RIP=0x00007fffc24b440b, EFLAGS=0x0000000000010202

Top of Stack: (sp=0x000000003917ec28)
0x000000003917ec28:   0000000066b5a1a0 0000000021bad9f8
0x000000003917ec38:   000000003917ed50 0000000000000000
0x000000003917ec48:   00000007c0105ae8 000000001c5e5a20
0x000000003917ec58:   0000000000000005 0000000002de80e0
0x000000003917ec68:   000000003917ed18 0000000000000000
0x000000003917ec78:   000000001c5e5a20 000000003917ed50
0x000000003917ec88:   0000000002df8c67 0000000021bad9f8
0x000000003917ec98:   0000000021bad9f8 000000076d7d72c8
0x000000003917eca8:   000000076d7d5210 00000000ffffffff
0x000000003917ecb8:   0000000002df91c6 000000003157c4a8
0x000000003917ecc8:   0000000000000005 0000000021bad800
0x000000003917ecd8:   000000003917ecd8 0000000000000000
0x000000003917ece8:   000000003917ed50 000000003158f818
0x000000003917ecf8:   0000000000000000 000000001c5e5a20
0x000000003917ed08:   0000000000000000 000000003917ed38
0x000000003917ed18:   000000003917ed98 0000000002de80e0 

Instructions: (pc=0x00007fffc24b440b)
0x00007fffc24b43eb:   c1 80 00 00 00 ff c8 75 ec 48 81 e9 00 02 00 00
0x00007fffc24b43fb:   b8 08 00 00 00 f3 0f 6f 04 11 f3 0f 6f 4c 11 10
0x00007fffc24b440b:   66 0f e7 01 66 0f e7 49 10 48 83 c1 40 f3 0f 6f
0x00007fffc24b441b:   44 11 e0 f3 0f 6f 4c 11 f0 66 0f e7 41 e0 66 0f 


Register to memory mapping:

RAX=0x0000000000000002 is an unknown value
RBX=0x0000000021bad9f8 is an unknown value
RCX=0x000000003a806000 is an unknown value
RDX=0x0000000732f79b70 is an unallocated location in the heap
RSP=0x000000003917ec28 is pointing into the stack for thread: 0x0000000021bad800
RBP=0x000000003917ed50 is pointing into the stack for thread: 0x0000000021bad800
RSI=0x0000000000000000 is an unknown value
RDI=0x000000003a7e0080 is an unknown value
R8 =0xfffffffffffda1ff is an unknown value
R9 =0x07ffffffffffffff is an unknown value
R10=0x000000000000000c is an unknown value
R11=0x000000003a7e0080 is an unknown value
R12=0x000000003917ed48 is pointing into the stack for thread: 0x0000000021bad800
R13=0xffffffffffffffff is an unknown value
R14=0x000000076d759bf0 is an oop

[error occurred during error reporting (printing register info), id 0xc0000005]

Stack: [0x0000000039080000,0x0000000039180000],  sp=0x000000003917ec28,  free space=1019k
Native frames: (J=compiled Java code, j=interpreted, Vv=VM code, C=native code)
C  [msvcrt.dll+0x7440b]
C  [jnind4jcpu.dll+0x2da1a0]
C  0x0000000002df8c67

Java frames: (J=compiled Java code, j=interpreted, Vv=VM code)
j  org.bytedeco.javacpp.BytePointer.put([BII)Lorg/bytedeco/javacpp/BytePointer;+0
j  org.datavec.image.loader.NativeImageLoader.streamToMat(Ljava/io/InputStream;)Lorg/bytedeco/javacpp/opencv_core$Mat;+66
j  org.datavec.image.loader.NativeImageLoader.asMatrixView(Ljava/io/InputStream;Lorg/nd4j/linalg/api/ndarray/INDArray;)V+2
j  org.datavec.image.loader.NativeImageLoader.asMatrixView(Ljava/io/File;Lorg/nd4j/linalg/api/ndarray/INDArray;)V+22
j  org.datavec.image.recordreader.BaseImageRecordReader.next(I)Ljava/util/List;+431
j  org.deeplearning4j.datasets.datavec.RecordReaderMultiDataSetIterator.next(I)Lorg/nd4j/linalg/dataset/api/MultiDataSet;+126
j  org.deeplearning4j.datasets.datavec.RecordReaderMultiDataSetIterator.next()Lorg/nd4j/linalg/dataset/api/MultiDataSet;+5
j  org.deeplearning4j.datasets.datavec.RecordReaderMultiDataSetIterator.next()Ljava/lang/Object;+1
j  org.deeplearning4j.datasets.iterator.AsyncMultiDataSetIterator$AsyncPrefetchThread.run()V+93
v  ~StubRoutines::call_stub

---------------  P R O C E S S  ---------------

Java Threads: ( => current thread )
=>0x0000000021bad800 JavaThread "AMDSI prefetch thread" daemon [_thread_in_native, id=13316, stack(0x0000000039080000,0x0000000039180000)]
  0x0000000021bac000 JavaThread "Thread-3" daemon [_thread_blocked, id=13340, stack(0x0000000032900000,0x0000000032a00000)]
  0x0000000021bac800 JavaThread "New I/O server boss #17" [_thread_in_native, id=13512, stack(0x00000000326b0000,0x00000000327b0000)]
  0x0000000021ba4800 JavaThread "New I/O worker #16" [_thread_in_native, id=12716, stack(0x00000000325b0000,0x00000000326b0000)]
  0x0000000021bab000 JavaThread "New I/O worker #15" [_thread_in_native, id=10552, stack(0x00000000324b0000,0x00000000325b0000)]
  0x0000000021baa800 JavaThread "New I/O worker #14" [_thread_in_native, id=12220, stack(0x00000000323b0000,0x00000000324b0000)]
  0x0000000021ba3000 JavaThread "New I/O worker #13" [_thread_in_native, id=3364, stack(0x00000000322b0000,0x00000000323b0000)]
  0x0000000021ba9800 JavaThread "New I/O worker #12" [_thread_in_native, id=10068, stack(0x00000000321b0000,0x00000000322b0000)]
  0x0000000021ba9000 JavaThread "New I/O worker #11" [_thread_in_native, id=9580, stack(0x00000000320b0000,0x00000000321b0000)]
  0x0000000021ba3800 JavaThread "New I/O worker #10" [_thread_in_native, id=7860, stack(0x0000000031fb0000,0x00000000320b0000)]
  0x0000000021ba8000 JavaThread "New I/O worker #9" [_thread_in_native, id=9156, stack(0x0000000031eb0000,0x0000000031fb0000)]
  0x0000000021ba5000 JavaThread "New I/O worker #8" [_thread_in_native, id=11236, stack(0x0000000031db0000,0x0000000031eb0000)]
  0x0000000021ba7800 JavaThread "New I/O worker #7" [_thread_in_native, id=14136, stack(0x0000000031cb0000,0x0000000031db0000)]
  0x0000000021ba6800 JavaThread "New I/O worker #6" [_thread_in_native, id=12792, stack(0x0000000031bb0000,0x0000000031cb0000)]
  0x0000000021ba6000 JavaThread "New I/O worker #5" [_thread_in_native, id=12788, stack(0x0000000031ab0000,0x0000000031bb0000)]
  0x0000000021ba2000 JavaThread "New I/O worker #4" [_thread_in_native, id=12796, stack(0x00000000319b0000,0x0000000031ab0000)]
  0x0000000021076000 JavaThread "New I/O worker #3" [_thread_in_native, id=12804, stack(0x00000000318b0000,0x00000000319b0000)]
  0x0000000021076800 JavaThread "New I/O worker #2" [_thread_in_native, id=12808, stack(0x00000000317b0000,0x00000000318b0000)]
  0x0000000021077800 JavaThread "New I/O worker #1" [_thread_in_native, id=12812, stack(0x00000000316b0000,0x00000000317b0000)]
  0x0000000021075000 JavaThread "application-akka.actor.default-dispatcher-4" [_thread_blocked, id=13684, stack(0x00000000313b0000,0x00000000314b0000)]
  0x0000000021079000 JavaThread "application-akka.actor.default-dispatcher-3" [_thread_blocked, id=13304, stack(0x00000000312b0000,0x00000000313b0000)]
  0x0000000021074800 JavaThread "application-akka.actor.default-dispatcher-2" [_thread_blocked, id=8140, stack(0x000000002fd50000,0x000000002fe50000)]
  0x0000000021073800 JavaThread "application-scheduler-1" [_thread_blocked, id=13284, stack(0x000000002fc50000,0x000000002fd50000)]
  0x0000000021073000 JavaThread "NativeRandomDeallocator thread 0" daemon [_thread_blocked, id=7212, stack(0x0000000023440000,0x0000000023540000)]
  0x0000000021078000 JavaThread "JavaCPP Deallocator" daemon [_thread_blocked, id=400, stack(0x0000000021f70000,0x0000000022070000)]
  0x0000000021079800 JavaThread "Workspace deallocator thread" daemon [_thread_blocked, id=5844, stack(0x0000000020c90000,0x0000000020d90000)]
  0x000000001e7a5800 JavaThread "Service Thread" daemon [_thread_blocked, id=1760, stack(0x000000001f2c0000,0x000000001f3c0000)]
  0x000000001e721800 JavaThread "C1 CompilerThread3" daemon [_thread_blocked, id=1700, stack(0x000000001f1c0000,0x000000001f2c0000)]
  0x000000001e71d800 JavaThread "C2 CompilerThread2" daemon [_thread_blocked, id=1668, stack(0x000000001f0c0000,0x000000001f1c0000)]
  0x000000001e71a800 JavaThread "C2 CompilerThread1" daemon [_thread_blocked, id=2716, stack(0x000000001efc0000,0x000000001f0c0000)]
  0x000000001e713800 JavaThread "C2 CompilerThread0" daemon [_thread_blocked, id=6100, stack(0x000000001eec0000,0x000000001efc0000)]
  0x000000001e709800 JavaThread "Attach Listener" daemon [_thread_blocked, id=9448, stack(0x000000001edc0000,0x000000001eec0000)]
  0x000000001e708800 JavaThread "Signal Dispatcher" daemon [_thread_blocked, id=13208, stack(0x000000001ecc0000,0x000000001edc0000)]
  0x000000001e6f0800 JavaThread "Finalizer" daemon [_thread_blocked, id=14284, stack(0x000000001ead0000,0x000000001ebd0000)]
  0x000000001c803800 JavaThread "Reference Handler" daemon [_thread_blocked, id=7380, stack(0x000000001e5d0000,0x000000001e6d0000)]
  0x0000000002cf1800 JavaThread "main" [_thread_blocked, id=1096, stack(0x0000000002b20000,0x0000000002c20000)]

Other Threads:
  0x000000001c7fd000 VMThread [stack: 0x000000001e4d0000,0x000000001e5d0000] [id=4496]
  0x000000001e7e7800 WatcherThread [stack: 0x000000001f3c0000,0x000000001f4c0000] [id=5616]

VM state:not at safepoint (normal execution)

VM Mutex/Monitor currently owned by a thread: None

heap address: 0x00000006c1c00000, size: 4068 MB, Compressed Oops mode: Zero based, Oop shift amount: 3
Narrow klass base: 0x0000000000000000, Narrow klass shift: 3
Compressed class space size: 1073741824 Address: 0x00000007c0000000

Heap:
 PSYoungGen      total 324608K, used 42277K [0x000000076b400000, 0x0000000783a80000, 0x00000007c0000000)
  eden space 299008K, 12% used [0x000000076b400000,0x000000076d970938,0x000000077d800000)
  from space 25600K, 15% used [0x000000077f180000,0x000000077f558b38,0x0000000780a80000)
  to   space 26112K, 0% used [0x000000077d800000,0x000000077d800000,0x000000077f180000)
 ParOldGen       total 136192K, used 29311K [0x00000006c1c00000, 0x00000006ca100000, 0x000000076b400000)
  object space 136192K, 21% used [0x00000006c1c00000,0x00000006c389ff98,0x00000006ca100000)
 Metaspace       used 34520K, capacity 34914K, committed 35328K, reserved 1079296K
  class space    used 5203K, capacity 5305K, committed 5376K, reserved 1048576K

Card table byte_map: [0x00000000121a0000,0x00000000129a0000] byte_map_base: 0x000000000eb92000

Marking Bits: (ParMarkBitMap*) 0x000000005dbf5ce0
 Begin Bits: [0x00000000136f0000, 0x0000000017680000)
 End Bits:   [0x0000000017680000, 0x000000001b610000)

Polling page: 0x0000000000bb0000

CodeCache: size=245760Kb used=8073Kb max_used=8872Kb free=237686Kb
 bounds [0x0000000002de0000, 0x00000000036e0000, 0x0000000011de0000]
 total_blobs=2995 nmethods=2259 adapters=648
 compilation: enabled

Compilation events (10 events):
Event: 33.851 Thread 0x000000001e721800 2748       3       java.io.FilterInputStream::read (9 bytes)
Event: 33.852 Thread 0x000000001e721800 nmethod 2748 0x000000000368fdd0 code [0x000000000368ff40, 0x0000000003690168]
Event: 33.901 Thread 0x000000001e721800 2749       3       java.lang.Math::min (12 bytes)
Event: 33.901 Thread 0x000000001e721800 nmethod 2749 0x000000000368fa50 code [0x000000000368fba0, 0x000000000368fd30]
Event: 33.950 Thread 0x000000001e721800 2750       3       org.nd4j.linalg.api.buffer.LongBuffer::initTypeAndSize (14 bytes)
Event: 33.951 Thread 0x000000001e721800 nmethod 2750 0x000000000368f690 code [0x000000000368f7e0, 0x000000000368f950]
Event: 33.999 Thread 0x000000001e721800 2751       3       com.google.common.primitives.Ints$IntArrayAsList::size (10 bytes)
Event: 34.000 Thread 0x000000001e721800 nmethod 2751 0x0000000002f00110 code [0x0000000002f00260, 0x0000000002f003b0]
Event: 34.017 Thread 0x000000001e721800 2752       3       com.google.common.primitives.Ints::contains (36 bytes)
Event: 34.017 Thread 0x000000001e721800 nmethod 2752 0x0000000002effc50 code [0x0000000002effdc0, 0x0000000002f00010]

GC Heap History (10 events):
Event: 20.949 GC heap before
{Heap before GC invocations=5 (full 0):
 PSYoungGen      total 141824K, used 120005K [0x000000076b400000, 0x0000000774900000, 0x00000007c0000000)
  eden space 131072K, 83% used [0x000000076b400000,0x0000000771eb3620,0x0000000773400000)
  from space 10752K, 99% used [0x0000000773e80000,0x00000007748fdee0,0x0000000774900000)
  to   space 10752K, 0% used [0x0000000773400000,0x0000000773400000,0x0000000773e80000)
 ParOldGen       total 175104K, used 25269K [0x00000006c1c00000, 0x00000006cc700000, 0x000000076b400000)
  object space 175104K, 14% used [0x00000006c1c00000,0x00000006c34ad620,0x00000006cc700000)
 Metaspace       used 20961K, capacity 21168K, committed 21248K, reserved 1067008K
  class space    used 2976K, capacity 3048K, committed 3072K, reserved 1048576K
Event: 20.985 GC heap after
Heap after GC invocations=5 (full 0):
 PSYoungGen      total 141824K, used 10735K [0x000000076b400000, 0x000000077e300000, 0x00000007c0000000)
  eden space 131072K, 0% used [0x000000076b400000,0x000000076b400000,0x0000000773400000)
  from space 10752K, 99% used [0x0000000773400000,0x0000000773e7bd28,0x0000000773e80000)
  to   space 24064K, 0% used [0x000000077cb80000,0x000000077cb80000,0x000000077e300000)
 ParOldGen       total 175104K, used 30420K [0x00000006c1c00000, 0x00000006cc700000, 0x000000076b400000)
  object space 175104K, 17% used [0x00000006c1c00000,0x00000006c39b5010,0x00000006cc700000)
 Metaspace       used 20961K, capacity 21168K, committed 21248K, reserved 1067008K
  class space    used 2976K, capacity 3048K, committed 3072K, reserved 1048576K
}
Event: 20.985 GC heap before
{Heap before GC invocations=6 (full 1):
 PSYoungGen      total 141824K, used 10735K [0x000000076b400000, 0x000000077e300000, 0x00000007c0000000)
  eden space 131072K, 0% used [0x000000076b400000,0x000000076b400000,0x0000000773400000)
  from space 10752K, 99% used [0x0000000773400000,0x0000000773e7bd28,0x0000000773e80000)
  to   space 24064K, 0% used [0x000000077cb80000,0x000000077cb80000,0x000000077e300000)
 ParOldGen       total 175104K, used 30420K [0x00000006c1c00000, 0x00000006cc700000, 0x000000076b400000)
  object space 175104K, 17% used [0x00000006c1c00000,0x00000006c39b5010,0x00000006cc700000)
 Metaspace       used 20961K, capacity 21168K, committed 21248K, reserved 1067008K
  class space    used 2976K, capacity 3048K, committed 3072K, reserved 1048576K
Event: 21.168 GC heap after
Heap after GC invocations=6 (full 1):
 PSYoungGen      total 141824K, used 0K [0x000000076b400000, 0x000000077e300000, 0x00000007c0000000)
  eden space 131072K, 0% used [0x000000076b400000,0x000000076b400000,0x0000000773400000)
  from space 10752K, 0% used [0x0000000773400000,0x0000000773400000,0x0000000773e80000)
  to   space 24064K, 0% used [0x000000077cb80000,0x000000077cb80000,0x000000077e300000)
 ParOldGen       total 136192K, used 29287K [0x00000006c1c00000, 0x00000006ca100000, 0x000000076b400000)
  object space 136192K, 21% used [0x00000006c1c00000,0x00000006c3899f98,0x00000006ca100000)
 Metaspace       used 20961K, capacity 21168K, committed 21248K, reserved 1067008K
  class space    used 2976K, capacity 3048K, committed 3072K, reserved 1048576K
}
Event: 24.372 GC heap before
{Heap before GC invocations=7 (full 1):
 PSYoungGen      total 141824K, used 131072K [0x000000076b400000, 0x000000077e300000, 0x00000007c0000000)
  eden space 131072K, 100% used [0x000000076b400000,0x0000000773400000,0x0000000773400000)
  from space 10752K, 0% used [0x0000000773400000,0x0000000773400000,0x0000000773e80000)
  to   space 24064K, 0% used [0x000000077cb80000,0x000000077cb80000,0x000000077e300000)
 ParOldGen       total 136192K, used 29287K [0x00000006c1c00000, 0x00000006ca100000, 0x000000076b400000)
  object space 136192K, 21% used [0x00000006c1c00000,0x00000006c3899f98,0x00000006ca100000)
 Metaspace       used 26239K, capacity 26686K, committed 27008K, reserved 1073152K
  class space    used 3989K, capacity 4119K, committed 4224K, reserved 1048576K
Event: 24.385 GC heap after
Heap after GC invocations=7 (full 1):
 PSYoungGen      total 206848K, used 5843K [0x000000076b400000, 0x000000077d180000, 0x00000007c0000000)
  eden space 200704K, 0% used [0x000000076b400000,0x000000076b400000,0x0000000777800000)
  from space 6144K, 95% used [0x000000077cb80000,0x000000077d134eb8,0x000000077d180000)
  to   space 25600K, 0% used [0x0000000779f80000,0x0000000779f80000,0x000000077b880000)
 ParOldGen       total 136192K, used 29295K [0x00000006c1c00000, 0x00000006ca100000, 0x000000076b400000)
  object space 136192K, 21% used [0x00000006c1c00000,0x00000006c389bf98,0x00000006ca100000)
 Metaspace       used 26239K, capacity 26686K, committed 27008K, reserved 1073152K
  class space    used 3989K, capacity 4119K, committed 4224K, reserved 1048576K
}
Event: 28.810 GC heap before
{Heap before GC invocations=8 (full 1):
 PSYoungGen      total 206848K, used 206547K [0x000000076b400000, 0x000000077d180000, 0x00000007c0000000)
  eden space 200704K, 100% used [0x000000076b400000,0x0000000777800000,0x0000000777800000)
  from space 6144K, 95% used [0x000000077cb80000,0x000000077d134eb8,0x000000077d180000)
  to   space 25600K, 0% used [0x0000000779f80000,0x0000000779f80000,0x000000077b880000)
 ParOldGen       total 136192K, used 29295K [0x00000006c1c00000, 0x00000006ca100000, 0x000000076b400000)
  object space 136192K, 21% used [0x00000006c1c00000,0x00000006c389bf98,0x00000006ca100000)
 Metaspace       used 32779K, capacity 33186K, committed 33536K, reserved 1077248K
  class space    used 5004K, capacity 5113K, committed 5120K, reserved 1048576K
Event: 28.829 GC heap after
Heap after GC invocations=8 (full 1):
 PSYoungGen      total 266752K, used 8359K [0x000000076b400000, 0x0000000780a80000, 0x00000007c0000000)
  eden space 241152K, 0% used [0x000000076b400000,0x000000076b400000,0x0000000779f80000)
  from space 25600K, 32% used [0x0000000779f80000,0x000000077a7a9d78,0x000000077b880000)
  to   space 25600K, 0% used [0x000000077f180000,0x000000077f180000,0x0000000780a80000)
 ParOldGen       total 136192K, used 29303K [0x00000006c1c00000, 0x00000006ca100000, 0x000000076b400000)
  object space 136192K, 21% used [0x00000006c1c00000,0x00000006c389df98,0x00000006ca100000)
 Metaspace       used 32779K, capacity 33186K, committed 33536K, reserved 1077248K
  class space    used 5004K, capacity 5113K, committed 5120K, reserved 1048576K
}
Event: 32.828 GC heap before
{Heap before GC invocations=9 (full 1):
 PSYoungGen      total 266752K, used 249511K [0x000000076b400000, 0x0000000780a80000, 0x00000007c0000000)
  eden space 241152K, 100% used [0x000000076b400000,0x0000000779f80000,0x0000000779f80000)
  from space 25600K, 32% used [0x0000000779f80000,0x000000077a7a9d78,0x000000077b880000)
  to   space 25600K, 0% used [0x000000077f180000,0x000000077f180000,0x0000000780a80000)
 ParOldGen       total 136192K, used 29303K [0x00000006c1c00000, 0x00000006ca100000, 0x000000076b400000)
  object space 136192K, 21% used [0x00000006c1c00000,0x00000006c389df98,0x00000006ca100000)
 Metaspace       used 34467K, capacity 34850K, committed 35072K, reserved 1079296K
  class space    used 5198K, capacity 5305K, committed 5376K, reserved 1048576K
Event: 32.838 GC heap after
Heap after GC invocations=9 (full 1):
 PSYoungGen      total 324608K, used 3938K [0x000000076b400000, 0x0000000783a80000, 0x00000007c0000000)
  eden space 299008K, 0% used [0x000000076b400000,0x000000076b400000,0x000000077d800000)
  from space 25600K, 15% used [0x000000077f180000,0x000000077f558b38,0x0000000780a80000)
  to   space 26112K, 0% used [0x000000077d800000,0x000000077d800000,0x000000077f180000)
 ParOldGen       total 136192K, used 29311K [0x00000006c1c00000, 0x00000006ca100000, 0x000000076b400000)
  object space 136192K, 21% used [0x00000006c1c00000,0x00000006c389ff98,0x00000006ca100000)
 Metaspace       used 34467K, capacity 34850K, committed 35072K, reserved 1079296K
  class space    used 5198K, capacity 5305K, committed 5376K, reserved 1048576K
}

Deoptimization events (10 events):
Event: 26.097 Thread 0x0000000002cf1800 Uncommon trap: reason=unstable_if action=reinterpret pc=0x000000000357fa20 method=java.lang.AbstractStringBuilder.setLength(I)V @ 23
Event: 26.117 Thread 0x0000000021073800 Uncommon trap: reason=unstable_if action=reinterpret pc=0x000000000368d2fc method=akka.dispatch.AbstractNodeQueue.pollNode()Lakka/dispatch/AbstractNodeQueue$Node; @ 20
Event: 26.290 Thread 0x0000000002cf1800 Uncommon trap: reason=unstable_if action=reinterpret pc=0x0000000003652768 method=java.util.jar.Manifest.getTrustedAttributes(Ljava/lang/String;)Ljava/util/jar/Attributes; @ 7
Event: 26.741 Thread 0x0000000002cf1800 Uncommon trap: reason=unstable_if action=reinterpret pc=0x000000000330affc method=java.util.concurrent.ConcurrentHashMap.putVal(Ljava/lang/Object;Ljava/lang/Object;Z)Ljava/lang/Object; @ 181
Event: 26.827 Thread 0x0000000002cf1800 Uncommon trap: reason=class_check action=maybe_recompile pc=0x00000000031dec94 method=java.lang.AbstractStringBuilder.append(Ljava/lang/CharSequence;)Ljava/lang/AbstractStringBuilder; @ 10
Event: 27.489 Thread 0x0000000002cf1800 Uncommon trap: reason=bimorphic action=maybe_recompile pc=0x0000000003145e0c method=java.util.Collections$UnmodifiableCollection.contains(Ljava/lang/Object;)Z @ 5
Event: 27.530 Thread 0x0000000002cf1800 Uncommon trap: reason=bimorphic action=maybe_recompile pc=0x0000000003145e0c method=java.util.Collections$UnmodifiableCollection.contains(Ljava/lang/Object;)Z @ 5
Event: 27.532 Thread 0x0000000002cf1800 Uncommon trap: reason=bimorphic action=maybe_recompile pc=0x0000000003145e0c method=java.util.Collections$UnmodifiableCollection.contains(Ljava/lang/Object;)Z @ 5
Event: 27.535 Thread 0x0000000002cf1800 Uncommon trap: reason=bimorphic action=maybe_recompile pc=0x0000000003145e0c method=java.util.Collections$UnmodifiableCollection.contains(Ljava/lang/Object;)Z @ 5
Event: 31.130 Thread 0x0000000021073800 Uncommon trap: reason=unstable_if action=reinterpret pc=0x000000000368d6b8 method=akka.dispatch.AbstractNodeQueue.pollNode()Lakka/dispatch/AbstractNodeQueue$Node; @ 20

Classes redefined (0 events):
No events

Internal exceptions (10 events):
Event: 33.210 Thread 0x0000000021bad800 Exception <a 'sun/nio/fs/WindowsException'> (0x000000076d6feca8) thrown at [C:\re\workspace\8-2-build-windows-amd64-cygwin\jdk8u221\13320\hotspot\src\share\vm\prims\jni.cpp, line 710]
Event: 33.211 Thread 0x0000000021bad800 Exception <a 'sun/nio/fs/WindowsException'> (0x000000076d6fff08) thrown at [C:\re\workspace\8-2-build-windows-amd64-cygwin\jdk8u221\13320\hotspot\src\share\vm\prims\jni.cpp, line 710]
Event: 33.212 Thread 0x0000000021bad800 Exception <a 'sun/nio/fs/WindowsException'> (0x000000076d7011b8) thrown at [C:\re\workspace\8-2-build-windows-amd64-cygwin\jdk8u221\13320\hotspot\src\share\vm\prims\jni.cpp, line 710]
Event: 33.212 Thread 0x0000000021bad800 Exception <a 'sun/nio/fs/WindowsException'> (0x000000076d7023f0) thrown at [C:\re\workspace\8-2-build-windows-amd64-cygwin\jdk8u221\13320\hotspot\src\share\vm\prims\jni.cpp, line 710]
Event: 33.213 Thread 0x0000000021bad800 Exception <a 'sun/nio/fs/WindowsException'> (0x000000076d703698) thrown at [C:\re\workspace\8-2-build-windows-amd64-cygwin\jdk8u221\13320\hotspot\src\share\vm\prims\jni.cpp, line 710]
Event: 33.213 Thread 0x0000000021bad800 Exception <a 'sun/nio/fs/WindowsException'> (0x000000076d7048f8) thrown at [C:\re\workspace\8-2-build-windows-amd64-cygwin\jdk8u221\13320\hotspot\src\share\vm\prims\jni.cpp, line 710]
Event: 33.214 Thread 0x0000000021bad800 Exception <a 'sun/nio/fs/WindowsException'> (0x000000076d705ba0) thrown at [C:\re\workspace\8-2-build-windows-amd64-cygwin\jdk8u221\13320\hotspot\src\share\vm\prims\jni.cpp, line 710]
Event: 33.214 Thread 0x0000000021bad800 Exception <a 'sun/nio/fs/WindowsException'> (0x000000076d706cb8) thrown at [C:\re\workspace\8-2-build-windows-amd64-cygwin\jdk8u221\13320\hotspot\src\share\vm\prims\jni.cpp, line 710]
Event: 33.215 Thread 0x0000000021bad800 Exception <a 'sun/nio/fs/WindowsException'> (0x000000076d707d80) thrown at [C:\re\workspace\8-2-build-windows-amd64-cygwin\jdk8u221\13320\hotspot\src\share\vm\prims\jni.cpp, line 710]
Event: 33.216 Thread 0x0000000021bad800 Exception <a 'sun/nio/fs/WindowsException'> (0x000000076d708e50) thrown at [C:\re\workspace\8-2-build-windows-amd64-cygwin\jdk8u221\13320\hotspot\src\share\vm\prims\jni.cpp, line 710]

Events (10 events):
Event: 33.238 loading class org/bytedeco/javacpp/indexer/UByteBufferIndexer
Event: 33.238 loading class org/bytedeco/javacpp/indexer/UByteBufferIndexer done
Event: 33.239 loading class org/bytedeco/javacpp/indexer/UByteIndexer$1
Event: 33.239 loading class org/bytedeco/javacpp/indexer/UByteIndexer$1 done
Event: 33.240 loading class org/bytedeco/javacpp/indexer/UByteArrayIndexer
Event: 33.240 loading class org/bytedeco/javacpp/indexer/UByteArrayIndexer done
Event: 33.450 Thread 0x0000000021bad800 DEOPT PACKING pc=0x00000000030266dc sp=0x000000003917ea40
Event: 33.450 Thread 0x0000000021bad800 DEOPT UNPACKING pc=0x0000000002e27890 sp=0x000000003917e918 mode 0
Event: 33.485 Thread 0x0000000021bad800 DEOPT PACKING pc=0x00000000030266dc sp=0x000000003917ea40
Event: 33.485 Thread 0x0000000021bad800 DEOPT UNPACKING pc=0x0000000002e27890 sp=0x000000003917e918 mode 0


Dynamic libraries:
0x00007ff797c40000 - 0x00007ff797c77000 	C:\Program Files\Java\jre1.8.0_221\bin\javaw.exe
0x00007fffc4400000 - 0x00007fffc45e1000 	C:\WINDOWS\SYSTEM32\ntdll.dll
0x00007fffc2b90000 - 0x00007fffc2c41000 	C:\WINDOWS\System32\KERNEL32.DLL
0x00007fffc0fe0000 - 0x00007fffc1253000 	C:\WINDOWS\System32\KERNELBASE.dll
0x000000005cd70000 - 0x000000005d095000 	C:\Program Files (x86)\Norton Security\NortonData\22.8.0.50\Definitions\IPSDefs\20190716.061\IPSEng64.dll
0x00007fffc1e20000 - 0x00007fffc1ec1000 	C:\WINDOWS\System32\ADVAPI32.dll
0x00007fffc2440000 - 0x00007fffc24de000 	C:\WINDOWS\System32\msvcrt.dll
0x00007fffc1dc0000 - 0x00007fffc1e1b000 	C:\WINDOWS\System32\sechost.dll
0x00007fffc2160000 - 0x00007fffc2284000 	C:\WINDOWS\System32\RPCRT4.dll
0x00007fffc4090000 - 0x00007fffc4098000 	C:\WINDOWS\System32\PSAPI.DLL
0x00007fffc1890000 - 0x00007fffc1a20000 	C:\WINDOWS\System32\USER32.dll
0x00007fffc16f0000 - 0x00007fffc1710000 	C:\WINDOWS\System32\win32u.dll
0x00007fffc2710000 - 0x00007fffc2738000 	C:\WINDOWS\System32\GDI32.dll
0x00007fffc1360000 - 0x00007fffc14f1000 	C:\WINDOWS\System32\gdi32full.dll
0x00007fffc17f0000 - 0x00007fffc188f000 	C:\WINDOWS\System32\msvcp_win.dll
0x00007fffc1260000 - 0x00007fffc1358000 	C:\WINDOWS\System32\ucrtbase.dll
0x00007fffb4ab0000 - 0x00007fffb4d19000 	C:\WINDOWS\WinSxS\amd64_microsoft.windows.common-controls_6595b64144ccf1df_6.0.17134.885_none_fb42a3473065565f\COMCTL32.dll
0x00007fffc40a0000 - 0x00007fffc43c2000 	C:\WINDOWS\System32\combase.dll
0x00007fffc1770000 - 0x00007fffc17e9000 	C:\WINDOWS\System32\bcryptPrimitives.dll
0x00007fffc24e0000 - 0x00007fffc250d000 	C:\WINDOWS\System32\IMM32.DLL
0x000000005cc90000 - 0x000000005cd62000 	C:\Program Files\Java\jre1.8.0_221\bin\msvcr100.dll
0x000000005d3d0000 - 0x000000005dc75000 	C:\Program Files\Java\jre1.8.0_221\bin\server\jvm.dll
0x00007fffad110000 - 0x00007fffad119000 	C:\WINDOWS\SYSTEM32\WSOCK32.dll
0x00007fffbc130000 - 0x00007fffbc13a000 	C:\WINDOWS\SYSTEM32\VERSION.dll
0x00007fffbd5b0000 - 0x00007fffbd5d3000 	C:\WINDOWS\SYSTEM32\WINMM.dll
0x00007fffc20f0000 - 0x00007fffc215c000 	C:\WINDOWS\System32\WS2_32.dll
0x00007fffbd580000 - 0x00007fffbd5aa000 	C:\WINDOWS\SYSTEM32\WINMMBASE.dll
0x00007fffc0ee0000 - 0x00007fffc0f29000 	C:\WINDOWS\System32\cfgmgr32.dll
0x00007fffacdf0000 - 0x00007fffacdff000 	C:\Program Files\Java\jre1.8.0_221\bin\verify.dll
0x00007fff8e740000 - 0x00007fff8e769000 	C:\Program Files\Java\jre1.8.0_221\bin\java.dll
0x00007fffa7710000 - 0x00007fffa7726000 	C:\Program Files\Java\jre1.8.0_221\bin\zip.dll
0x00007fffc2c50000 - 0x00007fffc4090000 	C:\WINDOWS\System32\SHELL32.dll
0x00007fffc2040000 - 0x00007fffc20e9000 	C:\WINDOWS\System32\shcore.dll
0x00007fffc07d0000 - 0x00007fffc0edd000 	C:\WINDOWS\System32\windows.storage.dll
0x00007fffc1d60000 - 0x00007fffc1db1000 	C:\WINDOWS\System32\shlwapi.dll
0x00007fffc0790000 - 0x00007fffc07a1000 	C:\WINDOWS\System32\kernel.appcore.dll
0x00007fffc0770000 - 0x00007fffc078f000 	C:\WINDOWS\System32\profapi.dll
0x00007fffc0710000 - 0x00007fffc075c000 	C:\WINDOWS\System32\powrprof.dll
0x00007fffc0760000 - 0x00007fffc076a000 	C:\WINDOWS\System32\FLTLIB.DLL
0x00007fff99490000 - 0x00007fff994aa000 	C:\Program Files\Java\jre1.8.0_221\bin\net.dll
0x00007fffb1d70000 - 0x00007fffb1f39000 	C:\WINDOWS\SYSTEM32\urlmon.dll
0x00007fffb24f0000 - 0x00007fffb2796000 	C:\WINDOWS\SYSTEM32\iertutil.dll
0x00007fffc0160000 - 0x00007fffc016b000 	C:\WINDOWS\SYSTEM32\CRYPTBASE.DLL
0x00007fffbff90000 - 0x00007fffbfff6000 	C:\WINDOWS\system32\mswsock.dll
0x00007fff7e640000 - 0x00007fff7e652000 	C:\Program Files\Java\jre1.8.0_221\bin\nio.dll
0x0000000064940000 - 0x0000000064955000 	C:\Users\PARI\.javacpp\cache\mkl-dnn-0.16-1.4.3-windows-x86_64.jar\org\bytedeco\javacpp\windows-x86_64\libwinpthread-1.dll
0x0000000061440000 - 0x000000006145c000 	C:\Users\PARI\.javacpp\cache\mkl-dnn-0.16-1.4.3-windows-x86_64.jar\org\bytedeco\javacpp\windows-x86_64\libgcc_s_seh-1.dll
0x0000000063600000 - 0x000000006362f000 	C:\Users\PARI\.javacpp\cache\mkl-dnn-0.16-1.4.3-windows-x86_64.jar\org\bytedeco\javacpp\windows-x86_64\libgomp-1.dll
0x000000006fc40000 - 0x000000006fda6000 	C:\Users\PARI\.javacpp\cache\mkl-dnn-0.16-1.4.3-windows-x86_64.jar\org\bytedeco\javacpp\windows-x86_64\libstdc++-6.dll
0x00007fff793a0000 - 0x00007fff7948f000 	C:\Users\PARI\.javacpp\cache\mkl-dnn-0.16-1.4.3-windows-x86_64.jar\org\bytedeco\javacpp\windows-x86_64\msvcr120.dll
0x00007fff791d0000 - 0x00007fff79399000 	C:\Users\PARI\.javacpp\cache\mkl-dnn-0.16-1.4.3-windows-x86_64.jar\org\bytedeco\javacpp\windows-x86_64\libiomp5md.dll
0x00007fff5f6c0000 - 0x00007fff66c1a000 	C:\Users\PARI\.javacpp\cache\mkl-dnn-0.16-1.4.3-windows-x86_64.jar\org\bytedeco\javacpp\windows-x86_64\mklml.dll
0x0000000062100000 - 0x0000000062646000 	C:\Users\PARI\.javacpp\cache\mkl-dnn-0.16-1.4.3-windows-x86_64.jar\org\bytedeco\javacpp\windows-x86_64\libmkldnn.dll
0x0000000069480000 - 0x000000006a651000 	C:\Users\PARI\.javacpp\cache\nd4j-native-1.0.0-beta3-windows-x86_64.jar\org\nd4j\nativeblas\windows-x86_64\libnd4jcpu.dll
0x0000000066880000 - 0x0000000066e14000 	C:\Users\PARI\.javacpp\cache\nd4j-native-1.0.0-beta3-windows-x86_64.jar\org\nd4j\nativeblas\windows-x86_64\jnind4jcpu.dll
0x00007fff58160000 - 0x00007fff5f6ba000 	C:\Users\PARI\.javacpp\cache\mkl-dnn-0.16-1.4.3-windows-x86_64.jar\org\bytedeco\javacpp\windows-x86_64\libopenblas_nolapack.dll
0x0000000071000000 - 0x000000007105c000 	C:\Users\PARI\.javacpp\cache\openblas-0.3.3-1.4.3-windows-x86_64.jar\org\bytedeco\javacpp\windows-x86_64\jniopenblas_nolapack.dll
0x00007fffc0140000 - 0x00007fffc0157000 	C:\WINDOWS\SYSTEM32\CRYPTSP.dll
0x00007fffbfb80000 - 0x00007fffbfbb3000 	C:\WINDOWS\system32\rsaenh.dll
0x00007fffc0270000 - 0x00007fffc0295000 	C:\WINDOWS\SYSTEM32\bcrypt.dll
0x00007fffc0610000 - 0x00007fffc0638000 	C:\WINDOWS\SYSTEM32\USERENV.dll
0x00007fffbfd20000 - 0x00007fffbfd58000 	C:\WINDOWS\SYSTEM32\IPHLPAPI.DLL
0x00007fffc2430000 - 0x00007fffc2438000 	C:\WINDOWS\System32\NSI.dll
0x00007fffb5350000 - 0x00007fffb5366000 	C:\WINDOWS\SYSTEM32\dhcpcsvc6.DLL
0x00007fffb5e10000 - 0x00007fffb5e2a000 	C:\WINDOWS\SYSTEM32\dhcpcsvc.DLL
0x00007fff79030000 - 0x00007fff791c9000 	C:\Program Files\Java\jre1.8.0_221\bin\awt.dll
0x00007fffc1ae0000 - 0x00007fffc1ba2000 	C:\WINDOWS\System32\OLEAUT32.dll
0x00007fffbeaa0000 - 0x00007fffbeb2b000 	C:\WINDOWS\SYSTEM32\apphelp.dll
0x0000000002c90000 - 0x0000000002c93000 	C:\Users\PARI\.javacpp\cache\hdf5-1.10.3-1.4.3-windows-x86_64.jar\org\bytedeco\javacpp\windows-x86_64\api-ms-win-crt-locale-l1-1-0.dll
0x0000000002ca0000 - 0x0000000002ca4000 	C:\Users\PARI\.javacpp\cache\hdf5-1.10.3-1.4.3-windows-x86_64.jar\org\bytedeco\javacpp\windows-x86_64\api-ms-win-crt-string-l1-1-0.dll
0x0000000002cb0000 - 0x0000000002cb4000 	C:\Users\PARI\.javacpp\cache\hdf5-1.10.3-1.4.3-windows-x86_64.jar\org\bytedeco\javacpp\windows-x86_64\api-ms-win-crt-stdio-l1-1-0.dll
0x0000000002cc0000 - 0x0000000002cc5000 	C:\Users\PARI\.javacpp\cache\hdf5-1.10.3-1.4.3-windows-x86_64.jar\org\bytedeco\javacpp\windows-x86_64\api-ms-win-crt-math-l1-1-0.dll
0x0000000020d90000 - 0x0000000020d93000 	C:\Users\PARI\.javacpp\cache\hdf5-1.10.3-1.4.3-windows-x86_64.jar\org\bytedeco\javacpp\windows-x86_64\api-ms-win-crt-heap-l1-1-0.dll
0x0000000023540000 - 0x0000000023544000 	C:\Users\PARI\.javacpp\cache\hdf5-1.10.3-1.4.3-windows-x86_64.jar\org\bytedeco\javacpp\windows-x86_64\api-ms-win-crt-runtime-l1-1-0.dll
0x0000000023550000 - 0x0000000023554000 	C:\Users\PARI\.javacpp\cache\hdf5-1.10.3-1.4.3-windows-x86_64.jar\org\bytedeco\javacpp\windows-x86_64\api-ms-win-crt-convert-l1-1-0.dll
0x0000000023560000 - 0x0000000023563000 	C:\Users\PARI\.javacpp\cache\hdf5-1.10.3-1.4.3-windows-x86_64.jar\org\bytedeco\javacpp\windows-x86_64\api-ms-win-crt-environment-l1-1-0.dll
0x0000000023570000 - 0x0000000023573000 	C:\Users\PARI\.javacpp\cache\hdf5-1.10.3-1.4.3-windows-x86_64.jar\org\bytedeco\javacpp\windows-x86_64\api-ms-win-crt-time-l1-1-0.dll
0x0000000023580000 - 0x0000000023583000 	C:\Users\PARI\.javacpp\cache\hdf5-1.10.3-1.4.3-windows-x86_64.jar\org\bytedeco\javacpp\windows-x86_64\api-ms-win-crt-filesystem-l1-1-0.dll
0x00000000236d0000 - 0x00000000236d3000 	C:\Users\PARI\.javacpp\cache\hdf5-1.10.3-1.4.3-windows-x86_64.jar\org\bytedeco\javacpp\windows-x86_64\api-ms-win-crt-utility-l1-1-0.dll
0x00000000236e0000 - 0x00000000236e5000 	C:\Users\PARI\.javacpp\cache\hdf5-1.10.3-1.4.3-windows-x86_64.jar\org\bytedeco\javacpp\windows-x86_64\api-ms-win-crt-multibyte-l1-1-0.dll
0x00007fff80b50000 - 0x00007fff80b67000 	C:\Users\PARI\.javacpp\cache\hdf5-1.10.3-1.4.3-windows-x86_64.jar\org\bytedeco\javacpp\windows-x86_64\vcruntime140.dll
0x00007fff79e80000 - 0x00007fff79f1d000 	C:\Users\PARI\.javacpp\cache\hdf5-1.10.3-1.4.3-windows-x86_64.jar\org\bytedeco\javacpp\windows-x86_64\msvcp140.dll
0x00007fff7da40000 - 0x00007fff7da91000 	C:\Users\PARI\.javacpp\cache\hdf5-1.10.3-1.4.3-windows-x86_64.jar\org\bytedeco\javacpp\windows-x86_64\concrt140.dll
0x00007fff7da10000 - 0x00007fff7da3e000 	C:\Users\PARI\.javacpp\cache\opencv-3.4.3-1.4.3-windows-x86_64.jar\org\bytedeco\javacpp\windows-x86_64\vcomp140.dll
0x00007fff78d20000 - 0x00007fff79027000 	C:\Users\PARI\.javacpp\cache\opencv-3.4.3-1.4.3-windows-x86_64.jar\org\bytedeco\javacpp\windows-x86_64\opencv_core343.dll
0x00007fff78900000 - 0x00007fff78d1c000 	C:\Users\PARI\.javacpp\cache\opencv-3.4.3-1.4.3-windows-x86_64.jar\org\bytedeco\javacpp\windows-x86_64\opencv_imgproc343.dll
0x00007fff78550000 - 0x00007fff788fa000 	C:\Users\PARI\.javacpp\cache\opencv-3.4.3-1.4.3-windows-x86_64.jar\org\bytedeco\javacpp\windows-x86_64\jniopencv_core.dll
0x00007fff783f0000 - 0x00007fff78548000 	C:\Users\PARI\.javacpp\cache\opencv-3.4.3-1.4.3-windows-x86_64.jar\org\bytedeco\javacpp\windows-x86_64\jniopencv_imgproc.dll
0x00007fff78100000 - 0x00007fff783e4000 	C:\Users\PARI\.javacpp\cache\opencv-3.4.3-1.4.3-windows-x86_64.jar\org\bytedeco\javacpp\windows-x86_64\opencv_imgcodecs343.dll
0x00007fff9c0c0000 - 0x00007fff9c0f4000 	C:\Users\PARI\.javacpp\cache\opencv-3.4.3-1.4.3-windows-x86_64.jar\org\bytedeco\javacpp\windows-x86_64\jniopencv_imgcodecs.dll
0x00007fffa8470000 - 0x00007fffa8639000 	C:\WINDOWS\SYSTEM32\dbghelp.dll

VM Arguments:
jvm_args: -Dfile.encoding=Cp1252 
java_command: deep.learning.cnn.ImageClassifier2
java_class_path (initial): C:\Program Files\Java\jre1.8.0_221\lib\resources.jar;C:\Program Files\Java\jre1.8.0_221\lib\rt.jar;C:\Program Files\Java\jre1.8.0_221\lib\jsse.jar;C:\Program Files\Java\jre1.8.0_221\lib\jce.jar;C:\Program Files\Java\jre1.8.0_221\lib\charsets.jar;C:\Program Files\Java\jre1.8.0_221\lib\jfr.jar;C:\Program Files\Java\jre1.8.0_221\lib\ext\access-bridge-64.jar;C:\Program Files\Java\jre1.8.0_221\lib\ext\cldrdata.jar;C:\Program Files\Java\jre1.8.0_221\lib\ext\dnsns.jar;C:\Program Files\Java\jre1.8.0_221\lib\ext\jaccess.jar;C:\Program Files\Java\jre1.8.0_221\lib\ext\jfxrt.jar;C:\Program Files\Java\jre1.8.0_221\lib\ext\localedata.jar;C:\Program Files\Java\jre1.8.0_221\lib\ext\nashorn.jar;C:\Program Files\Java\jre1.8.0_221\lib\ext\sunec.jar;C:\Program Files\Java\jre1.8.0_221\lib\ext\sunjce_provider.jar;C:\Program Files\Java\jre1.8.0_221\lib\ext\sunmscapi.jar;C:\Program Files\Java\jre1.8.0_221\lib\ext\sunpkcs11.jar;C:\Program Files\Java\jre1.8.0_221\lib\ext\zipfs.jar;C:\Users\PARI\eclipse-workspace\deepfashion\target\classes;C:\Users\PARI\Downloads\ojdbc-full.tar\ojdbc-full\OJDBC-Full\ojdbc6.jar;C:\Users\PARI\Downloads\ojdbc-full.tar\ojdbc-full\OJDBC-Full\ojdbc7.jar;C:\Users\PARI\Downloads\ojdbc-full.tar\ojdbc-full\OJDBC-Full\ons.jar;C:\Users\PARI\Downloads\ojdbc-full.tar\ojdbc-full\OJDBC-Full\orai18n.jar;C:\Users\PARI\Downloads\ojdbc-full.tar\ojdbc-full\OJDBC-Full\simplefan.jar;C:\Users\PARI\Downloads\ojdbc-full.tar\ojdbc-full\OJDBC-Full\ucp.jar;C:\Users\PARI\Downloads\ojdbc-full.tar\ojdbc-full\OJDBC-Full\xdb6.jar;C:\Users\PARI\.m2\repository\commons-io\commons-io\2.5\commons-io-2.5.jar;C:\Users\PARI\.m2\repository\log4j\log4j\1.2.17\log4j-1.2.17.jar;C:\Users\PARI\.m2\repository\com\opencsv\opencsv\4.1\opencsv-4.1.jar;C:\Users\PARI\.m2\repository\org\apache\commons\commons-lang3\3.6\commons-lang3-3.6.jar;C:\Users\PARI\.m2\repository\org\apache\commons\commons-text\1.1\commons-text-1.1.jar;C:\Users\PARI\.m2\repository\commons-beanutils\commons-beanu
Launcher Type: SUN_STANDARD

Environment Variables:
JAVA_HOME=C:\Program Files\Java\jdk1.8.0_161
PATH=C:/Program Files/Java/jre1.8.0_221/bin/server;C:/Program Files/Java/jre1.8.0_221/bin;C:/Program Files/Java/jre1.8.0_221/lib/amd64;C:\Program Files (x86)\Common Files\Oracle\Java\javapath;D:\app\client\PARI\product\12.2.0\client_2\bin;D:\app\client\PARI\product\12.2.0\client_1\bin;D:\app\PARI\product\12.2.0\client_1;C:\Program Files\NVIDIA GPU Computing Toolkit\CUDA\v9.2\bin;C:\Program Files\NVIDIA GPU Computing Toolkit\CUDA\v9.2\libnvvp;;C:\ProgramData\Oracle\Java\javapath;C:\Program Files (x86)\Intel\iCLS Client\;C:\Program Files\Intel\iCLS Client\;C:\Windows\system32;C:\Windows;C:\Windows\System32\Wbem;C:\Windows\System32\WindowsPowerShell\v1.0\;C:\Program Files (x86)\Intel\Intel(R) Management Engine Components\DAL;C:\Program Files\Intel\Intel(R) Management Engine Components\DAL;C:\Program Files (x86)\Intel\Intel(R) Management Engine Components\IPT;C:\Program Files\Intel\Intel(R) Management Engine Components\IPT;C:\Program Files (x86)\NVIDIA Corporation\PhysX\Common;C:\WINDOWS\system32;C:\WINDOWS;C:\WINDOWS\System32\Wbem;C:\WINDOWS\System32\WindowsPowerShell\v1.0\;C:\Program Files\nodejs\;C:\Program Files\PuTTY\;C:\Program Files (x86)\Gpg4win\..\GnuPG\bin;C:\HashiCorp\Vagrant\bin;C:\WINDOWS\System32\OpenSSH\;C:\Program Files\Git\cmd;C:\Users\PARI\Documents\apache-maven-3.5.3\bin;C:\Program Files (x86)\sbt\bin;C:\Program Files\NVIDIA Corporation\NVIDIA NvDLISR;C:\Users\PARI\AppData\Local\Programs\Python\Python37-32\Scripts\;C:\Users\PARI\AppData\Local\Programs\Python\Python37-32\;C:\Users\PARI\AppData\Local\Microsoft\WindowsApps;C:\Users\PARI\AppData\Local\GitHubDesktop\bin;C:\ProgramData\PARI\GitHubDesktop\bin;C:\Users\PARI\AppData\Roaming\npm;C:\Users\PARI\AppData\Local\Microsoft\WindowsApps;C:\Program Files\Heroku\bin;C:\Users\PARI\AppData\Local\Google\Cloud SDK\google-cloud-sdk\bin;C:\WINDOWS\system32;
USERNAME=PARI
OS=Windows_NT
PROCESSOR_IDENTIFIER=Intel64 Family 6 Model 158 Stepping 9, GenuineIntel



---------------  S Y S T E M  ---------------

OS: Windows 10.0 , 64 bit Build 17134 (10.0.17134.753)

CPU:total 8 (initial active 8) (4 cores per cpu, 2 threads per core) family 6 model 158 stepping 9, cmov, cx8, fxsr, mmx, sse, sse2, sse3, ssse3, sse4.1, sse4.2, popcnt, avx, avx2, aes, clmul, erms, 3dnowpref, lzcnt, ht, tsc, tscinvbit, bmi1, bmi2, adx

Memory: 4k page, physical 16659684k(12036756k free), swap 19150052k(13030456k free)

vm_info: Java HotSpot(TM) 64-Bit Server VM (25.221-b11) for windows-amd64 JRE (1.8.0_221-b11), built on Jul  4 2019 04:39:29 by "java_re" with MS VC++ 10.0 (VS2010)

time: Wed Jul 17 10:26:17 2019
timezone: India Standard Time
elapsed time: 34 seconds (0d 0h 0m 34s)

