#
# A fatal error has been detected by the Java Runtime Environment:
#
#  EXCEPTION_ACCESS_VIOLATION (0xc0000005) at pc=0x00007ff965bc440b, pid=53376, tid=0x000000000000b768
#
# JRE version: Java(TM) SE Runtime Environment (8.0_221-b11) (build 1.8.0_221-b11)
# Java VM: Java HotSpot(TM) 64-Bit Server VM (25.221-b11 mixed mode windows-amd64 compressed oops)
# Problematic frame:
# C  [msvcrt.dll+0x7440b]
#
# Failed to write core dump. Minidumps are not enabled by default on client versions of Windows
#
# If you would like to submit a bug report, please visit:
#   http://bugreport.java.com/bugreport/crash.jsp
# The crash happened outside the Java Virtual Machine in native code.
# See problematic frame for where to report the bug.
#

---------------  T H R E A D  ---------------

Current thread (0x0000000030170000):  JavaThread "AMDSI prefetch thread" daemon [_thread_in_native, id=46952, stack(0x0000000038d70000,0x0000000038e70000)]

siginfo: ExceptionCode=0xc0000005, writing address 0x000000003a4f6000

Registers:
RAX=0x0000000000000002, RBX=0x00000000301701f8, RCX=0x000000003a4f6000, RDX=0x0000000733a2b8e8
RSP=0x0000000038e6eb28, RBP=0x0000000038e6ec50, RSI=0x0000000000000000, RDI=0x000000003a4d0080
R8 =0xfffffffffffda1ff, R9 =0x07ffffffffffffff, R10=0x000000000000000c, R11=0x000000003a4d0080
R12=0x0000000038e6ec48, R13=0xffffffffffffffff, R14=0x000000076defb968, R15=0x0000000030170000
RIP=0x00007ff965bc440b, EFLAGS=0x0000000000010202

Top of Stack: (sp=0x0000000038e6eb28)
0x0000000038e6eb28:   0000000066b5a1a0 00000000301701f8
0x0000000038e6eb38:   0000000038e6ec50 0000000000000000
0x0000000038e6eb48:   00000007c0104500 000000001c31a8a0
0x0000000038e6eb58:   0000000000000005 0000000002b280e0
0x0000000038e6eb68:   0000000038e6ec18 0000000000000000
0x0000000038e6eb78:   000000001c31a8a0 0000000038e6ec50
0x0000000038e6eb88:   0000000002b38c67 00000000301701f8
0x0000000038e6eb98:   00000000301701f8 000000076df79040
0x0000000038e6eba8:   000000076df76f88 00000000ffffffff
0x0000000038e6ebb8:   0000000002b391c6 00000000313abc50
0x0000000038e6ebc8:   0000000000000005 0000000030170000
0x0000000038e6ebd8:   0000000038e6ebd8 0000000000000000
0x0000000038e6ebe8:   0000000038e6ec50 000000003a342b40
0x0000000038e6ebf8:   0000000000000000 000000001c31a8a0
0x0000000038e6ec08:   0000000000000000 0000000038e6ec38
0x0000000038e6ec18:   0000000038e6ec98 0000000002b280e0 

Instructions: (pc=0x00007ff965bc440b)
0x00007ff965bc43eb:   c1 80 00 00 00 ff c8 75 ec 48 81 e9 00 02 00 00
0x00007ff965bc43fb:   b8 08 00 00 00 f3 0f 6f 04 11 f3 0f 6f 4c 11 10
0x00007ff965bc440b:   66 0f e7 01 66 0f e7 49 10 48 83 c1 40 f3 0f 6f
0x00007ff965bc441b:   44 11 e0 f3 0f 6f 4c 11 f0 66 0f e7 41 e0 66 0f 


Register to memory mapping:

RAX=0x0000000000000002 is an unknown value
RBX=0x00000000301701f8 is an unknown value
RCX=0x000000003a4f6000 is an unknown value
RDX=0x0000000733a2b8e8 is an unallocated location in the heap
RSP=0x0000000038e6eb28 is pointing into the stack for thread: 0x0000000030170000
RBP=0x0000000038e6ec50 is pointing into the stack for thread: 0x0000000030170000
RSI=0x0000000000000000 is an unknown value
RDI=0x000000003a4d0080 is an unknown value
R8 =0xfffffffffffda1ff is an unknown value
R9 =0x07ffffffffffffff is an unknown value
R10=0x000000000000000c is an unknown value
R11=0x000000003a4d0080 is an unknown value
R12=0x0000000038e6ec48 is pointing into the stack for thread: 0x0000000030170000
R13=0xffffffffffffffff is an unknown value
R14=0x000000076defb968 is an oop

[error occurred during error reporting (printing register info), id 0xc0000005]

Stack: [0x0000000038d70000,0x0000000038e70000],  sp=0x0000000038e6eb28,  free space=1018k
Native frames: (J=compiled Java code, j=interpreted, Vv=VM code, C=native code)
C  [msvcrt.dll+0x7440b]
C  [jnind4jcpu.dll+0x2da1a0]
C  0x0000000002b38c67

Java frames: (J=compiled Java code, j=interpreted, Vv=VM code)
j  org.bytedeco.javacpp.BytePointer.put([BII)Lorg/bytedeco/javacpp/BytePointer;+0
j  org.datavec.image.loader.NativeImageLoader.streamToMat(Ljava/io/InputStream;)Lorg/bytedeco/javacpp/opencv_core$Mat;+66
j  org.datavec.image.loader.NativeImageLoader.asMatrixView(Ljava/io/InputStream;Lorg/nd4j/linalg/api/ndarray/INDArray;)V+2
j  org.datavec.image.loader.NativeImageLoader.asMatrixView(Ljava/io/File;Lorg/nd4j/linalg/api/ndarray/INDArray;)V+22
j  org.datavec.image.recordreader.BaseImageRecordReader.next(I)Ljava/util/List;+431
j  org.deeplearning4j.datasets.datavec.RecordReaderMultiDataSetIterator.next(I)Lorg/nd4j/linalg/dataset/api/MultiDataSet;+126
j  org.deeplearning4j.datasets.datavec.RecordReaderMultiDataSetIterator.next()Lorg/nd4j/linalg/dataset/api/MultiDataSet;+5
j  org.deeplearning4j.datasets.datavec.RecordReaderMultiDataSetIterator.next()Ljava/lang/Object;+1
j  org.deeplearning4j.datasets.iterator.AsyncMultiDataSetIterator$AsyncPrefetchThread.run()V+93
v  ~StubRoutines::call_stub

---------------  P R O C E S S  ---------------

Java Threads: ( => current thread )
=>0x0000000030170000 JavaThread "AMDSI prefetch thread" daemon [_thread_in_native, id=46952, stack(0x0000000038d70000,0x0000000038e70000)]
  0x0000000030167800 JavaThread "Thread-3" daemon [_thread_blocked, id=58856, stack(0x00000000325f0000,0x00000000326f0000)]
  0x000000003016e800 JavaThread "New I/O server boss #17" [_thread_in_native, id=53848, stack(0x00000000324f0000,0x00000000325f0000)]
  0x000000003016d000 JavaThread "New I/O worker #16" [_thread_in_native, id=55748, stack(0x00000000323f0000,0x00000000324f0000)]
  0x000000003016d800 JavaThread "New I/O worker #15" [_thread_in_native, id=58564, stack(0x00000000322f0000,0x00000000323f0000)]
  0x0000000030166000 JavaThread "New I/O worker #14" [_thread_in_native, id=57300, stack(0x00000000321f0000,0x00000000322f0000)]
  0x000000003016c000 JavaThread "New I/O worker #13" [_thread_in_native, id=56428, stack(0x00000000320f0000,0x00000000321f0000)]
  0x000000003016b800 JavaThread "New I/O worker #12" [_thread_in_native, id=58572, stack(0x0000000031ff0000,0x00000000320f0000)]
  0x0000000030169000 JavaThread "New I/O worker #11" [_thread_in_native, id=58904, stack(0x0000000031ef0000,0x0000000031ff0000)]
  0x000000003016a800 JavaThread "New I/O worker #10" [_thread_in_native, id=58508, stack(0x0000000031df0000,0x0000000031ef0000)]
  0x000000003016a000 JavaThread "New I/O worker #9" [_thread_in_native, id=56472, stack(0x0000000031cf0000,0x0000000031df0000)]
  0x0000000030168800 JavaThread "New I/O worker #8" [_thread_in_native, id=57504, stack(0x0000000031bf0000,0x0000000031cf0000)]
  0x0000000030167000 JavaThread "New I/O worker #7" [_thread_in_native, id=56452, stack(0x0000000031af0000,0x0000000031bf0000)]
  0x0000000030165800 JavaThread "New I/O worker #6" [_thread_in_native, id=58700, stack(0x00000000319f0000,0x0000000031af0000)]
  0x000000001fbe4800 JavaThread "New I/O worker #5" [_thread_in_native, id=58628, stack(0x00000000318f0000,0x00000000319f0000)]
  0x000000001fbe3800 JavaThread "New I/O worker #4" [_thread_in_native, id=58548, stack(0x00000000317f0000,0x00000000318f0000)]
  0x000000001fbe1800 JavaThread "New I/O worker #3" [_thread_in_native, id=52572, stack(0x00000000316f0000,0x00000000317f0000)]
  0x000000001fbe2000 JavaThread "New I/O worker #2" [_thread_in_native, id=56384, stack(0x00000000315f0000,0x00000000316f0000)]
  0x000000001fbe3000 JavaThread "New I/O worker #1" [_thread_in_native, id=58696, stack(0x00000000314f0000,0x00000000315f0000)]
  0x000000001fa04800 JavaThread "application-akka.actor.default-dispatcher-4" [_thread_blocked, id=52800, stack(0x00000000311f0000,0x00000000312f0000)]
  0x000000001e48f800 JavaThread "application-akka.actor.default-dispatcher-3" [_thread_blocked, id=56400, stack(0x00000000310f0000,0x00000000311f0000)]
  0x000000001e493000 JavaThread "application-akka.actor.default-dispatcher-2" [_thread_blocked, id=58568, stack(0x0000000030ff0000,0x00000000310f0000)]
  0x0000000021638000 JavaThread "application-scheduler-1" [_thread_blocked, id=58408, stack(0x0000000030cf0000,0x0000000030df0000)]
  0x0000000020f9e800 JavaThread "NativeRandomDeallocator thread 0" daemon [_thread_blocked, id=6888, stack(0x00000000233a0000,0x00000000234a0000)]
  0x000000001f97b000 JavaThread "JavaCPP Deallocator" daemon [_thread_blocked, id=59248, stack(0x0000000021cd0000,0x0000000021dd0000)]
  0x0000000021582800 JavaThread "Workspace deallocator thread" daemon [_thread_blocked, id=58160, stack(0x00000000209e0000,0x0000000020ae0000)]
  0x000000001e4ec000 JavaThread "Service Thread" daemon [_thread_blocked, id=56344, stack(0x000000001f010000,0x000000001f110000)]
  0x000000001e46c800 JavaThread "C1 CompilerThread3" daemon [_thread_blocked, id=56440, stack(0x000000001ef10000,0x000000001f010000)]
  0x000000001e465800 JavaThread "C2 CompilerThread2" daemon [_thread_blocked, id=58560, stack(0x000000001ee10000,0x000000001ef10000)]
  0x000000001e461000 JavaThread "C2 CompilerThread1" daemon [_thread_blocked, id=56360, stack(0x000000001ed10000,0x000000001ee10000)]
  0x000000001e45e800 JavaThread "C2 CompilerThread0" daemon [_thread_blocked, id=56368, stack(0x000000001ec10000,0x000000001ed10000)]
  0x000000001e45a800 JavaThread "Attach Listener" daemon [_thread_blocked, id=51808, stack(0x000000001eb10000,0x000000001ec10000)]
  0x000000001e459800 JavaThread "Signal Dispatcher" daemon [_thread_blocked, id=55360, stack(0x000000001ea10000,0x000000001eb10000)]
  0x000000001e440800 JavaThread "Finalizer" daemon [_thread_blocked, id=56324, stack(0x000000001e820000,0x000000001e920000)]
  0x000000001c543000 JavaThread "Reference Handler" daemon [_thread_blocked, id=56376, stack(0x000000001e320000,0x000000001e420000)]
  0x0000000002a31000 JavaThread "main" [_thread_blocked, id=55496, stack(0x0000000002830000,0x0000000002930000)]

Other Threads:
  0x000000001c53c800 VMThread [stack: 0x000000001e220000,0x000000001e320000] [id=53128]
  0x000000001e537800 WatcherThread [stack: 0x000000001f110000,0x000000001f210000] [id=56328]

VM state:not at safepoint (normal execution)

VM Mutex/Monitor currently owned by a thread: None

heap address: 0x00000006c1c00000, size: 4068 MB, Compressed Oops mode: Zero based, Oop shift amount: 3
Narrow klass base: 0x0000000000000000, Narrow klass shift: 3
Compressed class space size: 1073741824 Address: 0x00000007c0000000

Heap:
 PSYoungGen      total 292352K, used 49271K [0x000000076b400000, 0x0000000782680000, 0x00000007c0000000)
  eden space 266752K, 16% used [0x000000076b400000,0x000000076e00b3a0,0x000000077b880000)
  from space 25600K, 16% used [0x000000077d180000,0x000000077d592888,0x000000077ea80000)
  to   space 25600K, 0% used [0x000000077b880000,0x000000077b880000,0x000000077d180000)
 ParOldGen       total 143360K, used 29324K [0x00000006c1c00000, 0x00000006ca800000, 0x000000076b400000)
  object space 143360K, 20% used [0x00000006c1c00000,0x00000006c38a3110,0x00000006ca800000)
 Metaspace       used 34490K, capacity 34850K, committed 35072K, reserved 1079296K
  class space    used 5203K, capacity 5305K, committed 5376K, reserved 1048576K

Card table byte_map: [0x0000000011ee0000,0x00000000126e0000] byte_map_base: 0x000000000e8d2000

Marking Bits: (ParMarkBitMap*) 0x00000000589c5ce0
 Begin Bits: [0x0000000013430000, 0x00000000173c0000)
 End Bits:   [0x00000000173c0000, 0x000000001b350000)

Polling page: 0x0000000002810000

CodeCache: size=245760Kb used=8392Kb max_used=9398Kb free=237367Kb
 bounds [0x0000000002b20000, 0x00000000034b0000, 0x0000000011b20000]
 total_blobs=2995 nmethods=2259 adapters=648
 compilation: enabled

Compilation events (10 events):
Event: 8.380 Thread 0x000000001e46c800 2682       3       java.util.TreeMap::setColor (10 bytes)
Event: 8.380 Thread 0x000000001e46c800 nmethod 2682 0x0000000002e34f90 code [0x0000000002e350e0, 0x0000000002e35250]
Event: 8.386 Thread 0x000000001e46c800 2683       3       java.io.FilterInputStream::read (9 bytes)
Event: 8.386 Thread 0x000000001e46c800 nmethod 2683 0x0000000002f19310 code [0x0000000002f19480, 0x0000000002f196a8]
Event: 8.394 Thread 0x000000001e46c800 2684       3       org.nd4j.linalg.api.buffer.LongBuffer::initTypeAndSize (14 bytes)
Event: 8.394 Thread 0x000000001e46c800 nmethod 2684 0x0000000002e34c50 code [0x0000000002e34da0, 0x0000000002e34f10]
Event: 8.397 Thread 0x000000001e46c800 2685       3       com.google.common.primitives.Ints$IntArrayAsList::size (10 bytes)
Event: 8.397 Thread 0x000000001e46c800 nmethod 2685 0x0000000002f18fd0 code [0x0000000002f19120, 0x0000000002f19270]
Event: 8.399 Thread 0x000000001e46c800 2686       3       com.google.common.primitives.Ints::contains (36 bytes)
Event: 8.399 Thread 0x000000001e46c800 nmethod 2686 0x0000000002c99fd0 code [0x0000000002c9a140, 0x0000000002c9a390]

GC Heap History (10 events):
Event: 4.344 GC heap before
{Heap before GC invocations=5 (full 0):
 PSYoungGen      total 141824K, used 113903K [0x000000076b400000, 0x0000000774900000, 0x00000007c0000000)
  eden space 131072K, 83% used [0x000000076b400000,0x0000000771f0a908,0x0000000773400000)
  from space 10752K, 39% used [0x0000000773e80000,0x00000007742b1528,0x0000000774900000)
  to   space 10752K, 0% used [0x0000000773400000,0x0000000773400000,0x0000000773e80000)
 ParOldGen       total 175104K, used 24763K [0x00000006c1c00000, 0x00000006cc700000, 0x000000076b400000)
  object space 175104K, 14% used [0x00000006c1c00000,0x00000006c342efb0,0x00000006cc700000)
 Metaspace       used 20965K, capacity 21168K, committed 21248K, reserved 1067008K
  class space    used 2978K, capacity 3048K, committed 3072K, reserved 1048576K
Event: 4.354 GC heap after
Heap after GC invocations=5 (full 0):
 PSYoungGen      total 141824K, used 8902K [0x000000076b400000, 0x000000077e800000, 0x00000007c0000000)
  eden space 131072K, 0% used [0x000000076b400000,0x000000076b400000,0x0000000773400000)
  from space 10752K, 82% used [0x0000000773400000,0x0000000773cb19b8,0x0000000773e80000)
  to   space 26624K, 0% used [0x000000077ce00000,0x000000077ce00000,0x000000077e800000)
 ParOldGen       total 175104K, used 24771K [0x00000006c1c00000, 0x00000006cc700000, 0x000000076b400000)
  object space 175104K, 14% used [0x00000006c1c00000,0x00000006c3430fb0,0x00000006cc700000)
 Metaspace       used 20965K, capacity 21168K, committed 21248K, reserved 1067008K
  class space    used 2978K, capacity 3048K, committed 3072K, reserved 1048576K
}
Event: 4.354 GC heap before
{Heap before GC invocations=6 (full 1):
 PSYoungGen      total 141824K, used 8902K [0x000000076b400000, 0x000000077e800000, 0x00000007c0000000)
  eden space 131072K, 0% used [0x000000076b400000,0x000000076b400000,0x0000000773400000)
  from space 10752K, 82% used [0x0000000773400000,0x0000000773cb19b8,0x0000000773e80000)
  to   space 26624K, 0% used [0x000000077ce00000,0x000000077ce00000,0x000000077e800000)
 ParOldGen       total 175104K, used 24771K [0x00000006c1c00000, 0x00000006cc700000, 0x000000076b400000)
  object space 175104K, 14% used [0x00000006c1c00000,0x00000006c3430fb0,0x00000006cc700000)
 Metaspace       used 20965K, capacity 21168K, committed 21248K, reserved 1067008K
  class space    used 2978K, capacity 3048K, committed 3072K, reserved 1048576K
Event: 4.410 GC heap after
Heap after GC invocations=6 (full 1):
 PSYoungGen      total 141824K, used 0K [0x000000076b400000, 0x000000077e800000, 0x00000007c0000000)
  eden space 131072K, 0% used [0x000000076b400000,0x000000076b400000,0x0000000773400000)
  from space 10752K, 0% used [0x0000000773400000,0x0000000773400000,0x0000000773e80000)
  to   space 26624K, 0% used [0x000000077ce00000,0x000000077ce00000,0x000000077e800000)
 ParOldGen       total 143360K, used 29300K [0x00000006c1c00000, 0x00000006ca800000, 0x000000076b400000)
  object space 143360K, 20% used [0x00000006c1c00000,0x00000006c389d110,0x00000006ca800000)
 Metaspace       used 20965K, capacity 21168K, committed 21248K, reserved 1067008K
  class space    used 2978K, capacity 3048K, committed 3072K, reserved 1048576K
}
Event: 5.286 GC heap before
{Heap before GC invocations=7 (full 1):
 PSYoungGen      total 141824K, used 131072K [0x000000076b400000, 0x000000077e800000, 0x00000007c0000000)
  eden space 131072K, 100% used [0x000000076b400000,0x0000000773400000,0x0000000773400000)
  from space 10752K, 0% used [0x0000000773400000,0x0000000773400000,0x0000000773e80000)
  to   space 26624K, 0% used [0x000000077ce00000,0x000000077ce00000,0x000000077e800000)
 ParOldGen       total 143360K, used 29300K [0x00000006c1c00000, 0x00000006ca800000, 0x000000076b400000)
  object space 143360K, 20% used [0x00000006c1c00000,0x00000006c389d110,0x00000006ca800000)
 Metaspace       used 26148K, capacity 26558K, committed 26752K, reserved 1071104K
  class space    used 3985K, capacity 4119K, committed 4224K, reserved 1048576K
Event: 5.290 GC heap after
Heap after GC invocations=7 (full 1):
 PSYoungGen      total 196096K, used 5652K [0x000000076b400000, 0x000000077d400000, 0x00000007c0000000)
  eden space 189952K, 0% used [0x000000076b400000,0x000000076b400000,0x0000000776d80000)
  from space 6144K, 91% used [0x000000077ce00000,0x000000077d3851c0,0x000000077d400000)
  to   space 26624K, 0% used [0x000000077a000000,0x000000077a000000,0x000000077ba00000)
 ParOldGen       total 143360K, used 29308K [0x00000006c1c00000, 0x00000006ca800000, 0x000000076b400000)
  object space 143360K, 20% used [0x00000006c1c00000,0x00000006c389f110,0x00000006ca800000)
 Metaspace       used 26148K, capacity 26558K, committed 26752K, reserved 1071104K
  class space    used 3985K, capacity 4119K, committed 4224K, reserved 1048576K
}
Event: 7.040 GC heap before
{Heap before GC invocations=8 (full 1):
 PSYoungGen      total 196096K, used 195604K [0x000000076b400000, 0x000000077d400000, 0x00000007c0000000)
  eden space 189952K, 100% used [0x000000076b400000,0x0000000776d80000,0x0000000776d80000)
  from space 6144K, 91% used [0x000000077ce00000,0x000000077d3851c0,0x000000077d400000)
  to   space 26624K, 0% used [0x000000077a000000,0x000000077a000000,0x000000077ba00000)
 ParOldGen       total 143360K, used 29308K [0x00000006c1c00000, 0x00000006ca800000, 0x000000076b400000)
  object space 143360K, 20% used [0x00000006c1c00000,0x00000006c389f110,0x00000006ca800000)
 Metaspace       used 31945K, capacity 32322K, committed 32512K, reserved 1077248K
  class space    used 4955K, capacity 5081K, committed 5120K, reserved 1048576K
Event: 7.046 GC heap after
Heap after GC invocations=8 (full 1):
 PSYoungGen      total 268288K, used 8116K [0x000000076b400000, 0x000000077ea80000, 0x00000007c0000000)
  eden space 241664K, 0% used [0x000000076b400000,0x000000076b400000,0x000000077a000000)
  from space 26624K, 30% used [0x000000077a000000,0x000000077a7ed358,0x000000077ba00000)
  to   space 25600K, 0% used [0x000000077d180000,0x000000077d180000,0x000000077ea80000)
 ParOldGen       total 143360K, used 29316K [0x00000006c1c00000, 0x00000006ca800000, 0x000000076b400000)
  object space 143360K, 20% used [0x00000006c1c00000,0x00000006c38a1110,0x00000006ca800000)
 Metaspace       used 31945K, capacity 32322K, committed 32512K, reserved 1077248K
  class space    used 4955K, capacity 5081K, committed 5120K, reserved 1048576K
}
Event: 8.164 GC heap before
{Heap before GC invocations=9 (full 1):
 PSYoungGen      total 268288K, used 249780K [0x000000076b400000, 0x000000077ea80000, 0x00000007c0000000)
  eden space 241664K, 100% used [0x000000076b400000,0x000000077a000000,0x000000077a000000)
  from space 26624K, 30% used [0x000000077a000000,0x000000077a7ed358,0x000000077ba00000)
  to   space 25600K, 0% used [0x000000077d180000,0x000000077d180000,0x000000077ea80000)
 ParOldGen       total 143360K, used 29316K [0x00000006c1c00000, 0x00000006ca800000, 0x000000076b400000)
  object space 143360K, 20% used [0x00000006c1c00000,0x00000006c38a1110,0x00000006ca800000)
 Metaspace       used 34430K, capacity 34786K, committed 35072K, reserved 1079296K
  class space    used 5198K, capacity 5305K, committed 5376K, reserved 1048576K
Event: 8.167 GC heap after
Heap after GC invocations=9 (full 1):
 PSYoungGen      total 292352K, used 4170K [0x000000076b400000, 0x0000000782680000, 0x00000007c0000000)
  eden space 266752K, 0% used [0x000000076b400000,0x000000076b400000,0x000000077b880000)
  from space 25600K, 16% used [0x000000077d180000,0x000000077d592888,0x000000077ea80000)
  to   space 25600K, 0% used [0x000000077b880000,0x000000077b880000,0x000000077d180000)
 ParOldGen       total 143360K, used 29324K [0x00000006c1c00000, 0x00000006ca800000, 0x000000076b400000)
  object space 143360K, 20% used [0x00000006c1c00000,0x00000006c38a3110,0x00000006ca800000)
 Metaspace       used 34430K, capacity 34786K, committed 35072K, reserved 1079296K
  class space    used 5198K, capacity 5305K, committed 5376K, reserved 1048576K
}

Deoptimization events (10 events):
Event: 5.730 Thread 0x000000001e493000 Uncommon trap: reason=unstable_if action=reinterpret pc=0x00000000031304a0 method=java.lang.ThreadLocal.get()Ljava/lang/Object; @ 11
Event: 5.790 Thread 0x0000000002a31000 Uncommon trap: reason=unstable_if action=reinterpret pc=0x00000000032b59e0 method=java.lang.AbstractStringBuilder.setLength(I)V @ 23
Event: 5.794 Thread 0x0000000021638000 Uncommon trap: reason=unstable_if action=reinterpret pc=0x00000000033ba63c method=akka.dispatch.AbstractNodeQueue.pollNode()Lakka/dispatch/AbstractNodeQueue$Node; @ 20
Event: 5.843 Thread 0x0000000002a31000 Uncommon trap: reason=unstable_if action=reinterpret pc=0x0000000003378d1c method=java.util.jar.Manifest.getTrustedAttributes(Ljava/lang/String;)Ljava/util/jar/Attributes; @ 7
Event: 5.972 Thread 0x0000000002a31000 Uncommon trap: reason=unstable_if action=reinterpret pc=0x000000000303d638 method=java.util.concurrent.ConcurrentHashMap.putVal(Ljava/lang/Object;Ljava/lang/Object;Z)Ljava/lang/Object; @ 181
Event: 6.002 Thread 0x0000000002a31000 Uncommon trap: reason=class_check action=maybe_recompile pc=0x0000000002f09094 method=java.lang.AbstractStringBuilder.append(Ljava/lang/CharSequence;)Ljava/lang/AbstractStringBuilder; @ 10
Event: 6.173 Thread 0x0000000002a31000 Uncommon trap: reason=bimorphic action=maybe_recompile pc=0x000000000340f78c method=java.util.Collections$UnmodifiableCollection.contains(Ljava/lang/Object;)Z @ 5
Event: 6.186 Thread 0x0000000002a31000 Uncommon trap: reason=bimorphic action=maybe_recompile pc=0x000000000340f78c method=java.util.Collections$UnmodifiableCollection.contains(Ljava/lang/Object;)Z @ 5
Event: 6.187 Thread 0x0000000002a31000 Uncommon trap: reason=bimorphic action=maybe_recompile pc=0x000000000340f78c method=java.util.Collections$UnmodifiableCollection.contains(Ljava/lang/Object;)Z @ 5
Event: 6.188 Thread 0x0000000002a31000 Uncommon trap: reason=bimorphic action=maybe_recompile pc=0x000000000340f78c method=java.util.Collections$UnmodifiableCollection.contains(Ljava/lang/Object;)Z @ 5

Classes redefined (0 events):
No events

Internal exceptions (10 events):
Event: 8.324 Thread 0x0000000030170000 Exception <a 'sun/nio/fs/WindowsException'> (0x000000076dea0a20) thrown at [C:\re\workspace\8-2-build-windows-amd64-cygwin\jdk8u221\13320\hotspot\src\share\vm\prims\jni.cpp, line 710]
Event: 8.324 Thread 0x0000000030170000 Exception <a 'sun/nio/fs/WindowsException'> (0x000000076dea1c80) thrown at [C:\re\workspace\8-2-build-windows-amd64-cygwin\jdk8u221\13320\hotspot\src\share\vm\prims\jni.cpp, line 710]
Event: 8.325 Thread 0x0000000030170000 Exception <a 'sun/nio/fs/WindowsException'> (0x000000076dea2f30) thrown at [C:\re\workspace\8-2-build-windows-amd64-cygwin\jdk8u221\13320\hotspot\src\share\vm\prims\jni.cpp, line 710]
Event: 8.325 Thread 0x0000000030170000 Exception <a 'sun/nio/fs/WindowsException'> (0x000000076dea4168) thrown at [C:\re\workspace\8-2-build-windows-amd64-cygwin\jdk8u221\13320\hotspot\src\share\vm\prims\jni.cpp, line 710]
Event: 8.325 Thread 0x0000000030170000 Exception <a 'sun/nio/fs/WindowsException'> (0x000000076dea5410) thrown at [C:\re\workspace\8-2-build-windows-amd64-cygwin\jdk8u221\13320\hotspot\src\share\vm\prims\jni.cpp, line 710]
Event: 8.326 Thread 0x0000000030170000 Exception <a 'sun/nio/fs/WindowsException'> (0x000000076dea6670) thrown at [C:\re\workspace\8-2-build-windows-amd64-cygwin\jdk8u221\13320\hotspot\src\share\vm\prims\jni.cpp, line 710]
Event: 8.326 Thread 0x0000000030170000 Exception <a 'sun/nio/fs/WindowsException'> (0x000000076dea7918) thrown at [C:\re\workspace\8-2-build-windows-amd64-cygwin\jdk8u221\13320\hotspot\src\share\vm\prims\jni.cpp, line 710]
Event: 8.326 Thread 0x0000000030170000 Exception <a 'sun/nio/fs/WindowsException'> (0x000000076dea8a30) thrown at [C:\re\workspace\8-2-build-windows-amd64-cygwin\jdk8u221\13320\hotspot\src\share\vm\prims\jni.cpp, line 710]
Event: 8.326 Thread 0x0000000030170000 Exception <a 'sun/nio/fs/WindowsException'> (0x000000076dea9af8) thrown at [C:\re\workspace\8-2-build-windows-amd64-cygwin\jdk8u221\13320\hotspot\src\share\vm\prims\jni.cpp, line 710]
Event: 8.327 Thread 0x0000000030170000 Exception <a 'sun/nio/fs/WindowsException'> (0x000000076deaabc8) thrown at [C:\re\workspace\8-2-build-windows-amd64-cygwin\jdk8u221\13320\hotspot\src\share\vm\prims\jni.cpp, line 710]

Events (10 events):
Event: 8.329 loading class org/bytedeco/javacpp/indexer/UByteIndexer
Event: 8.329 loading class org/bytedeco/javacpp/indexer/UByteIndexer done
Event: 8.329 loading class org/bytedeco/javacpp/indexer/UByteRawIndexer
Event: 8.329 loading class org/bytedeco/javacpp/indexer/UByteRawIndexer done
Event: 8.330 loading class org/bytedeco/javacpp/indexer/UByteBufferIndexer
Event: 8.330 loading class org/bytedeco/javacpp/indexer/UByteBufferIndexer done
Event: 8.330 loading class org/bytedeco/javacpp/indexer/UByteIndexer$1
Event: 8.330 loading class org/bytedeco/javacpp/indexer/UByteIndexer$1 done
Event: 8.331 loading class org/bytedeco/javacpp/indexer/UByteArrayIndexer
Event: 8.331 loading class org/bytedeco/javacpp/indexer/UByteArrayIndexer done


Dynamic libraries:
0x00007ff6b6730000 - 0x00007ff6b6767000 	C:\Program Files\Java\jre1.8.0_221\bin\javaw.exe
0x00007ff968500000 - 0x00007ff9686e1000 	C:\WINDOWS\SYSTEM32\ntdll.dll
0x00007ff968110000 - 0x00007ff9681c1000 	C:\WINDOWS\System32\KERNEL32.DLL
0x00007ff965000000 - 0x00007ff965273000 	C:\WINDOWS\System32\KERNELBASE.dll
0x0000000057d90000 - 0x00000000580b5000 	C:\Program Files (x86)\Norton Security\NortonData\22.8.0.50\Definitions\IPSDefs\20190716.061\IPSEng64.dll
0x00007ff966180000 - 0x00007ff966221000 	C:\WINDOWS\System32\ADVAPI32.dll
0x00007ff965b50000 - 0x00007ff965bee000 	C:\WINDOWS\System32\msvcrt.dll
0x00007ff965c50000 - 0x00007ff965cab000 	C:\WINDOWS\System32\sechost.dll
0x00007ff966930000 - 0x00007ff966a54000 	C:\WINDOWS\System32\RPCRT4.dll
0x00007ff965cb0000 - 0x00007ff965cb8000 	C:\WINDOWS\System32\PSAPI.DLL
0x00007ff965cc0000 - 0x00007ff965e50000 	C:\WINDOWS\System32\USER32.dll
0x00007ff964e10000 - 0x00007ff964e30000 	C:\WINDOWS\System32\win32u.dll
0x00007ff966310000 - 0x00007ff966338000 	C:\WINDOWS\System32\GDI32.dll
0x00007ff964920000 - 0x00007ff964ab1000 	C:\WINDOWS\System32\gdi32full.dll
0x00007ff964ee0000 - 0x00007ff964f7f000 	C:\WINDOWS\System32\msvcp_win.dll
0x00007ff964ac0000 - 0x00007ff964bb8000 	C:\WINDOWS\System32\ucrtbase.dll
0x00007ff958960000 - 0x00007ff958bc9000 	C:\WINDOWS\WinSxS\amd64_microsoft.windows.common-controls_6595b64144ccf1df_6.0.17134.885_none_fb42a3473065565f\COMCTL32.dll
0x00007ff965e50000 - 0x00007ff966172000 	C:\WINDOWS\System32\combase.dll
0x00007ff964f80000 - 0x00007ff964ff9000 	C:\WINDOWS\System32\bcryptPrimitives.dll
0x00007ff966a80000 - 0x00007ff966aad000 	C:\WINDOWS\System32\IMM32.DLL
0x0000000057cb0000 - 0x0000000057d82000 	C:\Program Files\Java\jre1.8.0_221\bin\msvcr100.dll
0x00000000581a0000 - 0x0000000058a45000 	C:\Program Files\Java\jre1.8.0_221\bin\server\jvm.dll
0x00007ff957f30000 - 0x00007ff957f39000 	C:\WINDOWS\SYSTEM32\WSOCK32.dll
0x00007ff95f400000 - 0x00007ff95f40a000 	C:\WINDOWS\SYSTEM32\VERSION.dll
0x00007ff9616b0000 - 0x00007ff9616d3000 	C:\WINDOWS\SYSTEM32\WINMM.dll
0x00007ff966790000 - 0x00007ff9667fc000 	C:\WINDOWS\System32\WS2_32.dll
0x00007ff961680000 - 0x00007ff9616aa000 	C:\WINDOWS\SYSTEM32\WINMMBASE.dll
0x00007ff9648d0000 - 0x00007ff964919000 	C:\WINDOWS\System32\cfgmgr32.dll
0x00007ff956af0000 - 0x00007ff956aff000 	C:\Program Files\Java\jre1.8.0_221\bin\verify.dll
0x00007ff942110000 - 0x00007ff942139000 	C:\Program Files\Java\jre1.8.0_221\bin\java.dll
0x00007ff9465f0000 - 0x00007ff946606000 	C:\Program Files\Java\jre1.8.0_221\bin\zip.dll
0x00007ff966cd0000 - 0x00007ff968110000 	C:\WINDOWS\System32\SHELL32.dll
0x00007ff9682c0000 - 0x00007ff968369000 	C:\WINDOWS\System32\shcore.dll
0x00007ff965280000 - 0x00007ff96598d000 	C:\WINDOWS\System32\windows.storage.dll
0x00007ff965bf0000 - 0x00007ff965c41000 	C:\WINDOWS\System32\shlwapi.dll
0x00007ff964890000 - 0x00007ff9648a1000 	C:\WINDOWS\System32\kernel.appcore.dll
0x00007ff9648b0000 - 0x00007ff9648cf000 	C:\WINDOWS\System32\profapi.dll
0x00007ff964840000 - 0x00007ff96488c000 	C:\WINDOWS\System32\powrprof.dll
0x00007ff964830000 - 0x00007ff96483a000 	C:\WINDOWS\System32\FLTLIB.DLL
0x00007ff940c90000 - 0x00007ff940caa000 	C:\Program Files\Java\jre1.8.0_221\bin\net.dll
0x00007ff956020000 - 0x00007ff9561e9000 	C:\WINDOWS\SYSTEM32\urlmon.dll
0x00007ff956840000 - 0x00007ff956ae6000 	C:\WINDOWS\SYSTEM32\iertutil.dll
0x00007ff964260000 - 0x00007ff96426b000 	C:\WINDOWS\SYSTEM32\CRYPTBASE.DLL
0x00007ff964090000 - 0x00007ff9640f6000 	C:\WINDOWS\system32\mswsock.dll
0x00007ff940c70000 - 0x00007ff940c82000 	C:\Program Files\Java\jre1.8.0_221\bin\nio.dll
0x0000000064940000 - 0x0000000064955000 	C:\Users\PARI\.javacpp\cache\mkl-dnn-0.16-1.4.3-windows-x86_64.jar\org\bytedeco\javacpp\windows-x86_64\libwinpthread-1.dll
0x0000000061440000 - 0x000000006145c000 	C:\Users\PARI\.javacpp\cache\mkl-dnn-0.16-1.4.3-windows-x86_64.jar\org\bytedeco\javacpp\windows-x86_64\libgcc_s_seh-1.dll
0x0000000063600000 - 0x000000006362f000 	C:\Users\PARI\.javacpp\cache\mkl-dnn-0.16-1.4.3-windows-x86_64.jar\org\bytedeco\javacpp\windows-x86_64\libgomp-1.dll
0x000000006fc40000 - 0x000000006fda6000 	C:\Users\PARI\.javacpp\cache\mkl-dnn-0.16-1.4.3-windows-x86_64.jar\org\bytedeco\javacpp\windows-x86_64\libstdc++-6.dll
0x00007ff924df0000 - 0x00007ff924edf000 	C:\Users\PARI\.javacpp\cache\mkl-dnn-0.16-1.4.3-windows-x86_64.jar\org\bytedeco\javacpp\windows-x86_64\msvcr120.dll
0x00007ff922300000 - 0x00007ff9224c9000 	C:\Users\PARI\.javacpp\cache\mkl-dnn-0.16-1.4.3-windows-x86_64.jar\org\bytedeco\javacpp\windows-x86_64\libiomp5md.dll
0x00007ff8f1b40000 - 0x00007ff8f909a000 	C:\Users\PARI\.javacpp\cache\mkl-dnn-0.16-1.4.3-windows-x86_64.jar\org\bytedeco\javacpp\windows-x86_64\mklml.dll
0x0000000062100000 - 0x0000000062646000 	C:\Users\PARI\.javacpp\cache\mkl-dnn-0.16-1.4.3-windows-x86_64.jar\org\bytedeco\javacpp\windows-x86_64\libmkldnn.dll
0x0000000069480000 - 0x000000006a651000 	C:\Users\PARI\.javacpp\cache\nd4j-native-1.0.0-beta3-windows-x86_64.jar\org\nd4j\nativeblas\windows-x86_64\libnd4jcpu.dll
0x0000000066880000 - 0x0000000066e14000 	C:\Users\PARI\.javacpp\cache\nd4j-native-1.0.0-beta3-windows-x86_64.jar\org\nd4j\nativeblas\windows-x86_64\jnind4jcpu.dll
0x00007ff8ea5e0000 - 0x00007ff8f1b3a000 	C:\Users\PARI\.javacpp\cache\mkl-dnn-0.16-1.4.3-windows-x86_64.jar\org\bytedeco\javacpp\windows-x86_64\libopenblas_nolapack.dll
0x0000000071000000 - 0x000000007105c000 	C:\Users\PARI\.javacpp\cache\openblas-0.3.3-1.4.3-windows-x86_64.jar\org\bytedeco\javacpp\windows-x86_64\jniopenblas_nolapack.dll
0x00007ff964240000 - 0x00007ff964257000 	C:\WINDOWS\SYSTEM32\CRYPTSP.dll
0x00007ff963c80000 - 0x00007ff963cb3000 	C:\WINDOWS\system32\rsaenh.dll
0x00007ff964370000 - 0x00007ff964395000 	C:\WINDOWS\SYSTEM32\bcrypt.dll
0x00007ff964740000 - 0x00007ff964768000 	C:\WINDOWS\SYSTEM32\USERENV.dll
0x00007ff963e20000 - 0x00007ff963e58000 	C:\WINDOWS\SYSTEM32\IPHLPAPI.DLL
0x00007ff966a60000 - 0x00007ff966a68000 	C:\WINDOWS\System32\NSI.dll
0x00007ff95e0c0000 - 0x00007ff95e0d6000 	C:\WINDOWS\SYSTEM32\dhcpcsvc6.DLL
0x00007ff95e4b0000 - 0x00007ff95e4ca000 	C:\WINDOWS\SYSTEM32\dhcpcsvc.DLL
0x00007ff91df30000 - 0x00007ff91e0c9000 	C:\Program Files\Java\jre1.8.0_221\bin\awt.dll
0x00007ff966800000 - 0x00007ff9668c2000 	C:\WINDOWS\System32\OLEAUT32.dll
0x00007ff962bc0000 - 0x00007ff962c4b000 	C:\WINDOWS\SYSTEM32\apphelp.dll
0x00000000029d0000 - 0x00000000029d3000 	C:\Users\PARI\.javacpp\cache\hdf5-1.10.3-1.4.3-windows-x86_64.jar\org\bytedeco\javacpp\windows-x86_64\api-ms-win-crt-locale-l1-1-0.dll
0x00000000029e0000 - 0x00000000029e4000 	C:\Users\PARI\.javacpp\cache\hdf5-1.10.3-1.4.3-windows-x86_64.jar\org\bytedeco\javacpp\windows-x86_64\api-ms-win-crt-string-l1-1-0.dll
0x00000000029f0000 - 0x00000000029f4000 	C:\Users\PARI\.javacpp\cache\hdf5-1.10.3-1.4.3-windows-x86_64.jar\org\bytedeco\javacpp\windows-x86_64\api-ms-win-crt-stdio-l1-1-0.dll
0x0000000002a00000 - 0x0000000002a05000 	C:\Users\PARI\.javacpp\cache\hdf5-1.10.3-1.4.3-windows-x86_64.jar\org\bytedeco\javacpp\windows-x86_64\api-ms-win-crt-math-l1-1-0.dll
0x0000000020ae0000 - 0x0000000020ae3000 	C:\Users\PARI\.javacpp\cache\hdf5-1.10.3-1.4.3-windows-x86_64.jar\org\bytedeco\javacpp\windows-x86_64\api-ms-win-crt-heap-l1-1-0.dll
0x0000000020af0000 - 0x0000000020af4000 	C:\Users\PARI\.javacpp\cache\hdf5-1.10.3-1.4.3-windows-x86_64.jar\org\bytedeco\javacpp\windows-x86_64\api-ms-win-crt-runtime-l1-1-0.dll
0x00000000234a0000 - 0x00000000234a4000 	C:\Users\PARI\.javacpp\cache\hdf5-1.10.3-1.4.3-windows-x86_64.jar\org\bytedeco\javacpp\windows-x86_64\api-ms-win-crt-convert-l1-1-0.dll
0x00000000234b0000 - 0x00000000234b3000 	C:\Users\PARI\.javacpp\cache\hdf5-1.10.3-1.4.3-windows-x86_64.jar\org\bytedeco\javacpp\windows-x86_64\api-ms-win-crt-environment-l1-1-0.dll
0x00000000234c0000 - 0x00000000234c3000 	C:\Users\PARI\.javacpp\cache\hdf5-1.10.3-1.4.3-windows-x86_64.jar\org\bytedeco\javacpp\windows-x86_64\api-ms-win-crt-time-l1-1-0.dll
0x000000002fb30000 - 0x000000002fb33000 	C:\Users\PARI\.javacpp\cache\hdf5-1.10.3-1.4.3-windows-x86_64.jar\org\bytedeco\javacpp\windows-x86_64\api-ms-win-crt-filesystem-l1-1-0.dll
0x000000002fb40000 - 0x000000002fb43000 	C:\Users\PARI\.javacpp\cache\hdf5-1.10.3-1.4.3-windows-x86_64.jar\org\bytedeco\javacpp\windows-x86_64\api-ms-win-crt-utility-l1-1-0.dll
0x000000002fb50000 - 0x000000002fb55000 	C:\Users\PARI\.javacpp\cache\hdf5-1.10.3-1.4.3-windows-x86_64.jar\org\bytedeco\javacpp\windows-x86_64\api-ms-win-crt-multibyte-l1-1-0.dll
0x00007ff95a8b0000 - 0x00007ff95a8c7000 	C:\Users\PARI\.javacpp\cache\hdf5-1.10.3-1.4.3-windows-x86_64.jar\org\bytedeco\javacpp\windows-x86_64\vcruntime140.dll
0x00007ff932fc0000 - 0x00007ff93305d000 	C:\Users\PARI\.javacpp\cache\hdf5-1.10.3-1.4.3-windows-x86_64.jar\org\bytedeco\javacpp\windows-x86_64\msvcp140.dll
0x00007ff936c90000 - 0x00007ff936ce1000 	C:\Users\PARI\.javacpp\cache\hdf5-1.10.3-1.4.3-windows-x86_64.jar\org\bytedeco\javacpp\windows-x86_64\concrt140.dll
0x00007ff956b00000 - 0x00007ff956b2e000 	C:\Users\PARI\.javacpp\cache\opencv-3.4.3-1.4.3-windows-x86_64.jar\org\bytedeco\javacpp\windows-x86_64\vcomp140.dll
0x00007ff913b80000 - 0x00007ff913e87000 	C:\Users\PARI\.javacpp\cache\opencv-3.4.3-1.4.3-windows-x86_64.jar\org\bytedeco\javacpp\windows-x86_64\opencv_core343.dll
0x00007ff905f50000 - 0x00007ff90636c000 	C:\Users\PARI\.javacpp\cache\opencv-3.4.3-1.4.3-windows-x86_64.jar\org\bytedeco\javacpp\windows-x86_64\opencv_imgproc343.dll
0x00007ff9121e0000 - 0x00007ff91258a000 	C:\Users\PARI\.javacpp\cache\opencv-3.4.3-1.4.3-windows-x86_64.jar\org\bytedeco\javacpp\windows-x86_64\jniopencv_core.dll
0x00007ff9221a0000 - 0x00007ff9222f8000 	C:\Users\PARI\.javacpp\cache\opencv-3.4.3-1.4.3-windows-x86_64.jar\org\bytedeco\javacpp\windows-x86_64\jniopencv_imgproc.dll
0x00007ff905c60000 - 0x00007ff905f44000 	C:\Users\PARI\.javacpp\cache\opencv-3.4.3-1.4.3-windows-x86_64.jar\org\bytedeco\javacpp\windows-x86_64\opencv_imgcodecs343.dll
0x00007ff937f20000 - 0x00007ff937f54000 	C:\Users\PARI\.javacpp\cache\opencv-3.4.3-1.4.3-windows-x86_64.jar\org\bytedeco\javacpp\windows-x86_64\jniopencv_imgcodecs.dll
0x00007ff94b8e0000 - 0x00007ff94baa9000 	C:\WINDOWS\SYSTEM32\dbghelp.dll

VM Arguments:
jvm_args: -Dfile.encoding=Cp1252 
java_command: deep.learning.cnn.ImageClassifier2
java_class_path (initial): C:\Program Files\Java\jre1.8.0_221\lib\resources.jar;C:\Program Files\Java\jre1.8.0_221\lib\rt.jar;C:\Program Files\Java\jre1.8.0_221\lib\jsse.jar;C:\Program Files\Java\jre1.8.0_221\lib\jce.jar;C:\Program Files\Java\jre1.8.0_221\lib\charsets.jar;C:\Program Files\Java\jre1.8.0_221\lib\jfr.jar;C:\Program Files\Java\jre1.8.0_221\lib\ext\access-bridge-64.jar;C:\Program Files\Java\jre1.8.0_221\lib\ext\cldrdata.jar;C:\Program Files\Java\jre1.8.0_221\lib\ext\dnsns.jar;C:\Program Files\Java\jre1.8.0_221\lib\ext\jaccess.jar;C:\Program Files\Java\jre1.8.0_221\lib\ext\jfxrt.jar;C:\Program Files\Java\jre1.8.0_221\lib\ext\localedata.jar;C:\Program Files\Java\jre1.8.0_221\lib\ext\nashorn.jar;C:\Program Files\Java\jre1.8.0_221\lib\ext\sunec.jar;C:\Program Files\Java\jre1.8.0_221\lib\ext\sunjce_provider.jar;C:\Program Files\Java\jre1.8.0_221\lib\ext\sunmscapi.jar;C:\Program Files\Java\jre1.8.0_221\lib\ext\sunpkcs11.jar;C:\Program Files\Java\jre1.8.0_221\lib\ext\zipfs.jar;C:\Users\PARI\eclipse-workspace\deepfashion\target\classes;C:\Users\PARI\Downloads\ojdbc-full.tar\ojdbc-full\OJDBC-Full\ojdbc6.jar;C:\Users\PARI\Downloads\ojdbc-full.tar\ojdbc-full\OJDBC-Full\ojdbc7.jar;C:\Users\PARI\Downloads\ojdbc-full.tar\ojdbc-full\OJDBC-Full\ons.jar;C:\Users\PARI\Downloads\ojdbc-full.tar\ojdbc-full\OJDBC-Full\orai18n.jar;C:\Users\PARI\Downloads\ojdbc-full.tar\ojdbc-full\OJDBC-Full\simplefan.jar;C:\Users\PARI\Downloads\ojdbc-full.tar\ojdbc-full\OJDBC-Full\ucp.jar;C:\Users\PARI\Downloads\ojdbc-full.tar\ojdbc-full\OJDBC-Full\xdb6.jar;C:\Users\PARI\.m2\repository\commons-io\commons-io\2.5\commons-io-2.5.jar;C:\Users\PARI\.m2\repository\log4j\log4j\1.2.17\log4j-1.2.17.jar;C:\Users\PARI\.m2\repository\com\opencsv\opencsv\4.1\opencsv-4.1.jar;C:\Users\PARI\.m2\repository\org\apache\commons\commons-lang3\3.6\commons-lang3-3.6.jar;C:\Users\PARI\.m2\repository\org\apache\commons\commons-text\1.1\commons-text-1.1.jar;C:\Users\PARI\.m2\repository\commons-beanutils\commons-beanu
Launcher Type: SUN_STANDARD

Environment Variables:
JAVA_HOME=C:\Program Files\Java\jdk1.8.0_161
PATH=C:/Program Files/Java/jre1.8.0_221/bin/server;C:/Program Files/Java/jre1.8.0_221/bin;C:/Program Files/Java/jre1.8.0_221/lib/amd64;C:\Program Files (x86)\Common Files\Oracle\Java\javapath;D:\app\client\PARI\product\12.2.0\client_2\bin;D:\app\client\PARI\product\12.2.0\client_1\bin;D:\app\PARI\product\12.2.0\client_1;C:\Program Files\NVIDIA GPU Computing Toolkit\CUDA\v9.2\bin;C:\Program Files\NVIDIA GPU Computing Toolkit\CUDA\v9.2\libnvvp;;C:\ProgramData\Oracle\Java\javapath;C:\Program Files (x86)\Intel\iCLS Client\;C:\Program Files\Intel\iCLS Client\;C:\Windows\system32;C:\Windows;C:\Windows\System32\Wbem;C:\Windows\System32\WindowsPowerShell\v1.0\;C:\Program Files (x86)\Intel\Intel(R) Management Engine Components\DAL;C:\Program Files\Intel\Intel(R) Management Engine Components\DAL;C:\Program Files (x86)\Intel\Intel(R) Management Engine Components\IPT;C:\Program Files\Intel\Intel(R) Management Engine Components\IPT;C:\Program Files (x86)\NVIDIA Corporation\PhysX\Common;C:\WINDOWS\system32;C:\WINDOWS;C:\WINDOWS\System32\Wbem;C:\WINDOWS\System32\WindowsPowerShell\v1.0\;C:\Program Files\nodejs\;C:\Program Files\PuTTY\;C:\Program Files (x86)\Gpg4win\..\GnuPG\bin;C:\HashiCorp\Vagrant\bin;C:\WINDOWS\System32\OpenSSH\;C:\Program Files\Git\cmd;C:\Users\PARI\Documents\apache-maven-3.5.3\bin;C:\Program Files (x86)\sbt\bin;C:\Program Files\NVIDIA Corporation\NVIDIA NvDLISR;C:\Users\PARI\AppData\Local\Programs\Python\Python37-32\Scripts\;C:\Users\PARI\AppData\Local\Programs\Python\Python37-32\;C:\Users\PARI\AppData\Local\Microsoft\WindowsApps;C:\Users\PARI\AppData\Local\GitHubDesktop\bin;C:\ProgramData\PARI\GitHubDesktop\bin;C:\Users\PARI\AppData\Roaming\npm;C:\Users\PARI\AppData\Local\Microsoft\WindowsApps;C:\Program Files\Heroku\bin;C:\Users\PARI\AppData\Local\Google\Cloud SDK\google-cloud-sdk\bin;C:\WINDOWS\System32;
USERNAME=PARI
OS=Windows_NT
PROCESSOR_IDENTIFIER=Intel64 Family 6 Model 158 Stepping 9, GenuineIntel



---------------  S Y S T E M  ---------------

OS: Windows 10.0 , 64 bit Build 17134 (10.0.17134.753)

CPU:total 8 (initial active 8) (4 cores per cpu, 2 threads per core) family 6 model 158 stepping 9, cmov, cx8, fxsr, mmx, sse, sse2, sse3, ssse3, sse4.1, sse4.2, popcnt, avx, avx2, aes, clmul, erms, 3dnowpref, lzcnt, ht, tsc, tscinvbit, bmi1, bmi2, adx

Memory: 4k page, physical 16659684k(10102772k free), swap 19150052k(10681248k free)

vm_info: Java HotSpot(TM) 64-Bit Server VM (25.221-b11) for windows-amd64 JRE (1.8.0_221-b11), built on Jul  4 2019 04:39:29 by "java_re" with MS VC++ 10.0 (VS2010)

time: Wed Jul 17 09:23:24 2019
timezone: India Standard Time
elapsed time: 8 seconds (0d 0h 0m 8s)

